[ 2016-09-09T21:28:29+08:00 ] ::1 /thinkphp2/index.php/Article/index/a_id/3.shtml
ERR: 1064:You have an error in your SQL syntax; check the manual that corresponds to your MySQL server version for the right syntax to use near ') ORDER BY create_time desc' at line 1
 [ SQL语句 ] : SELECT ba.a_id,ba.a_title,ba.a_content,ba.a_views,ba.a_type,blog_admin.name,bac.cage_name,ba.create_time FROM blog_article ba left JOIN blog_article_cate bac on ba.cate_id = bac.cate_id left JOIN blog_admin on ba.a_author = blog_admin.id  WHERE ( a_id= ) ORDER BY create_time desc 

[ 2016-09-09T21:31:34+08:00 ] ::1 /thinkphp2/index.php/Article/index/a_id/3.shtml
ERR: 1054:Unknown column 'bac.cage_name' in 'field list'
 [ SQL语句 ] : SELECT ba.a_id,ba.a_title,ba.a_content,ba.a_views,ba.a_type,blog_admin.name,bac.cage_name,ba.create_time FROM blog_article ba left JOIN blog_article_cate bac on ba.cate_id = bac.cate_id left JOIN blog_admin on ba.a_author = blog_admin.id  WHERE ( a_id=3 ) ORDER BY create_time desc 

[ 2016-09-09T21:49:54+08:00 ] ::1 /thinkphp2/index.php/Article/index/a_id/9.shtml
ERR: 1054:Unknown column 'bm.name' in 'field list'
 [ SQL语句 ] : SELECT bc.comment,bc.comment_time,bm.id,bm.name FROM blog_comment bc left JOIN blog_members bm on bm.id = bc.mid  WHERE ( a_id=9 ) ORDER BY comment_time desc LIMIT 0,2  

[ 2016-09-09T21:50:19+08:00 ] ::1 /thinkphp2/index.php/Article/index/a_id/9.shtml
ERR: 1054:Unknown column 'a_id' in 'where clause'
 [ SQL语句 ] : SELECT bc.comment,bc.comment_time,bm.id,bm.m_name FROM blog_comment bc left JOIN blog_members bm on bm.id = bc.mid  WHERE ( a_id=9 ) ORDER BY comment_time desc LIMIT 0,2  

[ 2016-09-09T22:47:57+08:00 ] ::1 /thinkphp2/index.php/Base/isOnline
INFO: [ app_begin ] --START--
INFO: Run Behavior\ReadHtmlCacheBehavior [ RunTime:0.001000s ]
INFO: [ app_begin ] --END-- [ RunTime:0.001000s ]
INFO: [ app_end ] --START--
INFO: Run Behavior\ShowPageTraceBehavior [ RunTime:0.001000s ]
INFO: [ app_end ] --END-- [ RunTime:0.001000s ]

[ 2016-09-09T22:55:26+08:00 ] ::1 /thinkphp2/index.php/Base/isOnline
INFO: [ app_begin ] --START--
INFO: Run Behavior\ReadHtmlCacheBehavior [ RunTime:0.000000s ]
INFO: [ app_begin ] --END-- [ RunTime:0.001000s ]
INFO: [ app_end ] --START--
INFO: Run Behavior\ShowPageTraceBehavior [ RunTime:0.000000s ]
INFO: [ app_end ] --END-- [ RunTime:0.000000s ]

[ 2016-09-09T22:56:58+08:00 ] ::1 /thinkphp2/index.php/Index/login
INFO: [ app_begin ] --START--
INFO: Run Behavior\ReadHtmlCacheBehavior [ RunTime:0.001000s ]
INFO: [ app_begin ] --END-- [ RunTime:0.001000s ]
SQL: SHOW COLUMNS FROM `blog_members` [ RunTime:0.0050s ]
SQL: SELECT * FROM `blog_members` WHERE `m_name` = 'root' AND `password` = '5f4dcc3b5aa765d61d8327deb882cf99' LIMIT 1   [ RunTime:0.0010s ]
INFO: [ app_end ] --START--
INFO: Run Behavior\ShowPageTraceBehavior [ RunTime:0.001000s ]
INFO: [ app_end ] --END-- [ RunTime:0.001000s ]

