[ 2016-08-21T21:26:21+08:00 ] ::1 /thinkphp/index.php/index.php/Category.shtml
ERR: 无法加载控制器:Index.php

[ 2016-08-21T21:26:25+08:00 ] ::1 /thinkphp/index.php/index.php/Category.shtml
ERR: 无法加载控制器:Index.php

[ 2016-08-21T21:28:32+08:00 ] ::1 /thinkphp/index.php/Home/Category.shtml
ERR: 无法加载控制器:Home

[ 2016-08-21T21:28:53+08:00 ] ::1 /thinkphp/index.php/Index/Category.shtml
ERR: 非法操作:Category

[ 2016-08-21T21:28:59+08:00 ] ::1 /thinkphp/index.php/Index/Category.shtml
ERR: 非法操作:Category

[ 2016-08-21T21:29:01+08:00 ] ::1 /thinkphp/index.php/Index/Category.shtml
ERR: 非法操作:Category

[ 2016-08-21T21:29:20+08:00 ] ::1 /thinkphp/index.php/Index/Category.shtml
ERR: 非法操作:Category

[ 2016-08-21T21:29:23+08:00 ] ::1 /thinkphp/index.php/Index/Category.shtml
ERR: 非法操作:Category

[ 2016-08-21T21:29:26+08:00 ] ::1 /thinkphp/index.php/Index/Category.shtml
ERR: 非法操作:Category

[ 2016-08-21T21:30:04+08:00 ] ::1 /thinkphp/index.php/Index/Category.shtml
ERR: 非法操作:Category

[ 2016-08-21T21:30:05+08:00 ] ::1 /thinkphp/index.php/Index/Category.shtml
ERR: 非法操作:Category

[ 2016-08-21T21:30:07+08:00 ] ::1 /thinkphp/index.php/Index/Category.shtml
ERR: 非法操作:Category

[ 2016-08-21T21:30:52+08:00 ] ::1 /thinkphp/index.php/Index/Category
ERR: 非法操作:Category

[ 2016-08-21T21:31:03+08:00 ] ::1 /thinkphp/index.php/Index/Category
ERR: 非法操作:Category

[ 2016-08-21T21:31:08+08:00 ] ::1 /thinkphp/index.php/Index/Category
ERR: 非法操作:Category

[ 2016-08-21T21:31:36+08:00 ] ::1 /thinkphp/index.php/Index/Category
ERR: 非法操作:Category

[ 2016-08-21T21:31:54+08:00 ] ::1 /thinkphp/index.php/Index/Category
ERR: 非法操作:Category

[ 2016-08-21T21:31:56+08:00 ] ::1 /thinkphp/index.php/index.php/Tags.shtml
ERR: 无法加载控制器:Index.php

[ 2016-08-21T21:34:35+08:00 ] ::1 /thinkphp/index.php/index.php/Links.shtml
ERR: 无法加载控制器:Index.php

[ 2016-08-21T21:34:37+08:00 ] ::1 /thinkphp/index.php/index.php/Tags.shtml
ERR: 无法加载控制器:Index.php

