[ 2016-08-27T10:36:26+08:00 ] ::1 /thinkphp2/admin.php/Login/Login/login
INFO: [ app_begin ] --START--
INFO: Run Behavior\ReadHtmlCacheBehavior [ RunTime:0.005000s ]
INFO: [ app_begin ] --END-- [ RunTime:0.006001s ]
SQL: SHOW COLUMNS FROM `blog_admin` [ RunTime:0.0040s ]
SQL: SELECT * FROM `blog_admin` WHERE `name` = 'joychi' AND `password` = '066eca7e6ec134fb5b064223345e830d' LIMIT 1   [ RunTime:0.0010s ]
NOTIC: [8] A session had already been started - ignoring session_start() E:\phpstudy\WWW\thinkphp2\ThinkPHP\Common\functions.php 第 1263 行.
INFO: [ app_end ] --START--
INFO: Run Behavior\ShowPageTraceBehavior [ RunTime:0.000000s ]
INFO: [ app_end ] --END-- [ RunTime:0.001000s ]

[ 2016-08-27T10:36:28+08:00 ] ::1 /thinkphp2/admin.php/Index/showNav
INFO: [ app_begin ] --START--
INFO: Run Behavior\ReadHtmlCacheBehavior [ RunTime:0.000000s ]
INFO: [ app_begin ] --END-- [ RunTime:0.000000s ]
SQL: SHOW COLUMNS FROM `blog_admin_nav` [ RunTime:0.0370s ]
SQL: SELECT `id`,`text`,`state`,`iconCls`,`url` FROM `blog_admin_nav` WHERE `nid` = 0  [ RunTime:0.0010s ]

[ 2016-08-27T10:36:29+08:00 ] ::1 /thinkphp2/admin.php/Index/showNav
INFO: [ app_begin ] --START--
INFO: Run Behavior\ReadHtmlCacheBehavior [ RunTime:0.001001s ]
INFO: [ app_begin ] --END-- [ RunTime:0.001001s ]
SQL: SHOW COLUMNS FROM `blog_admin_nav` [ RunTime:0.0060s ]
SQL: SELECT `id`,`text`,`state`,`iconCls`,`url` FROM `blog_admin_nav` WHERE `nid` = 5  [ RunTime:0.0010s ]

[ 2016-08-27T10:36:30+08:00 ] ::1 /thinkphp2/admin.php/Index/showNav
INFO: [ app_begin ] --START--
INFO: Run Behavior\ReadHtmlCacheBehavior [ RunTime:0.001001s ]
INFO: [ app_begin ] --END-- [ RunTime:0.001001s ]
SQL: SHOW COLUMNS FROM `blog_admin_nav` [ RunTime:0.0040s ]
SQL: SELECT `id`,`text`,`state`,`iconCls`,`url` FROM `blog_admin_nav` WHERE `nid` = 1  [ RunTime:0.0000s ]

[ 2016-08-27T10:36:31+08:00 ] ::1 /thinkphp2/admin.php/Index/showNav
INFO: [ app_begin ] --START--
INFO: Run Behavior\ReadHtmlCacheBehavior [ RunTime:0.001000s ]
INFO: [ app_begin ] --END-- [ RunTime:0.001000s ]
SQL: SHOW COLUMNS FROM `blog_admin_nav` [ RunTime:0.0040s ]
SQL: SELECT `id`,`text`,`state`,`iconCls`,`url` FROM `blog_admin_nav` WHERE `nid` = 8  [ RunTime:0.0000s ]

[ 2016-08-27T10:36:31+08:00 ] ::1 /thinkphp2/admin.php/Article/index?_=1472265386778
INFO: [ app_begin ] --START--
INFO: Run Behavior\ReadHtmlCacheBehavior [ RunTime:0.000000s ]
INFO: [ app_begin ] --END-- [ RunTime:0.001000s ]
INFO: [ view_parse ] --START--
INFO: [ template_filter ] --START--
INFO: Run Behavior\ContentReplaceBehavior [ RunTime:0.000000s ]
INFO: [ template_filter ] --END-- [ RunTime:0.000000s ]
INFO: Run Behavior\ParseTemplateBehavior [ RunTime:0.018001s ]
INFO: [ view_parse ] --END-- [ RunTime:0.018001s ]
INFO: [ view_filter ] --START--
INFO: Run Behavior\WriteHtmlCacheBehavior [ RunTime:0.001000s ]
INFO: [ view_filter ] --END-- [ RunTime:0.001000s ]
INFO: [ app_end ] --START--
INFO: Run Behavior\ShowPageTraceBehavior [ RunTime:0.001000s ]
INFO: [ app_end ] --END-- [ RunTime:0.001000s ]

[ 2016-08-27T10:36:32+08:00 ] ::1 /thinkphp2/admin.php/Article/getarticles
INFO: [ app_begin ] --START--
INFO: Run Behavior\ReadHtmlCacheBehavior [ RunTime:0.001000s ]
INFO: [ app_begin ] --END-- [ RunTime:0.001000s ]
SQL: SHOW COLUMNS FROM `blog_article` [ RunTime:0.0040s ]
SQL: SHOW COLUMNS FROM `blog_article` [ RunTime:0.0050s ]
SQL: SELECT ba.a_id,ba.a_title,ba.a_content,ba.a_views,ba.a_type,blog_admin.name,bac.cate_name,ba.create_time FROM blog_article ba left JOIN blog_article_cate bac on ba.cate_id = bac.cate_id INNER JOIN blog_admin on ba.a_author = blog_admin.id  ORDER BY `create_time` DESC LIMIT 0,20   [ RunTime:0.0040s ]
SQL: SELECT COUNT(*) AS tp_count FROM `blog_article` LIMIT 1   [ RunTime:0.0000s ]

[ 2016-08-27T10:36:34+08:00 ] ::1 /thinkphp2/admin.php/Article/getcate
INFO: [ app_begin ] --START--
INFO: Run Behavior\ReadHtmlCacheBehavior [ RunTime:0.001000s ]
INFO: [ app_begin ] --END-- [ RunTime:0.001000s ]
SQL: SHOW COLUMNS FROM `blog_article_cate` [ RunTime:0.0050s ]
SQL: SELECT `cate_id`,`cate_name` FROM `blog_article_cate`  [ RunTime:0.0000s ]

[ 2016-08-27T10:36:36+08:00 ] ::1 /thinkphp2/admin.php/Admin/getAdmins
INFO: [ app_begin ] --START--
INFO: Run Behavior\ReadHtmlCacheBehavior [ RunTime:0.001000s ]
INFO: [ app_begin ] --END-- [ RunTime:0.001000s ]
SQL: SHOW COLUMNS FROM `blog_admin` [ RunTime:0.0050s ]
SQL: SELECT `id`,`name`,`login_time`,`login_ip` FROM `blog_admin`  [ RunTime:0.0000s ]

[ 2016-08-27T10:37:22+08:00 ] ::1 /thinkphp2/admin.php/Article/addarticle
INFO: [ app_begin ] --START--
INFO: Run Behavior\ReadHtmlCacheBehavior [ RunTime:0.000000s ]
INFO: [ app_begin ] --END-- [ RunTime:0.001000s ]
SQL: SHOW COLUMNS FROM `blog_article` [ RunTime:0.0040s ]
NOTIC: [8] Undefined index: validate E:\phpstudy\WWW\thinkphp2\ThinkPHP\Library\Think\Model.class.php 第 1185 行.
NOTIC: [8] Undefined index: auto E:\phpstudy\WWW\thinkphp2\ThinkPHP\Library\Think\Model.class.php 第 1128 行.
SQL: INSERT INTO `blog_article` (`a_title`,`cate_id`,`a_author`,`create_time`,`a_content`) VALUES ('Java开发Maven环境配置和介绍','2','1','1472265424','&lt;p&gt;最近下了一份java开发的网站，使用了一下，但是在eclipse中竟然出错了，依赖的jar包都没有找到，后来才知道人家是用maven来管理依赖的，所以就去看了下maven，发现还真是很强大很方便的一个工具，特记录一下简单的配置和使用。&lt;/p&gt;

&lt;p&gt;&amp;nbsp;&lt;/p&gt;

&lt;p&gt;首先是下载，给个地址就行了，太多的就不用说了。下载地址：&lt;a href=&quot;http://maven.apache.org/download.html&quot;&gt;http://maven.apache.org/download.html&lt;/a&gt;&lt;/p&gt;

&lt;p&gt;&amp;nbsp;&lt;/p&gt;

&lt;p&gt;接下来就是配置咯，下载下来了总得能运行才行嘛。&lt;/p&gt;

&lt;p&gt;maven的运行依赖一下几个环境变量：M2_HOME、M2和JAVA_HOME，另外需要在path中保证有M2和%JAVA_HOME%\\bin。&lt;/p&gt;

&lt;p&gt;解压maven到本地后，在环境变量中新建名为M2_HOME，值为本地maven路径的值；增加名为M2，值为%M2_HOME%\\bin的环境变量，并将%M2_HOME%\\bin加到Path中，最基本的JAVA_HOME需要指定到本地jdk的目录。&lt;/p&gt;

&lt;p&gt;以上几个环境变量的设置结束之后，在命令行cmd中输入mvn -version，能正确的出现结果则表示配置完成了。&lt;/p&gt;
') [ RunTime:0.0010s ]
INFO: [ app_end ] --START--
INFO: Run Behavior\ShowPageTraceBehavior [ RunTime:0.001000s ]
INFO: [ app_end ] --END-- [ RunTime:0.001000s ]

[ 2016-08-27T11:31:38+08:00 ] ::1 /thinkphp2/admin.php/Index/showNav
INFO: [ app_begin ] --START--
INFO: Run Behavior\ReadHtmlCacheBehavior [ RunTime:0.000000s ]
INFO: [ app_begin ] --END-- [ RunTime:0.001000s ]
SQL: SHOW COLUMNS FROM `blog_admin_nav` [ RunTime:0.0070s ]
SQL: SELECT `id`,`text`,`state`,`iconCls`,`url` FROM `blog_admin_nav` WHERE `nid` = 0  [ RunTime:0.0000s ]

[ 2016-08-27T11:31:39+08:00 ] ::1 /thinkphp2/admin.php/Index/showNav
INFO: [ app_begin ] --START--
INFO: Run Behavior\ReadHtmlCacheBehavior [ RunTime:0.001000s ]
INFO: [ app_begin ] --END-- [ RunTime:0.002000s ]
SQL: SHOW COLUMNS FROM `blog_admin_nav` [ RunTime:0.0060s ]
SQL: SELECT `id`,`text`,`state`,`iconCls`,`url` FROM `blog_admin_nav` WHERE `nid` = 5  [ RunTime:0.0010s ]

[ 2016-08-27T11:31:41+08:00 ] ::1 /thinkphp2/admin.php/Index/showNav
INFO: [ app_begin ] --START--
INFO: Run Behavior\ReadHtmlCacheBehavior [ RunTime:0.001000s ]
INFO: [ app_begin ] --END-- [ RunTime:0.001000s ]
SQL: SHOW COLUMNS FROM `blog_admin_nav` [ RunTime:0.0070s ]
SQL: SELECT `id`,`text`,`state`,`iconCls`,`url` FROM `blog_admin_nav` WHERE `nid` = 1  [ RunTime:0.0020s ]

[ 2016-08-27T11:31:42+08:00 ] ::1 /thinkphp2/admin.php/Index/showNav
INFO: [ app_begin ] --START--
INFO: Run Behavior\ReadHtmlCacheBehavior [ RunTime:0.001000s ]
INFO: [ app_begin ] --END-- [ RunTime:0.001000s ]
SQL: SHOW COLUMNS FROM `blog_admin_nav` [ RunTime:0.0080s ]
SQL: SELECT `id`,`text`,`state`,`iconCls`,`url` FROM `blog_admin_nav` WHERE `nid` = 8  [ RunTime:0.0000s ]

[ 2016-08-27T17:38:59+08:00 ] ::1 /thinkphp2/admin.php/Index/showNav
INFO: [ app_begin ] --START--
INFO: Run Behavior\ReadHtmlCacheBehavior [ RunTime:0.001000s ]
INFO: [ app_begin ] --END-- [ RunTime:0.008000s ]
SQL: SHOW COLUMNS FROM `blog_admin_nav` [ RunTime:0.0410s ]
SQL: SELECT `id`,`text`,`state`,`iconCls`,`url` FROM `blog_admin_nav` WHERE `nid` = 0  [ RunTime:0.0000s ]

[ 2016-08-27T17:39:00+08:00 ] ::1 /thinkphp2/admin.php/Index/showNav
INFO: [ app_begin ] --START--
INFO: Run Behavior\ReadHtmlCacheBehavior [ RunTime:0.000000s ]
INFO: [ app_begin ] --END-- [ RunTime:0.001000s ]
SQL: SHOW COLUMNS FROM `blog_admin_nav` [ RunTime:0.0070s ]
SQL: SELECT `id`,`text`,`state`,`iconCls`,`url` FROM `blog_admin_nav` WHERE `nid` = 1  [ RunTime:0.0010s ]

[ 2016-08-27T17:39:01+08:00 ] ::1 /thinkphp2/admin.php/Index/showNav
INFO: [ app_begin ] --START--
INFO: Run Behavior\ReadHtmlCacheBehavior [ RunTime:0.000000s ]
INFO: [ app_begin ] --END-- [ RunTime:0.001000s ]
SQL: SHOW COLUMNS FROM `blog_admin_nav` [ RunTime:0.0050s ]
SQL: SELECT `id`,`text`,`state`,`iconCls`,`url` FROM `blog_admin_nav` WHERE `nid` = 8  [ RunTime:0.0000s ]

[ 2016-08-27T17:39:02+08:00 ] ::1 /thinkphp2/admin.php/Index/showNav
INFO: [ app_begin ] --START--
INFO: Run Behavior\ReadHtmlCacheBehavior [ RunTime:0.000000s ]
INFO: [ app_begin ] --END-- [ RunTime:0.001000s ]
SQL: SHOW COLUMNS FROM `blog_admin_nav` [ RunTime:0.0050s ]
SQL: SELECT `id`,`text`,`state`,`iconCls`,`url` FROM `blog_admin_nav` WHERE `nid` = 5  [ RunTime:0.0010s ]

[ 2016-08-27T17:39:03+08:00 ] ::1 /thinkphp2/admin.php/Article/index?_=1472290737787
INFO: [ app_begin ] --START--
INFO: Run Behavior\ReadHtmlCacheBehavior [ RunTime:0.000000s ]
INFO: [ app_begin ] --END-- [ RunTime:0.001000s ]
INFO: [ view_parse ] --START--
INFO: [ template_filter ] --START--
INFO: Run Behavior\ContentReplaceBehavior [ RunTime:0.000000s ]
INFO: [ template_filter ] --END-- [ RunTime:0.000000s ]
INFO: Run Behavior\ParseTemplateBehavior [ RunTime:0.030001s ]
INFO: [ view_parse ] --END-- [ RunTime:0.030001s ]
INFO: [ view_filter ] --START--
INFO: Run Behavior\WriteHtmlCacheBehavior [ RunTime:0.000000s ]
INFO: [ view_filter ] --END-- [ RunTime:0.000000s ]
INFO: [ app_end ] --START--
INFO: Run Behavior\ShowPageTraceBehavior [ RunTime:0.001000s ]
INFO: [ app_end ] --END-- [ RunTime:0.001000s ]

[ 2016-08-27T17:39:04+08:00 ] ::1 /thinkphp2/admin.php/Article/getarticles
INFO: [ app_begin ] --START--
INFO: Run Behavior\ReadHtmlCacheBehavior [ RunTime:0.001000s ]
INFO: [ app_begin ] --END-- [ RunTime:0.001000s ]
SQL: SHOW COLUMNS FROM `blog_article` [ RunTime:0.0050s ]
SQL: SHOW COLUMNS FROM `blog_article` [ RunTime:0.0070s ]
SQL: SELECT ba.a_id,ba.a_title,ba.a_content,ba.a_views,ba.a_type,blog_admin.name,bac.cate_name,ba.create_time FROM blog_article ba left JOIN blog_article_cate bac on ba.cate_id = bac.cate_id INNER JOIN blog_admin on ba.a_author = blog_admin.id  ORDER BY `create_time` DESC LIMIT 0,20   [ RunTime:0.0050s ]
SQL: SELECT COUNT(*) AS tp_count FROM `blog_article` LIMIT 1   [ RunTime:0.0000s ]

[ 2016-08-27T17:39:13+08:00 ] ::1 /thinkphp2/admin.php/Members/getOneMember
INFO: [ app_begin ] --START--
INFO: Run Behavior\ReadHtmlCacheBehavior [ RunTime:0.001000s ]
INFO: [ app_begin ] --END-- [ RunTime:0.001000s ]
SQL: SHOW COLUMNS FROM `blog_members` [ RunTime:0.0070s ]
SQL: SELECT `id`,`name`,`email`,`qq` FROM `blog_members` WHERE `id` = 0 LIMIT 1   [ RunTime:0.0010s ]

[ 2016-08-27T17:40:10+08:00 ] ::1 /thinkphp2/admin.php/Members/index?_=1472290737789
INFO: [ app_begin ] --START--
INFO: Run Behavior\ReadHtmlCacheBehavior [ RunTime:0.000000s ]
INFO: [ app_begin ] --END-- [ RunTime:0.001000s ]
INFO: [ view_parse ] --START--
INFO: [ template_filter ] --START--
INFO: Run Behavior\ContentReplaceBehavior [ RunTime:0.000000s ]
INFO: [ template_filter ] --END-- [ RunTime:0.000000s ]
INFO: Run Behavior\ParseTemplateBehavior [ RunTime:0.036002s ]
INFO: [ view_parse ] --END-- [ RunTime:0.036002s ]
INFO: [ view_filter ] --START--
INFO: Run Behavior\WriteHtmlCacheBehavior [ RunTime:0.000000s ]
INFO: [ view_filter ] --END-- [ RunTime:0.000000s ]
INFO: [ app_end ] --START--
INFO: Run Behavior\ShowPageTraceBehavior [ RunTime:0.000000s ]
INFO: [ app_end ] --END-- [ RunTime:0.000000s ]

[ 2016-08-27T17:40:12+08:00 ] ::1 /thinkphp2/admin.php/Members/getmembers
INFO: [ app_begin ] --START--
INFO: Run Behavior\ReadHtmlCacheBehavior [ RunTime:0.001000s ]
INFO: [ app_begin ] --END-- [ RunTime:0.001000s ]
SQL: SHOW COLUMNS FROM `blog_members` [ RunTime:0.0050s ]
ERR: 1054:Unknown column 'name' in 'field list'
 [ SQL语句 ] : SELECT `id`,`name`,`email`,`qq`,`reg_time`,`login_time`,`login_ip` FROM `blog_members` ORDER BY `reg_time` DESC LIMIT 0,20  
ERR: 1054:Unknown column 'name' in 'field list'
 [ SQL语句 ] : SELECT `id`,`name`,`email`,`qq`,`reg_time`,`login_time`,`login_ip` FROM `blog_members` ORDER BY `reg_time` DESC LIMIT 0,20  

[ 2016-08-27T17:40:54+08:00 ] ::1 /thinkphp2/admin.php/Index/showNav
INFO: [ app_begin ] --START--
INFO: Run Behavior\ReadHtmlCacheBehavior [ RunTime:0.001000s ]
INFO: [ app_begin ] --END-- [ RunTime:0.002000s ]
SQL: SHOW COLUMNS FROM `blog_admin_nav` [ RunTime:0.0050s ]
SQL: SELECT `id`,`text`,`state`,`iconCls`,`url` FROM `blog_admin_nav` WHERE `nid` = 0  [ RunTime:0.0010s ]

[ 2016-08-27T17:40:55+08:00 ] ::1 /thinkphp2/admin.php/Index/showNav
INFO: [ app_begin ] --START--
INFO: Run Behavior\ReadHtmlCacheBehavior [ RunTime:0.000000s ]
INFO: [ app_begin ] --END-- [ RunTime:0.000000s ]
SQL: SHOW COLUMNS FROM `blog_admin_nav` [ RunTime:0.0060s ]
SQL: SELECT `id`,`text`,`state`,`iconCls`,`url` FROM `blog_admin_nav` WHERE `nid` = 1  [ RunTime:0.0000s ]

[ 2016-08-27T17:40:56+08:00 ] ::1 /thinkphp2/admin.php/Index/showNav
INFO: [ app_begin ] --START--
INFO: Run Behavior\ReadHtmlCacheBehavior [ RunTime:0.001000s ]
INFO: [ app_begin ] --END-- [ RunTime:0.001000s ]
SQL: SHOW COLUMNS FROM `blog_admin_nav` [ RunTime:0.0060s ]
SQL: SELECT `id`,`text`,`state`,`iconCls`,`url` FROM `blog_admin_nav` WHERE `nid` = 5  [ RunTime:0.0010s ]

[ 2016-08-27T17:40:57+08:00 ] ::1 /thinkphp2/admin.php/Index/showNav
INFO: [ app_begin ] --START--
INFO: Run Behavior\ReadHtmlCacheBehavior [ RunTime:0.000000s ]
INFO: [ app_begin ] --END-- [ RunTime:0.001000s ]
SQL: SHOW COLUMNS FROM `blog_admin_nav` [ RunTime:0.0050s ]
SQL: SELECT `id`,`text`,`state`,`iconCls`,`url` FROM `blog_admin_nav` WHERE `nid` = 8  [ RunTime:0.0010s ]

[ 2016-08-27T17:40:57+08:00 ] ::1 /thinkphp2/admin.php/Members/index?_=1472290853600
INFO: [ app_begin ] --START--
INFO: Run Behavior\ReadHtmlCacheBehavior [ RunTime:0.002001s ]
INFO: [ app_begin ] --END-- [ RunTime:0.002001s ]
INFO: [ view_parse ] --START--
INFO: [ template_filter ] --START--
INFO: Run Behavior\ContentReplaceBehavior [ RunTime:0.001000s ]
INFO: [ template_filter ] --END-- [ RunTime:0.001000s ]
INFO: Run Behavior\ParseTemplateBehavior [ RunTime:0.006001s ]
INFO: [ view_parse ] --END-- [ RunTime:0.006001s ]
INFO: [ view_filter ] --START--
INFO: Run Behavior\WriteHtmlCacheBehavior [ RunTime:0.001000s ]
INFO: [ view_filter ] --END-- [ RunTime:0.001000s ]
INFO: [ app_end ] --START--
INFO: Run Behavior\ShowPageTraceBehavior [ RunTime:0.000000s ]
INFO: [ app_end ] --END-- [ RunTime:0.000000s ]

[ 2016-08-27T17:40:59+08:00 ] ::1 /thinkphp2/admin.php/Members/getmembers
INFO: [ app_begin ] --START--
INFO: Run Behavior\ReadHtmlCacheBehavior [ RunTime:0.000000s ]
INFO: [ app_begin ] --END-- [ RunTime:0.001000s ]
SQL: SHOW COLUMNS FROM `blog_members` [ RunTime:0.0040s ]
SQL: SELECT `id`,`m_name`,`email`,`qq`,`reg_time`,`login_time`,`login_ip` FROM `blog_members` ORDER BY `reg_time` DESC LIMIT 0,20   [ RunTime:0.0000s ]
SQL: SELECT COUNT(*) AS tp_count FROM `blog_members` LIMIT 1   [ RunTime:0.0000s ]

[ 2016-08-27T19:09:53+08:00 ] ::1 /thinkphp2/admin.php/Article/index?_=1472290853602
INFO: [ app_begin ] --START--
INFO: Run Behavior\ReadHtmlCacheBehavior [ RunTime:0.001000s ]
INFO: [ app_begin ] --END-- [ RunTime:0.002000s ]
INFO: [ view_parse ] --START--
INFO: [ template_filter ] --START--
INFO: Run Behavior\ContentReplaceBehavior [ RunTime:0.000000s ]
INFO: [ template_filter ] --END-- [ RunTime:0.000000s ]
INFO: Run Behavior\ParseTemplateBehavior [ RunTime:0.030002s ]
INFO: [ view_parse ] --END-- [ RunTime:0.030002s ]
INFO: [ view_filter ] --START--
INFO: Run Behavior\WriteHtmlCacheBehavior [ RunTime:0.000000s ]
INFO: [ view_filter ] --END-- [ RunTime:0.000000s ]
INFO: [ app_end ] --START--
INFO: Run Behavior\ShowPageTraceBehavior [ RunTime:0.001000s ]
INFO: [ app_end ] --END-- [ RunTime:0.001000s ]

[ 2016-08-27T19:09:54+08:00 ] ::1 /thinkphp2/admin.php/Article/getarticles
INFO: [ app_begin ] --START--
INFO: Run Behavior\ReadHtmlCacheBehavior [ RunTime:0.001000s ]
INFO: [ app_begin ] --END-- [ RunTime:0.002000s ]
SQL: SHOW COLUMNS FROM `blog_article` [ RunTime:0.0070s ]
SQL: SHOW COLUMNS FROM `blog_article` [ RunTime:0.0050s ]
SQL: SELECT ba.a_id,ba.a_title,ba.a_content,ba.a_views,ba.a_type,blog_admin.name,bac.cate_name,ba.create_time FROM blog_article ba left JOIN blog_article_cate bac on ba.cate_id = bac.cate_id INNER JOIN blog_admin on ba.a_author = blog_admin.id  ORDER BY `create_time` DESC LIMIT 0,20   [ RunTime:0.0060s ]
SQL: SELECT COUNT(*) AS tp_count FROM `blog_article` LIMIT 1   [ RunTime:0.0000s ]

[ 2016-08-27T20:46:16+08:00 ] ::1 /thinkphp2/admin.php/Login/Login/login
INFO: [ app_begin ] --START--
INFO: Run Behavior\ReadHtmlCacheBehavior [ RunTime:0.001000s ]
INFO: [ app_begin ] --END-- [ RunTime:0.001000s ]
SQL: SHOW COLUMNS FROM `blog_admin` [ RunTime:0.0050s ]
SQL: SELECT * FROM `blog_admin` WHERE `name` = 'joychi' AND `password` = '066eca7e6ec134fb5b064223345e830d' LIMIT 1   [ RunTime:0.0010s ]
NOTIC: [8] A session had already been started - ignoring session_start() E:\phpstudy\WWW\thinkphp2\ThinkPHP\Common\functions.php 第 1263 行.
INFO: [ app_end ] --START--
INFO: Run Behavior\ShowPageTraceBehavior [ RunTime:0.001000s ]
INFO: [ app_end ] --END-- [ RunTime:0.001000s ]

[ 2016-08-27T20:46:17+08:00 ] ::1 /thinkphp2/admin.php/Index/showNav
INFO: [ app_begin ] --START--
INFO: Run Behavior\ReadHtmlCacheBehavior [ RunTime:0.001000s ]
INFO: [ app_begin ] --END-- [ RunTime:0.001000s ]
SQL: SHOW COLUMNS FROM `blog_admin_nav` [ RunTime:0.0200s ]
SQL: SELECT `id`,`text`,`state`,`iconCls`,`url` FROM `blog_admin_nav` WHERE `nid` = 0  [ RunTime:0.0000s ]

[ 2016-08-27T20:46:18+08:00 ] ::1 /thinkphp2/admin.php/Index/showNav
INFO: [ app_begin ] --START--
INFO: Run Behavior\ReadHtmlCacheBehavior [ RunTime:0.001000s ]
INFO: [ app_begin ] --END-- [ RunTime:0.001000s ]
SQL: SHOW COLUMNS FROM `blog_admin_nav` [ RunTime:0.0060s ]
SQL: SELECT `id`,`text`,`state`,`iconCls`,`url` FROM `blog_admin_nav` WHERE `nid` = 1  [ RunTime:0.0010s ]

[ 2016-08-27T20:46:19+08:00 ] ::1 /thinkphp2/admin.php/Index/showNav
INFO: [ app_begin ] --START--
INFO: Run Behavior\ReadHtmlCacheBehavior [ RunTime:0.001000s ]
INFO: [ app_begin ] --END-- [ RunTime:0.001000s ]
SQL: SHOW COLUMNS FROM `blog_admin_nav` [ RunTime:0.0060s ]
SQL: SELECT `id`,`text`,`state`,`iconCls`,`url` FROM `blog_admin_nav` WHERE `nid` = 5  [ RunTime:0.0010s ]

[ 2016-08-27T20:46:20+08:00 ] ::1 /thinkphp2/admin.php/Index/showNav
INFO: [ app_begin ] --START--
INFO: Run Behavior\ReadHtmlCacheBehavior [ RunTime:0.000000s ]
INFO: [ app_begin ] --END-- [ RunTime:0.001000s ]
SQL: SHOW COLUMNS FROM `blog_admin_nav` [ RunTime:0.0050s ]
SQL: SELECT `id`,`text`,`state`,`iconCls`,`url` FROM `blog_admin_nav` WHERE `nid` = 8  [ RunTime:0.0000s ]

[ 2016-08-27T20:55:58+08:00 ] ::1 /thinkphp2/admin.php/Article/index?_=1472301976271
INFO: [ app_begin ] --START--
INFO: Run Behavior\ReadHtmlCacheBehavior [ RunTime:0.001000s ]
INFO: [ app_begin ] --END-- [ RunTime:0.001000s ]
INFO: [ view_parse ] --START--
INFO: [ template_filter ] --START--
INFO: Run Behavior\ContentReplaceBehavior [ RunTime:0.000000s ]
INFO: [ template_filter ] --END-- [ RunTime:0.000000s ]
INFO: Run Behavior\ParseTemplateBehavior [ RunTime:0.016000s ]
INFO: [ view_parse ] --END-- [ RunTime:0.016000s ]
INFO: [ view_filter ] --START--
INFO: Run Behavior\WriteHtmlCacheBehavior [ RunTime:0.001001s ]
INFO: [ view_filter ] --END-- [ RunTime:0.001001s ]
INFO: [ app_end ] --START--
INFO: Run Behavior\ShowPageTraceBehavior [ RunTime:0.000000s ]
INFO: [ app_end ] --END-- [ RunTime:0.001000s ]

[ 2016-08-27T20:56:00+08:00 ] ::1 /thinkphp2/admin.php/Article/getarticles
INFO: [ app_begin ] --START--
INFO: Run Behavior\ReadHtmlCacheBehavior [ RunTime:0.001000s ]
INFO: [ app_begin ] --END-- [ RunTime:0.001000s ]
SQL: SHOW COLUMNS FROM `blog_article` [ RunTime:0.0050s ]
SQL: SHOW COLUMNS FROM `blog_article` [ RunTime:0.0040s ]
SQL: SELECT ba.a_id,ba.a_title,ba.a_content,ba.a_views,ba.a_type,blog_admin.name,bac.cate_name,ba.create_time FROM blog_article ba left JOIN blog_article_cate bac on ba.cate_id = bac.cate_id INNER JOIN blog_admin on ba.a_author = blog_admin.id  ORDER BY `create_time` DESC LIMIT 0,20   [ RunTime:0.0040s ]
SQL: SELECT COUNT(*) AS tp_count FROM `blog_article` LIMIT 1   [ RunTime:0.0010s ]

[ 2016-08-27T20:56:01+08:00 ] ::1 /thinkphp2/admin.php/Article/getcate
INFO: [ app_begin ] --START--
INFO: Run Behavior\ReadHtmlCacheBehavior [ RunTime:0.001000s ]
INFO: [ app_begin ] --END-- [ RunTime:0.002000s ]
SQL: SHOW COLUMNS FROM `blog_article_cate` [ RunTime:0.0040s ]
SQL: SELECT `cate_id`,`cate_name` FROM `blog_article_cate`  [ RunTime:0.0010s ]

[ 2016-08-27T20:56:03+08:00 ] ::1 /thinkphp2/admin.php/Admin/getAdmins
INFO: [ app_begin ] --START--
INFO: Run Behavior\ReadHtmlCacheBehavior [ RunTime:0.001000s ]
INFO: [ app_begin ] --END-- [ RunTime:0.001000s ]
SQL: SHOW COLUMNS FROM `blog_admin` [ RunTime:0.0050s ]
SQL: SELECT `id`,`name`,`login_time`,`login_ip` FROM `blog_admin`  [ RunTime:0.0010s ]

[ 2016-08-27T21:15:35+08:00 ] ::1 /thinkphp2/admin.php/Article/remove
INFO: [ app_begin ] --START--
INFO: Run Behavior\ReadHtmlCacheBehavior [ RunTime:0.001001s ]
INFO: [ app_begin ] --END-- [ RunTime:0.001001s ]
SQL: SHOW COLUMNS FROM `blog_article` [ RunTime:0.0050s ]
SQL: DELETE FROM `blog_article` WHERE `a_id` = 7 [ RunTime:0.0010s ]
INFO: [ app_end ] --START--
INFO: Run Behavior\ShowPageTraceBehavior [ RunTime:0.001000s ]
INFO: [ app_end ] --END-- [ RunTime:0.001000s ]

[ 2016-08-27T21:15:36+08:00 ] ::1 /thinkphp2/admin.php/Article/getarticles
INFO: [ app_begin ] --START--
INFO: Run Behavior\ReadHtmlCacheBehavior [ RunTime:0.000000s ]
INFO: [ app_begin ] --END-- [ RunTime:0.001000s ]
SQL: SHOW COLUMNS FROM `blog_article` [ RunTime:0.0040s ]
SQL: SHOW COLUMNS FROM `blog_article` [ RunTime:0.0050s ]
SQL: SELECT ba.a_id,ba.a_title,ba.a_content,ba.a_views,ba.a_type,blog_admin.name,bac.cate_name,ba.create_time FROM blog_article ba left JOIN blog_article_cate bac on ba.cate_id = bac.cate_id INNER JOIN blog_admin on ba.a_author = blog_admin.id  ORDER BY `create_time` DESC LIMIT 0,20   [ RunTime:0.0040s ]
SQL: SELECT COUNT(*) AS tp_count FROM `blog_article` LIMIT 1   [ RunTime:0.0000s ]

[ 2016-08-27T21:15:50+08:00 ] ::1 /thinkphp2/admin.php/Members/getOneMember
INFO: [ app_begin ] --START--
INFO: Run Behavior\ReadHtmlCacheBehavior [ RunTime:0.001000s ]
INFO: [ app_begin ] --END-- [ RunTime:0.001000s ]
SQL: SHOW COLUMNS FROM `blog_members` [ RunTime:0.0040s ]
ERR: 1054:Unknown column 'name' in 'field list'
 [ SQL语句 ] : SELECT `id`,`name`,`email`,`qq` FROM `blog_members` WHERE `id` = 0 LIMIT 1  
ERR: 1054:Unknown column 'name' in 'field list'
 [ SQL语句 ] : SELECT `id`,`name`,`email`,`qq` FROM `blog_members` WHERE `id` = 0 LIMIT 1  

[ 2016-08-27T21:17:46+08:00 ] ::1 /thinkphp2/admin.php/Members/getOneMember
INFO: [ app_begin ] --START--
INFO: Run Behavior\ReadHtmlCacheBehavior [ RunTime:0.001000s ]
INFO: [ app_begin ] --END-- [ RunTime:0.001000s ]
SQL: SHOW COLUMNS FROM `blog_members` [ RunTime:0.0040s ]
ERR: 1054:Unknown column 'name' in 'field list'
 [ SQL语句 ] : SELECT `id`,`name`,`email`,`qq` FROM `blog_members` WHERE `id` = 0 LIMIT 1  
ERR: 1054:Unknown column 'name' in 'field list'
 [ SQL语句 ] : SELECT `id`,`name`,`email`,`qq` FROM `blog_members` WHERE `id` = 0 LIMIT 1  

[ 2016-08-27T21:30:23+08:00 ] ::1 /thinkphp2/admin.php/Article/getcate
INFO: [ app_begin ] --START--
INFO: Run Behavior\ReadHtmlCacheBehavior [ RunTime:0.001000s ]
INFO: [ app_begin ] --END-- [ RunTime:0.001000s ]
SQL: SHOW COLUMNS FROM `blog_article_cate` [ RunTime:0.0050s ]
SQL: SELECT `cate_id`,`cate_name` FROM `blog_article_cate`  [ RunTime:0.0000s ]

[ 2016-08-27T21:30:24+08:00 ] ::1 /thinkphp2/admin.php/Admin/getAdmins
INFO: [ app_begin ] --START--
INFO: Run Behavior\ReadHtmlCacheBehavior [ RunTime:0.000000s ]
INFO: [ app_begin ] --END-- [ RunTime:0.001000s ]
SQL: SHOW COLUMNS FROM `blog_admin` [ RunTime:0.0060s ]
SQL: SELECT `id`,`name`,`login_time`,`login_ip` FROM `blog_admin`  [ RunTime:0.0010s ]

[ 2016-08-27T21:33:41+08:00 ] ::1 /thinkphp2/admin.php/Index/showNav
INFO: [ app_begin ] --START--
INFO: Run Behavior\ReadHtmlCacheBehavior [ RunTime:0.001000s ]
INFO: [ app_begin ] --END-- [ RunTime:0.002000s ]
SQL: SHOW COLUMNS FROM `blog_admin_nav` [ RunTime:0.0260s ]
SQL: SELECT `id`,`text`,`state`,`iconCls`,`url` FROM `blog_admin_nav` WHERE `nid` = 0  [ RunTime:0.0000s ]

[ 2016-08-27T21:33:42+08:00 ] ::1 /thinkphp2/admin.php/Index/showNav
INFO: [ app_begin ] --START--
INFO: Run Behavior\ReadHtmlCacheBehavior [ RunTime:0.001000s ]
INFO: [ app_begin ] --END-- [ RunTime:0.001000s ]
SQL: SHOW COLUMNS FROM `blog_admin_nav` [ RunTime:0.0050s ]
SQL: SELECT `id`,`text`,`state`,`iconCls`,`url` FROM `blog_admin_nav` WHERE `nid` = 1  [ RunTime:0.0020s ]

[ 2016-08-27T21:33:43+08:00 ] ::1 /thinkphp2/admin.php/Index/showNav
INFO: [ app_begin ] --START--
INFO: Run Behavior\ReadHtmlCacheBehavior [ RunTime:0.001000s ]
INFO: [ app_begin ] --END-- [ RunTime:0.001000s ]
SQL: SHOW COLUMNS FROM `blog_admin_nav` [ RunTime:0.0040s ]
SQL: SELECT `id`,`text`,`state`,`iconCls`,`url` FROM `blog_admin_nav` WHERE `nid` = 5  [ RunTime:0.0010s ]

[ 2016-08-27T21:33:45+08:00 ] ::1 /thinkphp2/admin.php/Index/showNav
INFO: [ app_begin ] --START--
INFO: Run Behavior\ReadHtmlCacheBehavior [ RunTime:0.001000s ]
INFO: [ app_begin ] --END-- [ RunTime:0.002000s ]
SQL: SHOW COLUMNS FROM `blog_admin_nav` [ RunTime:0.0040s ]
SQL: SELECT `id`,`text`,`state`,`iconCls`,`url` FROM `blog_admin_nav` WHERE `nid` = 8  [ RunTime:0.0010s ]

[ 2016-08-27T21:33:50+08:00 ] ::1 /thinkphp2/admin.php/Article/index?_=1472304820655
INFO: [ app_begin ] --START--
INFO: Run Behavior\ReadHtmlCacheBehavior [ RunTime:0.001000s ]
INFO: [ app_begin ] --END-- [ RunTime:0.001000s ]
INFO: [ view_parse ] --START--
INFO: [ template_filter ] --START--
INFO: Run Behavior\ContentReplaceBehavior [ RunTime:0.000000s ]
INFO: [ template_filter ] --END-- [ RunTime:0.000000s ]
INFO: Run Behavior\ParseTemplateBehavior [ RunTime:0.018001s ]
INFO: [ view_parse ] --END-- [ RunTime:0.018001s ]
INFO: [ view_filter ] --START--
INFO: Run Behavior\WriteHtmlCacheBehavior [ RunTime:0.000000s ]
INFO: [ view_filter ] --END-- [ RunTime:0.000000s ]
INFO: [ app_end ] --START--
INFO: Run Behavior\ShowPageTraceBehavior [ RunTime:0.001000s ]
INFO: [ app_end ] --END-- [ RunTime:0.001000s ]

[ 2016-08-27T21:33:51+08:00 ] ::1 /thinkphp2/admin.php/Article/getarticles
INFO: [ app_begin ] --START--
INFO: Run Behavior\ReadHtmlCacheBehavior [ RunTime:0.000000s ]
INFO: [ app_begin ] --END-- [ RunTime:0.001000s ]
SQL: SHOW COLUMNS FROM `blog_article` [ RunTime:0.0070s ]
SQL: SHOW COLUMNS FROM `blog_article` [ RunTime:0.0060s ]
SQL: SELECT ba.a_id,ba.a_title,ba.a_content,ba.a_views,ba.a_type,blog_admin.name,bac.cate_name,ba.create_time FROM blog_article ba left JOIN blog_article_cate bac on ba.cate_id = bac.cate_id INNER JOIN blog_admin on ba.a_author = blog_admin.id  ORDER BY `create_time` DESC LIMIT 0,20   [ RunTime:0.0050s ]
SQL: SELECT COUNT(*) AS tp_count FROM `blog_article` LIMIT 1   [ RunTime:0.0000s ]

[ 2016-08-27T21:34:18+08:00 ] ::1 /thinkphp2/admin.php/Article/getOnearticle
INFO: [ app_begin ] --START--
INFO: Run Behavior\ReadHtmlCacheBehavior [ RunTime:0.001000s ]
INFO: [ app_begin ] --END-- [ RunTime:0.002000s ]
ERR: 非法操作:getOnearticle

[ 2016-08-27T21:35:26+08:00 ] ::1 /thinkphp2/admin.php/Index/showNav
INFO: [ app_begin ] --START--
INFO: Run Behavior\ReadHtmlCacheBehavior [ RunTime:0.001000s ]
INFO: [ app_begin ] --END-- [ RunTime:0.001000s ]
SQL: SHOW COLUMNS FROM `blog_admin_nav` [ RunTime:0.0050s ]
SQL: SELECT `id`,`text`,`state`,`iconCls`,`url` FROM `blog_admin_nav` WHERE `nid` = 0  [ RunTime:0.0010s ]

[ 2016-08-27T21:35:27+08:00 ] ::1 /thinkphp2/admin.php/Index/showNav
INFO: [ app_begin ] --START--
INFO: Run Behavior\ReadHtmlCacheBehavior [ RunTime:0.000000s ]
INFO: [ app_begin ] --END-- [ RunTime:0.001000s ]
SQL: SHOW COLUMNS FROM `blog_admin_nav` [ RunTime:0.0050s ]
SQL: SELECT `id`,`text`,`state`,`iconCls`,`url` FROM `blog_admin_nav` WHERE `nid` = 1  [ RunTime:0.0010s ]

[ 2016-08-27T21:35:28+08:00 ] ::1 /thinkphp2/admin.php/Index/showNav
INFO: [ app_begin ] --START--
INFO: Run Behavior\ReadHtmlCacheBehavior [ RunTime:0.001000s ]
INFO: [ app_begin ] --END-- [ RunTime:0.001000s ]
SQL: SHOW COLUMNS FROM `blog_admin_nav` [ RunTime:0.0050s ]
SQL: SELECT `id`,`text`,`state`,`iconCls`,`url` FROM `blog_admin_nav` WHERE `nid` = 8  [ RunTime:0.0000s ]

[ 2016-08-27T21:35:29+08:00 ] ::1 /thinkphp2/admin.php/Index/showNav
INFO: [ app_begin ] --START--
INFO: Run Behavior\ReadHtmlCacheBehavior [ RunTime:0.001000s ]
INFO: [ app_begin ] --END-- [ RunTime:0.002000s ]
SQL: SHOW COLUMNS FROM `blog_admin_nav` [ RunTime:0.0040s ]
SQL: SELECT `id`,`text`,`state`,`iconCls`,`url` FROM `blog_admin_nav` WHERE `nid` = 5  [ RunTime:0.0000s ]

[ 2016-08-27T21:35:30+08:00 ] ::1 /thinkphp2/admin.php/Article/index?_=1472304925095
INFO: [ app_begin ] --START--
INFO: Run Behavior\ReadHtmlCacheBehavior [ RunTime:0.000000s ]
INFO: [ app_begin ] --END-- [ RunTime:0.002000s ]
INFO: [ view_parse ] --START--
INFO: [ template_filter ] --START--
INFO: Run Behavior\ContentReplaceBehavior [ RunTime:0.000000s ]
INFO: [ template_filter ] --END-- [ RunTime:0.000000s ]
INFO: Run Behavior\ParseTemplateBehavior [ RunTime:0.008001s ]
INFO: [ view_parse ] --END-- [ RunTime:0.008001s ]
INFO: [ view_filter ] --START--
INFO: Run Behavior\WriteHtmlCacheBehavior [ RunTime:0.000000s ]
INFO: [ view_filter ] --END-- [ RunTime:0.000000s ]
INFO: [ app_end ] --START--
INFO: Run Behavior\ShowPageTraceBehavior [ RunTime:0.000000s ]
INFO: [ app_end ] --END-- [ RunTime:0.001000s ]

[ 2016-08-27T21:35:31+08:00 ] ::1 /thinkphp2/admin.php/Article/getarticles
INFO: [ app_begin ] --START--
INFO: Run Behavior\ReadHtmlCacheBehavior [ RunTime:0.001000s ]
INFO: [ app_begin ] --END-- [ RunTime:0.001000s ]
SQL: SHOW COLUMNS FROM `blog_article` [ RunTime:0.0040s ]
SQL: SHOW COLUMNS FROM `blog_article` [ RunTime:0.0040s ]
SQL: SELECT ba.a_id,ba.a_title,ba.a_content,ba.a_views,ba.a_type,blog_admin.name,bac.cate_name,ba.create_time FROM blog_article ba left JOIN blog_article_cate bac on ba.cate_id = bac.cate_id INNER JOIN blog_admin on ba.a_author = blog_admin.id  ORDER BY `create_time` DESC LIMIT 0,20   [ RunTime:0.0040s ]
SQL: SELECT COUNT(*) AS tp_count FROM `blog_article` LIMIT 1   [ RunTime:0.0000s ]

[ 2016-08-27T21:35:40+08:00 ] ::1 /thinkphp2/admin.php/Article/getOnearticle
INFO: [ app_begin ] --START--
INFO: Run Behavior\ReadHtmlCacheBehavior [ RunTime:0.001000s ]
INFO: [ app_begin ] --END-- [ RunTime:0.002001s ]
SQL: SHOW COLUMNS FROM `blog_article` [ RunTime:0.0040s ]
INFO: [ app_end ] --START--
INFO: Run Behavior\ShowPageTraceBehavior [ RunTime:0.001000s ]
INFO: [ app_end ] --END-- [ RunTime:0.001000s ]

[ 2016-08-27T21:37:22+08:00 ] ::1 /thinkphp2/admin.php/Index/showNav
INFO: [ app_begin ] --START--
INFO: Run Behavior\ReadHtmlCacheBehavior [ RunTime:0.001000s ]
INFO: [ app_begin ] --END-- [ RunTime:0.002000s ]
SQL: SHOW COLUMNS FROM `blog_admin_nav` [ RunTime:0.0040s ]
SQL: SELECT `id`,`text`,`state`,`iconCls`,`url` FROM `blog_admin_nav` WHERE `nid` = 0  [ RunTime:0.0000s ]

[ 2016-08-27T21:37:23+08:00 ] ::1 /thinkphp2/admin.php/Index/showNav
INFO: [ app_begin ] --START--
INFO: Run Behavior\ReadHtmlCacheBehavior [ RunTime:0.001000s ]
INFO: [ app_begin ] --END-- [ RunTime:0.001000s ]
SQL: SHOW COLUMNS FROM `blog_admin_nav` [ RunTime:0.0060s ]
SQL: SELECT `id`,`text`,`state`,`iconCls`,`url` FROM `blog_admin_nav` WHERE `nid` = 1  [ RunTime:0.0010s ]

[ 2016-08-27T21:37:24+08:00 ] ::1 /thinkphp2/admin.php/Index/showNav
INFO: [ app_begin ] --START--
INFO: Run Behavior\ReadHtmlCacheBehavior [ RunTime:0.001000s ]
INFO: [ app_begin ] --END-- [ RunTime:0.002000s ]
SQL: SHOW COLUMNS FROM `blog_admin_nav` [ RunTime:0.0040s ]
SQL: SELECT `id`,`text`,`state`,`iconCls`,`url` FROM `blog_admin_nav` WHERE `nid` = 8  [ RunTime:0.0010s ]

[ 2016-08-27T21:37:25+08:00 ] ::1 /thinkphp2/admin.php/Index/showNav
INFO: [ app_begin ] --START--
INFO: Run Behavior\ReadHtmlCacheBehavior [ RunTime:0.000000s ]
INFO: [ app_begin ] --END-- [ RunTime:0.002000s ]
SQL: SHOW COLUMNS FROM `blog_admin_nav` [ RunTime:0.0040s ]
SQL: SELECT `id`,`text`,`state`,`iconCls`,`url` FROM `blog_admin_nav` WHERE `nid` = 5  [ RunTime:0.0000s ]

[ 2016-08-27T21:37:26+08:00 ] ::1 /thinkphp2/admin.php/Article/index?_=1472305040901
INFO: [ app_begin ] --START--
INFO: Run Behavior\ReadHtmlCacheBehavior [ RunTime:0.000000s ]
INFO: [ app_begin ] --END-- [ RunTime:0.001000s ]
INFO: [ view_parse ] --START--
INFO: [ template_filter ] --START--
INFO: Run Behavior\ContentReplaceBehavior [ RunTime:0.000000s ]
INFO: [ template_filter ] --END-- [ RunTime:0.000000s ]
INFO: Run Behavior\ParseTemplateBehavior [ RunTime:0.021001s ]
INFO: [ view_parse ] --END-- [ RunTime:0.022001s ]
INFO: [ view_filter ] --START--
INFO: Run Behavior\WriteHtmlCacheBehavior [ RunTime:0.000000s ]
INFO: [ view_filter ] --END-- [ RunTime:0.000000s ]
INFO: [ app_end ] --START--
INFO: Run Behavior\ShowPageTraceBehavior [ RunTime:0.001000s ]
INFO: [ app_end ] --END-- [ RunTime:0.001000s ]

[ 2016-08-27T21:37:27+08:00 ] ::1 /thinkphp2/admin.php/Article/getarticles
INFO: [ app_begin ] --START--
INFO: Run Behavior\ReadHtmlCacheBehavior [ RunTime:0.001000s ]
INFO: [ app_begin ] --END-- [ RunTime:0.001000s ]
SQL: SHOW COLUMNS FROM `blog_article` [ RunTime:0.0040s ]
SQL: SHOW COLUMNS FROM `blog_article` [ RunTime:0.0040s ]
SQL: SELECT ba.a_id,ba.a_title,ba.a_content,ba.a_views,ba.a_type,blog_admin.name,bac.cate_name,ba.create_time FROM blog_article ba left JOIN blog_article_cate bac on ba.cate_id = bac.cate_id INNER JOIN blog_admin on ba.a_author = blog_admin.id  ORDER BY `create_time` DESC LIMIT 0,20   [ RunTime:0.0040s ]
SQL: SELECT COUNT(*) AS tp_count FROM `blog_article` LIMIT 1   [ RunTime:0.0000s ]

[ 2016-08-27T21:37:32+08:00 ] ::1 /thinkphp2/admin.php/Article/getOnearticle
INFO: [ app_begin ] --START--
INFO: Run Behavior\ReadHtmlCacheBehavior [ RunTime:0.000000s ]
INFO: [ app_begin ] --END-- [ RunTime:0.001000s ]
SQL: SHOW COLUMNS FROM `blog_article` [ RunTime:0.0040s ]
INFO: [ app_end ] --START--
INFO: Run Behavior\ShowPageTraceBehavior [ RunTime:0.001000s ]
INFO: [ app_end ] --END-- [ RunTime:0.001000s ]

[ 2016-08-27T21:38:44+08:00 ] ::1 /thinkphp2/admin.php/Index/showNav
INFO: [ app_begin ] --START--
INFO: Run Behavior\ReadHtmlCacheBehavior [ RunTime:0.001001s ]
INFO: [ app_begin ] --END-- [ RunTime:0.002001s ]
SQL: SHOW COLUMNS FROM `blog_admin_nav` [ RunTime:0.0050s ]
SQL: SELECT `id`,`text`,`state`,`iconCls`,`url` FROM `blog_admin_nav` WHERE `nid` = 0  [ RunTime:0.0010s ]

[ 2016-08-27T21:38:45+08:00 ] ::1 /thinkphp2/admin.php/Index/showNav
INFO: [ app_begin ] --START--
INFO: Run Behavior\ReadHtmlCacheBehavior [ RunTime:0.001000s ]
INFO: [ app_begin ] --END-- [ RunTime:0.001000s ]
SQL: SHOW COLUMNS FROM `blog_admin_nav` [ RunTime:0.0040s ]
SQL: SELECT `id`,`text`,`state`,`iconCls`,`url` FROM `blog_admin_nav` WHERE `nid` = 1  [ RunTime:0.0000s ]

[ 2016-08-27T21:38:46+08:00 ] ::1 /thinkphp2/admin.php/Index/showNav
INFO: [ app_begin ] --START--
INFO: Run Behavior\ReadHtmlCacheBehavior [ RunTime:0.001000s ]
INFO: [ app_begin ] --END-- [ RunTime:0.001000s ]
SQL: SHOW COLUMNS FROM `blog_admin_nav` [ RunTime:0.0040s ]
SQL: SELECT `id`,`text`,`state`,`iconCls`,`url` FROM `blog_admin_nav` WHERE `nid` = 5  [ RunTime:0.0010s ]

[ 2016-08-27T21:38:47+08:00 ] ::1 /thinkphp2/admin.php/Index/showNav
INFO: [ app_begin ] --START--
INFO: Run Behavior\ReadHtmlCacheBehavior [ RunTime:0.000000s ]
INFO: [ app_begin ] --END-- [ RunTime:0.001000s ]
SQL: SHOW COLUMNS FROM `blog_admin_nav` [ RunTime:0.0050s ]
SQL: SELECT `id`,`text`,`state`,`iconCls`,`url` FROM `blog_admin_nav` WHERE `nid` = 8  [ RunTime:0.0000s ]

[ 2016-08-27T21:38:47+08:00 ] ::1 /thinkphp2/admin.php/Members/index?_=1472305123324
INFO: [ app_begin ] --START--
INFO: Run Behavior\ReadHtmlCacheBehavior [ RunTime:0.001000s ]
INFO: [ app_begin ] --END-- [ RunTime:0.001000s ]
INFO: [ view_parse ] --START--
INFO: [ template_filter ] --START--
INFO: Run Behavior\ContentReplaceBehavior [ RunTime:0.000000s ]
INFO: [ template_filter ] --END-- [ RunTime:0.000000s ]
INFO: Run Behavior\ParseTemplateBehavior [ RunTime:0.021001s ]
INFO: [ view_parse ] --END-- [ RunTime:0.021001s ]
INFO: [ view_filter ] --START--
INFO: Run Behavior\WriteHtmlCacheBehavior [ RunTime:0.001000s ]
INFO: [ view_filter ] --END-- [ RunTime:0.001000s ]
INFO: [ app_end ] --START--
INFO: Run Behavior\ShowPageTraceBehavior [ RunTime:0.000000s ]
INFO: [ app_end ] --END-- [ RunTime:0.000000s ]

[ 2016-08-27T21:38:49+08:00 ] ::1 /thinkphp2/admin.php/Members/getmembers
INFO: [ app_begin ] --START--
INFO: Run Behavior\ReadHtmlCacheBehavior [ RunTime:0.001000s ]
INFO: [ app_begin ] --END-- [ RunTime:0.001000s ]
SQL: SHOW COLUMNS FROM `blog_members` [ RunTime:0.0050s ]
SQL: SELECT `id`,`m_name`,`email`,`qq`,`reg_time`,`login_time`,`login_ip` FROM `blog_members` ORDER BY `reg_time` DESC LIMIT 0,20   [ RunTime:0.0010s ]
SQL: SELECT COUNT(*) AS tp_count FROM `blog_members` LIMIT 1   [ RunTime:0.0000s ]

[ 2016-08-27T21:38:50+08:00 ] ::1 /thinkphp2/admin.php/Article/index?_=1472305123326
INFO: [ app_begin ] --START--
INFO: Run Behavior\ReadHtmlCacheBehavior [ RunTime:0.000000s ]
INFO: [ app_begin ] --END-- [ RunTime:0.001000s ]
INFO: [ view_parse ] --START--
INFO: [ template_filter ] --START--
INFO: Run Behavior\ContentReplaceBehavior [ RunTime:0.000000s ]
INFO: [ template_filter ] --END-- [ RunTime:0.000000s ]
INFO: Run Behavior\ParseTemplateBehavior [ RunTime:0.006000s ]
INFO: [ view_parse ] --END-- [ RunTime:0.007000s ]
INFO: [ view_filter ] --START--
INFO: Run Behavior\WriteHtmlCacheBehavior [ RunTime:0.000000s ]
INFO: [ view_filter ] --END-- [ RunTime:0.000000s ]
INFO: [ app_end ] --START--
INFO: Run Behavior\ShowPageTraceBehavior [ RunTime:0.000000s ]
INFO: [ app_end ] --END-- [ RunTime:0.000000s ]

[ 2016-08-27T21:38:51+08:00 ] ::1 /thinkphp2/admin.php/Article/getarticles
INFO: [ app_begin ] --START--
INFO: Run Behavior\ReadHtmlCacheBehavior [ RunTime:0.000000s ]
INFO: [ app_begin ] --END-- [ RunTime:0.001000s ]
SQL: SHOW COLUMNS FROM `blog_article` [ RunTime:0.0060s ]
SQL: SHOW COLUMNS FROM `blog_article` [ RunTime:0.0080s ]
SQL: SELECT ba.a_id,ba.a_title,ba.a_content,ba.a_views,ba.a_type,blog_admin.name,bac.cate_name,ba.create_time FROM blog_article ba left JOIN blog_article_cate bac on ba.cate_id = bac.cate_id INNER JOIN blog_admin on ba.a_author = blog_admin.id  ORDER BY `create_time` DESC LIMIT 0,20   [ RunTime:0.0070s ]
SQL: SELECT COUNT(*) AS tp_count FROM `blog_article` LIMIT 1   [ RunTime:0.0000s ]

[ 2016-08-27T21:38:57+08:00 ] ::1 /thinkphp2/admin.php/Article/remove
INFO: [ app_begin ] --START--
INFO: Run Behavior\ReadHtmlCacheBehavior [ RunTime:0.000000s ]
INFO: [ app_begin ] --END-- [ RunTime:0.001000s ]
SQL: SHOW COLUMNS FROM `blog_article` [ RunTime:0.0060s ]
SQL: DELETE FROM `blog_article` WHERE `a_id` = 2 [ RunTime:0.0000s ]
INFO: [ app_end ] --START--
INFO: Run Behavior\ShowPageTraceBehavior [ RunTime:0.000000s ]
INFO: [ app_end ] --END-- [ RunTime:0.000000s ]

[ 2016-08-27T21:38:58+08:00 ] ::1 /thinkphp2/admin.php/Article/getarticles
INFO: [ app_begin ] --START--
INFO: Run Behavior\ReadHtmlCacheBehavior [ RunTime:0.001000s ]
INFO: [ app_begin ] --END-- [ RunTime:0.001000s ]
SQL: SHOW COLUMNS FROM `blog_article` [ RunTime:0.0040s ]
SQL: SHOW COLUMNS FROM `blog_article` [ RunTime:0.0040s ]
SQL: SELECT ba.a_id,ba.a_title,ba.a_content,ba.a_views,ba.a_type,blog_admin.name,bac.cate_name,ba.create_time FROM blog_article ba left JOIN blog_article_cate bac on ba.cate_id = bac.cate_id INNER JOIN blog_admin on ba.a_author = blog_admin.id  ORDER BY `create_time` DESC LIMIT 0,20   [ RunTime:0.0040s ]
SQL: SELECT COUNT(*) AS tp_count FROM `blog_article` LIMIT 1   [ RunTime:0.0000s ]

[ 2016-08-27T21:39:07+08:00 ] ::1 /thinkphp2/admin.php/Article/getOnearticle
INFO: [ app_begin ] --START--
INFO: Run Behavior\ReadHtmlCacheBehavior [ RunTime:0.001000s ]
INFO: [ app_begin ] --END-- [ RunTime:0.001000s ]
SQL: SHOW COLUMNS FROM `blog_article` [ RunTime:0.0040s ]
INFO: [ app_end ] --START--
INFO: Run Behavior\ShowPageTraceBehavior [ RunTime:0.001001s ]
INFO: [ app_end ] --END-- [ RunTime:0.001001s ]

[ 2016-08-27T21:39:45+08:00 ] ::1 /thinkphp2/admin.php/Article/getOnearticle
INFO: [ app_begin ] --START--
INFO: Run Behavior\ReadHtmlCacheBehavior [ RunTime:0.001000s ]
INFO: [ app_begin ] --END-- [ RunTime:0.002000s ]
INFO: [ app_end ] --START--
INFO: Run Behavior\ShowPageTraceBehavior [ RunTime:0.001000s ]
INFO: [ app_end ] --END-- [ RunTime:0.001000s ]

[ 2016-08-27T21:40:21+08:00 ] ::1 /thinkphp2/admin.php/Article/getOnearticle
INFO: [ app_begin ] --START--
INFO: Run Behavior\ReadHtmlCacheBehavior [ RunTime:0.001000s ]
INFO: [ app_begin ] --END-- [ RunTime:0.001000s ]
SQL: SHOW COLUMNS FROM `blog_article` [ RunTime:0.0040s ]
SQL: SHOW COLUMNS FROM `blog_article` [ RunTime:0.0040s ]
SQL: SELECT ba.a_id,ba.a_title,ba.a_content,ba.a_views,blog_admin.name,bac.cate_name,ba.create_time,bc.comment,bc.comment_time FROM blog_article ba left JOIN blog_article_cate bac on ba.cate_id = bac.cate_id left JOIN blog_admin on ba.a_author = blog_admin.id left JOIN blog_comment bc on ba.a_id = bc.aid  WHERE ( a_id=8 ) ORDER BY create_time desc  [ RunTime:0.0000s ]
NOTIC: [8] Array to string conversion E:\phpstudy\WWW\thinkphp2\blog\Admin\Controller\ArticleController.class.php 第 53 行.
INFO: [ app_end ] --START--
INFO: Run Behavior\ShowPageTraceBehavior [ RunTime:0.000000s ]
INFO: [ app_end ] --END-- [ RunTime:0.000000s ]

[ 2016-08-27T21:40:44+08:00 ] ::1 /thinkphp2/admin.php/Article/getOnearticle
INFO: [ app_begin ] --START--
INFO: Run Behavior\ReadHtmlCacheBehavior [ RunTime:0.001000s ]
INFO: [ app_begin ] --END-- [ RunTime:0.002000s ]
SQL: SHOW COLUMNS FROM `blog_article` [ RunTime:0.0060s ]
SQL: SHOW COLUMNS FROM `blog_article` [ RunTime:0.0050s ]
SQL: SELECT ba.a_id,ba.a_title,ba.a_content,ba.a_views,blog_admin.name,bac.cate_name,ba.create_time,bc.comment,bc.comment_time FROM blog_article ba left JOIN blog_article_cate bac on ba.cate_id = bac.cate_id left JOIN blog_admin on ba.a_author = blog_admin.id left JOIN blog_comment bc on ba.a_id = bc.aid  WHERE ( a_id=8 ) ORDER BY create_time desc  [ RunTime:0.0010s ]
INFO: [ app_end ] --START--
INFO: Run Behavior\ShowPageTraceBehavior [ RunTime:0.001000s ]
INFO: [ app_end ] --END-- [ RunTime:0.002000s ]

[ 2016-08-27T21:44:16+08:00 ] ::1 /thinkphp2/admin.php/Index/showNav
INFO: [ app_begin ] --START--
INFO: Run Behavior\ReadHtmlCacheBehavior [ RunTime:0.001001s ]
INFO: [ app_begin ] --END-- [ RunTime:0.001001s ]
SQL: SHOW COLUMNS FROM `blog_admin_nav` [ RunTime:0.0050s ]
SQL: SELECT `id`,`text`,`state`,`iconCls`,`url` FROM `blog_admin_nav` WHERE `nid` = 0  [ RunTime:0.0000s ]

[ 2016-08-27T21:44:17+08:00 ] ::1 /thinkphp2/admin.php/Index/showNav
INFO: [ app_begin ] --START--
INFO: Run Behavior\ReadHtmlCacheBehavior [ RunTime:0.001000s ]
INFO: [ app_begin ] --END-- [ RunTime:0.002000s ]
SQL: SHOW COLUMNS FROM `blog_admin_nav` [ RunTime:0.0040s ]
SQL: SELECT `id`,`text`,`state`,`iconCls`,`url` FROM `blog_admin_nav` WHERE `nid` = 1  [ RunTime:0.0010s ]

[ 2016-08-27T21:44:18+08:00 ] ::1 /thinkphp2/admin.php/Index/showNav
INFO: [ app_begin ] --START--
INFO: Run Behavior\ReadHtmlCacheBehavior [ RunTime:0.001000s ]
INFO: [ app_begin ] --END-- [ RunTime:0.002000s ]
SQL: SHOW COLUMNS FROM `blog_admin_nav` [ RunTime:0.0040s ]
SQL: SELECT `id`,`text`,`state`,`iconCls`,`url` FROM `blog_admin_nav` WHERE `nid` = 5  [ RunTime:0.0010s ]

[ 2016-08-27T21:44:19+08:00 ] ::1 /thinkphp2/admin.php/Index/showNav
INFO: [ app_begin ] --START--
INFO: Run Behavior\ReadHtmlCacheBehavior [ RunTime:0.001000s ]
INFO: [ app_begin ] --END-- [ RunTime:0.001000s ]
SQL: SHOW COLUMNS FROM `blog_admin_nav` [ RunTime:0.0070s ]
SQL: SELECT `id`,`text`,`state`,`iconCls`,`url` FROM `blog_admin_nav` WHERE `nid` = 8  [ RunTime:0.0010s ]

[ 2016-08-27T21:44:25+08:00 ] ::1 /thinkphp2/admin.php/Article/index?_=1472305454789
INFO: [ app_begin ] --START--
INFO: Run Behavior\ReadHtmlCacheBehavior [ RunTime:0.001000s ]
INFO: [ app_begin ] --END-- [ RunTime:0.001000s ]
INFO: [ view_parse ] --START--
INFO: [ template_filter ] --START--
INFO: Run Behavior\ContentReplaceBehavior [ RunTime:0.000000s ]
INFO: [ template_filter ] --END-- [ RunTime:0.000000s ]
INFO: Run Behavior\ParseTemplateBehavior [ RunTime:0.009000s ]
INFO: [ view_parse ] --END-- [ RunTime:0.009000s ]
INFO: [ view_filter ] --START--
INFO: Run Behavior\WriteHtmlCacheBehavior [ RunTime:0.000000s ]
INFO: [ view_filter ] --END-- [ RunTime:0.000000s ]
INFO: [ app_end ] --START--
INFO: Run Behavior\ShowPageTraceBehavior [ RunTime:0.001000s ]
INFO: [ app_end ] --END-- [ RunTime:0.001000s ]

[ 2016-08-27T21:44:54+08:00 ] ::1 /thinkphp2/admin.php/Index/showNav
INFO: [ app_begin ] --START--
INFO: Run Behavior\ReadHtmlCacheBehavior [ RunTime:0.000000s ]
INFO: [ app_begin ] --END-- [ RunTime:0.001000s ]
SQL: SHOW COLUMNS FROM `blog_admin_nav` [ RunTime:0.0040s ]
SQL: SELECT `id`,`text`,`state`,`iconCls`,`url` FROM `blog_admin_nav` WHERE `nid` = 0  [ RunTime:0.0000s ]

[ 2016-08-27T21:44:55+08:00 ] ::1 /thinkphp2/admin.php/Index/showNav
INFO: [ app_begin ] --START--
INFO: Run Behavior\ReadHtmlCacheBehavior [ RunTime:0.001000s ]
INFO: [ app_begin ] --END-- [ RunTime:0.001000s ]
SQL: SHOW COLUMNS FROM `blog_admin_nav` [ RunTime:0.0050s ]
SQL: SELECT `id`,`text`,`state`,`iconCls`,`url` FROM `blog_admin_nav` WHERE `nid` = 1  [ RunTime:0.0010s ]

[ 2016-08-27T21:44:56+08:00 ] ::1 /thinkphp2/admin.php/Index/showNav
INFO: [ app_begin ] --START--
INFO: Run Behavior\ReadHtmlCacheBehavior [ RunTime:0.000000s ]
INFO: [ app_begin ] --END-- [ RunTime:0.000000s ]
SQL: SHOW COLUMNS FROM `blog_admin_nav` [ RunTime:0.0050s ]
SQL: SELECT `id`,`text`,`state`,`iconCls`,`url` FROM `blog_admin_nav` WHERE `nid` = 5  [ RunTime:0.0010s ]

[ 2016-08-27T21:44:58+08:00 ] ::1 /thinkphp2/admin.php/Index/showNav
INFO: [ app_begin ] --START--
INFO: Run Behavior\ReadHtmlCacheBehavior [ RunTime:0.001000s ]
INFO: [ app_begin ] --END-- [ RunTime:0.001000s ]
SQL: SHOW COLUMNS FROM `blog_admin_nav` [ RunTime:0.0040s ]
SQL: SELECT `id`,`text`,`state`,`iconCls`,`url` FROM `blog_admin_nav` WHERE `nid` = 8  [ RunTime:0.0000s ]

[ 2016-08-27T21:45:03+08:00 ] ::1 /thinkphp2/admin.php/Article/index?_=1472305493472
INFO: [ app_begin ] --START--
INFO: Run Behavior\ReadHtmlCacheBehavior [ RunTime:0.001000s ]
INFO: [ app_begin ] --END-- [ RunTime:0.001000s ]
INFO: [ view_parse ] --START--
INFO: [ template_filter ] --START--
INFO: Run Behavior\ContentReplaceBehavior [ RunTime:0.000000s ]
INFO: [ template_filter ] --END-- [ RunTime:0.000000s ]
INFO: Run Behavior\ParseTemplateBehavior [ RunTime:0.007001s ]
INFO: [ view_parse ] --END-- [ RunTime:0.008001s ]
INFO: [ view_filter ] --START--
INFO: Run Behavior\WriteHtmlCacheBehavior [ RunTime:0.000000s ]
INFO: [ view_filter ] --END-- [ RunTime:0.000000s ]
INFO: [ app_end ] --START--
INFO: Run Behavior\ShowPageTraceBehavior [ RunTime:0.001000s ]
INFO: [ app_end ] --END-- [ RunTime:0.001000s ]

[ 2016-08-27T21:46:19+08:00 ] ::1 /thinkphp2/admin.php/Index/showNav
INFO: [ app_begin ] --START--
INFO: Run Behavior\ReadHtmlCacheBehavior [ RunTime:0.001000s ]
INFO: [ app_begin ] --END-- [ RunTime:0.002000s ]
SQL: SHOW COLUMNS FROM `blog_admin_nav` [ RunTime:0.0050s ]
SQL: SELECT `id`,`text`,`state`,`iconCls`,`url` FROM `blog_admin_nav` WHERE `nid` = 0  [ RunTime:0.0010s ]

[ 2016-08-27T21:46:20+08:00 ] ::1 /thinkphp2/admin.php/Index/showNav
INFO: [ app_begin ] --START--
INFO: Run Behavior\ReadHtmlCacheBehavior [ RunTime:0.000000s ]
INFO: [ app_begin ] --END-- [ RunTime:0.001000s ]
SQL: SHOW COLUMNS FROM `blog_admin_nav` [ RunTime:0.0050s ]
SQL: SELECT `id`,`text`,`state`,`iconCls`,`url` FROM `blog_admin_nav` WHERE `nid` = 1  [ RunTime:0.0000s ]

[ 2016-08-27T21:46:22+08:00 ] ::1 /thinkphp2/admin.php/Index/showNav
INFO: [ app_begin ] --START--
INFO: Run Behavior\ReadHtmlCacheBehavior [ RunTime:0.001000s ]
INFO: [ app_begin ] --END-- [ RunTime:0.001000s ]
SQL: SHOW COLUMNS FROM `blog_admin_nav` [ RunTime:0.0040s ]
SQL: SELECT `id`,`text`,`state`,`iconCls`,`url` FROM `blog_admin_nav` WHERE `nid` = 5  [ RunTime:0.0000s ]

[ 2016-08-27T21:46:23+08:00 ] ::1 /thinkphp2/admin.php/Index/showNav
INFO: [ app_begin ] --START--
INFO: Run Behavior\ReadHtmlCacheBehavior [ RunTime:0.000000s ]
INFO: [ app_begin ] --END-- [ RunTime:0.001000s ]
SQL: SHOW COLUMNS FROM `blog_admin_nav` [ RunTime:0.0040s ]
SQL: SELECT `id`,`text`,`state`,`iconCls`,`url` FROM `blog_admin_nav` WHERE `nid` = 8  [ RunTime:0.0000s ]

[ 2016-08-27T21:46:23+08:00 ] ::1 /thinkphp2/admin.php/Article/index?_=1472305578430
INFO: [ app_begin ] --START--
INFO: Run Behavior\ReadHtmlCacheBehavior [ RunTime:0.001000s ]
INFO: [ app_begin ] --END-- [ RunTime:0.001000s ]
INFO: [ view_parse ] --START--
INFO: [ template_filter ] --START--
INFO: Run Behavior\ContentReplaceBehavior [ RunTime:0.000000s ]
INFO: [ template_filter ] --END-- [ RunTime:0.000000s ]
INFO: Run Behavior\ParseTemplateBehavior [ RunTime:0.021001s ]
INFO: [ view_parse ] --END-- [ RunTime:0.021001s ]
INFO: [ view_filter ] --START--
INFO: Run Behavior\WriteHtmlCacheBehavior [ RunTime:0.000000s ]
INFO: [ view_filter ] --END-- [ RunTime:0.000000s ]
INFO: [ app_end ] --START--
INFO: Run Behavior\ShowPageTraceBehavior [ RunTime:0.000000s ]
INFO: [ app_end ] --END-- [ RunTime:0.000000s ]

[ 2016-08-27T21:46:24+08:00 ] ::1 /thinkphp2/admin.php/Article/getarticles
INFO: [ app_begin ] --START--
INFO: Run Behavior\ReadHtmlCacheBehavior [ RunTime:0.001000s ]
INFO: [ app_begin ] --END-- [ RunTime:0.002000s ]
SQL: SHOW COLUMNS FROM `blog_article` [ RunTime:0.0060s ]
SQL: SHOW COLUMNS FROM `blog_article` [ RunTime:0.0040s ]
SQL: SELECT ba.a_id,ba.a_title,ba.a_content,ba.a_views,ba.a_type,blog_admin.name,bac.cate_name,ba.create_time FROM blog_article ba left JOIN blog_article_cate bac on ba.cate_id = bac.cate_id INNER JOIN blog_admin on ba.a_author = blog_admin.id  ORDER BY `create_time` DESC LIMIT 0,20   [ RunTime:0.0040s ]
SQL: SELECT COUNT(*) AS tp_count FROM `blog_article` LIMIT 1   [ RunTime:0.0010s ]

[ 2016-08-27T21:46:32+08:00 ] ::1 /thinkphp2/admin.php/Article/getOnearticle
INFO: [ app_begin ] --START--
INFO: Run Behavior\ReadHtmlCacheBehavior [ RunTime:0.001000s ]
INFO: [ app_begin ] --END-- [ RunTime:0.001000s ]
SQL: SHOW COLUMNS FROM `blog_article` [ RunTime:0.0040s ]
SQL: SHOW COLUMNS FROM `blog_article` [ RunTime:0.0040s ]
SQL: SELECT ba.a_id,ba.a_title,ba.a_content,ba.a_views,blog_admin.name,bac.cate_name,ba.create_time,bc.comment,bc.comment_time FROM blog_article ba left JOIN blog_article_cate bac on ba.cate_id = bac.cate_id left JOIN blog_admin on ba.a_author = blog_admin.id left JOIN blog_comment bc on ba.a_id = bc.aid  WHERE ( a_id=8 ) ORDER BY create_time desc  [ RunTime:0.0010s ]
INFO: [ app_end ] --START--
INFO: Run Behavior\ShowPageTraceBehavior [ RunTime:0.000000s ]
INFO: [ app_end ] --END-- [ RunTime:0.000000s ]

[ 2016-08-27T21:47:12+08:00 ] ::1 /thinkphp2/admin.php/Article/index?_=1472305578432
INFO: [ app_begin ] --START--
INFO: Run Behavior\ReadHtmlCacheBehavior [ RunTime:0.001000s ]
INFO: [ app_begin ] --END-- [ RunTime:0.001000s ]
INFO: [ view_parse ] --START--
INFO: [ template_filter ] --START--
INFO: Run Behavior\ContentReplaceBehavior [ RunTime:0.000000s ]
INFO: [ template_filter ] --END-- [ RunTime:0.000000s ]
INFO: Run Behavior\ParseTemplateBehavior [ RunTime:0.020001s ]
INFO: [ view_parse ] --END-- [ RunTime:0.020001s ]
INFO: [ view_filter ] --START--
INFO: Run Behavior\WriteHtmlCacheBehavior [ RunTime:0.000000s ]
INFO: [ view_filter ] --END-- [ RunTime:0.000000s ]
INFO: [ app_end ] --START--
INFO: Run Behavior\ShowPageTraceBehavior [ RunTime:0.001000s ]
INFO: [ app_end ] --END-- [ RunTime:0.001000s ]

[ 2016-08-27T21:47:13+08:00 ] ::1 /thinkphp2/admin.php/Article/getarticles
INFO: [ app_begin ] --START--
INFO: Run Behavior\ReadHtmlCacheBehavior [ RunTime:0.001000s ]
INFO: [ app_begin ] --END-- [ RunTime:0.001000s ]
SQL: SHOW COLUMNS FROM `blog_article` [ RunTime:0.0040s ]
SQL: SHOW COLUMNS FROM `blog_article` [ RunTime:0.0030s ]
SQL: SELECT ba.a_id,ba.a_title,ba.a_content,ba.a_views,ba.a_type,blog_admin.name,bac.cate_name,ba.create_time FROM blog_article ba left JOIN blog_article_cate bac on ba.cate_id = bac.cate_id INNER JOIN blog_admin on ba.a_author = blog_admin.id  ORDER BY `create_time` DESC LIMIT 0,20   [ RunTime:0.0030s ]
SQL: SELECT COUNT(*) AS tp_count FROM `blog_article` LIMIT 1   [ RunTime:0.0000s ]

[ 2016-08-27T21:47:19+08:00 ] ::1 /thinkphp2/admin.php/Article/index?_=1472305578434
INFO: [ app_begin ] --START--
INFO: Run Behavior\ReadHtmlCacheBehavior [ RunTime:0.001001s ]
INFO: [ app_begin ] --END-- [ RunTime:0.001001s ]
INFO: [ view_parse ] --START--
INFO: [ template_filter ] --START--
INFO: Run Behavior\ContentReplaceBehavior [ RunTime:0.000000s ]
INFO: [ template_filter ] --END-- [ RunTime:0.000000s ]
INFO: Run Behavior\ParseTemplateBehavior [ RunTime:0.007000s ]
INFO: [ view_parse ] --END-- [ RunTime:0.007000s ]
INFO: [ view_filter ] --START--
INFO: Run Behavior\WriteHtmlCacheBehavior [ RunTime:0.000000s ]
INFO: [ view_filter ] --END-- [ RunTime:0.000000s ]
INFO: [ app_end ] --START--
INFO: Run Behavior\ShowPageTraceBehavior [ RunTime:0.001000s ]
INFO: [ app_end ] --END-- [ RunTime:0.001000s ]

[ 2016-08-27T21:47:20+08:00 ] ::1 /thinkphp2/admin.php/Article/getarticles
INFO: [ app_begin ] --START--
INFO: Run Behavior\ReadHtmlCacheBehavior [ RunTime:0.001000s ]
INFO: [ app_begin ] --END-- [ RunTime:0.002000s ]
SQL: SHOW COLUMNS FROM `blog_article` [ RunTime:0.0070s ]
SQL: SHOW COLUMNS FROM `blog_article` [ RunTime:0.0060s ]
SQL: SELECT ba.a_id,ba.a_title,ba.a_content,ba.a_views,ba.a_type,blog_admin.name,bac.cate_name,ba.create_time FROM blog_article ba left JOIN blog_article_cate bac on ba.cate_id = bac.cate_id INNER JOIN blog_admin on ba.a_author = blog_admin.id  ORDER BY `create_time` DESC LIMIT 0,20   [ RunTime:0.0040s ]
SQL: SELECT COUNT(*) AS tp_count FROM `blog_article` LIMIT 1   [ RunTime:0.0000s ]

[ 2016-08-27T21:48:06+08:00 ] ::1 /thinkphp2/admin.php/Article/index?_=1472305578436
INFO: [ app_begin ] --START--
INFO: Run Behavior\ReadHtmlCacheBehavior [ RunTime:0.000000s ]
INFO: [ app_begin ] --END-- [ RunTime:0.002000s ]
INFO: [ view_parse ] --START--
INFO: [ template_filter ] --START--
INFO: Run Behavior\ContentReplaceBehavior [ RunTime:0.000000s ]
INFO: [ template_filter ] --END-- [ RunTime:0.000000s ]
INFO: Run Behavior\ParseTemplateBehavior [ RunTime:0.007000s ]
INFO: [ view_parse ] --END-- [ RunTime:0.007000s ]
INFO: [ view_filter ] --START--
INFO: Run Behavior\WriteHtmlCacheBehavior [ RunTime:0.000000s ]
INFO: [ view_filter ] --END-- [ RunTime:0.000000s ]
INFO: [ app_end ] --START--
INFO: Run Behavior\ShowPageTraceBehavior [ RunTime:0.001001s ]
INFO: [ app_end ] --END-- [ RunTime:0.001001s ]

[ 2016-08-27T21:48:07+08:00 ] ::1 /thinkphp2/admin.php/Article/getarticles
INFO: [ app_begin ] --START--
INFO: Run Behavior\ReadHtmlCacheBehavior [ RunTime:0.001000s ]
INFO: [ app_begin ] --END-- [ RunTime:0.001000s ]
SQL: SHOW COLUMNS FROM `blog_article` [ RunTime:0.0040s ]
SQL: SHOW COLUMNS FROM `blog_article` [ RunTime:0.0040s ]
SQL: SELECT ba.a_id,ba.a_title,ba.a_content,ba.a_views,ba.a_type,blog_admin.name,bac.cate_name,ba.create_time FROM blog_article ba left JOIN blog_article_cate bac on ba.cate_id = bac.cate_id INNER JOIN blog_admin on ba.a_author = blog_admin.id  ORDER BY `create_time` DESC LIMIT 0,20   [ RunTime:0.0040s ]
SQL: SELECT COUNT(*) AS tp_count FROM `blog_article` LIMIT 1   [ RunTime:0.0000s ]

[ 2016-08-27T21:48:12+08:00 ] ::1 /thinkphp2/admin.php/Article/getOnearticle
INFO: [ app_begin ] --START--
INFO: Run Behavior\ReadHtmlCacheBehavior [ RunTime:0.001000s ]
INFO: [ app_begin ] --END-- [ RunTime:0.001000s ]
SQL: SHOW COLUMNS FROM `blog_article` [ RunTime:0.0040s ]
SQL: SHOW COLUMNS FROM `blog_article` [ RunTime:0.0040s ]
SQL: SELECT ba.a_id,ba.a_title,ba.a_content,ba.a_views,blog_admin.name,bac.cate_name,ba.create_time,bc.comment,bc.comment_time FROM blog_article ba left JOIN blog_article_cate bac on ba.cate_id = bac.cate_id left JOIN blog_admin on ba.a_author = blog_admin.id left JOIN blog_comment bc on ba.a_id = bc.aid  WHERE ( a_id=8 ) ORDER BY create_time desc  [ RunTime:0.0010s ]
INFO: [ app_end ] --START--
INFO: Run Behavior\ShowPageTraceBehavior [ RunTime:0.001000s ]
INFO: [ app_end ] --END-- [ RunTime:0.001000s ]

[ 2016-08-27T21:49:00+08:00 ] ::1 /thinkphp2/admin.php/Article/index?_=1472305578438
INFO: [ app_begin ] --START--
INFO: Run Behavior\ReadHtmlCacheBehavior [ RunTime:0.001000s ]
INFO: [ app_begin ] --END-- [ RunTime:0.001000s ]
INFO: [ view_parse ] --START--
INFO: [ template_filter ] --START--
INFO: Run Behavior\ContentReplaceBehavior [ RunTime:0.000000s ]
INFO: [ template_filter ] --END-- [ RunTime:0.000000s ]
INFO: Run Behavior\ParseTemplateBehavior [ RunTime:0.006001s ]
INFO: [ view_parse ] --END-- [ RunTime:0.006001s ]
INFO: [ view_filter ] --START--
INFO: Run Behavior\WriteHtmlCacheBehavior [ RunTime:0.000000s ]
INFO: [ view_filter ] --END-- [ RunTime:0.000000s ]
INFO: [ app_end ] --START--
INFO: Run Behavior\ShowPageTraceBehavior [ RunTime:0.001000s ]
INFO: [ app_end ] --END-- [ RunTime:0.001000s ]

[ 2016-08-27T21:49:01+08:00 ] ::1 /thinkphp2/admin.php/Article/getarticles
INFO: [ app_begin ] --START--
INFO: Run Behavior\ReadHtmlCacheBehavior [ RunTime:0.000000s ]
INFO: [ app_begin ] --END-- [ RunTime:0.000000s ]
SQL: SHOW COLUMNS FROM `blog_article` [ RunTime:0.0040s ]
SQL: SHOW COLUMNS FROM `blog_article` [ RunTime:0.0040s ]
SQL: SELECT ba.a_id,ba.a_title,ba.a_content,ba.a_views,ba.a_type,blog_admin.name,bac.cate_name,ba.create_time FROM blog_article ba left JOIN blog_article_cate bac on ba.cate_id = bac.cate_id INNER JOIN blog_admin on ba.a_author = blog_admin.id  ORDER BY `create_time` DESC LIMIT 0,20   [ RunTime:0.0040s ]
SQL: SELECT COUNT(*) AS tp_count FROM `blog_article` LIMIT 1   [ RunTime:0.0010s ]

[ 2016-08-27T21:49:04+08:00 ] ::1 /thinkphp2/admin.php/Article/getOnearticle
INFO: [ app_begin ] --START--
INFO: Run Behavior\ReadHtmlCacheBehavior [ RunTime:0.001000s ]
INFO: [ app_begin ] --END-- [ RunTime:0.001000s ]
SQL: SHOW COLUMNS FROM `blog_article` [ RunTime:0.0040s ]
SQL: SHOW COLUMNS FROM `blog_article` [ RunTime:0.0030s ]
SQL: SELECT ba.a_id,ba.a_title,ba.a_content,ba.a_views,blog_admin.name,bac.cate_name,ba.create_time,bc.comment,bc.comment_time FROM blog_article ba left JOIN blog_article_cate bac on ba.cate_id = bac.cate_id left JOIN blog_admin on ba.a_author = blog_admin.id left JOIN blog_comment bc on ba.a_id = bc.aid  WHERE ( a_id=8 ) ORDER BY create_time desc  [ RunTime:0.0000s ]
INFO: [ app_end ] --START--
INFO: Run Behavior\ShowPageTraceBehavior [ RunTime:0.000000s ]
INFO: [ app_end ] --END-- [ RunTime:0.000000s ]

[ 2016-08-27T21:49:29+08:00 ] ::1 /thinkphp2/admin.php/Index/showNav
INFO: [ app_begin ] --START--
INFO: Run Behavior\ReadHtmlCacheBehavior [ RunTime:0.001000s ]
INFO: [ app_begin ] --END-- [ RunTime:0.001000s ]
SQL: SHOW COLUMNS FROM `blog_admin_nav` [ RunTime:0.0040s ]
SQL: SELECT `id`,`text`,`state`,`iconCls`,`url` FROM `blog_admin_nav` WHERE `nid` = 0  [ RunTime:0.0010s ]

[ 2016-08-27T21:49:30+08:00 ] ::1 /thinkphp2/admin.php/Index/showNav
INFO: [ app_begin ] --START--
INFO: Run Behavior\ReadHtmlCacheBehavior [ RunTime:0.001000s ]
INFO: [ app_begin ] --END-- [ RunTime:0.001000s ]
SQL: SHOW COLUMNS FROM `blog_admin_nav` [ RunTime:0.0040s ]
SQL: SELECT `id`,`text`,`state`,`iconCls`,`url` FROM `blog_admin_nav` WHERE `nid` = 1  [ RunTime:0.0000s ]

[ 2016-08-27T21:49:31+08:00 ] ::1 /thinkphp2/admin.php/Index/showNav
INFO: [ app_begin ] --START--
INFO: Run Behavior\ReadHtmlCacheBehavior [ RunTime:0.001000s ]
INFO: [ app_begin ] --END-- [ RunTime:0.002000s ]
SQL: SHOW COLUMNS FROM `blog_admin_nav` [ RunTime:0.0050s ]
SQL: SELECT `id`,`text`,`state`,`iconCls`,`url` FROM `blog_admin_nav` WHERE `nid` = 5  [ RunTime:0.0010s ]

[ 2016-08-27T21:49:32+08:00 ] ::1 /thinkphp2/admin.php/Index/showNav
INFO: [ app_begin ] --START--
INFO: Run Behavior\ReadHtmlCacheBehavior [ RunTime:0.001000s ]
INFO: [ app_begin ] --END-- [ RunTime:0.002000s ]
SQL: SHOW COLUMNS FROM `blog_admin_nav` [ RunTime:0.0050s ]
SQL: SELECT `id`,`text`,`state`,`iconCls`,`url` FROM `blog_admin_nav` WHERE `nid` = 8  [ RunTime:0.0030s ]

[ 2016-08-27T21:49:35+08:00 ] ::1 /thinkphp2/admin.php/Article/index?_=1472305768343
INFO: [ app_begin ] --START--
INFO: Run Behavior\ReadHtmlCacheBehavior [ RunTime:0.001000s ]
INFO: [ app_begin ] --END-- [ RunTime:0.001000s ]
INFO: [ view_parse ] --START--
INFO: [ template_filter ] --START--
INFO: Run Behavior\ContentReplaceBehavior [ RunTime:0.000000s ]
INFO: [ template_filter ] --END-- [ RunTime:0.000000s ]
INFO: Run Behavior\ParseTemplateBehavior [ RunTime:0.006000s ]
INFO: [ view_parse ] --END-- [ RunTime:0.007000s ]
INFO: [ view_filter ] --START--
INFO: Run Behavior\WriteHtmlCacheBehavior [ RunTime:0.000000s ]
INFO: [ view_filter ] --END-- [ RunTime:0.000000s ]
INFO: [ app_end ] --START--
INFO: Run Behavior\ShowPageTraceBehavior [ RunTime:0.000000s ]
INFO: [ app_end ] --END-- [ RunTime:0.000000s ]

[ 2016-08-27T21:49:36+08:00 ] ::1 /thinkphp2/admin.php/Article/getarticles
INFO: [ app_begin ] --START--
INFO: Run Behavior\ReadHtmlCacheBehavior [ RunTime:0.001000s ]
INFO: [ app_begin ] --END-- [ RunTime:0.001000s ]
SQL: SHOW COLUMNS FROM `blog_article` [ RunTime:0.0080s ]
SQL: SHOW COLUMNS FROM `blog_article` [ RunTime:0.0040s ]
SQL: SELECT ba.a_id,ba.a_title,ba.a_content,ba.a_views,ba.a_type,blog_admin.name,bac.cate_name,ba.create_time FROM blog_article ba left JOIN blog_article_cate bac on ba.cate_id = bac.cate_id INNER JOIN blog_admin on ba.a_author = blog_admin.id  ORDER BY `create_time` DESC LIMIT 0,20   [ RunTime:0.0030s ]
SQL: SELECT COUNT(*) AS tp_count FROM `blog_article` LIMIT 1   [ RunTime:0.0000s ]

[ 2016-08-27T21:49:39+08:00 ] ::1 /thinkphp2/admin.php/Article/getOnearticle
INFO: [ app_begin ] --START--
INFO: Run Behavior\ReadHtmlCacheBehavior [ RunTime:0.001000s ]
INFO: [ app_begin ] --END-- [ RunTime:0.002000s ]
SQL: SHOW COLUMNS FROM `blog_article` [ RunTime:0.0060s ]
SQL: SHOW COLUMNS FROM `blog_article` [ RunTime:0.0050s ]
SQL: SELECT ba.a_id,ba.a_title,ba.a_content,ba.a_views,blog_admin.name,bac.cate_name,ba.create_time,bc.comment,bc.comment_time FROM blog_article ba left JOIN blog_article_cate bac on ba.cate_id = bac.cate_id left JOIN blog_admin on ba.a_author = blog_admin.id left JOIN blog_comment bc on ba.a_id = bc.aid  WHERE ( a_id=8 ) ORDER BY create_time desc  [ RunTime:0.0010s ]
INFO: [ app_end ] --START--
INFO: Run Behavior\ShowPageTraceBehavior [ RunTime:0.000000s ]
INFO: [ app_end ] --END-- [ RunTime:0.000000s ]

[ 2016-08-27T21:51:35+08:00 ] ::1 /thinkphp2/admin.php/Article/index?_=1472305768345
INFO: [ app_begin ] --START--
INFO: Run Behavior\ReadHtmlCacheBehavior [ RunTime:0.001000s ]
INFO: [ app_begin ] --END-- [ RunTime:0.001000s ]
INFO: [ view_parse ] --START--
INFO: [ template_filter ] --START--
INFO: Run Behavior\ContentReplaceBehavior [ RunTime:0.000000s ]
INFO: [ template_filter ] --END-- [ RunTime:0.001000s ]
INFO: Run Behavior\ParseTemplateBehavior [ RunTime:0.006000s ]
INFO: [ view_parse ] --END-- [ RunTime:0.006000s ]
INFO: [ view_filter ] --START--
INFO: Run Behavior\WriteHtmlCacheBehavior [ RunTime:0.001000s ]
INFO: [ view_filter ] --END-- [ RunTime:0.001000s ]
INFO: [ app_end ] --START--
INFO: Run Behavior\ShowPageTraceBehavior [ RunTime:0.000000s ]
INFO: [ app_end ] --END-- [ RunTime:0.000000s ]

[ 2016-08-27T21:51:36+08:00 ] ::1 /thinkphp2/admin.php/Article/getarticles
INFO: [ app_begin ] --START--
INFO: Run Behavior\ReadHtmlCacheBehavior [ RunTime:0.000000s ]
INFO: [ app_begin ] --END-- [ RunTime:0.001000s ]
SQL: SHOW COLUMNS FROM `blog_article` [ RunTime:0.0040s ]
SQL: SHOW COLUMNS FROM `blog_article` [ RunTime:0.0040s ]
SQL: SELECT ba.a_id,ba.a_title,ba.a_content,ba.a_views,ba.a_type,blog_admin.name,bac.cate_name,ba.create_time FROM blog_article ba left JOIN blog_article_cate bac on ba.cate_id = bac.cate_id INNER JOIN blog_admin on ba.a_author = blog_admin.id  ORDER BY `create_time` DESC LIMIT 0,20   [ RunTime:0.0040s ]
SQL: SELECT COUNT(*) AS tp_count FROM `blog_article` LIMIT 1   [ RunTime:0.0000s ]

[ 2016-08-27T21:51:37+08:00 ] ::1 /thinkphp2/admin.php/Article/getcate
INFO: [ app_begin ] --START--
INFO: Run Behavior\ReadHtmlCacheBehavior [ RunTime:0.000000s ]
INFO: [ app_begin ] --END-- [ RunTime:0.000000s ]
SQL: SHOW COLUMNS FROM `blog_article_cate` [ RunTime:0.0050s ]
SQL: SELECT `cate_id`,`cate_name` FROM `blog_article_cate`  [ RunTime:0.0000s ]

[ 2016-08-27T21:51:38+08:00 ] ::1 /thinkphp2/admin.php/Admin/getAdmins
INFO: [ app_begin ] --START--
INFO: Run Behavior\ReadHtmlCacheBehavior [ RunTime:0.001000s ]
INFO: [ app_begin ] --END-- [ RunTime:0.002000s ]
SQL: SHOW COLUMNS FROM `blog_admin` [ RunTime:0.0050s ]
SQL: SELECT `id`,`name`,`login_time`,`login_ip` FROM `blog_admin`  [ RunTime:0.0000s ]

[ 2016-08-27T21:51:42+08:00 ] ::1 /thinkphp2/admin.php/Article/getOnearticle
INFO: [ app_begin ] --START--
INFO: Run Behavior\ReadHtmlCacheBehavior [ RunTime:0.001000s ]
INFO: [ app_begin ] --END-- [ RunTime:0.001000s ]
SQL: SHOW COLUMNS FROM `blog_article` [ RunTime:0.0040s ]
SQL: SHOW COLUMNS FROM `blog_article` [ RunTime:0.0050s ]
SQL: SELECT ba.a_id,ba.a_title,ba.a_content,ba.a_views,blog_admin.name,bac.cate_name,ba.create_time,bc.comment,bc.comment_time FROM blog_article ba left JOIN blog_article_cate bac on ba.cate_id = bac.cate_id left JOIN blog_admin on ba.a_author = blog_admin.id left JOIN blog_comment bc on ba.a_id = bc.aid  WHERE ( a_id=8 ) ORDER BY create_time desc  [ RunTime:0.0010s ]
INFO: [ app_end ] --START--
INFO: Run Behavior\ShowPageTraceBehavior [ RunTime:0.001000s ]
INFO: [ app_end ] --END-- [ RunTime:0.001000s ]

[ 2016-08-27T21:56:35+08:00 ] ::1 /thinkphp2/admin.php/Article/index?_=1472305768347
INFO: [ app_begin ] --START--
INFO: Run Behavior\ReadHtmlCacheBehavior [ RunTime:0.001000s ]
INFO: [ app_begin ] --END-- [ RunTime:0.001000s ]
INFO: [ view_parse ] --START--
INFO: [ template_filter ] --START--
INFO: Run Behavior\ContentReplaceBehavior [ RunTime:0.000000s ]
INFO: [ template_filter ] --END-- [ RunTime:0.000000s ]
INFO: Run Behavior\ParseTemplateBehavior [ RunTime:0.019001s ]
INFO: [ view_parse ] --END-- [ RunTime:0.019001s ]
INFO: [ view_filter ] --START--
INFO: Run Behavior\WriteHtmlCacheBehavior [ RunTime:0.000000s ]
INFO: [ view_filter ] --END-- [ RunTime:0.000000s ]
INFO: [ app_end ] --START--
INFO: Run Behavior\ShowPageTraceBehavior [ RunTime:0.001000s ]
INFO: [ app_end ] --END-- [ RunTime:0.001000s ]

[ 2016-08-27T21:56:36+08:00 ] ::1 /thinkphp2/admin.php/Article/getarticles
INFO: [ app_begin ] --START--
INFO: Run Behavior\ReadHtmlCacheBehavior [ RunTime:0.001001s ]
INFO: [ app_begin ] --END-- [ RunTime:0.001001s ]
SQL: SHOW COLUMNS FROM `blog_article` [ RunTime:0.0050s ]
SQL: SHOW COLUMNS FROM `blog_article` [ RunTime:0.0040s ]
SQL: SELECT ba.a_id,ba.a_title,ba.a_content,ba.a_views,ba.a_type,blog_admin.name,bac.cate_name,ba.create_time FROM blog_article ba left JOIN blog_article_cate bac on ba.cate_id = bac.cate_id INNER JOIN blog_admin on ba.a_author = blog_admin.id  ORDER BY `create_time` DESC LIMIT 0,20   [ RunTime:0.0070s ]
SQL: SELECT COUNT(*) AS tp_count FROM `blog_article` LIMIT 1   [ RunTime:0.0000s ]

[ 2016-08-27T21:56:39+08:00 ] ::1 /thinkphp2/admin.php/Article/getOnearticle
INFO: [ app_begin ] --START--
INFO: Run Behavior\ReadHtmlCacheBehavior [ RunTime:0.001000s ]
INFO: [ app_begin ] --END-- [ RunTime:0.002000s ]
SQL: SHOW COLUMNS FROM `blog_article` [ RunTime:0.0040s ]
SQL: SHOW COLUMNS FROM `blog_article` [ RunTime:0.0040s ]
SQL: SELECT ba.a_id,ba.a_title,ba.a_content,ba.a_views,blog_admin.name,bac.cate_name,ba.create_time,bc.comment,bc.comment_time FROM blog_article ba left JOIN blog_article_cate bac on ba.cate_id = bac.cate_id left JOIN blog_admin on ba.a_author = blog_admin.id left JOIN blog_comment bc on ba.a_id = bc.aid  WHERE ( a_id=8 ) ORDER BY create_time desc  [ RunTime:0.0010s ]
INFO: [ app_end ] --START--
INFO: Run Behavior\ShowPageTraceBehavior [ RunTime:0.001000s ]
INFO: [ app_end ] --END-- [ RunTime:0.001000s ]

[ 2016-08-27T21:57:38+08:00 ] ::1 /thinkphp2/admin.php/Index/showNav
INFO: [ app_begin ] --START--
INFO: Run Behavior\ReadHtmlCacheBehavior [ RunTime:0.000000s ]
INFO: [ app_begin ] --END-- [ RunTime:0.001000s ]
SQL: SHOW COLUMNS FROM `blog_admin_nav` [ RunTime:0.0050s ]
SQL: SELECT `id`,`text`,`state`,`iconCls`,`url` FROM `blog_admin_nav` WHERE `nid` = 0  [ RunTime:0.0010s ]

[ 2016-08-27T21:57:39+08:00 ] ::1 /thinkphp2/admin.php/Index/showNav
INFO: [ app_begin ] --START--
INFO: Run Behavior\ReadHtmlCacheBehavior [ RunTime:0.001000s ]
INFO: [ app_begin ] --END-- [ RunTime:0.001000s ]
SQL: SHOW COLUMNS FROM `blog_admin_nav` [ RunTime:0.0060s ]
SQL: SELECT `id`,`text`,`state`,`iconCls`,`url` FROM `blog_admin_nav` WHERE `nid` = 1  [ RunTime:0.0010s ]

[ 2016-08-27T21:57:41+08:00 ] ::1 /thinkphp2/admin.php/Index/showNav
INFO: [ app_begin ] --START--
INFO: Run Behavior\ReadHtmlCacheBehavior [ RunTime:0.001000s ]
INFO: [ app_begin ] --END-- [ RunTime:0.002000s ]
SQL: SHOW COLUMNS FROM `blog_admin_nav` [ RunTime:0.0040s ]
SQL: SELECT `id`,`text`,`state`,`iconCls`,`url` FROM `blog_admin_nav` WHERE `nid` = 5  [ RunTime:0.0010s ]

[ 2016-08-27T21:57:42+08:00 ] ::1 /thinkphp2/admin.php/Index/showNav
INFO: [ app_begin ] --START--
INFO: Run Behavior\ReadHtmlCacheBehavior [ RunTime:0.000000s ]
INFO: [ app_begin ] --END-- [ RunTime:0.001000s ]
SQL: SHOW COLUMNS FROM `blog_admin_nav` [ RunTime:0.0070s ]
SQL: SELECT `id`,`text`,`state`,`iconCls`,`url` FROM `blog_admin_nav` WHERE `nid` = 8  [ RunTime:0.0010s ]

[ 2016-08-27T21:57:43+08:00 ] ::1 /thinkphp2/admin.php/null?_=1472306257464
INFO: [ app_begin ] --START--
INFO: Run Behavior\ReadHtmlCacheBehavior [ RunTime:0.001000s ]
INFO: [ app_begin ] --END-- [ RunTime:0.001000s ]
ERR: 无法加载控制器:Null

[ 2016-08-27T21:57:43+08:00 ] ::1 /thinkphp2/admin.php/Article/index?_=1472306257465
INFO: [ app_begin ] --START--
INFO: Run Behavior\ReadHtmlCacheBehavior [ RunTime:0.001001s ]
INFO: [ app_begin ] --END-- [ RunTime:0.002001s ]
INFO: [ view_parse ] --START--
INFO: [ template_filter ] --START--
INFO: Run Behavior\ContentReplaceBehavior [ RunTime:0.000000s ]
INFO: [ template_filter ] --END-- [ RunTime:0.000000s ]
INFO: Run Behavior\ParseTemplateBehavior [ RunTime:0.018001s ]
INFO: [ view_parse ] --END-- [ RunTime:0.018001s ]
INFO: [ view_filter ] --START--
INFO: Run Behavior\WriteHtmlCacheBehavior [ RunTime:0.000000s ]
INFO: [ view_filter ] --END-- [ RunTime:0.000000s ]
INFO: [ app_end ] --START--
INFO: Run Behavior\ShowPageTraceBehavior [ RunTime:0.001000s ]
INFO: [ app_end ] --END-- [ RunTime:0.001000s ]

[ 2016-08-27T21:57:44+08:00 ] ::1 /thinkphp2/admin.php/Article/getarticles
INFO: [ app_begin ] --START--
INFO: Run Behavior\ReadHtmlCacheBehavior [ RunTime:0.001000s ]
INFO: [ app_begin ] --END-- [ RunTime:0.001000s ]
SQL: SHOW COLUMNS FROM `blog_article` [ RunTime:0.0060s ]
SQL: SHOW COLUMNS FROM `blog_article` [ RunTime:0.0060s ]
SQL: SELECT ba.a_id,ba.a_title,ba.a_content,ba.a_views,ba.a_type,blog_admin.name,bac.cate_name,ba.create_time FROM blog_article ba left JOIN blog_article_cate bac on ba.cate_id = bac.cate_id INNER JOIN blog_admin on ba.a_author = blog_admin.id  ORDER BY `create_time` DESC LIMIT 0,20   [ RunTime:0.0060s ]
SQL: SELECT COUNT(*) AS tp_count FROM `blog_article` LIMIT 1   [ RunTime:0.0000s ]

[ 2016-08-27T21:57:44+08:00 ] ::1 /thinkphp2/admin.php/null?_=1472306257467
INFO: [ app_begin ] --START--
INFO: Run Behavior\ReadHtmlCacheBehavior [ RunTime:0.001000s ]
INFO: [ app_begin ] --END-- [ RunTime:0.001000s ]
ERR: 无法加载控制器:Null

[ 2016-08-27T21:57:48+08:00 ] ::1 /thinkphp2/admin.php/Article/getOnearticle
INFO: [ app_begin ] --START--
INFO: Run Behavior\ReadHtmlCacheBehavior [ RunTime:0.001000s ]
INFO: [ app_begin ] --END-- [ RunTime:0.001000s ]
SQL: SHOW COLUMNS FROM `blog_article` [ RunTime:0.0050s ]
SQL: SHOW COLUMNS FROM `blog_article` [ RunTime:0.0060s ]
SQL: SELECT ba.a_id,ba.a_title,ba.a_content,ba.a_views,blog_admin.name,bac.cate_name,ba.create_time,bc.comment,bc.comment_time FROM blog_article ba left JOIN blog_article_cate bac on ba.cate_id = bac.cate_id left JOIN blog_admin on ba.a_author = blog_admin.id left JOIN blog_comment bc on ba.a_id = bc.aid  WHERE ( a_id=8 ) ORDER BY create_time desc  [ RunTime:0.0010s ]
INFO: [ app_end ] --START--
INFO: Run Behavior\ShowPageTraceBehavior [ RunTime:0.001000s ]
INFO: [ app_end ] --END-- [ RunTime:0.001000s ]

[ 2016-08-27T21:57:58+08:00 ] ::1 /thinkphp2/admin.php/Index/showNav
INFO: [ app_begin ] --START--
INFO: Run Behavior\ReadHtmlCacheBehavior [ RunTime:0.001000s ]
INFO: [ app_begin ] --END-- [ RunTime:0.001000s ]
SQL: SHOW COLUMNS FROM `blog_admin_nav` [ RunTime:0.0060s ]
SQL: SELECT `id`,`text`,`state`,`iconCls`,`url` FROM `blog_admin_nav` WHERE `nid` = 0  [ RunTime:0.0010s ]

[ 2016-08-27T21:57:59+08:00 ] ::1 /thinkphp2/admin.php/Index/showNav
INFO: [ app_begin ] --START--
INFO: Run Behavior\ReadHtmlCacheBehavior [ RunTime:0.000000s ]
INFO: [ app_begin ] --END-- [ RunTime:0.001000s ]
SQL: SHOW COLUMNS FROM `blog_admin_nav` [ RunTime:0.0060s ]
SQL: SELECT `id`,`text`,`state`,`iconCls`,`url` FROM `blog_admin_nav` WHERE `nid` = 1  [ RunTime:0.0010s ]

[ 2016-08-27T21:58:01+08:00 ] ::1 /thinkphp2/admin.php/Index/showNav
INFO: [ app_begin ] --START--
INFO: Run Behavior\ReadHtmlCacheBehavior [ RunTime:0.000000s ]
INFO: [ app_begin ] --END-- [ RunTime:0.001000s ]
SQL: SHOW COLUMNS FROM `blog_admin_nav` [ RunTime:0.0040s ]
SQL: SELECT `id`,`text`,`state`,`iconCls`,`url` FROM `blog_admin_nav` WHERE `nid` = 5  [ RunTime:0.0010s ]

[ 2016-08-27T21:58:02+08:00 ] ::1 /thinkphp2/admin.php/Index/showNav
INFO: [ app_begin ] --START--
INFO: Run Behavior\ReadHtmlCacheBehavior [ RunTime:0.001000s ]
INFO: [ app_begin ] --END-- [ RunTime:0.001000s ]
SQL: SHOW COLUMNS FROM `blog_admin_nav` [ RunTime:0.0040s ]
SQL: SELECT `id`,`text`,`state`,`iconCls`,`url` FROM `blog_admin_nav` WHERE `nid` = 8  [ RunTime:0.0010s ]

[ 2016-08-27T21:58:02+08:00 ] ::1 /thinkphp2/admin.php/Article/index?_=1472306277462
INFO: [ app_begin ] --START--
INFO: Run Behavior\ReadHtmlCacheBehavior [ RunTime:0.001000s ]
INFO: [ app_begin ] --END-- [ RunTime:0.002000s ]
INFO: [ view_parse ] --START--
INFO: [ template_filter ] --START--
INFO: Run Behavior\ContentReplaceBehavior [ RunTime:0.001000s ]
INFO: [ template_filter ] --END-- [ RunTime:0.001000s ]
INFO: Run Behavior\ParseTemplateBehavior [ RunTime:0.014001s ]
INFO: [ view_parse ] --END-- [ RunTime:0.014001s ]
INFO: [ view_filter ] --START--
INFO: Run Behavior\WriteHtmlCacheBehavior [ RunTime:0.000000s ]
INFO: [ view_filter ] --END-- [ RunTime:0.000000s ]
INFO: [ app_end ] --START--
INFO: Run Behavior\ShowPageTraceBehavior [ RunTime:0.000000s ]
INFO: [ app_end ] --END-- [ RunTime:0.001000s ]

[ 2016-08-27T21:58:04+08:00 ] ::1 /thinkphp2/admin.php/Article/getarticles
INFO: [ app_begin ] --START--
INFO: Run Behavior\ReadHtmlCacheBehavior [ RunTime:0.001000s ]
INFO: [ app_begin ] --END-- [ RunTime:0.002000s ]
SQL: SHOW COLUMNS FROM `blog_article` [ RunTime:0.0040s ]
SQL: SHOW COLUMNS FROM `blog_article` [ RunTime:0.0040s ]
SQL: SELECT ba.a_id,ba.a_title,ba.a_content,ba.a_views,ba.a_type,blog_admin.name,bac.cate_name,ba.create_time FROM blog_article ba left JOIN blog_article_cate bac on ba.cate_id = bac.cate_id INNER JOIN blog_admin on ba.a_author = blog_admin.id  ORDER BY `create_time` DESC LIMIT 0,20   [ RunTime:0.0030s ]
SQL: SELECT COUNT(*) AS tp_count FROM `blog_article` LIMIT 1   [ RunTime:0.0010s ]

[ 2016-08-27T21:58:07+08:00 ] ::1 /thinkphp2/admin.php/Article/getOnearticle
INFO: [ app_begin ] --START--
INFO: Run Behavior\ReadHtmlCacheBehavior [ RunTime:0.001001s ]
INFO: [ app_begin ] --END-- [ RunTime:0.001001s ]
SQL: SHOW COLUMNS FROM `blog_article` [ RunTime:0.0060s ]
SQL: SHOW COLUMNS FROM `blog_article` [ RunTime:0.0050s ]
SQL: SELECT ba.a_id,ba.a_title,ba.a_content,ba.a_views,blog_admin.name,bac.cate_name,ba.create_time,bc.comment,bc.comment_time FROM blog_article ba left JOIN blog_article_cate bac on ba.cate_id = bac.cate_id left JOIN blog_admin on ba.a_author = blog_admin.id left JOIN blog_comment bc on ba.a_id = bc.aid  WHERE ( a_id=8 ) ORDER BY create_time desc  [ RunTime:0.0010s ]
INFO: [ app_end ] --START--
INFO: Run Behavior\ShowPageTraceBehavior [ RunTime:0.000000s ]
INFO: [ app_end ] --END-- [ RunTime:0.000000s ]

[ 2016-08-27T22:03:03+08:00 ] ::1 /thinkphp2/admin.php/Article/index?_=1472306277464
INFO: [ app_begin ] --START--
INFO: Run Behavior\ReadHtmlCacheBehavior [ RunTime:0.001000s ]
INFO: [ app_begin ] --END-- [ RunTime:0.001000s ]
INFO: [ view_parse ] --START--
INFO: [ template_filter ] --START--
INFO: Run Behavior\ContentReplaceBehavior [ RunTime:0.000000s ]
INFO: [ template_filter ] --END-- [ RunTime:0.000000s ]
INFO: Run Behavior\ParseTemplateBehavior [ RunTime:0.007001s ]
INFO: [ view_parse ] --END-- [ RunTime:0.007001s ]
INFO: [ view_filter ] --START--
INFO: Run Behavior\WriteHtmlCacheBehavior [ RunTime:0.000000s ]
INFO: [ view_filter ] --END-- [ RunTime:0.000000s ]
INFO: [ app_end ] --START--
INFO: Run Behavior\ShowPageTraceBehavior [ RunTime:0.001000s ]
INFO: [ app_end ] --END-- [ RunTime:0.001000s ]

[ 2016-08-27T22:03:05+08:00 ] ::1 /thinkphp2/admin.php/Article/getarticles
INFO: [ app_begin ] --START--
INFO: Run Behavior\ReadHtmlCacheBehavior [ RunTime:0.001000s ]
INFO: [ app_begin ] --END-- [ RunTime:0.001000s ]
SQL: SHOW COLUMNS FROM `blog_article` [ RunTime:0.0040s ]
SQL: SHOW COLUMNS FROM `blog_article` [ RunTime:0.0040s ]
SQL: SELECT ba.a_id,ba.a_title,ba.a_content,ba.a_views,ba.a_type,blog_admin.name,bac.cate_name,ba.create_time FROM blog_article ba left JOIN blog_article_cate bac on ba.cate_id = bac.cate_id INNER JOIN blog_admin on ba.a_author = blog_admin.id  ORDER BY `create_time` DESC LIMIT 0,20   [ RunTime:0.0030s ]
SQL: SELECT COUNT(*) AS tp_count FROM `blog_article` LIMIT 1   [ RunTime:0.0000s ]

[ 2016-08-27T22:03:08+08:00 ] ::1 /thinkphp2/admin.php/Article/getOnearticle
INFO: [ app_begin ] --START--
INFO: Run Behavior\ReadHtmlCacheBehavior [ RunTime:0.001000s ]
INFO: [ app_begin ] --END-- [ RunTime:0.001000s ]
SQL: SHOW COLUMNS FROM `blog_article` [ RunTime:0.0070s ]
SQL: SHOW COLUMNS FROM `blog_article` [ RunTime:0.0060s ]
SQL: SELECT ba.a_id,ba.a_title,ba.a_content,ba.a_views,blog_admin.name,bac.cate_name,ba.create_time,bc.comment,bc.comment_time FROM blog_article ba left JOIN blog_article_cate bac on ba.cate_id = bac.cate_id left JOIN blog_admin on ba.a_author = blog_admin.id left JOIN blog_comment bc on ba.a_id = bc.aid  WHERE ( a_id=8 ) ORDER BY create_time desc  [ RunTime:0.0010s ]
INFO: [ app_end ] --START--
INFO: Run Behavior\ShowPageTraceBehavior [ RunTime:0.001000s ]
INFO: [ app_end ] --END-- [ RunTime:0.001000s ]

[ 2016-08-27T23:02:02+08:00 ] ::1 /thinkphp2/admin.php/Members/index?_=1472306277466
INFO: [ app_begin ] --START--
INFO: Run Behavior\ReadHtmlCacheBehavior [ RunTime:0.000000s ]
INFO: [ app_begin ] --END-- [ RunTime:0.001000s ]
INFO: [ view_parse ] --START--
INFO: [ template_filter ] --START--
INFO: Run Behavior\ContentReplaceBehavior [ RunTime:0.000000s ]
INFO: [ template_filter ] --END-- [ RunTime:0.000000s ]
INFO: Run Behavior\ParseTemplateBehavior [ RunTime:0.028001s ]
INFO: [ view_parse ] --END-- [ RunTime:0.028001s ]
INFO: [ view_filter ] --START--
INFO: Run Behavior\WriteHtmlCacheBehavior [ RunTime:0.000000s ]
INFO: [ view_filter ] --END-- [ RunTime:0.000000s ]
INFO: [ app_end ] --START--
INFO: Run Behavior\ShowPageTraceBehavior [ RunTime:0.001000s ]
INFO: [ app_end ] --END-- [ RunTime:0.001000s ]

[ 2016-08-27T23:02:03+08:00 ] ::1 /thinkphp2/admin.php/Members/getmembers
INFO: [ app_begin ] --START--
INFO: Run Behavior\ReadHtmlCacheBehavior [ RunTime:0.001000s ]
INFO: [ app_begin ] --END-- [ RunTime:0.001000s ]
SQL: SHOW COLUMNS FROM `blog_members` [ RunTime:0.0050s ]
SQL: SELECT `id`,`m_name`,`email`,`qq`,`reg_time`,`login_time`,`login_ip` FROM `blog_members` ORDER BY `reg_time` DESC LIMIT 0,20   [ RunTime:0.0010s ]
SQL: SELECT COUNT(*) AS tp_count FROM `blog_members` LIMIT 1   [ RunTime:0.0010s ]

