[ 2016-08-18T00:07:12+08:00 ] ::1 /thinkphp/admin.php/Index/showNav
INFO: [ app_begin ] --START--
INFO: Run Behavior\ReadHtmlCacheBehavior [ RunTime:0.001000s ]
INFO: [ app_begin ] --END-- [ RunTime:0.001000s ]
SQL: SHOW COLUMNS FROM `blog_admin_nav` [ RunTime:0.0050s ]
SQL: SELECT `id`,`text`,`state`,`iconCls`,`url` FROM `blog_admin_nav` WHERE `nid` = 0  [ RunTime:0.0000s ]

[ 2016-08-18T00:07:13+08:00 ] ::1 /thinkphp/admin.php/Index/showNav
INFO: [ app_begin ] --START--
INFO: Run Behavior\ReadHtmlCacheBehavior [ RunTime:0.000000s ]
INFO: [ app_begin ] --END-- [ RunTime:0.001000s ]
SQL: SHOW COLUMNS FROM `blog_admin_nav` [ RunTime:0.0080s ]
SQL: SELECT `id`,`text`,`state`,`iconCls`,`url` FROM `blog_admin_nav` WHERE `nid` = 1  [ RunTime:0.0000s ]

[ 2016-08-18T00:07:14+08:00 ] ::1 /thinkphp/admin.php/Index/showNav
INFO: [ app_begin ] --START--
INFO: Run Behavior\ReadHtmlCacheBehavior [ RunTime:0.001000s ]
INFO: [ app_begin ] --END-- [ RunTime:0.001000s ]
SQL: SHOW COLUMNS FROM `blog_admin_nav` [ RunTime:0.0040s ]
SQL: SELECT `id`,`text`,`state`,`iconCls`,`url` FROM `blog_admin_nav` WHERE `nid` = 5  [ RunTime:0.0000s ]

[ 2016-08-18T00:07:15+08:00 ] ::1 /thinkphp/admin.php/Index/showNav
INFO: [ app_begin ] --START--
INFO: Run Behavior\ReadHtmlCacheBehavior [ RunTime:0.001000s ]
INFO: [ app_begin ] --END-- [ RunTime:0.002000s ]
SQL: SHOW COLUMNS FROM `blog_admin_nav` [ RunTime:0.0040s ]
SQL: SELECT `id`,`text`,`state`,`iconCls`,`url` FROM `blog_admin_nav` WHERE `nid` = 8  [ RunTime:0.0010s ]

[ 2016-08-18T21:09:47+08:00 ] ::1 /thinkphp/admin.php/Login/Login/login
INFO: [ app_begin ] --START--
INFO: Run Behavior\ReadHtmlCacheBehavior [ RunTime:0.001000s ]
INFO: [ app_begin ] --END-- [ RunTime:0.002000s ]
SQL: SHOW COLUMNS FROM `blog_admin` [ RunTime:0.0290s ]
SQL: SELECT * FROM `blog_admin` WHERE `name` = 'joychi' AND `password` = '066eca7e6ec134fb5b064223345e830d' LIMIT 1   [ RunTime:0.0010s ]
NOTIC: [8] A session had already been started - ignoring session_start() E:\phpstudy\WWW\thinkphp\ThinkPHP\Common\functions.php 第 1263 行.
INFO: [ app_end ] --START--
INFO: Run Behavior\ShowPageTraceBehavior [ RunTime:0.001000s ]
INFO: [ app_end ] --END-- [ RunTime:0.001000s ]

[ 2016-08-18T21:09:49+08:00 ] ::1 /thinkphp/admin.php/Index/showNav
INFO: [ app_begin ] --START--
INFO: Run Behavior\ReadHtmlCacheBehavior [ RunTime:0.001000s ]
INFO: [ app_begin ] --END-- [ RunTime:0.002000s ]
SQL: SHOW COLUMNS FROM `blog_admin_nav` [ RunTime:0.0470s ]
SQL: SELECT `id`,`text`,`state`,`iconCls`,`url` FROM `blog_admin_nav` WHERE `nid` = 0  [ RunTime:0.0000s ]

[ 2016-08-18T21:09:50+08:00 ] ::1 /thinkphp/admin.php/Index/showNav
INFO: [ app_begin ] --START--
INFO: Run Behavior\ReadHtmlCacheBehavior [ RunTime:0.001000s ]
INFO: [ app_begin ] --END-- [ RunTime:0.001000s ]
SQL: SHOW COLUMNS FROM `blog_admin_nav` [ RunTime:0.0060s ]
SQL: SELECT `id`,`text`,`state`,`iconCls`,`url` FROM `blog_admin_nav` WHERE `nid` = 1  [ RunTime:0.0010s ]

[ 2016-08-18T21:09:51+08:00 ] ::1 /thinkphp/admin.php/Index/showNav
INFO: [ app_begin ] --START--
INFO: Run Behavior\ReadHtmlCacheBehavior [ RunTime:0.001000s ]
INFO: [ app_begin ] --END-- [ RunTime:0.003000s ]
SQL: SHOW COLUMNS FROM `blog_admin_nav` [ RunTime:0.0050s ]
SQL: SELECT `id`,`text`,`state`,`iconCls`,`url` FROM `blog_admin_nav` WHERE `nid` = 8  [ RunTime:0.0010s ]

[ 2016-08-18T21:09:52+08:00 ] ::1 /thinkphp/admin.php/Index/showNav
INFO: [ app_begin ] --START--
INFO: Run Behavior\ReadHtmlCacheBehavior [ RunTime:0.001000s ]
INFO: [ app_begin ] --END-- [ RunTime:0.002000s ]
SQL: SHOW COLUMNS FROM `blog_admin_nav` [ RunTime:0.0060s ]
SQL: SELECT `id`,`text`,`state`,`iconCls`,`url` FROM `blog_admin_nav` WHERE `nid` = 5  [ RunTime:0.0010s ]

[ 2016-08-18T21:09:53+08:00 ] ::1 /thinkphp/admin.php/Members/index?_=1471525787875
INFO: [ app_begin ] --START--
INFO: Run Behavior\ReadHtmlCacheBehavior [ RunTime:0.001000s ]
INFO: [ app_begin ] --END-- [ RunTime:0.002000s ]
INFO: [ view_parse ] --START--
INFO: [ template_filter ] --START--
INFO: Run Behavior\ContentReplaceBehavior [ RunTime:0.001000s ]
INFO: [ template_filter ] --END-- [ RunTime:0.001000s ]
INFO: Run Behavior\ParseTemplateBehavior [ RunTime:0.019001s ]
INFO: [ view_parse ] --END-- [ RunTime:0.019001s ]
INFO: [ view_filter ] --START--
INFO: Run Behavior\WriteHtmlCacheBehavior [ RunTime:0.000000s ]
INFO: [ view_filter ] --END-- [ RunTime:0.000000s ]
INFO: [ app_end ] --START--
INFO: Run Behavior\ShowPageTraceBehavior [ RunTime:0.001000s ]
INFO: [ app_end ] --END-- [ RunTime:0.001000s ]

[ 2016-08-18T21:09:54+08:00 ] ::1 /thinkphp/admin.php/Members/getmembers
INFO: [ app_begin ] --START--
INFO: Run Behavior\ReadHtmlCacheBehavior [ RunTime:0.001000s ]
INFO: [ app_begin ] --END-- [ RunTime:0.001000s ]
SQL: SHOW COLUMNS FROM `blog_members` [ RunTime:0.0600s ]
SQL: SELECT `id`,`name`,`email`,`qq`,`reg_time`,`login_time`,`login_ip` FROM `blog_members` ORDER BY `reg_time` DESC LIMIT 0,20   [ RunTime:0.0010s ]
NOTIC: [8] Undefined index: login_time E:\phpstudy\WWW\thinkphp\blog\Admin\Model\MembersModel.class.php 第 49 行.
NOTIC: [8] Undefined index: reg_time E:\phpstudy\WWW\thinkphp\blog\Admin\Model\MembersModel.class.php 第 50 行.
NOTIC: [8] Undefined index: login_time E:\phpstudy\WWW\thinkphp\blog\Admin\Model\MembersModel.class.php 第 49 行.
NOTIC: [8] Undefined index: reg_time E:\phpstudy\WWW\thinkphp\blog\Admin\Model\MembersModel.class.php 第 50 行.
NOTIC: [8] Undefined index: login_time E:\phpstudy\WWW\thinkphp\blog\Admin\Model\MembersModel.class.php 第 49 行.
NOTIC: [8] Undefined index: reg_time E:\phpstudy\WWW\thinkphp\blog\Admin\Model\MembersModel.class.php 第 50 行.
NOTIC: [8] Undefined index: login_time E:\phpstudy\WWW\thinkphp\blog\Admin\Model\MembersModel.class.php 第 49 行.
NOTIC: [8] Undefined index: reg_time E:\phpstudy\WWW\thinkphp\blog\Admin\Model\MembersModel.class.php 第 50 行.
NOTIC: [8] Undefined index: login_time E:\phpstudy\WWW\thinkphp\blog\Admin\Model\MembersModel.class.php 第 49 行.
NOTIC: [8] Undefined index: reg_time E:\phpstudy\WWW\thinkphp\blog\Admin\Model\MembersModel.class.php 第 50 行.
NOTIC: [8] Undefined index: login_time E:\phpstudy\WWW\thinkphp\blog\Admin\Model\MembersModel.class.php 第 49 行.
NOTIC: [8] Undefined index: reg_time E:\phpstudy\WWW\thinkphp\blog\Admin\Model\MembersModel.class.php 第 50 行.
NOTIC: [8] Undefined index: login_time E:\phpstudy\WWW\thinkphp\blog\Admin\Model\MembersModel.class.php 第 49 行.
NOTIC: [8] Undefined index: reg_time E:\phpstudy\WWW\thinkphp\blog\Admin\Model\MembersModel.class.php 第 50 行.
NOTIC: [8] Undefined index: login_time E:\phpstudy\WWW\thinkphp\blog\Admin\Model\MembersModel.class.php 第 49 行.
NOTIC: [8] Undefined index: reg_time E:\phpstudy\WWW\thinkphp\blog\Admin\Model\MembersModel.class.php 第 50 行.
NOTIC: [8] Undefined index: login_time E:\phpstudy\WWW\thinkphp\blog\Admin\Model\MembersModel.class.php 第 49 行.
NOTIC: [8] Undefined index: reg_time E:\phpstudy\WWW\thinkphp\blog\Admin\Model\MembersModel.class.php 第 50 行.
NOTIC: [8] Undefined index: login_time E:\phpstudy\WWW\thinkphp\blog\Admin\Model\MembersModel.class.php 第 49 行.
NOTIC: [8] Undefined index: reg_time E:\phpstudy\WWW\thinkphp\blog\Admin\Model\MembersModel.class.php 第 50 行.
NOTIC: [8] Undefined index: login_time E:\phpstudy\WWW\thinkphp\blog\Admin\Model\MembersModel.class.php 第 49 行.
NOTIC: [8] Undefined index: reg_time E:\phpstudy\WWW\thinkphp\blog\Admin\Model\MembersModel.class.php 第 50 行.
NOTIC: [8] Undefined index: login_time E:\phpstudy\WWW\thinkphp\blog\Admin\Model\MembersModel.class.php 第 49 行.
NOTIC: [8] Undefined index: reg_time E:\phpstudy\WWW\thinkphp\blog\Admin\Model\MembersModel.class.php 第 50 行.
NOTIC: [8] Undefined index: login_time E:\phpstudy\WWW\thinkphp\blog\Admin\Model\MembersModel.class.php 第 49 行.
NOTIC: [8] Undefined index: reg_time E:\phpstudy\WWW\thinkphp\blog\Admin\Model\MembersModel.class.php 第 50 行.
NOTIC: [8] Undefined index: login_time E:\phpstudy\WWW\thinkphp\blog\Admin\Model\MembersModel.class.php 第 49 行.
NOTIC: [8] Undefined index: reg_time E:\phpstudy\WWW\thinkphp\blog\Admin\Model\MembersModel.class.php 第 50 行.
NOTIC: [8] Undefined index: login_time E:\phpstudy\WWW\thinkphp\blog\Admin\Model\MembersModel.class.php 第 49 行.
NOTIC: [8] Undefined index: reg_time E:\phpstudy\WWW\thinkphp\blog\Admin\Model\MembersModel.class.php 第 50 行.
NOTIC: [8] Undefined index: login_time E:\phpstudy\WWW\thinkphp\blog\Admin\Model\MembersModel.class.php 第 49 行.
NOTIC: [8] Undefined index: reg_time E:\phpstudy\WWW\thinkphp\blog\Admin\Model\MembersModel.class.php 第 50 行.
NOTIC: [8] Undefined index: login_time E:\phpstudy\WWW\thinkphp\blog\Admin\Model\MembersModel.class.php 第 49 行.
NOTIC: [8] Undefined index: reg_time E:\phpstudy\WWW\thinkphp\blog\Admin\Model\MembersModel.class.php 第 50 行.
NOTIC: [8] Undefined index: login_time E:\phpstudy\WWW\thinkphp\blog\Admin\Model\MembersModel.class.php 第 49 行.
NOTIC: [8] Undefined index: reg_time E:\phpstudy\WWW\thinkphp\blog\Admin\Model\MembersModel.class.php 第 50 行.
NOTIC: [8] Undefined index: login_time E:\phpstudy\WWW\thinkphp\blog\Admin\Model\MembersModel.class.php 第 49 行.
NOTIC: [8] Undefined index: reg_time E:\phpstudy\WWW\thinkphp\blog\Admin\Model\MembersModel.class.php 第 50 行.
NOTIC: [8] Undefined index: login_time E:\phpstudy\WWW\thinkphp\blog\Admin\Model\MembersModel.class.php 第 49 行.
NOTIC: [8] Undefined index: reg_time E:\phpstudy\WWW\thinkphp\blog\Admin\Model\MembersModel.class.php 第 50 行.
SQL: SELECT COUNT(*) AS tp_count FROM `blog_members` LIMIT 1   [ RunTime:0.0010s ]

[ 2016-08-18T23:54:15+08:00 ] ::1 /thinkphp/admin.php/Login/Login/login
INFO: [ app_begin ] --START--
INFO: Run Behavior\ReadHtmlCacheBehavior [ RunTime:0.001000s ]
INFO: [ app_begin ] --END-- [ RunTime:0.001000s ]
SQL: SHOW COLUMNS FROM `blog_admin` [ RunTime:0.0240s ]
SQL: SELECT * FROM `blog_admin` WHERE `name` = 'joychi' AND `password` = '066eca7e6ec134fb5b064223345e830d' LIMIT 1   [ RunTime:0.0000s ]
NOTIC: [8] A session had already been started - ignoring session_start() E:\phpstudy\WWW\thinkphp\ThinkPHP\Common\functions.php 第 1263 行.
INFO: [ app_end ] --START--
INFO: Run Behavior\ShowPageTraceBehavior [ RunTime:0.001000s ]
INFO: [ app_end ] --END-- [ RunTime:0.001000s ]

[ 2016-08-18T23:54:16+08:00 ] ::1 /thinkphp/admin.php/Index/showNav
INFO: [ app_begin ] --START--
INFO: Run Behavior\ReadHtmlCacheBehavior [ RunTime:0.001000s ]
INFO: [ app_begin ] --END-- [ RunTime:0.001000s ]
SQL: SHOW COLUMNS FROM `blog_admin_nav` [ RunTime:0.0180s ]
SQL: SELECT `id`,`text`,`state`,`iconCls`,`url` FROM `blog_admin_nav` WHERE `nid` = 0  [ RunTime:0.0020s ]

[ 2016-08-18T23:54:17+08:00 ] ::1 /thinkphp/admin.php/Index/showNav
INFO: [ app_begin ] --START--
INFO: Run Behavior\ReadHtmlCacheBehavior [ RunTime:0.000000s ]
INFO: [ app_begin ] --END-- [ RunTime:0.000000s ]
SQL: SHOW COLUMNS FROM `blog_admin_nav` [ RunTime:0.0060s ]
SQL: SELECT `id`,`text`,`state`,`iconCls`,`url` FROM `blog_admin_nav` WHERE `nid` = 1  [ RunTime:0.0010s ]

[ 2016-08-18T23:54:18+08:00 ] ::1 /thinkphp/admin.php/Index/showNav
INFO: [ app_begin ] --START--
INFO: Run Behavior\ReadHtmlCacheBehavior [ RunTime:0.001000s ]
INFO: [ app_begin ] --END-- [ RunTime:0.001000s ]
SQL: SHOW COLUMNS FROM `blog_admin_nav` [ RunTime:0.0040s ]
SQL: SELECT `id`,`text`,`state`,`iconCls`,`url` FROM `blog_admin_nav` WHERE `nid` = 5  [ RunTime:0.0000s ]

[ 2016-08-18T23:54:19+08:00 ] ::1 /thinkphp/admin.php/Index/showNav
INFO: [ app_begin ] --START--
INFO: Run Behavior\ReadHtmlCacheBehavior [ RunTime:0.001000s ]
INFO: [ app_begin ] --END-- [ RunTime:0.001000s ]
SQL: SHOW COLUMNS FROM `blog_admin_nav` [ RunTime:0.0040s ]
SQL: SELECT `id`,`text`,`state`,`iconCls`,`url` FROM `blog_admin_nav` WHERE `nid` = 8  [ RunTime:0.0000s ]

[ 2016-08-18T23:54:19+08:00 ] ::1 /thinkphp/admin.php/Members/index?_=1471535655397
INFO: [ app_begin ] --START--
INFO: Run Behavior\ReadHtmlCacheBehavior [ RunTime:0.000000s ]
INFO: [ app_begin ] --END-- [ RunTime:0.000000s ]
INFO: [ view_parse ] --START--
INFO: [ template_filter ] --START--
INFO: Run Behavior\ContentReplaceBehavior [ RunTime:0.000000s ]
INFO: [ template_filter ] --END-- [ RunTime:0.000000s ]
INFO: Run Behavior\ParseTemplateBehavior [ RunTime:0.019001s ]
INFO: [ view_parse ] --END-- [ RunTime:0.019001s ]
INFO: [ view_filter ] --START--
INFO: Run Behavior\WriteHtmlCacheBehavior [ RunTime:0.000000s ]
INFO: [ view_filter ] --END-- [ RunTime:0.000000s ]
INFO: [ app_end ] --START--
INFO: Run Behavior\ShowPageTraceBehavior [ RunTime:0.000000s ]
INFO: [ app_end ] --END-- [ RunTime:0.001000s ]

[ 2016-08-18T23:54:21+08:00 ] ::1 /thinkphp/admin.php/Members/getmembers
INFO: [ app_begin ] --START--
INFO: Run Behavior\ReadHtmlCacheBehavior [ RunTime:0.000000s ]
INFO: [ app_begin ] --END-- [ RunTime:0.001000s ]
SQL: SHOW COLUMNS FROM `blog_members` [ RunTime:0.0040s ]
SQL: SELECT `id`,`name`,`email`,`qq`,`reg_time`,`login_time`,`login_ip` FROM `blog_members` ORDER BY `reg_time` DESC LIMIT 0,20   [ RunTime:0.0010s ]
NOTIC: [8] Undefined index: login_time E:\phpstudy\WWW\thinkphp\blog\Admin\Model\MembersModel.class.php 第 49 行.
NOTIC: [8] Undefined index: reg_time E:\phpstudy\WWW\thinkphp\blog\Admin\Model\MembersModel.class.php 第 50 行.
NOTIC: [8] Undefined index: login_time E:\phpstudy\WWW\thinkphp\blog\Admin\Model\MembersModel.class.php 第 49 行.
NOTIC: [8] Undefined index: reg_time E:\phpstudy\WWW\thinkphp\blog\Admin\Model\MembersModel.class.php 第 50 行.
NOTIC: [8] Undefined index: login_time E:\phpstudy\WWW\thinkphp\blog\Admin\Model\MembersModel.class.php 第 49 行.
NOTIC: [8] Undefined index: reg_time E:\phpstudy\WWW\thinkphp\blog\Admin\Model\MembersModel.class.php 第 50 行.
NOTIC: [8] Undefined index: login_time E:\phpstudy\WWW\thinkphp\blog\Admin\Model\MembersModel.class.php 第 49 行.
NOTIC: [8] Undefined index: reg_time E:\phpstudy\WWW\thinkphp\blog\Admin\Model\MembersModel.class.php 第 50 行.
NOTIC: [8] Undefined index: login_time E:\phpstudy\WWW\thinkphp\blog\Admin\Model\MembersModel.class.php 第 49 行.
NOTIC: [8] Undefined index: reg_time E:\phpstudy\WWW\thinkphp\blog\Admin\Model\MembersModel.class.php 第 50 行.
NOTIC: [8] Undefined index: login_time E:\phpstudy\WWW\thinkphp\blog\Admin\Model\MembersModel.class.php 第 49 行.
NOTIC: [8] Undefined index: reg_time E:\phpstudy\WWW\thinkphp\blog\Admin\Model\MembersModel.class.php 第 50 行.
NOTIC: [8] Undefined index: login_time E:\phpstudy\WWW\thinkphp\blog\Admin\Model\MembersModel.class.php 第 49 行.
NOTIC: [8] Undefined index: reg_time E:\phpstudy\WWW\thinkphp\blog\Admin\Model\MembersModel.class.php 第 50 行.
NOTIC: [8] Undefined index: login_time E:\phpstudy\WWW\thinkphp\blog\Admin\Model\MembersModel.class.php 第 49 行.
NOTIC: [8] Undefined index: reg_time E:\phpstudy\WWW\thinkphp\blog\Admin\Model\MembersModel.class.php 第 50 行.
NOTIC: [8] Undefined index: login_time E:\phpstudy\WWW\thinkphp\blog\Admin\Model\MembersModel.class.php 第 49 行.
NOTIC: [8] Undefined index: reg_time E:\phpstudy\WWW\thinkphp\blog\Admin\Model\MembersModel.class.php 第 50 行.
NOTIC: [8] Undefined index: login_time E:\phpstudy\WWW\thinkphp\blog\Admin\Model\MembersModel.class.php 第 49 行.
NOTIC: [8] Undefined index: reg_time E:\phpstudy\WWW\thinkphp\blog\Admin\Model\MembersModel.class.php 第 50 行.
NOTIC: [8] Undefined index: login_time E:\phpstudy\WWW\thinkphp\blog\Admin\Model\MembersModel.class.php 第 49 行.
NOTIC: [8] Undefined index: reg_time E:\phpstudy\WWW\thinkphp\blog\Admin\Model\MembersModel.class.php 第 50 行.
NOTIC: [8] Undefined index: login_time E:\phpstudy\WWW\thinkphp\blog\Admin\Model\MembersModel.class.php 第 49 行.
NOTIC: [8] Undefined index: reg_time E:\phpstudy\WWW\thinkphp\blog\Admin\Model\MembersModel.class.php 第 50 行.
NOTIC: [8] Undefined index: login_time E:\phpstudy\WWW\thinkphp\blog\Admin\Model\MembersModel.class.php 第 49 行.
NOTIC: [8] Undefined index: reg_time E:\phpstudy\WWW\thinkphp\blog\Admin\Model\MembersModel.class.php 第 50 行.
NOTIC: [8] Undefined index: login_time E:\phpstudy\WWW\thinkphp\blog\Admin\Model\MembersModel.class.php 第 49 行.
NOTIC: [8] Undefined index: reg_time E:\phpstudy\WWW\thinkphp\blog\Admin\Model\MembersModel.class.php 第 50 行.
NOTIC: [8] Undefined index: login_time E:\phpstudy\WWW\thinkphp\blog\Admin\Model\MembersModel.class.php 第 49 行.
NOTIC: [8] Undefined index: reg_time E:\phpstudy\WWW\thinkphp\blog\Admin\Model\MembersModel.class.php 第 50 行.
NOTIC: [8] Undefined index: login_time E:\phpstudy\WWW\thinkphp\blog\Admin\Model\MembersModel.class.php 第 49 行.
NOTIC: [8] Undefined index: reg_time E:\phpstudy\WWW\thinkphp\blog\Admin\Model\MembersModel.class.php 第 50 行.
NOTIC: [8] Undefined index: login_time E:\phpstudy\WWW\thinkphp\blog\Admin\Model\MembersModel.class.php 第 49 行.
NOTIC: [8] Undefined index: reg_time E:\phpstudy\WWW\thinkphp\blog\Admin\Model\MembersModel.class.php 第 50 行.
NOTIC: [8] Undefined index: login_time E:\phpstudy\WWW\thinkphp\blog\Admin\Model\MembersModel.class.php 第 49 行.
NOTIC: [8] Undefined index: reg_time E:\phpstudy\WWW\thinkphp\blog\Admin\Model\MembersModel.class.php 第 50 行.
NOTIC: [8] Undefined index: login_time E:\phpstudy\WWW\thinkphp\blog\Admin\Model\MembersModel.class.php 第 49 行.
NOTIC: [8] Undefined index: reg_time E:\phpstudy\WWW\thinkphp\blog\Admin\Model\MembersModel.class.php 第 50 行.
NOTIC: [8] Undefined index: login_time E:\phpstudy\WWW\thinkphp\blog\Admin\Model\MembersModel.class.php 第 49 行.
NOTIC: [8] Undefined index: reg_time E:\phpstudy\WWW\thinkphp\blog\Admin\Model\MembersModel.class.php 第 50 行.
SQL: SELECT COUNT(*) AS tp_count FROM `blog_members` LIMIT 1   [ RunTime:0.0010s ]

[ 2016-08-18T23:54:23+08:00 ] ::1 /thinkphp/admin.php/Members/getmembers
INFO: [ app_begin ] --START--
INFO: Run Behavior\ReadHtmlCacheBehavior [ RunTime:0.001000s ]
INFO: [ app_begin ] --END-- [ RunTime:0.001000s ]
SQL: SHOW COLUMNS FROM `blog_members` [ RunTime:0.0040s ]
SQL: SELECT `id`,`name`,`email`,`qq`,`reg_time`,`login_time`,`login_ip` FROM `blog_members` ORDER BY `reg_time` DESC LIMIT 20,20   [ RunTime:0.0010s ]
NOTIC: [8] Undefined index: login_time E:\phpstudy\WWW\thinkphp\blog\Admin\Model\MembersModel.class.php 第 49 行.
NOTIC: [8] Undefined index: reg_time E:\phpstudy\WWW\thinkphp\blog\Admin\Model\MembersModel.class.php 第 50 行.
NOTIC: [8] Undefined index: login_time E:\phpstudy\WWW\thinkphp\blog\Admin\Model\MembersModel.class.php 第 49 行.
NOTIC: [8] Undefined index: reg_time E:\phpstudy\WWW\thinkphp\blog\Admin\Model\MembersModel.class.php 第 50 行.
NOTIC: [8] Undefined index: login_time E:\phpstudy\WWW\thinkphp\blog\Admin\Model\MembersModel.class.php 第 49 行.
NOTIC: [8] Undefined index: reg_time E:\phpstudy\WWW\thinkphp\blog\Admin\Model\MembersModel.class.php 第 50 行.
NOTIC: [8] Undefined index: login_time E:\phpstudy\WWW\thinkphp\blog\Admin\Model\MembersModel.class.php 第 49 行.
NOTIC: [8] Undefined index: reg_time E:\phpstudy\WWW\thinkphp\blog\Admin\Model\MembersModel.class.php 第 50 行.
NOTIC: [8] Undefined index: login_time E:\phpstudy\WWW\thinkphp\blog\Admin\Model\MembersModel.class.php 第 49 行.
NOTIC: [8] Undefined index: reg_time E:\phpstudy\WWW\thinkphp\blog\Admin\Model\MembersModel.class.php 第 50 行.
NOTIC: [8] Undefined index: login_time E:\phpstudy\WWW\thinkphp\blog\Admin\Model\MembersModel.class.php 第 49 行.
NOTIC: [8] Undefined index: reg_time E:\phpstudy\WWW\thinkphp\blog\Admin\Model\MembersModel.class.php 第 50 行.
NOTIC: [8] Undefined index: login_time E:\phpstudy\WWW\thinkphp\blog\Admin\Model\MembersModel.class.php 第 49 行.
NOTIC: [8] Undefined index: reg_time E:\phpstudy\WWW\thinkphp\blog\Admin\Model\MembersModel.class.php 第 50 行.
NOTIC: [8] Undefined index: login_time E:\phpstudy\WWW\thinkphp\blog\Admin\Model\MembersModel.class.php 第 49 行.
NOTIC: [8] Undefined index: reg_time E:\phpstudy\WWW\thinkphp\blog\Admin\Model\MembersModel.class.php 第 50 行.
NOTIC: [8] Undefined index: login_time E:\phpstudy\WWW\thinkphp\blog\Admin\Model\MembersModel.class.php 第 49 行.
NOTIC: [8] Undefined index: reg_time E:\phpstudy\WWW\thinkphp\blog\Admin\Model\MembersModel.class.php 第 50 行.
NOTIC: [8] Undefined index: login_time E:\phpstudy\WWW\thinkphp\blog\Admin\Model\MembersModel.class.php 第 49 行.
NOTIC: [8] Undefined index: reg_time E:\phpstudy\WWW\thinkphp\blog\Admin\Model\MembersModel.class.php 第 50 行.
SQL: SELECT COUNT(*) AS tp_count FROM `blog_members` LIMIT 1   [ RunTime:0.0000s ]

[ 2016-08-18T23:54:27+08:00 ] ::1 /thinkphp/admin.php/Members/getmembers
INFO: [ app_begin ] --START--
INFO: Run Behavior\ReadHtmlCacheBehavior [ RunTime:0.000000s ]
INFO: [ app_begin ] --END-- [ RunTime:0.001001s ]
SQL: SHOW COLUMNS FROM `blog_members` [ RunTime:0.0040s ]
SQL: SELECT `id`,`name`,`email`,`qq`,`reg_time`,`login_time`,`login_ip` FROM `blog_members` ORDER BY `reg_time` DESC LIMIT 0,20   [ RunTime:0.0010s ]
NOTIC: [8] Undefined index: login_time E:\phpstudy\WWW\thinkphp\blog\Admin\Model\MembersModel.class.php 第 49 行.
NOTIC: [8] Undefined index: reg_time E:\phpstudy\WWW\thinkphp\blog\Admin\Model\MembersModel.class.php 第 50 行.
NOTIC: [8] Undefined index: login_time E:\phpstudy\WWW\thinkphp\blog\Admin\Model\MembersModel.class.php 第 49 行.
NOTIC: [8] Undefined index: reg_time E:\phpstudy\WWW\thinkphp\blog\Admin\Model\MembersModel.class.php 第 50 行.
NOTIC: [8] Undefined index: login_time E:\phpstudy\WWW\thinkphp\blog\Admin\Model\MembersModel.class.php 第 49 行.
NOTIC: [8] Undefined index: reg_time E:\phpstudy\WWW\thinkphp\blog\Admin\Model\MembersModel.class.php 第 50 行.
NOTIC: [8] Undefined index: login_time E:\phpstudy\WWW\thinkphp\blog\Admin\Model\MembersModel.class.php 第 49 行.
NOTIC: [8] Undefined index: reg_time E:\phpstudy\WWW\thinkphp\blog\Admin\Model\MembersModel.class.php 第 50 行.
NOTIC: [8] Undefined index: login_time E:\phpstudy\WWW\thinkphp\blog\Admin\Model\MembersModel.class.php 第 49 行.
NOTIC: [8] Undefined index: reg_time E:\phpstudy\WWW\thinkphp\blog\Admin\Model\MembersModel.class.php 第 50 行.
NOTIC: [8] Undefined index: login_time E:\phpstudy\WWW\thinkphp\blog\Admin\Model\MembersModel.class.php 第 49 行.
NOTIC: [8] Undefined index: reg_time E:\phpstudy\WWW\thinkphp\blog\Admin\Model\MembersModel.class.php 第 50 行.
NOTIC: [8] Undefined index: login_time E:\phpstudy\WWW\thinkphp\blog\Admin\Model\MembersModel.class.php 第 49 行.
NOTIC: [8] Undefined index: reg_time E:\phpstudy\WWW\thinkphp\blog\Admin\Model\MembersModel.class.php 第 50 行.
NOTIC: [8] Undefined index: login_time E:\phpstudy\WWW\thinkphp\blog\Admin\Model\MembersModel.class.php 第 49 行.
NOTIC: [8] Undefined index: reg_time E:\phpstudy\WWW\thinkphp\blog\Admin\Model\MembersModel.class.php 第 50 行.
NOTIC: [8] Undefined index: login_time E:\phpstudy\WWW\thinkphp\blog\Admin\Model\MembersModel.class.php 第 49 行.
NOTIC: [8] Undefined index: reg_time E:\phpstudy\WWW\thinkphp\blog\Admin\Model\MembersModel.class.php 第 50 行.
NOTIC: [8] Undefined index: login_time E:\phpstudy\WWW\thinkphp\blog\Admin\Model\MembersModel.class.php 第 49 行.
NOTIC: [8] Undefined index: reg_time E:\phpstudy\WWW\thinkphp\blog\Admin\Model\MembersModel.class.php 第 50 行.
NOTIC: [8] Undefined index: login_time E:\phpstudy\WWW\thinkphp\blog\Admin\Model\MembersModel.class.php 第 49 行.
NOTIC: [8] Undefined index: reg_time E:\phpstudy\WWW\thinkphp\blog\Admin\Model\MembersModel.class.php 第 50 行.
NOTIC: [8] Undefined index: login_time E:\phpstudy\WWW\thinkphp\blog\Admin\Model\MembersModel.class.php 第 49 行.
NOTIC: [8] Undefined index: reg_time E:\phpstudy\WWW\thinkphp\blog\Admin\Model\MembersModel.class.php 第 50 行.
NOTIC: [8] Undefined index: login_time E:\phpstudy\WWW\thinkphp\blog\Admin\Model\MembersModel.class.php 第 49 行.
NOTIC: [8] Undefined index: reg_time E:\phpstudy\WWW\thinkphp\blog\Admin\Model\MembersModel.class.php 第 50 行.
NOTIC: [8] Undefined index: login_time E:\phpstudy\WWW\thinkphp\blog\Admin\Model\MembersModel.class.php 第 49 行.
NOTIC: [8] Undefined index: reg_time E:\phpstudy\WWW\thinkphp\blog\Admin\Model\MembersModel.class.php 第 50 行.
NOTIC: [8] Undefined index: login_time E:\phpstudy\WWW\thinkphp\blog\Admin\Model\MembersModel.class.php 第 49 行.
NOTIC: [8] Undefined index: reg_time E:\phpstudy\WWW\thinkphp\blog\Admin\Model\MembersModel.class.php 第 50 行.
NOTIC: [8] Undefined index: login_time E:\phpstudy\WWW\thinkphp\blog\Admin\Model\MembersModel.class.php 第 49 行.
NOTIC: [8] Undefined index: reg_time E:\phpstudy\WWW\thinkphp\blog\Admin\Model\MembersModel.class.php 第 50 行.
NOTIC: [8] Undefined index: login_time E:\phpstudy\WWW\thinkphp\blog\Admin\Model\MembersModel.class.php 第 49 行.
NOTIC: [8] Undefined index: reg_time E:\phpstudy\WWW\thinkphp\blog\Admin\Model\MembersModel.class.php 第 50 行.
NOTIC: [8] Undefined index: login_time E:\phpstudy\WWW\thinkphp\blog\Admin\Model\MembersModel.class.php 第 49 行.
NOTIC: [8] Undefined index: reg_time E:\phpstudy\WWW\thinkphp\blog\Admin\Model\MembersModel.class.php 第 50 行.
NOTIC: [8] Undefined index: login_time E:\phpstudy\WWW\thinkphp\blog\Admin\Model\MembersModel.class.php 第 49 行.
NOTIC: [8] Undefined index: reg_time E:\phpstudy\WWW\thinkphp\blog\Admin\Model\MembersModel.class.php 第 50 行.
NOTIC: [8] Undefined index: login_time E:\phpstudy\WWW\thinkphp\blog\Admin\Model\MembersModel.class.php 第 49 行.
NOTIC: [8] Undefined index: reg_time E:\phpstudy\WWW\thinkphp\blog\Admin\Model\MembersModel.class.php 第 50 行.
SQL: SELECT COUNT(*) AS tp_count FROM `blog_members` LIMIT 1   [ RunTime:0.0010s ]

[ 2016-08-18T23:56:08+08:00 ] ::1 /thinkphp/admin.php/Index/showNav
INFO: [ app_begin ] --START--
INFO: Run Behavior\ReadHtmlCacheBehavior [ RunTime:0.000000s ]
INFO: [ app_begin ] --END-- [ RunTime:0.002001s ]
SQL: SHOW COLUMNS FROM `blog_admin_nav` [ RunTime:0.0040s ]
SQL: SELECT `id`,`text`,`state`,`iconCls`,`url` FROM `blog_admin_nav` WHERE `nid` = 0  [ RunTime:0.0000s ]

[ 2016-08-18T23:56:09+08:00 ] ::1 /thinkphp/admin.php/Index/showNav
INFO: [ app_begin ] --START--
INFO: Run Behavior\ReadHtmlCacheBehavior [ RunTime:0.000000s ]
INFO: [ app_begin ] --END-- [ RunTime:0.001000s ]
SQL: SHOW COLUMNS FROM `blog_admin_nav` [ RunTime:0.0040s ]
SQL: SELECT `id`,`text`,`state`,`iconCls`,`url` FROM `blog_admin_nav` WHERE `nid` = 1  [ RunTime:0.0000s ]

[ 2016-08-18T23:56:10+08:00 ] ::1 /thinkphp/admin.php/Index/showNav
INFO: [ app_begin ] --START--
INFO: Run Behavior\ReadHtmlCacheBehavior [ RunTime:0.000000s ]
INFO: [ app_begin ] --END-- [ RunTime:0.000000s ]
SQL: SHOW COLUMNS FROM `blog_admin_nav` [ RunTime:0.0040s ]
SQL: SELECT `id`,`text`,`state`,`iconCls`,`url` FROM `blog_admin_nav` WHERE `nid` = 5  [ RunTime:0.0000s ]

[ 2016-08-18T23:56:11+08:00 ] ::1 /thinkphp/admin.php/Index/showNav
INFO: [ app_begin ] --START--
INFO: Run Behavior\ReadHtmlCacheBehavior [ RunTime:0.000000s ]
INFO: [ app_begin ] --END-- [ RunTime:0.001000s ]
SQL: SHOW COLUMNS FROM `blog_admin_nav` [ RunTime:0.0090s ]
SQL: SELECT `id`,`text`,`state`,`iconCls`,`url` FROM `blog_admin_nav` WHERE `nid` = 8  [ RunTime:0.0010s ]

[ 2016-08-18T23:56:11+08:00 ] ::1 /thinkphp/admin.php/Members/index?_=1471535767136
INFO: [ app_begin ] --START--
INFO: Run Behavior\ReadHtmlCacheBehavior [ RunTime:0.000000s ]
INFO: [ app_begin ] --END-- [ RunTime:0.001000s ]
INFO: [ view_parse ] --START--
INFO: [ template_filter ] --START--
INFO: Run Behavior\ContentReplaceBehavior [ RunTime:0.000000s ]
INFO: [ template_filter ] --END-- [ RunTime:0.000000s ]
INFO: Run Behavior\ParseTemplateBehavior [ RunTime:0.017001s ]
INFO: [ view_parse ] --END-- [ RunTime:0.017001s ]
INFO: [ view_filter ] --START--
INFO: Run Behavior\WriteHtmlCacheBehavior [ RunTime:0.001000s ]
INFO: [ view_filter ] --END-- [ RunTime:0.001000s ]
INFO: [ app_end ] --START--
INFO: Run Behavior\ShowPageTraceBehavior [ RunTime:0.000000s ]
INFO: [ app_end ] --END-- [ RunTime:0.000000s ]

[ 2016-08-18T23:56:12+08:00 ] ::1 /thinkphp/admin.php/Members/getmembers
INFO: [ app_begin ] --START--
INFO: Run Behavior\ReadHtmlCacheBehavior [ RunTime:0.000000s ]
INFO: [ app_begin ] --END-- [ RunTime:0.001000s ]
SQL: SHOW COLUMNS FROM `blog_members` [ RunTime:0.0040s ]
SQL: SELECT `id`,`name`,`email`,`qq`,`reg_time`,`login_time`,`login_ip` FROM `blog_members` ORDER BY `reg_time` DESC LIMIT 0,20   [ RunTime:0.0010s ]
NOTIC: [8] Undefined index: login_time E:\phpstudy\WWW\thinkphp\blog\Admin\Model\MembersModel.class.php 第 49 行.
NOTIC: [8] Undefined index: reg_time E:\phpstudy\WWW\thinkphp\blog\Admin\Model\MembersModel.class.php 第 50 行.
NOTIC: [8] Undefined index: login_time E:\phpstudy\WWW\thinkphp\blog\Admin\Model\MembersModel.class.php 第 49 行.
NOTIC: [8] Undefined index: reg_time E:\phpstudy\WWW\thinkphp\blog\Admin\Model\MembersModel.class.php 第 50 行.
NOTIC: [8] Undefined index: login_time E:\phpstudy\WWW\thinkphp\blog\Admin\Model\MembersModel.class.php 第 49 行.
NOTIC: [8] Undefined index: reg_time E:\phpstudy\WWW\thinkphp\blog\Admin\Model\MembersModel.class.php 第 50 行.
NOTIC: [8] Undefined index: login_time E:\phpstudy\WWW\thinkphp\blog\Admin\Model\MembersModel.class.php 第 49 行.
NOTIC: [8] Undefined index: reg_time E:\phpstudy\WWW\thinkphp\blog\Admin\Model\MembersModel.class.php 第 50 行.
NOTIC: [8] Undefined index: login_time E:\phpstudy\WWW\thinkphp\blog\Admin\Model\MembersModel.class.php 第 49 行.
NOTIC: [8] Undefined index: reg_time E:\phpstudy\WWW\thinkphp\blog\Admin\Model\MembersModel.class.php 第 50 行.
NOTIC: [8] Undefined index: login_time E:\phpstudy\WWW\thinkphp\blog\Admin\Model\MembersModel.class.php 第 49 行.
NOTIC: [8] Undefined index: reg_time E:\phpstudy\WWW\thinkphp\blog\Admin\Model\MembersModel.class.php 第 50 行.
NOTIC: [8] Undefined index: login_time E:\phpstudy\WWW\thinkphp\blog\Admin\Model\MembersModel.class.php 第 49 行.
NOTIC: [8] Undefined index: reg_time E:\phpstudy\WWW\thinkphp\blog\Admin\Model\MembersModel.class.php 第 50 行.
NOTIC: [8] Undefined index: login_time E:\phpstudy\WWW\thinkphp\blog\Admin\Model\MembersModel.class.php 第 49 行.
NOTIC: [8] Undefined index: reg_time E:\phpstudy\WWW\thinkphp\blog\Admin\Model\MembersModel.class.php 第 50 行.
NOTIC: [8] Undefined index: login_time E:\phpstudy\WWW\thinkphp\blog\Admin\Model\MembersModel.class.php 第 49 行.
NOTIC: [8] Undefined index: reg_time E:\phpstudy\WWW\thinkphp\blog\Admin\Model\MembersModel.class.php 第 50 行.
NOTIC: [8] Undefined index: login_time E:\phpstudy\WWW\thinkphp\blog\Admin\Model\MembersModel.class.php 第 49 行.
NOTIC: [8] Undefined index: reg_time E:\phpstudy\WWW\thinkphp\blog\Admin\Model\MembersModel.class.php 第 50 行.
NOTIC: [8] Undefined index: login_time E:\phpstudy\WWW\thinkphp\blog\Admin\Model\MembersModel.class.php 第 49 行.
NOTIC: [8] Undefined index: reg_time E:\phpstudy\WWW\thinkphp\blog\Admin\Model\MembersModel.class.php 第 50 行.
NOTIC: [8] Undefined index: login_time E:\phpstudy\WWW\thinkphp\blog\Admin\Model\MembersModel.class.php 第 49 行.
NOTIC: [8] Undefined index: reg_time E:\phpstudy\WWW\thinkphp\blog\Admin\Model\MembersModel.class.php 第 50 行.
NOTIC: [8] Undefined index: login_time E:\phpstudy\WWW\thinkphp\blog\Admin\Model\MembersModel.class.php 第 49 行.
NOTIC: [8] Undefined index: reg_time E:\phpstudy\WWW\thinkphp\blog\Admin\Model\MembersModel.class.php 第 50 行.
NOTIC: [8] Undefined index: login_time E:\phpstudy\WWW\thinkphp\blog\Admin\Model\MembersModel.class.php 第 49 行.
NOTIC: [8] Undefined index: reg_time E:\phpstudy\WWW\thinkphp\blog\Admin\Model\MembersModel.class.php 第 50 行.
NOTIC: [8] Undefined index: login_time E:\phpstudy\WWW\thinkphp\blog\Admin\Model\MembersModel.class.php 第 49 行.
NOTIC: [8] Undefined index: reg_time E:\phpstudy\WWW\thinkphp\blog\Admin\Model\MembersModel.class.php 第 50 行.
NOTIC: [8] Undefined index: login_time E:\phpstudy\WWW\thinkphp\blog\Admin\Model\MembersModel.class.php 第 49 行.
NOTIC: [8] Undefined index: reg_time E:\phpstudy\WWW\thinkphp\blog\Admin\Model\MembersModel.class.php 第 50 行.
NOTIC: [8] Undefined index: login_time E:\phpstudy\WWW\thinkphp\blog\Admin\Model\MembersModel.class.php 第 49 行.
NOTIC: [8] Undefined index: reg_time E:\phpstudy\WWW\thinkphp\blog\Admin\Model\MembersModel.class.php 第 50 行.
NOTIC: [8] Undefined index: login_time E:\phpstudy\WWW\thinkphp\blog\Admin\Model\MembersModel.class.php 第 49 行.
NOTIC: [8] Undefined index: reg_time E:\phpstudy\WWW\thinkphp\blog\Admin\Model\MembersModel.class.php 第 50 行.
NOTIC: [8] Undefined index: login_time E:\phpstudy\WWW\thinkphp\blog\Admin\Model\MembersModel.class.php 第 49 行.
NOTIC: [8] Undefined index: reg_time E:\phpstudy\WWW\thinkphp\blog\Admin\Model\MembersModel.class.php 第 50 行.
NOTIC: [8] Undefined index: login_time E:\phpstudy\WWW\thinkphp\blog\Admin\Model\MembersModel.class.php 第 49 行.
NOTIC: [8] Undefined index: reg_time E:\phpstudy\WWW\thinkphp\blog\Admin\Model\MembersModel.class.php 第 50 行.
SQL: SELECT COUNT(*) AS tp_count FROM `blog_members` LIMIT 1   [ RunTime:0.0000s ]

[ 2016-08-18T23:56:21+08:00 ] ::1 /thinkphp/admin.php/Members/getOneMember
INFO: [ app_begin ] --START--
INFO: Run Behavior\ReadHtmlCacheBehavior [ RunTime:0.000000s ]
INFO: [ app_begin ] --END-- [ RunTime:0.001000s ]
SQL: SHOW COLUMNS FROM `blog_members` [ RunTime:0.0040s ]
SQL: SELECT `id`,`name`,`email`,`qq` FROM `blog_members` WHERE `id` = 61 LIMIT 1   [ RunTime:0.0000s ]

