[ 2016-09-26T10:01:16+08:00 ] 114.231.7.35 /admin.php/Login/Login/login
INFO: [ app_begin ] --START--
INFO: Run Behavior\ReadHtmlCacheBehavior [ RunTime:0.000474s ]
INFO: [ app_begin ] --END-- [ RunTime:0.000807s ]
SQL: SHOW COLUMNS FROM `blog_admin` [ RunTime:0.0026s ]
SQL: SELECT * FROM `blog_admin` WHERE `name` = 'joychi' AND `password` = '066eca7e6ec134fb5b064223345e830d' LIMIT 1   [ RunTime:0.0006s ]
NOTIC: [8] A session had already been started - ignoring session_start() /home/jijialexjii1jbiia9lce/wwwroot/ThinkPHP/Common/functions.php 第 1263 行.
INFO: [ app_end ] --START--
INFO: Run Behavior\ShowPageTraceBehavior [ RunTime:0.000592s ]
INFO: [ app_end ] --END-- [ RunTime:0.000645s ]

[ 2016-09-26T10:01:17+08:00 ] 114.231.7.35 /admin.php/Index/showNav
INFO: [ app_begin ] --START--
INFO: Run Behavior\ReadHtmlCacheBehavior [ RunTime:0.000468s ]
INFO: [ app_begin ] --END-- [ RunTime:0.000808s ]
SQL: SHOW COLUMNS FROM `blog_admin_nav` [ RunTime:0.0031s ]
SQL: SELECT `id`,`text`,`state`,`iconCls`,`url` FROM `blog_admin_nav` WHERE `nid` = 0  [ RunTime:0.0007s ]

[ 2016-09-26T10:01:17+08:00 ] 114.231.7.35 /admin.php/Index/showNav
INFO: [ app_begin ] --START--
INFO: Run Behavior\ReadHtmlCacheBehavior [ RunTime:0.000606s ]
INFO: [ app_begin ] --END-- [ RunTime:0.001008s ]
SQL: SHOW COLUMNS FROM `blog_admin_nav` [ RunTime:0.0008s ]
SQL: SELECT `id`,`text`,`state`,`iconCls`,`url` FROM `blog_admin_nav` WHERE `nid` = 8  [ RunTime:0.0004s ]

[ 2016-09-26T10:01:17+08:00 ] 114.231.7.35 /admin.php/Index/showNav
INFO: [ app_begin ] --START--
INFO: Run Behavior\ReadHtmlCacheBehavior [ RunTime:0.000729s ]
INFO: [ app_begin ] --END-- [ RunTime:0.001202s ]
SQL: SHOW COLUMNS FROM `blog_admin_nav` [ RunTime:0.0007s ]
SQL: SELECT `id`,`text`,`state`,`iconCls`,`url` FROM `blog_admin_nav` WHERE `nid` = 1  [ RunTime:0.0003s ]

[ 2016-09-26T10:01:17+08:00 ] 114.231.7.35 /admin.php/Index/showNav
INFO: [ app_begin ] --START--
INFO: Run Behavior\ReadHtmlCacheBehavior [ RunTime:0.000735s ]
INFO: [ app_begin ] --END-- [ RunTime:0.001264s ]
SQL: SHOW COLUMNS FROM `blog_admin_nav` [ RunTime:0.0010s ]
SQL: SELECT `id`,`text`,`state`,`iconCls`,`url` FROM `blog_admin_nav` WHERE `nid` = 5  [ RunTime:0.0003s ]

[ 2016-09-26T10:01:19+08:00 ] 114.231.7.35 /admin.php/Article/index?_=1474855278692
INFO: [ app_begin ] --START--
INFO: Run Behavior\ReadHtmlCacheBehavior [ RunTime:0.000682s ]
INFO: [ app_begin ] --END-- [ RunTime:0.001148s ]
INFO: [ view_parse ] --START--
INFO: [ template_filter ] --START--
INFO: Run Behavior\ContentReplaceBehavior [ RunTime:0.000148s ]
INFO: [ template_filter ] --END-- [ RunTime:0.000287s ]
INFO: Run Behavior\ParseTemplateBehavior [ RunTime:0.652510s ]
INFO: [ view_parse ] --END-- [ RunTime:0.652703s ]
INFO: [ view_filter ] --START--
INFO: Run Behavior\WriteHtmlCacheBehavior [ RunTime:0.000293s ]
INFO: [ view_filter ] --END-- [ RunTime:0.000355s ]
INFO: [ app_end ] --START--
INFO: Run Behavior\ShowPageTraceBehavior [ RunTime:0.000923s ]
INFO: [ app_end ] --END-- [ RunTime:0.001002s ]

[ 2016-09-26T10:01:21+08:00 ] 114.231.7.35 /admin.php/Article/getarticles
INFO: [ app_begin ] --START--
INFO: Run Behavior\ReadHtmlCacheBehavior [ RunTime:0.000428s ]
INFO: [ app_begin ] --END-- [ RunTime:0.000774s ]
SQL: SHOW COLUMNS FROM `blog_article` [ RunTime:0.0009s ]
SQL: SHOW COLUMNS FROM `blog_article` [ RunTime:0.0004s ]
SQL: SELECT ba.a_id,ba.a_title,ba.a_content,ba.a_views,ba.a_type,blog_admin.name,bac.cate_name,ba.create_time FROM blog_article ba left JOIN blog_article_cate bac on ba.cate_id = bac.cate_id INNER JOIN blog_admin on ba.a_author = blog_admin.id  ORDER BY `create_time` DESC LIMIT 0,20   [ RunTime:0.9025s ]
SQL: SELECT COUNT(*) AS tp_count FROM `blog_article` LIMIT 1   [ RunTime:0.0003s ]

[ 2016-09-26T10:01:26+08:00 ] 114.231.7.35 /admin.php/Members/index?_=1474855278694
INFO: [ app_begin ] --START--
INFO: Run Behavior\ReadHtmlCacheBehavior [ RunTime:0.000739s ]
INFO: [ app_begin ] --END-- [ RunTime:0.001284s ]
INFO: [ view_parse ] --START--
INFO: [ template_filter ] --START--
INFO: Run Behavior\ContentReplaceBehavior [ RunTime:0.000104s ]
INFO: [ template_filter ] --END-- [ RunTime:0.000217s ]
INFO: Run Behavior\ParseTemplateBehavior [ RunTime:0.007371s ]
INFO: [ view_parse ] --END-- [ RunTime:0.007441s ]
INFO: [ view_filter ] --START--
INFO: Run Behavior\WriteHtmlCacheBehavior [ RunTime:0.000210s ]
INFO: [ view_filter ] --END-- [ RunTime:0.000252s ]
INFO: [ app_end ] --START--
INFO: Run Behavior\ShowPageTraceBehavior [ RunTime:0.000513s ]
INFO: [ app_end ] --END-- [ RunTime:0.000571s ]

[ 2016-09-26T10:01:26+08:00 ] 114.231.7.35 /admin.php/Members/getmembers
INFO: [ app_begin ] --START--
INFO: Run Behavior\ReadHtmlCacheBehavior [ RunTime:0.000761s ]
INFO: [ app_begin ] --END-- [ RunTime:0.001081s ]
SQL: SHOW COLUMNS FROM `blog_members` [ RunTime:0.0031s ]
SQL: SELECT `id`,`m_name`,`email`,`qq`,`reg_time`,`login_time`,`login_ip` FROM `blog_members` ORDER BY `reg_time` DESC LIMIT 0,20   [ RunTime:0.0011s ]
SQL: SELECT COUNT(*) AS tp_count FROM `blog_members` LIMIT 1   [ RunTime:0.0002s ]

[ 2016-09-26T10:01:34+08:00 ] 114.231.7.35 /admin.php/Members/getOneMember
INFO: [ app_begin ] --START--
INFO: Run Behavior\ReadHtmlCacheBehavior [ RunTime:0.000474s ]
INFO: [ app_begin ] --END-- [ RunTime:0.000811s ]
SQL: SHOW COLUMNS FROM `blog_members` [ RunTime:0.0010s ]
SQL: SELECT `id`,`m_name`,`email`,`qq` FROM `blog_members` WHERE `id` = 74 LIMIT 1   [ RunTime:0.0003s ]

[ 2016-09-26T19:19:13+08:00 ] 121.201.3.223 /admin.php/Login/Login/login
INFO: [ app_begin ] --START--
INFO: Run Behavior\ReadHtmlCacheBehavior [ RunTime:0.000452s ]
INFO: [ app_begin ] --END-- [ RunTime:0.000827s ]
SQL: SHOW COLUMNS FROM `blog_admin` [ RunTime:0.0009s ]
SQL: SELECT * FROM `blog_admin` WHERE `name` = 'joychi' AND `password` = '066eca7e6ec134fb5b064223345e830d' LIMIT 1   [ RunTime:0.0003s ]
NOTIC: [8] A session had already been started - ignoring session_start() /home/jijialexjii1jbiia9lce/wwwroot/ThinkPHP/Common/functions.php 第 1263 行.
INFO: [ app_end ] --START--
INFO: Run Behavior\ShowPageTraceBehavior [ RunTime:0.000566s ]
INFO: [ app_end ] --END-- [ RunTime:0.000619s ]

[ 2016-09-26T19:19:15+08:00 ] 121.201.3.223 /admin.php/Index/showNav
INFO: [ app_begin ] --START--
INFO: Run Behavior\ReadHtmlCacheBehavior [ RunTime:0.000636s ]
INFO: [ app_begin ] --END-- [ RunTime:0.000998s ]
SQL: SHOW COLUMNS FROM `blog_admin_nav` [ RunTime:0.0019s ]
SQL: SELECT `id`,`text`,`state`,`iconCls`,`url` FROM `blog_admin_nav` WHERE `nid` = 0  [ RunTime:0.0004s ]

[ 2016-09-26T19:19:15+08:00 ] 121.201.3.223 /admin.php/Index/showNav
INFO: [ app_begin ] --START--
INFO: Run Behavior\ReadHtmlCacheBehavior [ RunTime:0.000701s ]
INFO: [ app_begin ] --END-- [ RunTime:0.001178s ]
SQL: SHOW COLUMNS FROM `blog_admin_nav` [ RunTime:0.0007s ]
SQL: SELECT `id`,`text`,`state`,`iconCls`,`url` FROM `blog_admin_nav` WHERE `nid` = 5  [ RunTime:0.0003s ]

[ 2016-09-26T19:19:15+08:00 ] 121.201.3.223 /admin.php/Index/showNav
INFO: [ app_begin ] --START--
INFO: Run Behavior\ReadHtmlCacheBehavior [ RunTime:0.000450s ]
INFO: [ app_begin ] --END-- [ RunTime:0.000763s ]
SQL: SHOW COLUMNS FROM `blog_admin_nav` [ RunTime:0.0007s ]
SQL: SELECT `id`,`text`,`state`,`iconCls`,`url` FROM `blog_admin_nav` WHERE `nid` = 8  [ RunTime:0.0003s ]

[ 2016-09-26T19:19:15+08:00 ] 121.201.3.223 /admin.php/Index/showNav
INFO: [ app_begin ] --START--
INFO: Run Behavior\ReadHtmlCacheBehavior [ RunTime:0.000612s ]
INFO: [ app_begin ] --END-- [ RunTime:0.001054s ]
SQL: SHOW COLUMNS FROM `blog_admin_nav` [ RunTime:0.0009s ]
SQL: SELECT `id`,`text`,`state`,`iconCls`,`url` FROM `blog_admin_nav` WHERE `nid` = 1  [ RunTime:0.0006s ]

[ 2016-09-26T19:21:02+08:00 ] 121.201.3.223 /admin.php/Article/index?_=1474888754785
INFO: [ app_begin ] --START--
INFO: Run Behavior\ReadHtmlCacheBehavior [ RunTime:0.000427s ]
INFO: [ app_begin ] --END-- [ RunTime:0.000736s ]
INFO: [ view_parse ] --START--
INFO: [ template_filter ] --START--
INFO: Run Behavior\ContentReplaceBehavior [ RunTime:0.000089s ]
INFO: [ template_filter ] --END-- [ RunTime:0.000181s ]
INFO: Run Behavior\ParseTemplateBehavior [ RunTime:0.010189s ]
INFO: [ view_parse ] --END-- [ RunTime:0.010282s ]
INFO: [ view_filter ] --START--
INFO: Run Behavior\WriteHtmlCacheBehavior [ RunTime:0.000172s ]
INFO: [ view_filter ] --END-- [ RunTime:0.000214s ]
INFO: [ app_end ] --START--
INFO: Run Behavior\ShowPageTraceBehavior [ RunTime:0.000519s ]
INFO: [ app_end ] --END-- [ RunTime:0.000568s ]

[ 2016-09-26T19:21:03+08:00 ] 121.201.3.223 /admin.php/Article/getarticles
INFO: [ app_begin ] --START--
INFO: Run Behavior\ReadHtmlCacheBehavior [ RunTime:0.000417s ]
INFO: [ app_begin ] --END-- [ RunTime:0.000744s ]
SQL: SHOW COLUMNS FROM `blog_article` [ RunTime:0.0009s ]
SQL: SHOW COLUMNS FROM `blog_article` [ RunTime:0.0005s ]
SQL: SELECT ba.a_id,ba.a_title,ba.a_content,ba.a_views,ba.a_type,blog_admin.name,bac.cate_name,ba.create_time FROM blog_article ba left JOIN blog_article_cate bac on ba.cate_id = bac.cate_id INNER JOIN blog_admin on ba.a_author = blog_admin.id  ORDER BY `create_time` DESC LIMIT 0,20   [ RunTime:0.0016s ]
SQL: SELECT COUNT(*) AS tp_count FROM `blog_article` LIMIT 1   [ RunTime:0.0003s ]

[ 2016-09-26T19:21:06+08:00 ] 121.201.3.223 /admin.php/Article/getarticles
INFO: [ app_begin ] --START--
INFO: Run Behavior\ReadHtmlCacheBehavior [ RunTime:0.000738s ]
INFO: [ app_begin ] --END-- [ RunTime:0.001209s ]
SQL: SHOW COLUMNS FROM `blog_article` [ RunTime:0.0008s ]
SQL: SHOW COLUMNS FROM `blog_article` [ RunTime:0.0006s ]
SQL: SELECT ba.a_id,ba.a_title,ba.a_content,ba.a_views,ba.a_type,blog_admin.name,bac.cate_name,ba.create_time FROM blog_article ba left JOIN blog_article_cate bac on ba.cate_id = bac.cate_id INNER JOIN blog_admin on ba.a_author = blog_admin.id  ORDER BY `create_time` DESC LIMIT 0,20   [ RunTime:0.0004s ]
SQL: SELECT COUNT(*) AS tp_count FROM `blog_article` LIMIT 1   [ RunTime:0.0001s ]

[ 2016-09-26T19:21:07+08:00 ] 121.201.3.223 /admin.php/Article/getcate
INFO: [ app_begin ] --START--
INFO: Run Behavior\ReadHtmlCacheBehavior [ RunTime:0.000421s ]
INFO: [ app_begin ] --END-- [ RunTime:0.000748s ]
SQL: SHOW COLUMNS FROM `blog_article_cate` [ RunTime:0.0007s ]
SQL: SELECT `cate_id`,`cate_name` FROM `blog_article_cate`  [ RunTime:0.0003s ]

[ 2016-09-26T19:21:07+08:00 ] 121.201.3.223 /admin.php/Admin/getAdmins
INFO: [ app_begin ] --START--
INFO: Run Behavior\ReadHtmlCacheBehavior [ RunTime:0.000421s ]
INFO: [ app_begin ] --END-- [ RunTime:0.000740s ]
SQL: SHOW COLUMNS FROM `blog_admin` [ RunTime:0.0010s ]
SQL: SELECT `id`,`name`,`login_time`,`login_ip` FROM `blog_admin`  [ RunTime:0.0003s ]

[ 2016-09-26T19:25:17+08:00 ] 121.201.3.223 /admin.php/Article/addarticle
INFO: [ app_begin ] --START--
INFO: Run Behavior\ReadHtmlCacheBehavior [ RunTime:0.000453s ]
INFO: [ app_begin ] --END-- [ RunTime:0.000801s ]
SQL: SHOW COLUMNS FROM `blog_article` [ RunTime:0.0014s ]
NOTIC: [8] Undefined index: validate /home/jijialexjii1jbiia9lce/wwwroot/ThinkPHP/Library/Think/Model.class.php 第 1185 行.
NOTIC: [8] Undefined index: auto /home/jijialexjii1jbiia9lce/wwwroot/ThinkPHP/Library/Think/Model.class.php 第 1128 行.
SQL: INSERT INTO `blog_article` (`a_title`,`cate_id`,`a_author`,`create_time`,`a_content`) VALUES ('微信小程序来了，感觉前端又要火了','1','1','1474889080','&lt;p&gt;微信小程序可谓是这两天最火的一个名词了，一经出现真是轰炸了整个开发界。早上在博客看到有关博文很多，看的心情澎湃，遂决定把此消息分享给前端网的朋友们，希望能让还没看到消息的速速了解。&lt;br /&gt;
&lt;br /&gt;
&amp;nbsp; &amp;nbsp;&amp;nbsp; &amp;nbsp;&amp;nbsp;引用一位大神对小程序的解释&lt;br /&gt;
&amp;nbsp; &amp;nbsp;&amp;nbsp;&amp;nbsp;【什么是小程序：小程序是一种不需要下载安装即可使用的应用，它实现了应用&amp;ldquo;触手可及&amp;rdquo;的梦想，用户扫一扫或者搜一下即可打开应用。也体现了&amp;ldquo;用完即走&amp;rdquo;的理念，用户不用关心是否安装太多应用的问题。应用将无处不在，随时可用，但又无需安装卸载。-- Allen Zhang】&lt;br /&gt;
&amp;nbsp; &amp;nbsp;&amp;nbsp; &amp;nbsp; 引用另一位大神的观点&lt;br /&gt;
&amp;nbsp; &amp;nbsp;&amp;nbsp; &amp;nbsp;&amp;nbsp;&amp;ldquo;小程序&amp;rdquo;改变了什么？&lt;br /&gt;
&amp;nbsp; &amp;nbsp;&amp;nbsp; &amp;nbsp;&amp;nbsp;&amp;nbsp;关于H5和APP之争，有很多因素决定了这几年H5失去了绝大部分的核心产品市场份额。其中有一点是H5并不能一次开发多处使用，而是要面临不同浏览器和APP平台更多兼容性挑战。比如过去微信就不能支持很多的特性，所以才有了&amp;ldquo;小程序&amp;rdquo;。&lt;br /&gt;
&amp;nbsp; &amp;nbsp;&amp;nbsp; &amp;nbsp;&amp;nbsp;&amp;nbsp;几年前，当微信的市场份额不断提升时，我就认为微信的平台可能会给H5一个独特的发展机会：所有H5以微信的接口为标准开发，浏览器逐步向微信标准靠拢，最终实现一次开发，多处使用的目标。&lt;br /&gt;
&amp;nbsp; &amp;nbsp;&amp;nbsp; &amp;nbsp; 今天来看，&amp;ldquo;小程序&amp;rdquo;虽然来得晚了，但是毕竟还是来了。H5产品的标准化运行环境有望出现，微信里H5产品质量也会大大的提高，这是可以预见的。&lt;br /&gt;
&lt;br /&gt;
&amp;nbsp; &amp;nbsp;&amp;nbsp; &amp;nbsp; 对前端来说绝对是一个好消息，短期内前端待遇可能上涨。&lt;br /&gt;
&amp;nbsp; &amp;nbsp;&amp;nbsp; &amp;nbsp;&lt;br /&gt;
&amp;nbsp; &amp;nbsp;&amp;nbsp; &amp;nbsp;&amp;nbsp;&amp;nbsp;大神们的文章，感谢前辈们&lt;br /&gt;
&amp;nbsp; &amp;nbsp;&amp;nbsp; &amp;nbsp;&amp;nbsp;&amp;nbsp;&lt;a href=&quot;http://www.cnblogs.com/ytkah/articles/5896778.html&quot; rel=&quot;nofollow&quot; target=&quot;_blank&quot;&gt;微信小程序会改变大世界吗？http://www.cnblogs.com/ytkah/articles/5896778.html&lt;/a&gt;&lt;br /&gt;
&amp;nbsp; &amp;nbsp;&amp;nbsp; &amp;nbsp;&amp;nbsp;&amp;nbsp;&lt;a href=&quot;http://www.cnblogs.com/Darren_code/p/weixin_appstore.html&quot; rel=&quot;nofollow&quot; target=&quot;_blank&quot;&gt;「微信小程序」来了 http://www.cnblogs.com/Darren_code/p/weixin_appstore.html&lt;/a&gt;&lt;br /&gt;
&amp;nbsp; &amp;nbsp;&amp;nbsp; &amp;nbsp;&amp;nbsp;&amp;nbsp;&lt;a href=&quot;http://www.cnblogs.com/etoah/p/5898619.html&quot; rel=&quot;nofollow&quot; target=&quot;_blank&quot;&gt;感觉前端又要火了，微信小程序（应用号）开发体验&amp;nbsp;&amp;nbsp;http://www.cnblogs.com/etoah/p/5898619.html&lt;/a&gt;&lt;br /&gt;
&amp;nbsp; &amp;nbsp;&amp;nbsp; &amp;nbsp;&amp;nbsp;&amp;nbsp;&lt;a href=&quot;http://www.cnblogs.com/wanggary/p/5898823.html&quot; rel=&quot;nofollow&quot; target=&quot;_blank&quot;&gt;微信小程序开发环境搭建&amp;nbsp;&amp;nbsp;http://www.cnblogs.com/wanggary/p/5898823.html&lt;/a&gt;&amp;nbsp; &amp;nbsp;&amp;nbsp; &amp;nbsp;&amp;nbsp;&lt;br /&gt;
&lt;br /&gt;
&amp;nbsp; &amp;nbsp;&amp;nbsp; &amp;nbsp;&amp;nbsp;&amp;nbsp;最后看看自己原来是个前端，哈哈。此文章只是想让大家了解前端的消息，不喜欢的朋友不要喷我哦！&lt;br /&gt;
&amp;nbsp;&lt;span style=&quot;font-size:20px&quot;&gt;&lt;span style=&quot;color:#ffff00&quot;&gt; &amp;nbsp;&amp;nbsp; &amp;nbsp;&amp;nbsp;&lt;strong&gt;&amp;nbsp;&amp;nbsp;加油！everybody&lt;/strong&gt;&lt;/span&gt;&lt;/span&gt;&lt;/p&gt;
') [ RunTime:0.0007s ]
INFO: [ app_end ] --START--
INFO: Run Behavior\ShowPageTraceBehavior [ RunTime:0.002677s ]
INFO: [ app_end ] --END-- [ RunTime:0.002804s ]

[ 2016-09-26T19:25:23+08:00 ] 121.201.3.223 /admin.php/Article/getarticles
INFO: [ app_begin ] --START--
INFO: Run Behavior\ReadHtmlCacheBehavior [ RunTime:0.000664s ]
INFO: [ app_begin ] --END-- [ RunTime:0.001192s ]
SQL: SHOW COLUMNS FROM `blog_article` [ RunTime:0.0011s ]
SQL: SHOW COLUMNS FROM `blog_article` [ RunTime:0.0006s ]
SQL: SELECT ba.a_id,ba.a_title,ba.a_content,ba.a_views,ba.a_type,blog_admin.name,bac.cate_name,ba.create_time FROM blog_article ba left JOIN blog_article_cate bac on ba.cate_id = bac.cate_id INNER JOIN blog_admin on ba.a_author = blog_admin.id  ORDER BY `create_time` DESC LIMIT 0,20   [ RunTime:0.0024s ]
SQL: SELECT COUNT(*) AS tp_count FROM `blog_article` LIMIT 1   [ RunTime:0.0002s ]

[ 2016-09-26T19:38:02+08:00 ] 121.201.3.223 /admin.php/Article/getcate
INFO: [ app_begin ] --START--
INFO: Run Behavior\ReadHtmlCacheBehavior [ RunTime:0.000421s ]
INFO: [ app_begin ] --END-- [ RunTime:0.000848s ]
SQL: SHOW COLUMNS FROM `blog_article_cate` [ RunTime:0.0010s ]
SQL: SELECT `cate_id`,`cate_name` FROM `blog_article_cate`  [ RunTime:0.0004s ]

[ 2016-09-26T19:38:02+08:00 ] 121.201.3.223 /admin.php/Admin/getAdmins
INFO: [ app_begin ] --START--
INFO: Run Behavior\ReadHtmlCacheBehavior [ RunTime:0.000442s ]
INFO: [ app_begin ] --END-- [ RunTime:0.000783s ]
SQL: SHOW COLUMNS FROM `blog_admin` [ RunTime:0.0010s ]
SQL: SELECT `id`,`name`,`login_time`,`login_ip` FROM `blog_admin`  [ RunTime:0.0017s ]

[ 2016-09-26T19:38:02+08:00 ] 121.201.3.223 /admin.php/Article/getOnearticle
INFO: [ app_begin ] --START--
INFO: Run Behavior\ReadHtmlCacheBehavior [ RunTime:0.000687s ]
INFO: [ app_begin ] --END-- [ RunTime:0.001145s ]
SQL: SHOW COLUMNS FROM `blog_article` [ RunTime:0.0009s ]
SQL: SHOW COLUMNS FROM `blog_article` [ RunTime:0.0009s ]
SQL: SELECT ba.a_id,ba.a_title,ba.a_content,ba.a_views,blog_admin.name,bac.cate_name,ba.create_time,bc.comment,bc.comment_time FROM blog_article ba left JOIN blog_article_cate bac on ba.cate_id = bac.cate_id left JOIN blog_admin on ba.a_author = blog_admin.id left JOIN blog_comment bc on ba.a_id = bc.aid  WHERE ( a_id=14 ) ORDER BY create_time desc  [ RunTime:0.0011s ]

[ 2016-09-26T19:38:02+08:00 ] 121.201.3.223 /admin.php/Article/getcate
INFO: [ app_begin ] --START--
INFO: Run Behavior\ReadHtmlCacheBehavior [ RunTime:0.000448s ]
INFO: [ app_begin ] --END-- [ RunTime:0.000852s ]
SQL: SHOW COLUMNS FROM `blog_article_cate` [ RunTime:0.0006s ]
SQL: SELECT `cate_id`,`cate_name` FROM `blog_article_cate`  [ RunTime:0.0001s ]

[ 2016-09-26T19:38:02+08:00 ] 121.201.3.223 /admin.php/Admin/getAdmins
INFO: [ app_begin ] --START--
INFO: Run Behavior\ReadHtmlCacheBehavior [ RunTime:0.000411s ]
INFO: [ app_begin ] --END-- [ RunTime:0.000775s ]
SQL: SHOW COLUMNS FROM `blog_admin` [ RunTime:0.0007s ]
SQL: SELECT `id`,`name`,`login_time`,`login_ip` FROM `blog_admin`  [ RunTime:0.0002s ]

[ 2016-09-26T19:38:10+08:00 ] 121.201.3.223 /admin.php/Members/index?_=1474888754787
INFO: [ app_begin ] --START--
INFO: Run Behavior\ReadHtmlCacheBehavior [ RunTime:0.000664s ]
INFO: [ app_begin ] --END-- [ RunTime:0.001196s ]
INFO: [ view_parse ] --START--
INFO: [ template_filter ] --START--
INFO: Run Behavior\ContentReplaceBehavior [ RunTime:0.000086s ]
INFO: [ template_filter ] --END-- [ RunTime:0.000168s ]
INFO: Run Behavior\ParseTemplateBehavior [ RunTime:0.008196s ]
INFO: [ view_parse ] --END-- [ RunTime:0.008270s ]
INFO: [ view_filter ] --START--
INFO: Run Behavior\WriteHtmlCacheBehavior [ RunTime:0.000249s ]
INFO: [ view_filter ] --END-- [ RunTime:0.000292s ]
INFO: [ app_end ] --START--
INFO: Run Behavior\ShowPageTraceBehavior [ RunTime:0.000478s ]
INFO: [ app_end ] --END-- [ RunTime:0.000529s ]

[ 2016-09-26T19:38:11+08:00 ] 121.201.3.223 /admin.php/Members/getmembers
INFO: [ app_begin ] --START--
INFO: Run Behavior\ReadHtmlCacheBehavior [ RunTime:0.000655s ]
INFO: [ app_begin ] --END-- [ RunTime:0.001111s ]
SQL: SHOW COLUMNS FROM `blog_members` [ RunTime:0.0010s ]
SQL: SELECT `id`,`m_name`,`email`,`qq`,`reg_time`,`login_time`,`login_ip` FROM `blog_members` ORDER BY `reg_time` DESC LIMIT 0,20   [ RunTime:0.0004s ]
SQL: SELECT COUNT(*) AS tp_count FROM `blog_members` LIMIT 1   [ RunTime:0.0001s ]

[ 2016-09-26T19:40:13+08:00 ] 121.201.3.223 /admin.php/null?_=1474888754789
INFO: [ app_begin ] --START--
INFO: Run Behavior\ReadHtmlCacheBehavior [ RunTime:0.000471s ]
INFO: [ app_begin ] --END-- [ RunTime:0.000778s ]
ERR: 无法加载控制器:Null

[ 2016-09-26T19:40:14+08:00 ] 121.201.3.223 /admin.php/Admin/index?_=1474888754790
INFO: [ app_begin ] --START--
INFO: Run Behavior\ReadHtmlCacheBehavior [ RunTime:0.000516s ]
INFO: [ app_begin ] --END-- [ RunTime:0.000968s ]
INFO: [ app_end ] --START--
INFO: Run Behavior\ShowPageTraceBehavior [ RunTime:0.000796s ]
INFO: [ app_end ] --END-- [ RunTime:0.000876s ]

[ 2016-09-26T19:40:14+08:00 ] 121.201.3.223 /admin.php/Members/index?_=1474888754791
INFO: [ app_begin ] --START--
INFO: Run Behavior\ReadHtmlCacheBehavior [ RunTime:0.000638s ]
INFO: [ app_begin ] --END-- [ RunTime:0.001085s ]
INFO: [ view_parse ] --START--
INFO: [ template_filter ] --START--
INFO: Run Behavior\ContentReplaceBehavior [ RunTime:0.000120s ]
INFO: [ template_filter ] --END-- [ RunTime:0.000233s ]
INFO: Run Behavior\ParseTemplateBehavior [ RunTime:0.009565s ]
INFO: [ view_parse ] --END-- [ RunTime:0.009655s ]
INFO: [ view_filter ] --START--
INFO: Run Behavior\WriteHtmlCacheBehavior [ RunTime:0.000244s ]
INFO: [ view_filter ] --END-- [ RunTime:0.000302s ]
INFO: [ app_end ] --START--
INFO: Run Behavior\ShowPageTraceBehavior [ RunTime:0.000723s ]
INFO: [ app_end ] --END-- [ RunTime:0.000785s ]

[ 2016-09-26T19:40:15+08:00 ] 121.201.3.223 /admin.php/Members/getmembers
INFO: [ app_begin ] --START--
INFO: Run Behavior\ReadHtmlCacheBehavior [ RunTime:0.000463s ]
INFO: [ app_begin ] --END-- [ RunTime:0.000809s ]
SQL: SHOW COLUMNS FROM `blog_members` [ RunTime:0.0012s ]
SQL: SELECT `id`,`m_name`,`email`,`qq`,`reg_time`,`login_time`,`login_ip` FROM `blog_members` ORDER BY `reg_time` DESC LIMIT 0,20   [ RunTime:0.0006s ]
SQL: SELECT COUNT(*) AS tp_count FROM `blog_members` LIMIT 1   [ RunTime:0.0002s ]

[ 2016-09-26T19:40:15+08:00 ] 121.201.3.223 /admin.php/null?_=1474888754793
INFO: [ app_begin ] --START--
INFO: Run Behavior\ReadHtmlCacheBehavior [ RunTime:0.000442s ]
INFO: [ app_begin ] --END-- [ RunTime:0.000769s ]
ERR: 无法加载控制器:Null

[ 2016-09-26T19:40:16+08:00 ] 121.201.3.223 /admin.php/Article/index?_=1474888754794
INFO: [ app_begin ] --START--
INFO: Run Behavior\ReadHtmlCacheBehavior [ RunTime:0.000420s ]
INFO: [ app_begin ] --END-- [ RunTime:0.000745s ]
INFO: [ view_parse ] --START--
INFO: [ template_filter ] --START--
INFO: Run Behavior\ContentReplaceBehavior [ RunTime:0.000088s ]
INFO: [ template_filter ] --END-- [ RunTime:0.000181s ]
INFO: Run Behavior\ParseTemplateBehavior [ RunTime:0.006646s ]
INFO: [ view_parse ] --END-- [ RunTime:0.006696s ]
INFO: [ view_filter ] --START--
INFO: Run Behavior\WriteHtmlCacheBehavior [ RunTime:0.000172s ]
INFO: [ view_filter ] --END-- [ RunTime:0.000212s ]
INFO: [ app_end ] --START--
INFO: Run Behavior\ShowPageTraceBehavior [ RunTime:0.000494s ]
INFO: [ app_end ] --END-- [ RunTime:0.000543s ]

[ 2016-09-26T19:40:16+08:00 ] 121.201.3.223 /admin.php/Article/getarticles
INFO: [ app_begin ] --START--
INFO: Run Behavior\ReadHtmlCacheBehavior [ RunTime:0.000664s ]
INFO: [ app_begin ] --END-- [ RunTime:0.001126s ]
SQL: SHOW COLUMNS FROM `blog_article` [ RunTime:0.0014s ]
SQL: SHOW COLUMNS FROM `blog_article` [ RunTime:0.0008s ]
SQL: SELECT ba.a_id,ba.a_title,ba.a_content,ba.a_views,ba.a_type,blog_admin.name,bac.cate_name,ba.create_time FROM blog_article ba left JOIN blog_article_cate bac on ba.cate_id = bac.cate_id INNER JOIN blog_admin on ba.a_author = blog_admin.id  ORDER BY `create_time` DESC LIMIT 0,20   [ RunTime:0.0028s ]
SQL: SELECT COUNT(*) AS tp_count FROM `blog_article` LIMIT 1   [ RunTime:0.0002s ]

[ 2016-09-26T19:40:16+08:00 ] 121.201.3.223 /admin.php/null?_=1474888754796
INFO: [ app_begin ] --START--
INFO: Run Behavior\ReadHtmlCacheBehavior [ RunTime:0.000688s ]
INFO: [ app_begin ] --END-- [ RunTime:0.001159s ]
ERR: 无法加载控制器:Null

