[ 2016-08-12T00:03:44+08:00 ] ::1 /thinkphp/admin.php/showNav
INFO: [ app_begin ] --START--
INFO: Run Behavior\ReadHtmlCacheBehavior [ RunTime:0.001000s ]
INFO: [ app_begin ] --END-- [ RunTime:0.002000s ]
ERR: 无法加载控制器:ShowNav

[ 2016-08-12T00:04:12+08:00 ] ::1 /thinkphp/admin.php/Index/showNav
INFO: [ app_begin ] --START--
INFO: Run Behavior\ReadHtmlCacheBehavior [ RunTime:0.001000s ]
INFO: [ app_begin ] --END-- [ RunTime:0.001000s ]
SQL: SHOW COLUMNS FROM `blog_admin_nav` [ RunTime:0.0480s ]
SQL: SELECT `id`,`text`,`state`,`url` FROM `blog_admin_nav` WHERE `nid` = 0  [ RunTime:0.0000s ]

[ 2016-08-12T00:04:13+08:00 ] ::1 /thinkphp/admin.php/Index/showNav
INFO: [ app_begin ] --START--
INFO: Run Behavior\ReadHtmlCacheBehavior [ RunTime:0.001000s ]
INFO: [ app_begin ] --END-- [ RunTime:0.002000s ]
SQL: SHOW COLUMNS FROM `blog_admin_nav` [ RunTime:0.0060s ]
SQL: SELECT `id`,`text`,`state`,`url` FROM `blog_admin_nav` WHERE `nid` = 1  [ RunTime:0.0000s ]

[ 2016-08-12T00:04:14+08:00 ] ::1 /thinkphp/admin.php/Index/showNav
INFO: [ app_begin ] --START--
INFO: Run Behavior\ReadHtmlCacheBehavior [ RunTime:0.000000s ]
INFO: [ app_begin ] --END-- [ RunTime:0.001000s ]
SQL: SHOW COLUMNS FROM `blog_admin_nav` [ RunTime:0.0060s ]
SQL: SELECT `id`,`text`,`state`,`url` FROM `blog_admin_nav` WHERE `nid` = 5  [ RunTime:0.0010s ]

[ 2016-08-12T00:04:15+08:00 ] ::1 /thinkphp/admin.php/Index/showNav
INFO: [ app_begin ] --START--
INFO: Run Behavior\ReadHtmlCacheBehavior [ RunTime:0.001000s ]
INFO: [ app_begin ] --END-- [ RunTime:0.002001s ]
SQL: SHOW COLUMNS FROM `blog_admin_nav` [ RunTime:0.0040s ]
SQL: SELECT `id`,`text`,`state`,`url` FROM `blog_admin_nav` WHERE `nid` = 8  [ RunTime:0.0010s ]

[ 2016-08-12T00:04:17+08:00 ] ::1 /thinkphp/admin.php/Index/showNav
INFO: [ app_begin ] --START--
INFO: Run Behavior\ReadHtmlCacheBehavior [ RunTime:0.000000s ]
INFO: [ app_begin ] --END-- [ RunTime:0.001000s ]
SQL: SHOW COLUMNS FROM `blog_admin_nav` [ RunTime:0.0040s ]
SQL: SELECT `id`,`text`,`state`,`url` FROM `blog_admin_nav` WHERE `nid` = 0  [ RunTime:0.0010s ]

[ 2016-08-12T00:04:18+08:00 ] ::1 /thinkphp/admin.php/Index/showNav
INFO: [ app_begin ] --START--
INFO: Run Behavior\ReadHtmlCacheBehavior [ RunTime:0.000000s ]
INFO: [ app_begin ] --END-- [ RunTime:0.001000s ]
SQL: SHOW COLUMNS FROM `blog_admin_nav` [ RunTime:0.0050s ]
SQL: SELECT `id`,`text`,`state`,`url` FROM `blog_admin_nav` WHERE `nid` = 1  [ RunTime:0.0010s ]

[ 2016-08-12T00:04:19+08:00 ] ::1 /thinkphp/admin.php/Index/showNav
INFO: [ app_begin ] --START--
INFO: Run Behavior\ReadHtmlCacheBehavior [ RunTime:0.001000s ]
INFO: [ app_begin ] --END-- [ RunTime:0.002000s ]
SQL: SHOW COLUMNS FROM `blog_admin_nav` [ RunTime:0.0040s ]
SQL: SELECT `id`,`text`,`state`,`url` FROM `blog_admin_nav` WHERE `nid` = 8  [ RunTime:0.0000s ]

[ 2016-08-12T00:04:20+08:00 ] ::1 /thinkphp/admin.php/Index/showNav
INFO: [ app_begin ] --START--
INFO: Run Behavior\ReadHtmlCacheBehavior [ RunTime:0.000000s ]
INFO: [ app_begin ] --END-- [ RunTime:0.001001s ]
SQL: SHOW COLUMNS FROM `blog_admin_nav` [ RunTime:0.0040s ]
SQL: SELECT `id`,`text`,`state`,`url` FROM `blog_admin_nav` WHERE `nid` = 5  [ RunTime:0.0000s ]

[ 2016-08-12T00:04:45+08:00 ] ::1 /thinkphp/admin.php/Index/showNav
INFO: [ app_begin ] --START--
INFO: Run Behavior\ReadHtmlCacheBehavior [ RunTime:0.000000s ]
INFO: [ app_begin ] --END-- [ RunTime:0.001000s ]
SQL: SHOW COLUMNS FROM `blog_admin_nav` [ RunTime:0.0040s ]
SQL: SELECT `id`,`text`,`state`,`url` FROM `blog_admin_nav` WHERE `nid` = 0  [ RunTime:0.0010s ]

[ 2016-08-12T00:04:46+08:00 ] ::1 /thinkphp/admin.php/Index/showNav
INFO: [ app_begin ] --START--
INFO: Run Behavior\ReadHtmlCacheBehavior [ RunTime:0.001000s ]
INFO: [ app_begin ] --END-- [ RunTime:0.001000s ]
SQL: SHOW COLUMNS FROM `blog_admin_nav` [ RunTime:0.0040s ]
SQL: SELECT `id`,`text`,`state`,`url` FROM `blog_admin_nav` WHERE `nid` = 1  [ RunTime:0.0010s ]

[ 2016-08-12T00:04:47+08:00 ] ::1 /thinkphp/admin.php/Index/showNav
INFO: [ app_begin ] --START--
INFO: Run Behavior\ReadHtmlCacheBehavior [ RunTime:0.000000s ]
INFO: [ app_begin ] --END-- [ RunTime:0.001000s ]
SQL: SHOW COLUMNS FROM `blog_admin_nav` [ RunTime:0.0050s ]
SQL: SELECT `id`,`text`,`state`,`url` FROM `blog_admin_nav` WHERE `nid` = 5  [ RunTime:0.0010s ]

[ 2016-08-12T00:04:48+08:00 ] ::1 /thinkphp/admin.php/Index/showNav
INFO: [ app_begin ] --START--
INFO: Run Behavior\ReadHtmlCacheBehavior [ RunTime:0.001000s ]
INFO: [ app_begin ] --END-- [ RunTime:0.001000s ]
SQL: SHOW COLUMNS FROM `blog_admin_nav` [ RunTime:0.0040s ]
SQL: SELECT `id`,`text`,`state`,`url` FROM `blog_admin_nav` WHERE `nid` = 8  [ RunTime:0.0010s ]

[ 2016-08-12T00:04:48+08:00 ] ::1 /thinkphp/admin.php/Index/logout
INFO: [ app_begin ] --START--
INFO: Run Behavior\ReadHtmlCacheBehavior [ RunTime:0.001000s ]
INFO: [ app_begin ] --END-- [ RunTime:0.001000s ]
INFO: [ app_end ] --START--
INFO: Run Behavior\ShowPageTraceBehavior [ RunTime:0.000000s ]
INFO: [ app_end ] --END-- [ RunTime:0.001000s ]

[ 2016-08-12T00:04:48+08:00 ] ::1 /thinkphp/admin.php/Index/logout
INFO: [ app_begin ] --START--
INFO: Run Behavior\ReadHtmlCacheBehavior [ RunTime:0.000000s ]
INFO: [ app_begin ] --END-- [ RunTime:0.001000s ]
INFO: [ app_end ] --START--
INFO: Run Behavior\ShowPageTraceBehavior [ RunTime:0.000000s ]
INFO: [ app_end ] --END-- [ RunTime:0.000000s ]

[ 2016-08-12T00:04:57+08:00 ] ::1 /thinkphp/admin.php/Login/Login/login
INFO: [ app_begin ] --START--
INFO: Run Behavior\ReadHtmlCacheBehavior [ RunTime:0.000000s ]
INFO: [ app_begin ] --END-- [ RunTime:0.000000s ]
SQL: SHOW COLUMNS FROM `blog_admin` [ RunTime:0.0040s ]
SQL: SELECT * FROM `blog_admin` WHERE `name` = 'joychi' AND `password` = '066eca7e6ec134fb5b064223345e830d' LIMIT 1   [ RunTime:0.0000s ]
NOTIC: [8] A session had already been started - ignoring session_start() E:\phpstudy\WWW\thinkphp\ThinkPHP\Common\functions.php 第 1263 行.
INFO: [ app_end ] --START--
INFO: Run Behavior\ShowPageTraceBehavior [ RunTime:0.001000s ]
INFO: [ app_end ] --END-- [ RunTime:0.001000s ]

[ 2016-08-12T00:04:58+08:00 ] ::1 /thinkphp/admin.php/Index/showNav
INFO: [ app_begin ] --START--
INFO: Run Behavior\ReadHtmlCacheBehavior [ RunTime:0.001000s ]
INFO: [ app_begin ] --END-- [ RunTime:0.001000s ]
SQL: SHOW COLUMNS FROM `blog_admin_nav` [ RunTime:0.0040s ]
SQL: SELECT `id`,`text`,`state`,`url` FROM `blog_admin_nav` WHERE `nid` = 0  [ RunTime:0.0000s ]

[ 2016-08-12T00:04:59+08:00 ] ::1 /thinkphp/admin.php/Index/showNav
INFO: [ app_begin ] --START--
INFO: Run Behavior\ReadHtmlCacheBehavior [ RunTime:0.001000s ]
INFO: [ app_begin ] --END-- [ RunTime:0.001000s ]
SQL: SHOW COLUMNS FROM `blog_admin_nav` [ RunTime:0.0040s ]
SQL: SELECT `id`,`text`,`state`,`url` FROM `blog_admin_nav` WHERE `nid` = 1  [ RunTime:0.0000s ]

[ 2016-08-12T00:05:00+08:00 ] ::1 /thinkphp/admin.php/Index/showNav
INFO: [ app_begin ] --START--
INFO: Run Behavior\ReadHtmlCacheBehavior [ RunTime:0.000000s ]
INFO: [ app_begin ] --END-- [ RunTime:0.000000s ]
SQL: SHOW COLUMNS FROM `blog_admin_nav` [ RunTime:0.0040s ]
SQL: SELECT `id`,`text`,`state`,`url` FROM `blog_admin_nav` WHERE `nid` = 8  [ RunTime:0.0010s ]

[ 2016-08-12T00:05:02+08:00 ] ::1 /thinkphp/admin.php/Index/showNav
INFO: [ app_begin ] --START--
INFO: Run Behavior\ReadHtmlCacheBehavior [ RunTime:0.000000s ]
INFO: [ app_begin ] --END-- [ RunTime:0.000000s ]
SQL: SHOW COLUMNS FROM `blog_admin_nav` [ RunTime:0.0050s ]
SQL: SELECT `id`,`text`,`state`,`url` FROM `blog_admin_nav` WHERE `nid` = 5  [ RunTime:0.0010s ]

[ 2016-08-12T00:05:02+08:00 ] ::1 /thinkphp/admin.php/Index/logout
INFO: [ app_begin ] --START--
INFO: Run Behavior\ReadHtmlCacheBehavior [ RunTime:0.001000s ]
INFO: [ app_begin ] --END-- [ RunTime:0.001000s ]
INFO: [ app_end ] --START--
INFO: Run Behavior\ShowPageTraceBehavior [ RunTime:0.002000s ]
INFO: [ app_end ] --END-- [ RunTime:0.002000s ]

[ 2016-08-12T00:05:08+08:00 ] ::1 /thinkphp/admin.php/Login/Login/login
INFO: [ app_begin ] --START--
INFO: Run Behavior\ReadHtmlCacheBehavior [ RunTime:0.000000s ]
INFO: [ app_begin ] --END-- [ RunTime:0.001000s ]
SQL: SHOW COLUMNS FROM `blog_admin` [ RunTime:0.0040s ]
SQL: SELECT * FROM `blog_admin` WHERE `name` = 'joychi' AND `password` = '066eca7e6ec134fb5b064223345e830d' LIMIT 1   [ RunTime:0.0010s ]
NOTIC: [8] A session had already been started - ignoring session_start() E:\phpstudy\WWW\thinkphp\ThinkPHP\Common\functions.php 第 1263 行.
INFO: [ app_end ] --START--
INFO: Run Behavior\ShowPageTraceBehavior [ RunTime:0.000000s ]
INFO: [ app_end ] --END-- [ RunTime:0.000000s ]

[ 2016-08-12T00:05:09+08:00 ] ::1 /thinkphp/admin.php/Index/showNav
INFO: [ app_begin ] --START--
INFO: Run Behavior\ReadHtmlCacheBehavior [ RunTime:0.001000s ]
INFO: [ app_begin ] --END-- [ RunTime:0.001000s ]
SQL: SHOW COLUMNS FROM `blog_admin_nav` [ RunTime:0.0040s ]
SQL: SELECT `id`,`text`,`state`,`url` FROM `blog_admin_nav` WHERE `nid` = 0  [ RunTime:0.0000s ]

[ 2016-08-12T00:05:10+08:00 ] ::1 /thinkphp/admin.php/Index/showNav
INFO: [ app_begin ] --START--
INFO: Run Behavior\ReadHtmlCacheBehavior [ RunTime:0.000000s ]
INFO: [ app_begin ] --END-- [ RunTime:0.001000s ]
SQL: SHOW COLUMNS FROM `blog_admin_nav` [ RunTime:0.0040s ]
SQL: SELECT `id`,`text`,`state`,`url` FROM `blog_admin_nav` WHERE `nid` = 1  [ RunTime:0.0000s ]

[ 2016-08-12T00:05:11+08:00 ] ::1 /thinkphp/admin.php/Index/showNav
INFO: [ app_begin ] --START--
INFO: Run Behavior\ReadHtmlCacheBehavior [ RunTime:0.000000s ]
INFO: [ app_begin ] --END-- [ RunTime:0.001001s ]
SQL: SHOW COLUMNS FROM `blog_admin_nav` [ RunTime:0.0040s ]
SQL: SELECT `id`,`text`,`state`,`url` FROM `blog_admin_nav` WHERE `nid` = 5  [ RunTime:0.0000s ]

[ 2016-08-12T00:05:12+08:00 ] ::1 /thinkphp/admin.php/Index/showNav
INFO: [ app_begin ] --START--
INFO: Run Behavior\ReadHtmlCacheBehavior [ RunTime:0.001000s ]
INFO: [ app_begin ] --END-- [ RunTime:0.001000s ]
SQL: SHOW COLUMNS FROM `blog_admin_nav` [ RunTime:0.0040s ]
SQL: SELECT `id`,`text`,`state`,`url` FROM `blog_admin_nav` WHERE `nid` = 8  [ RunTime:0.0010s ]

[ 2016-08-12T00:05:20+08:00 ] ::1 /thinkphp/admin.php/Members/index?_=1470931508291
INFO: [ app_begin ] --START--
INFO: Run Behavior\ReadHtmlCacheBehavior [ RunTime:0.000000s ]
INFO: [ app_begin ] --END-- [ RunTime:0.000000s ]
INFO: [ view_parse ] --START--
INFO: [ template_filter ] --START--
INFO: Run Behavior\ContentReplaceBehavior [ RunTime:0.000000s ]
INFO: [ template_filter ] --END-- [ RunTime:0.000000s ]
INFO: Run Behavior\ParseTemplateBehavior [ RunTime:0.006000s ]
INFO: [ view_parse ] --END-- [ RunTime:0.006000s ]
INFO: [ view_filter ] --START--
INFO: Run Behavior\WriteHtmlCacheBehavior [ RunTime:0.000000s ]
INFO: [ view_filter ] --END-- [ RunTime:0.000000s ]
INFO: [ app_end ] --START--
INFO: Run Behavior\ShowPageTraceBehavior [ RunTime:0.000000s ]
INFO: [ app_end ] --END-- [ RunTime:0.000000s ]

[ 2016-08-12T00:05:21+08:00 ] ::1 /thinkphp/admin.php/Members/getmembers
INFO: [ app_begin ] --START--
INFO: Run Behavior\ReadHtmlCacheBehavior [ RunTime:0.001000s ]
INFO: [ app_begin ] --END-- [ RunTime:0.001000s ]
SQL: SHOW COLUMNS FROM `blog_members` [ RunTime:0.0780s ]
SQL: SELECT `id`,`name`,`email`,`qq`,`reg_time`,`login_time`,`login_ip` FROM `blog_members` ORDER BY `reg_time` DESC LIMIT 0,20   [ RunTime:0.0010s ]
NOTIC: [8] Undefined index: login_time E:\phpstudy\WWW\thinkphp\blog\Admin\Model\MembersModel.class.php 第 26 行.
NOTIC: [8] Undefined index: reg_time E:\phpstudy\WWW\thinkphp\blog\Admin\Model\MembersModel.class.php 第 27 行.
NOTIC: [8] Undefined index: login_time E:\phpstudy\WWW\thinkphp\blog\Admin\Model\MembersModel.class.php 第 26 行.
NOTIC: [8] Undefined index: reg_time E:\phpstudy\WWW\thinkphp\blog\Admin\Model\MembersModel.class.php 第 27 行.
NOTIC: [8] Undefined index: login_time E:\phpstudy\WWW\thinkphp\blog\Admin\Model\MembersModel.class.php 第 26 行.
NOTIC: [8] Undefined index: reg_time E:\phpstudy\WWW\thinkphp\blog\Admin\Model\MembersModel.class.php 第 27 行.
NOTIC: [8] Undefined index: login_time E:\phpstudy\WWW\thinkphp\blog\Admin\Model\MembersModel.class.php 第 26 行.
NOTIC: [8] Undefined index: reg_time E:\phpstudy\WWW\thinkphp\blog\Admin\Model\MembersModel.class.php 第 27 行.
NOTIC: [8] Undefined index: login_time E:\phpstudy\WWW\thinkphp\blog\Admin\Model\MembersModel.class.php 第 26 行.
NOTIC: [8] Undefined index: reg_time E:\phpstudy\WWW\thinkphp\blog\Admin\Model\MembersModel.class.php 第 27 行.
NOTIC: [8] Undefined index: login_time E:\phpstudy\WWW\thinkphp\blog\Admin\Model\MembersModel.class.php 第 26 行.
NOTIC: [8] Undefined index: reg_time E:\phpstudy\WWW\thinkphp\blog\Admin\Model\MembersModel.class.php 第 27 行.
NOTIC: [8] Undefined index: login_time E:\phpstudy\WWW\thinkphp\blog\Admin\Model\MembersModel.class.php 第 26 行.
NOTIC: [8] Undefined index: reg_time E:\phpstudy\WWW\thinkphp\blog\Admin\Model\MembersModel.class.php 第 27 行.
NOTIC: [8] Undefined index: login_time E:\phpstudy\WWW\thinkphp\blog\Admin\Model\MembersModel.class.php 第 26 行.
NOTIC: [8] Undefined index: reg_time E:\phpstudy\WWW\thinkphp\blog\Admin\Model\MembersModel.class.php 第 27 行.
NOTIC: [8] Undefined index: login_time E:\phpstudy\WWW\thinkphp\blog\Admin\Model\MembersModel.class.php 第 26 行.
NOTIC: [8] Undefined index: reg_time E:\phpstudy\WWW\thinkphp\blog\Admin\Model\MembersModel.class.php 第 27 行.
NOTIC: [8] Undefined index: login_time E:\phpstudy\WWW\thinkphp\blog\Admin\Model\MembersModel.class.php 第 26 行.
NOTIC: [8] Undefined index: reg_time E:\phpstudy\WWW\thinkphp\blog\Admin\Model\MembersModel.class.php 第 27 行.
NOTIC: [8] Undefined index: login_time E:\phpstudy\WWW\thinkphp\blog\Admin\Model\MembersModel.class.php 第 26 行.
NOTIC: [8] Undefined index: reg_time E:\phpstudy\WWW\thinkphp\blog\Admin\Model\MembersModel.class.php 第 27 行.
NOTIC: [8] Undefined index: login_time E:\phpstudy\WWW\thinkphp\blog\Admin\Model\MembersModel.class.php 第 26 行.
NOTIC: [8] Undefined index: reg_time E:\phpstudy\WWW\thinkphp\blog\Admin\Model\MembersModel.class.php 第 27 行.
NOTIC: [8] Undefined index: login_time E:\phpstudy\WWW\thinkphp\blog\Admin\Model\MembersModel.class.php 第 26 行.
NOTIC: [8] Undefined index: reg_time E:\phpstudy\WWW\thinkphp\blog\Admin\Model\MembersModel.class.php 第 27 行.
NOTIC: [8] Undefined index: login_time E:\phpstudy\WWW\thinkphp\blog\Admin\Model\MembersModel.class.php 第 26 行.
NOTIC: [8] Undefined index: reg_time E:\phpstudy\WWW\thinkphp\blog\Admin\Model\MembersModel.class.php 第 27 行.
NOTIC: [8] Undefined index: login_time E:\phpstudy\WWW\thinkphp\blog\Admin\Model\MembersModel.class.php 第 26 行.
NOTIC: [8] Undefined index: reg_time E:\phpstudy\WWW\thinkphp\blog\Admin\Model\MembersModel.class.php 第 27 行.
NOTIC: [8] Undefined index: login_time E:\phpstudy\WWW\thinkphp\blog\Admin\Model\MembersModel.class.php 第 26 行.
NOTIC: [8] Undefined index: reg_time E:\phpstudy\WWW\thinkphp\blog\Admin\Model\MembersModel.class.php 第 27 行.
NOTIC: [8] Undefined index: login_time E:\phpstudy\WWW\thinkphp\blog\Admin\Model\MembersModel.class.php 第 26 行.
NOTIC: [8] Undefined index: reg_time E:\phpstudy\WWW\thinkphp\blog\Admin\Model\MembersModel.class.php 第 27 行.
NOTIC: [8] Undefined index: login_time E:\phpstudy\WWW\thinkphp\blog\Admin\Model\MembersModel.class.php 第 26 行.
NOTIC: [8] Undefined index: reg_time E:\phpstudy\WWW\thinkphp\blog\Admin\Model\MembersModel.class.php 第 27 行.
NOTIC: [8] Undefined index: login_time E:\phpstudy\WWW\thinkphp\blog\Admin\Model\MembersModel.class.php 第 26 行.
NOTIC: [8] Undefined index: reg_time E:\phpstudy\WWW\thinkphp\blog\Admin\Model\MembersModel.class.php 第 27 行.
NOTIC: [8] Undefined index: login_time E:\phpstudy\WWW\thinkphp\blog\Admin\Model\MembersModel.class.php 第 26 行.
NOTIC: [8] Undefined index: reg_time E:\phpstudy\WWW\thinkphp\blog\Admin\Model\MembersModel.class.php 第 27 行.
SQL: SELECT COUNT(*) AS tp_count FROM `blog_members` LIMIT 1   [ RunTime:0.0000s ]

[ 2016-08-12T00:05:28+08:00 ] ::1 /thinkphp/admin.php/Members/getmembers
INFO: [ app_begin ] --START--
INFO: Run Behavior\ReadHtmlCacheBehavior [ RunTime:0.001000s ]
INFO: [ app_begin ] --END-- [ RunTime:0.002001s ]
SQL: SHOW COLUMNS FROM `blog_members` [ RunTime:0.0040s ]
SQL: SELECT `id`,`name`,`email`,`qq`,`reg_time`,`login_time`,`login_ip` FROM `blog_members` ORDER BY `reg_time` DESC LIMIT 0,20   [ RunTime:0.0010s ]
NOTIC: [8] Undefined index: login_time E:\phpstudy\WWW\thinkphp\blog\Admin\Model\MembersModel.class.php 第 26 行.
NOTIC: [8] Undefined index: reg_time E:\phpstudy\WWW\thinkphp\blog\Admin\Model\MembersModel.class.php 第 27 行.
NOTIC: [8] Undefined index: login_time E:\phpstudy\WWW\thinkphp\blog\Admin\Model\MembersModel.class.php 第 26 行.
NOTIC: [8] Undefined index: reg_time E:\phpstudy\WWW\thinkphp\blog\Admin\Model\MembersModel.class.php 第 27 行.
NOTIC: [8] Undefined index: login_time E:\phpstudy\WWW\thinkphp\blog\Admin\Model\MembersModel.class.php 第 26 行.
NOTIC: [8] Undefined index: reg_time E:\phpstudy\WWW\thinkphp\blog\Admin\Model\MembersModel.class.php 第 27 行.
NOTIC: [8] Undefined index: login_time E:\phpstudy\WWW\thinkphp\blog\Admin\Model\MembersModel.class.php 第 26 行.
NOTIC: [8] Undefined index: reg_time E:\phpstudy\WWW\thinkphp\blog\Admin\Model\MembersModel.class.php 第 27 行.
NOTIC: [8] Undefined index: login_time E:\phpstudy\WWW\thinkphp\blog\Admin\Model\MembersModel.class.php 第 26 行.
NOTIC: [8] Undefined index: reg_time E:\phpstudy\WWW\thinkphp\blog\Admin\Model\MembersModel.class.php 第 27 行.
NOTIC: [8] Undefined index: login_time E:\phpstudy\WWW\thinkphp\blog\Admin\Model\MembersModel.class.php 第 26 行.
NOTIC: [8] Undefined index: reg_time E:\phpstudy\WWW\thinkphp\blog\Admin\Model\MembersModel.class.php 第 27 行.
NOTIC: [8] Undefined index: login_time E:\phpstudy\WWW\thinkphp\blog\Admin\Model\MembersModel.class.php 第 26 行.
NOTIC: [8] Undefined index: reg_time E:\phpstudy\WWW\thinkphp\blog\Admin\Model\MembersModel.class.php 第 27 行.
NOTIC: [8] Undefined index: login_time E:\phpstudy\WWW\thinkphp\blog\Admin\Model\MembersModel.class.php 第 26 行.
NOTIC: [8] Undefined index: reg_time E:\phpstudy\WWW\thinkphp\blog\Admin\Model\MembersModel.class.php 第 27 行.
NOTIC: [8] Undefined index: login_time E:\phpstudy\WWW\thinkphp\blog\Admin\Model\MembersModel.class.php 第 26 行.
NOTIC: [8] Undefined index: reg_time E:\phpstudy\WWW\thinkphp\blog\Admin\Model\MembersModel.class.php 第 27 行.
NOTIC: [8] Undefined index: login_time E:\phpstudy\WWW\thinkphp\blog\Admin\Model\MembersModel.class.php 第 26 行.
NOTIC: [8] Undefined index: reg_time E:\phpstudy\WWW\thinkphp\blog\Admin\Model\MembersModel.class.php 第 27 行.
NOTIC: [8] Undefined index: login_time E:\phpstudy\WWW\thinkphp\blog\Admin\Model\MembersModel.class.php 第 26 行.
NOTIC: [8] Undefined index: reg_time E:\phpstudy\WWW\thinkphp\blog\Admin\Model\MembersModel.class.php 第 27 行.
NOTIC: [8] Undefined index: login_time E:\phpstudy\WWW\thinkphp\blog\Admin\Model\MembersModel.class.php 第 26 行.
NOTIC: [8] Undefined index: reg_time E:\phpstudy\WWW\thinkphp\blog\Admin\Model\MembersModel.class.php 第 27 行.
NOTIC: [8] Undefined index: login_time E:\phpstudy\WWW\thinkphp\blog\Admin\Model\MembersModel.class.php 第 26 行.
NOTIC: [8] Undefined index: reg_time E:\phpstudy\WWW\thinkphp\blog\Admin\Model\MembersModel.class.php 第 27 行.
NOTIC: [8] Undefined index: login_time E:\phpstudy\WWW\thinkphp\blog\Admin\Model\MembersModel.class.php 第 26 行.
NOTIC: [8] Undefined index: reg_time E:\phpstudy\WWW\thinkphp\blog\Admin\Model\MembersModel.class.php 第 27 行.
NOTIC: [8] Undefined index: login_time E:\phpstudy\WWW\thinkphp\blog\Admin\Model\MembersModel.class.php 第 26 行.
NOTIC: [8] Undefined index: reg_time E:\phpstudy\WWW\thinkphp\blog\Admin\Model\MembersModel.class.php 第 27 行.
NOTIC: [8] Undefined index: login_time E:\phpstudy\WWW\thinkphp\blog\Admin\Model\MembersModel.class.php 第 26 行.
NOTIC: [8] Undefined index: reg_time E:\phpstudy\WWW\thinkphp\blog\Admin\Model\MembersModel.class.php 第 27 行.
NOTIC: [8] Undefined index: login_time E:\phpstudy\WWW\thinkphp\blog\Admin\Model\MembersModel.class.php 第 26 行.
NOTIC: [8] Undefined index: reg_time E:\phpstudy\WWW\thinkphp\blog\Admin\Model\MembersModel.class.php 第 27 行.
NOTIC: [8] Undefined index: login_time E:\phpstudy\WWW\thinkphp\blog\Admin\Model\MembersModel.class.php 第 26 行.
NOTIC: [8] Undefined index: reg_time E:\phpstudy\WWW\thinkphp\blog\Admin\Model\MembersModel.class.php 第 27 行.
NOTIC: [8] Undefined index: login_time E:\phpstudy\WWW\thinkphp\blog\Admin\Model\MembersModel.class.php 第 26 行.
NOTIC: [8] Undefined index: reg_time E:\phpstudy\WWW\thinkphp\blog\Admin\Model\MembersModel.class.php 第 27 行.
NOTIC: [8] Undefined index: login_time E:\phpstudy\WWW\thinkphp\blog\Admin\Model\MembersModel.class.php 第 26 行.
NOTIC: [8] Undefined index: reg_time E:\phpstudy\WWW\thinkphp\blog\Admin\Model\MembersModel.class.php 第 27 行.
SQL: SELECT COUNT(*) AS tp_count FROM `blog_members` LIMIT 1   [ RunTime:0.0010s ]

[ 2016-08-12T00:05:47+08:00 ] ::1 /thinkphp/admin.php/Members/remove
INFO: [ app_begin ] --START--
INFO: Run Behavior\ReadHtmlCacheBehavior [ RunTime:0.001000s ]
INFO: [ app_begin ] --END-- [ RunTime:0.001000s ]
SQL: SHOW COLUMNS FROM `blog_members` [ RunTime:0.0040s ]
SQL: DELETE FROM `blog_members` WHERE `id` = 39 [ RunTime:0.0000s ]
INFO: [ app_end ] --START--
INFO: Run Behavior\ShowPageTraceBehavior [ RunTime:0.000000s ]
INFO: [ app_end ] --END-- [ RunTime:0.000000s ]

[ 2016-08-12T00:05:48+08:00 ] ::1 /thinkphp/admin.php/Members/getmembers
INFO: [ app_begin ] --START--
INFO: Run Behavior\ReadHtmlCacheBehavior [ RunTime:0.001000s ]
INFO: [ app_begin ] --END-- [ RunTime:0.001000s ]
SQL: SHOW COLUMNS FROM `blog_members` [ RunTime:0.0050s ]
SQL: SELECT `id`,`name`,`email`,`qq`,`reg_time`,`login_time`,`login_ip` FROM `blog_members` ORDER BY `reg_time` DESC LIMIT 0,20   [ RunTime:0.0010s ]
NOTIC: [8] Undefined index: login_time E:\phpstudy\WWW\thinkphp\blog\Admin\Model\MembersModel.class.php 第 26 行.
NOTIC: [8] Undefined index: reg_time E:\phpstudy\WWW\thinkphp\blog\Admin\Model\MembersModel.class.php 第 27 行.
NOTIC: [8] Undefined index: login_time E:\phpstudy\WWW\thinkphp\blog\Admin\Model\MembersModel.class.php 第 26 行.
NOTIC: [8] Undefined index: reg_time E:\phpstudy\WWW\thinkphp\blog\Admin\Model\MembersModel.class.php 第 27 行.
NOTIC: [8] Undefined index: login_time E:\phpstudy\WWW\thinkphp\blog\Admin\Model\MembersModel.class.php 第 26 行.
NOTIC: [8] Undefined index: reg_time E:\phpstudy\WWW\thinkphp\blog\Admin\Model\MembersModel.class.php 第 27 行.
NOTIC: [8] Undefined index: login_time E:\phpstudy\WWW\thinkphp\blog\Admin\Model\MembersModel.class.php 第 26 行.
NOTIC: [8] Undefined index: reg_time E:\phpstudy\WWW\thinkphp\blog\Admin\Model\MembersModel.class.php 第 27 行.
NOTIC: [8] Undefined index: login_time E:\phpstudy\WWW\thinkphp\blog\Admin\Model\MembersModel.class.php 第 26 行.
NOTIC: [8] Undefined index: reg_time E:\phpstudy\WWW\thinkphp\blog\Admin\Model\MembersModel.class.php 第 27 行.
NOTIC: [8] Undefined index: login_time E:\phpstudy\WWW\thinkphp\blog\Admin\Model\MembersModel.class.php 第 26 行.
NOTIC: [8] Undefined index: reg_time E:\phpstudy\WWW\thinkphp\blog\Admin\Model\MembersModel.class.php 第 27 行.
NOTIC: [8] Undefined index: login_time E:\phpstudy\WWW\thinkphp\blog\Admin\Model\MembersModel.class.php 第 26 行.
NOTIC: [8] Undefined index: reg_time E:\phpstudy\WWW\thinkphp\blog\Admin\Model\MembersModel.class.php 第 27 行.
NOTIC: [8] Undefined index: login_time E:\phpstudy\WWW\thinkphp\blog\Admin\Model\MembersModel.class.php 第 26 行.
NOTIC: [8] Undefined index: reg_time E:\phpstudy\WWW\thinkphp\blog\Admin\Model\MembersModel.class.php 第 27 行.
NOTIC: [8] Undefined index: login_time E:\phpstudy\WWW\thinkphp\blog\Admin\Model\MembersModel.class.php 第 26 行.
NOTIC: [8] Undefined index: reg_time E:\phpstudy\WWW\thinkphp\blog\Admin\Model\MembersModel.class.php 第 27 行.
NOTIC: [8] Undefined index: login_time E:\phpstudy\WWW\thinkphp\blog\Admin\Model\MembersModel.class.php 第 26 行.
NOTIC: [8] Undefined index: reg_time E:\phpstudy\WWW\thinkphp\blog\Admin\Model\MembersModel.class.php 第 27 行.
NOTIC: [8] Undefined index: login_time E:\phpstudy\WWW\thinkphp\blog\Admin\Model\MembersModel.class.php 第 26 行.
NOTIC: [8] Undefined index: reg_time E:\phpstudy\WWW\thinkphp\blog\Admin\Model\MembersModel.class.php 第 27 行.
NOTIC: [8] Undefined index: login_time E:\phpstudy\WWW\thinkphp\blog\Admin\Model\MembersModel.class.php 第 26 行.
NOTIC: [8] Undefined index: reg_time E:\phpstudy\WWW\thinkphp\blog\Admin\Model\MembersModel.class.php 第 27 行.
NOTIC: [8] Undefined index: login_time E:\phpstudy\WWW\thinkphp\blog\Admin\Model\MembersModel.class.php 第 26 行.
NOTIC: [8] Undefined index: reg_time E:\phpstudy\WWW\thinkphp\blog\Admin\Model\MembersModel.class.php 第 27 行.
NOTIC: [8] Undefined index: login_time E:\phpstudy\WWW\thinkphp\blog\Admin\Model\MembersModel.class.php 第 26 行.
NOTIC: [8] Undefined index: reg_time E:\phpstudy\WWW\thinkphp\blog\Admin\Model\MembersModel.class.php 第 27 行.
NOTIC: [8] Undefined index: login_time E:\phpstudy\WWW\thinkphp\blog\Admin\Model\MembersModel.class.php 第 26 行.
NOTIC: [8] Undefined index: reg_time E:\phpstudy\WWW\thinkphp\blog\Admin\Model\MembersModel.class.php 第 27 行.
NOTIC: [8] Undefined index: login_time E:\phpstudy\WWW\thinkphp\blog\Admin\Model\MembersModel.class.php 第 26 行.
NOTIC: [8] Undefined index: reg_time E:\phpstudy\WWW\thinkphp\blog\Admin\Model\MembersModel.class.php 第 27 行.
NOTIC: [8] Undefined index: login_time E:\phpstudy\WWW\thinkphp\blog\Admin\Model\MembersModel.class.php 第 26 行.
NOTIC: [8] Undefined index: reg_time E:\phpstudy\WWW\thinkphp\blog\Admin\Model\MembersModel.class.php 第 27 行.
NOTIC: [8] Undefined index: login_time E:\phpstudy\WWW\thinkphp\blog\Admin\Model\MembersModel.class.php 第 26 行.
NOTIC: [8] Undefined index: reg_time E:\phpstudy\WWW\thinkphp\blog\Admin\Model\MembersModel.class.php 第 27 行.
NOTIC: [8] Undefined index: login_time E:\phpstudy\WWW\thinkphp\blog\Admin\Model\MembersModel.class.php 第 26 行.
NOTIC: [8] Undefined index: reg_time E:\phpstudy\WWW\thinkphp\blog\Admin\Model\MembersModel.class.php 第 27 行.
NOTIC: [8] Undefined index: login_time E:\phpstudy\WWW\thinkphp\blog\Admin\Model\MembersModel.class.php 第 26 行.
NOTIC: [8] Undefined index: reg_time E:\phpstudy\WWW\thinkphp\blog\Admin\Model\MembersModel.class.php 第 27 行.
SQL: SELECT COUNT(*) AS tp_count FROM `blog_members` LIMIT 1   [ RunTime:0.0010s ]

[ 2016-08-12T00:13:09+08:00 ] ::1 /thinkphp/admin.php/Members/index?_=1470931451370
INFO: [ app_begin ] --START--
INFO: Run Behavior\ReadHtmlCacheBehavior [ RunTime:0.001000s ]
INFO: [ app_begin ] --END-- [ RunTime:0.001000s ]
INFO: [ view_parse ] --START--
INFO: [ template_filter ] --START--
INFO: Run Behavior\ContentReplaceBehavior [ RunTime:0.000000s ]
INFO: [ template_filter ] --END-- [ RunTime:0.000000s ]
INFO: Run Behavior\ParseTemplateBehavior [ RunTime:0.019001s ]
INFO: [ view_parse ] --END-- [ RunTime:0.019001s ]
INFO: [ view_filter ] --START--
INFO: Run Behavior\WriteHtmlCacheBehavior [ RunTime:0.000000s ]
INFO: [ view_filter ] --END-- [ RunTime:0.001000s ]
INFO: [ app_end ] --START--
INFO: Run Behavior\ShowPageTraceBehavior [ RunTime:0.000000s ]
INFO: [ app_end ] --END-- [ RunTime:0.000000s ]

[ 2016-08-12T00:13:10+08:00 ] ::1 /thinkphp/admin.php/Members/getmembers
INFO: [ app_begin ] --START--
INFO: Run Behavior\ReadHtmlCacheBehavior [ RunTime:0.000000s ]
INFO: [ app_begin ] --END-- [ RunTime:0.001000s ]
SQL: SHOW COLUMNS FROM `blog_members` [ RunTime:0.0050s ]
SQL: SELECT `id`,`name`,`email`,`qq`,`reg_time`,`login_time`,`login_ip` FROM `blog_members` ORDER BY `reg_time` DESC LIMIT 0,20   [ RunTime:0.0010s ]
NOTIC: [8] Undefined index: login_time E:\phpstudy\WWW\thinkphp\blog\Admin\Model\MembersModel.class.php 第 26 行.
NOTIC: [8] Undefined index: reg_time E:\phpstudy\WWW\thinkphp\blog\Admin\Model\MembersModel.class.php 第 27 行.
NOTIC: [8] Undefined index: login_time E:\phpstudy\WWW\thinkphp\blog\Admin\Model\MembersModel.class.php 第 26 行.
NOTIC: [8] Undefined index: reg_time E:\phpstudy\WWW\thinkphp\blog\Admin\Model\MembersModel.class.php 第 27 行.
NOTIC: [8] Undefined index: login_time E:\phpstudy\WWW\thinkphp\blog\Admin\Model\MembersModel.class.php 第 26 行.
NOTIC: [8] Undefined index: reg_time E:\phpstudy\WWW\thinkphp\blog\Admin\Model\MembersModel.class.php 第 27 行.
NOTIC: [8] Undefined index: login_time E:\phpstudy\WWW\thinkphp\blog\Admin\Model\MembersModel.class.php 第 26 行.
NOTIC: [8] Undefined index: reg_time E:\phpstudy\WWW\thinkphp\blog\Admin\Model\MembersModel.class.php 第 27 行.
NOTIC: [8] Undefined index: login_time E:\phpstudy\WWW\thinkphp\blog\Admin\Model\MembersModel.class.php 第 26 行.
NOTIC: [8] Undefined index: reg_time E:\phpstudy\WWW\thinkphp\blog\Admin\Model\MembersModel.class.php 第 27 行.
NOTIC: [8] Undefined index: login_time E:\phpstudy\WWW\thinkphp\blog\Admin\Model\MembersModel.class.php 第 26 行.
NOTIC: [8] Undefined index: reg_time E:\phpstudy\WWW\thinkphp\blog\Admin\Model\MembersModel.class.php 第 27 行.
NOTIC: [8] Undefined index: login_time E:\phpstudy\WWW\thinkphp\blog\Admin\Model\MembersModel.class.php 第 26 行.
NOTIC: [8] Undefined index: reg_time E:\phpstudy\WWW\thinkphp\blog\Admin\Model\MembersModel.class.php 第 27 行.
NOTIC: [8] Undefined index: login_time E:\phpstudy\WWW\thinkphp\blog\Admin\Model\MembersModel.class.php 第 26 行.
NOTIC: [8] Undefined index: reg_time E:\phpstudy\WWW\thinkphp\blog\Admin\Model\MembersModel.class.php 第 27 行.
NOTIC: [8] Undefined index: login_time E:\phpstudy\WWW\thinkphp\blog\Admin\Model\MembersModel.class.php 第 26 行.
NOTIC: [8] Undefined index: reg_time E:\phpstudy\WWW\thinkphp\blog\Admin\Model\MembersModel.class.php 第 27 行.
NOTIC: [8] Undefined index: login_time E:\phpstudy\WWW\thinkphp\blog\Admin\Model\MembersModel.class.php 第 26 行.
NOTIC: [8] Undefined index: reg_time E:\phpstudy\WWW\thinkphp\blog\Admin\Model\MembersModel.class.php 第 27 行.
NOTIC: [8] Undefined index: login_time E:\phpstudy\WWW\thinkphp\blog\Admin\Model\MembersModel.class.php 第 26 行.
NOTIC: [8] Undefined index: reg_time E:\phpstudy\WWW\thinkphp\blog\Admin\Model\MembersModel.class.php 第 27 行.
NOTIC: [8] Undefined index: login_time E:\phpstudy\WWW\thinkphp\blog\Admin\Model\MembersModel.class.php 第 26 行.
NOTIC: [8] Undefined index: reg_time E:\phpstudy\WWW\thinkphp\blog\Admin\Model\MembersModel.class.php 第 27 行.
NOTIC: [8] Undefined index: login_time E:\phpstudy\WWW\thinkphp\blog\Admin\Model\MembersModel.class.php 第 26 行.
NOTIC: [8] Undefined index: reg_time E:\phpstudy\WWW\thinkphp\blog\Admin\Model\MembersModel.class.php 第 27 行.
NOTIC: [8] Undefined index: login_time E:\phpstudy\WWW\thinkphp\blog\Admin\Model\MembersModel.class.php 第 26 行.
NOTIC: [8] Undefined index: reg_time E:\phpstudy\WWW\thinkphp\blog\Admin\Model\MembersModel.class.php 第 27 行.
NOTIC: [8] Undefined index: login_time E:\phpstudy\WWW\thinkphp\blog\Admin\Model\MembersModel.class.php 第 26 行.
NOTIC: [8] Undefined index: reg_time E:\phpstudy\WWW\thinkphp\blog\Admin\Model\MembersModel.class.php 第 27 行.
NOTIC: [8] Undefined index: login_time E:\phpstudy\WWW\thinkphp\blog\Admin\Model\MembersModel.class.php 第 26 行.
NOTIC: [8] Undefined index: reg_time E:\phpstudy\WWW\thinkphp\blog\Admin\Model\MembersModel.class.php 第 27 行.
NOTIC: [8] Undefined index: login_time E:\phpstudy\WWW\thinkphp\blog\Admin\Model\MembersModel.class.php 第 26 行.
NOTIC: [8] Undefined index: reg_time E:\phpstudy\WWW\thinkphp\blog\Admin\Model\MembersModel.class.php 第 27 行.
NOTIC: [8] Undefined index: login_time E:\phpstudy\WWW\thinkphp\blog\Admin\Model\MembersModel.class.php 第 26 行.
NOTIC: [8] Undefined index: reg_time E:\phpstudy\WWW\thinkphp\blog\Admin\Model\MembersModel.class.php 第 27 行.
NOTIC: [8] Undefined index: login_time E:\phpstudy\WWW\thinkphp\blog\Admin\Model\MembersModel.class.php 第 26 行.
NOTIC: [8] Undefined index: reg_time E:\phpstudy\WWW\thinkphp\blog\Admin\Model\MembersModel.class.php 第 27 行.
NOTIC: [8] Undefined index: login_time E:\phpstudy\WWW\thinkphp\blog\Admin\Model\MembersModel.class.php 第 26 行.
NOTIC: [8] Undefined index: reg_time E:\phpstudy\WWW\thinkphp\blog\Admin\Model\MembersModel.class.php 第 27 行.
SQL: SELECT COUNT(*) AS tp_count FROM `blog_members` LIMIT 1   [ RunTime:0.0000s ]

[ 2016-08-12T00:13:58+08:00 ] ::1 /thinkphp/admin.php/Index/showNav
INFO: [ app_begin ] --START--
INFO: Run Behavior\ReadHtmlCacheBehavior [ RunTime:0.001000s ]
INFO: [ app_begin ] --END-- [ RunTime:0.001000s ]
SQL: SHOW COLUMNS FROM `blog_admin_nav` [ RunTime:0.0040s ]
SQL: SELECT `id`,`text`,`state`,`url` FROM `blog_admin_nav` WHERE `nid` = 0  [ RunTime:0.0000s ]

[ 2016-08-12T00:13:59+08:00 ] ::1 /thinkphp/admin.php/Index/showNav
INFO: [ app_begin ] --START--
INFO: Run Behavior\ReadHtmlCacheBehavior [ RunTime:0.000000s ]
INFO: [ app_begin ] --END-- [ RunTime:0.001000s ]
SQL: SHOW COLUMNS FROM `blog_admin_nav` [ RunTime:0.0050s ]
SQL: SELECT `id`,`text`,`state`,`url` FROM `blog_admin_nav` WHERE `nid` = 1  [ RunTime:0.0010s ]

[ 2016-08-12T00:14:00+08:00 ] ::1 /thinkphp/admin.php/Index/showNav
INFO: [ app_begin ] --START--
INFO: Run Behavior\ReadHtmlCacheBehavior [ RunTime:0.001000s ]
INFO: [ app_begin ] --END-- [ RunTime:0.002000s ]
SQL: SHOW COLUMNS FROM `blog_admin_nav` [ RunTime:0.0050s ]
SQL: SELECT `id`,`text`,`state`,`url` FROM `blog_admin_nav` WHERE `nid` = 5  [ RunTime:0.0010s ]

[ 2016-08-12T00:14:01+08:00 ] ::1 /thinkphp/admin.php/Index/showNav
INFO: [ app_begin ] --START--
INFO: Run Behavior\ReadHtmlCacheBehavior [ RunTime:0.000000s ]
INFO: [ app_begin ] --END-- [ RunTime:0.001000s ]
SQL: SHOW COLUMNS FROM `blog_admin_nav` [ RunTime:0.0040s ]
SQL: SELECT `id`,`text`,`state`,`url` FROM `blog_admin_nav` WHERE `nid` = 8  [ RunTime:0.0010s ]

[ 2016-08-12T00:14:08+08:00 ] ::1 /thinkphp/admin.php/Members/index?_=1470932037176
INFO: [ app_begin ] --START--
INFO: Run Behavior\ReadHtmlCacheBehavior [ RunTime:0.001000s ]
INFO: [ app_begin ] --END-- [ RunTime:0.001000s ]
INFO: [ view_parse ] --START--
INFO: [ template_filter ] --START--
INFO: Run Behavior\ContentReplaceBehavior [ RunTime:0.000000s ]
INFO: [ template_filter ] --END-- [ RunTime:0.001000s ]
INFO: Run Behavior\ParseTemplateBehavior [ RunTime:0.019001s ]
INFO: [ view_parse ] --END-- [ RunTime:0.019001s ]
INFO: [ view_filter ] --START--
INFO: Run Behavior\WriteHtmlCacheBehavior [ RunTime:0.001000s ]
INFO: [ view_filter ] --END-- [ RunTime:0.001000s ]
INFO: [ app_end ] --START--
INFO: Run Behavior\ShowPageTraceBehavior [ RunTime:0.000000s ]
INFO: [ app_end ] --END-- [ RunTime:0.000000s ]

[ 2016-08-12T00:14:09+08:00 ] ::1 /thinkphp/admin.php/Members/getmembers
INFO: [ app_begin ] --START--
INFO: Run Behavior\ReadHtmlCacheBehavior [ RunTime:0.000000s ]
INFO: [ app_begin ] --END-- [ RunTime:0.001000s ]
SQL: SHOW COLUMNS FROM `blog_members` [ RunTime:0.0040s ]
SQL: SELECT `id`,`name`,`email`,`qq`,`reg_time`,`login_time`,`login_ip` FROM `blog_members` ORDER BY `reg_time` DESC LIMIT 0,20   [ RunTime:0.0010s ]
NOTIC: [8] Undefined index: login_time E:\phpstudy\WWW\thinkphp\blog\Admin\Model\MembersModel.class.php 第 26 行.
NOTIC: [8] Undefined index: reg_time E:\phpstudy\WWW\thinkphp\blog\Admin\Model\MembersModel.class.php 第 27 行.
NOTIC: [8] Undefined index: login_time E:\phpstudy\WWW\thinkphp\blog\Admin\Model\MembersModel.class.php 第 26 行.
NOTIC: [8] Undefined index: reg_time E:\phpstudy\WWW\thinkphp\blog\Admin\Model\MembersModel.class.php 第 27 行.
NOTIC: [8] Undefined index: login_time E:\phpstudy\WWW\thinkphp\blog\Admin\Model\MembersModel.class.php 第 26 行.
NOTIC: [8] Undefined index: reg_time E:\phpstudy\WWW\thinkphp\blog\Admin\Model\MembersModel.class.php 第 27 行.
NOTIC: [8] Undefined index: login_time E:\phpstudy\WWW\thinkphp\blog\Admin\Model\MembersModel.class.php 第 26 行.
NOTIC: [8] Undefined index: reg_time E:\phpstudy\WWW\thinkphp\blog\Admin\Model\MembersModel.class.php 第 27 行.
NOTIC: [8] Undefined index: login_time E:\phpstudy\WWW\thinkphp\blog\Admin\Model\MembersModel.class.php 第 26 行.
NOTIC: [8] Undefined index: reg_time E:\phpstudy\WWW\thinkphp\blog\Admin\Model\MembersModel.class.php 第 27 行.
NOTIC: [8] Undefined index: login_time E:\phpstudy\WWW\thinkphp\blog\Admin\Model\MembersModel.class.php 第 26 行.
NOTIC: [8] Undefined index: reg_time E:\phpstudy\WWW\thinkphp\blog\Admin\Model\MembersModel.class.php 第 27 行.
NOTIC: [8] Undefined index: login_time E:\phpstudy\WWW\thinkphp\blog\Admin\Model\MembersModel.class.php 第 26 行.
NOTIC: [8] Undefined index: reg_time E:\phpstudy\WWW\thinkphp\blog\Admin\Model\MembersModel.class.php 第 27 行.
NOTIC: [8] Undefined index: login_time E:\phpstudy\WWW\thinkphp\blog\Admin\Model\MembersModel.class.php 第 26 行.
NOTIC: [8] Undefined index: reg_time E:\phpstudy\WWW\thinkphp\blog\Admin\Model\MembersModel.class.php 第 27 行.
NOTIC: [8] Undefined index: login_time E:\phpstudy\WWW\thinkphp\blog\Admin\Model\MembersModel.class.php 第 26 行.
NOTIC: [8] Undefined index: reg_time E:\phpstudy\WWW\thinkphp\blog\Admin\Model\MembersModel.class.php 第 27 行.
NOTIC: [8] Undefined index: login_time E:\phpstudy\WWW\thinkphp\blog\Admin\Model\MembersModel.class.php 第 26 行.
NOTIC: [8] Undefined index: reg_time E:\phpstudy\WWW\thinkphp\blog\Admin\Model\MembersModel.class.php 第 27 行.
NOTIC: [8] Undefined index: login_time E:\phpstudy\WWW\thinkphp\blog\Admin\Model\MembersModel.class.php 第 26 行.
NOTIC: [8] Undefined index: reg_time E:\phpstudy\WWW\thinkphp\blog\Admin\Model\MembersModel.class.php 第 27 行.
NOTIC: [8] Undefined index: login_time E:\phpstudy\WWW\thinkphp\blog\Admin\Model\MembersModel.class.php 第 26 行.
NOTIC: [8] Undefined index: reg_time E:\phpstudy\WWW\thinkphp\blog\Admin\Model\MembersModel.class.php 第 27 行.
NOTIC: [8] Undefined index: login_time E:\phpstudy\WWW\thinkphp\blog\Admin\Model\MembersModel.class.php 第 26 行.
NOTIC: [8] Undefined index: reg_time E:\phpstudy\WWW\thinkphp\blog\Admin\Model\MembersModel.class.php 第 27 行.
NOTIC: [8] Undefined index: login_time E:\phpstudy\WWW\thinkphp\blog\Admin\Model\MembersModel.class.php 第 26 行.
NOTIC: [8] Undefined index: reg_time E:\phpstudy\WWW\thinkphp\blog\Admin\Model\MembersModel.class.php 第 27 行.
NOTIC: [8] Undefined index: login_time E:\phpstudy\WWW\thinkphp\blog\Admin\Model\MembersModel.class.php 第 26 行.
NOTIC: [8] Undefined index: reg_time E:\phpstudy\WWW\thinkphp\blog\Admin\Model\MembersModel.class.php 第 27 行.
NOTIC: [8] Undefined index: login_time E:\phpstudy\WWW\thinkphp\blog\Admin\Model\MembersModel.class.php 第 26 行.
NOTIC: [8] Undefined index: reg_time E:\phpstudy\WWW\thinkphp\blog\Admin\Model\MembersModel.class.php 第 27 行.
NOTIC: [8] Undefined index: login_time E:\phpstudy\WWW\thinkphp\blog\Admin\Model\MembersModel.class.php 第 26 行.
NOTIC: [8] Undefined index: reg_time E:\phpstudy\WWW\thinkphp\blog\Admin\Model\MembersModel.class.php 第 27 行.
NOTIC: [8] Undefined index: login_time E:\phpstudy\WWW\thinkphp\blog\Admin\Model\MembersModel.class.php 第 26 行.
NOTIC: [8] Undefined index: reg_time E:\phpstudy\WWW\thinkphp\blog\Admin\Model\MembersModel.class.php 第 27 行.
NOTIC: [8] Undefined index: login_time E:\phpstudy\WWW\thinkphp\blog\Admin\Model\MembersModel.class.php 第 26 行.
NOTIC: [8] Undefined index: reg_time E:\phpstudy\WWW\thinkphp\blog\Admin\Model\MembersModel.class.php 第 27 行.
NOTIC: [8] Undefined index: login_time E:\phpstudy\WWW\thinkphp\blog\Admin\Model\MembersModel.class.php 第 26 行.
NOTIC: [8] Undefined index: reg_time E:\phpstudy\WWW\thinkphp\blog\Admin\Model\MembersModel.class.php 第 27 行.
SQL: SELECT COUNT(*) AS tp_count FROM `blog_members` LIMIT 1   [ RunTime:0.0000s ]

[ 2016-08-12T00:14:25+08:00 ] ::1 /thinkphp/admin.php/Index/showNav
INFO: [ app_begin ] --START--
INFO: Run Behavior\ReadHtmlCacheBehavior [ RunTime:0.001000s ]
INFO: [ app_begin ] --END-- [ RunTime:0.001000s ]
SQL: SHOW COLUMNS FROM `blog_admin_nav` [ RunTime:0.0040s ]
SQL: SELECT `id`,`text`,`state`,`url` FROM `blog_admin_nav` WHERE `nid` = 0  [ RunTime:0.0010s ]

[ 2016-08-12T00:14:27+08:00 ] ::1 /thinkphp/admin.php/Index/showNav
INFO: [ app_begin ] --START--
INFO: Run Behavior\ReadHtmlCacheBehavior [ RunTime:0.000000s ]
INFO: [ app_begin ] --END-- [ RunTime:0.000000s ]
SQL: SHOW COLUMNS FROM `blog_admin_nav` [ RunTime:0.0040s ]
SQL: SELECT `id`,`text`,`state`,`url` FROM `blog_admin_nav` WHERE `nid` = 5  [ RunTime:0.0000s ]

[ 2016-08-12T00:14:28+08:00 ] ::1 /thinkphp/admin.php/Index/showNav
INFO: [ app_begin ] --START--
INFO: Run Behavior\ReadHtmlCacheBehavior [ RunTime:0.001000s ]
INFO: [ app_begin ] --END-- [ RunTime:0.001000s ]
SQL: SHOW COLUMNS FROM `blog_admin_nav` [ RunTime:0.0040s ]
SQL: SELECT `id`,`text`,`state`,`url` FROM `blog_admin_nav` WHERE `nid` = 1  [ RunTime:0.0010s ]

[ 2016-08-12T00:14:29+08:00 ] ::1 /thinkphp/admin.php/Index/showNav
INFO: [ app_begin ] --START--
INFO: Run Behavior\ReadHtmlCacheBehavior [ RunTime:0.000000s ]
INFO: [ app_begin ] --END-- [ RunTime:0.001000s ]
SQL: SHOW COLUMNS FROM `blog_admin_nav` [ RunTime:0.0040s ]
SQL: SELECT `id`,`text`,`state`,`url` FROM `blog_admin_nav` WHERE `nid` = 8  [ RunTime:0.0010s ]

[ 2016-08-12T00:14:37+08:00 ] ::1 /thinkphp/admin.php/Members/index?_=1470932064815
INFO: [ app_begin ] --START--
INFO: Run Behavior\ReadHtmlCacheBehavior [ RunTime:0.001000s ]
INFO: [ app_begin ] --END-- [ RunTime:0.001000s ]
INFO: [ view_parse ] --START--
INFO: [ template_filter ] --START--
INFO: Run Behavior\ContentReplaceBehavior [ RunTime:0.000000s ]
INFO: [ template_filter ] --END-- [ RunTime:0.000000s ]
INFO: Run Behavior\ParseTemplateBehavior [ RunTime:0.007000s ]
INFO: [ view_parse ] --END-- [ RunTime:0.007000s ]
INFO: [ view_filter ] --START--
INFO: Run Behavior\WriteHtmlCacheBehavior [ RunTime:0.000000s ]
INFO: [ view_filter ] --END-- [ RunTime:0.000000s ]
INFO: [ app_end ] --START--
INFO: Run Behavior\ShowPageTraceBehavior [ RunTime:0.001000s ]
INFO: [ app_end ] --END-- [ RunTime:0.001000s ]

[ 2016-08-12T00:14:38+08:00 ] ::1 /thinkphp/admin.php/Members/getmembers
INFO: [ app_begin ] --START--
INFO: Run Behavior\ReadHtmlCacheBehavior [ RunTime:0.001000s ]
INFO: [ app_begin ] --END-- [ RunTime:0.002000s ]
SQL: SHOW COLUMNS FROM `blog_members` [ RunTime:0.0050s ]
SQL: SELECT `id`,`name`,`email`,`qq`,`reg_time`,`login_time`,`login_ip` FROM `blog_members` ORDER BY `reg_time` DESC LIMIT 0,20   [ RunTime:0.0010s ]
NOTIC: [8] Undefined index: login_time E:\phpstudy\WWW\thinkphp\blog\Admin\Model\MembersModel.class.php 第 26 行.
NOTIC: [8] Undefined index: reg_time E:\phpstudy\WWW\thinkphp\blog\Admin\Model\MembersModel.class.php 第 27 行.
NOTIC: [8] Undefined index: login_time E:\phpstudy\WWW\thinkphp\blog\Admin\Model\MembersModel.class.php 第 26 行.
NOTIC: [8] Undefined index: reg_time E:\phpstudy\WWW\thinkphp\blog\Admin\Model\MembersModel.class.php 第 27 行.
NOTIC: [8] Undefined index: login_time E:\phpstudy\WWW\thinkphp\blog\Admin\Model\MembersModel.class.php 第 26 行.
NOTIC: [8] Undefined index: reg_time E:\phpstudy\WWW\thinkphp\blog\Admin\Model\MembersModel.class.php 第 27 行.
NOTIC: [8] Undefined index: login_time E:\phpstudy\WWW\thinkphp\blog\Admin\Model\MembersModel.class.php 第 26 行.
NOTIC: [8] Undefined index: reg_time E:\phpstudy\WWW\thinkphp\blog\Admin\Model\MembersModel.class.php 第 27 行.
NOTIC: [8] Undefined index: login_time E:\phpstudy\WWW\thinkphp\blog\Admin\Model\MembersModel.class.php 第 26 行.
NOTIC: [8] Undefined index: reg_time E:\phpstudy\WWW\thinkphp\blog\Admin\Model\MembersModel.class.php 第 27 行.
NOTIC: [8] Undefined index: login_time E:\phpstudy\WWW\thinkphp\blog\Admin\Model\MembersModel.class.php 第 26 行.
NOTIC: [8] Undefined index: reg_time E:\phpstudy\WWW\thinkphp\blog\Admin\Model\MembersModel.class.php 第 27 行.
NOTIC: [8] Undefined index: login_time E:\phpstudy\WWW\thinkphp\blog\Admin\Model\MembersModel.class.php 第 26 行.
NOTIC: [8] Undefined index: reg_time E:\phpstudy\WWW\thinkphp\blog\Admin\Model\MembersModel.class.php 第 27 行.
NOTIC: [8] Undefined index: login_time E:\phpstudy\WWW\thinkphp\blog\Admin\Model\MembersModel.class.php 第 26 行.
NOTIC: [8] Undefined index: reg_time E:\phpstudy\WWW\thinkphp\blog\Admin\Model\MembersModel.class.php 第 27 行.
NOTIC: [8] Undefined index: login_time E:\phpstudy\WWW\thinkphp\blog\Admin\Model\MembersModel.class.php 第 26 行.
NOTIC: [8] Undefined index: reg_time E:\phpstudy\WWW\thinkphp\blog\Admin\Model\MembersModel.class.php 第 27 行.
NOTIC: [8] Undefined index: login_time E:\phpstudy\WWW\thinkphp\blog\Admin\Model\MembersModel.class.php 第 26 行.
NOTIC: [8] Undefined index: reg_time E:\phpstudy\WWW\thinkphp\blog\Admin\Model\MembersModel.class.php 第 27 行.
NOTIC: [8] Undefined index: login_time E:\phpstudy\WWW\thinkphp\blog\Admin\Model\MembersModel.class.php 第 26 行.
NOTIC: [8] Undefined index: reg_time E:\phpstudy\WWW\thinkphp\blog\Admin\Model\MembersModel.class.php 第 27 行.
NOTIC: [8] Undefined index: login_time E:\phpstudy\WWW\thinkphp\blog\Admin\Model\MembersModel.class.php 第 26 行.
NOTIC: [8] Undefined index: reg_time E:\phpstudy\WWW\thinkphp\blog\Admin\Model\MembersModel.class.php 第 27 行.
NOTIC: [8] Undefined index: login_time E:\phpstudy\WWW\thinkphp\blog\Admin\Model\MembersModel.class.php 第 26 行.
NOTIC: [8] Undefined index: reg_time E:\phpstudy\WWW\thinkphp\blog\Admin\Model\MembersModel.class.php 第 27 行.
NOTIC: [8] Undefined index: login_time E:\phpstudy\WWW\thinkphp\blog\Admin\Model\MembersModel.class.php 第 26 行.
NOTIC: [8] Undefined index: reg_time E:\phpstudy\WWW\thinkphp\blog\Admin\Model\MembersModel.class.php 第 27 行.
NOTIC: [8] Undefined index: login_time E:\phpstudy\WWW\thinkphp\blog\Admin\Model\MembersModel.class.php 第 26 行.
NOTIC: [8] Undefined index: reg_time E:\phpstudy\WWW\thinkphp\blog\Admin\Model\MembersModel.class.php 第 27 行.
NOTIC: [8] Undefined index: login_time E:\phpstudy\WWW\thinkphp\blog\Admin\Model\MembersModel.class.php 第 26 行.
NOTIC: [8] Undefined index: reg_time E:\phpstudy\WWW\thinkphp\blog\Admin\Model\MembersModel.class.php 第 27 行.
NOTIC: [8] Undefined index: login_time E:\phpstudy\WWW\thinkphp\blog\Admin\Model\MembersModel.class.php 第 26 行.
NOTIC: [8] Undefined index: reg_time E:\phpstudy\WWW\thinkphp\blog\Admin\Model\MembersModel.class.php 第 27 行.
NOTIC: [8] Undefined index: login_time E:\phpstudy\WWW\thinkphp\blog\Admin\Model\MembersModel.class.php 第 26 行.
NOTIC: [8] Undefined index: reg_time E:\phpstudy\WWW\thinkphp\blog\Admin\Model\MembersModel.class.php 第 27 行.
NOTIC: [8] Undefined index: login_time E:\phpstudy\WWW\thinkphp\blog\Admin\Model\MembersModel.class.php 第 26 行.
NOTIC: [8] Undefined index: reg_time E:\phpstudy\WWW\thinkphp\blog\Admin\Model\MembersModel.class.php 第 27 行.
NOTIC: [8] Undefined index: login_time E:\phpstudy\WWW\thinkphp\blog\Admin\Model\MembersModel.class.php 第 26 行.
NOTIC: [8] Undefined index: reg_time E:\phpstudy\WWW\thinkphp\blog\Admin\Model\MembersModel.class.php 第 27 行.
SQL: SELECT COUNT(*) AS tp_count FROM `blog_members` LIMIT 1   [ RunTime:0.0000s ]

[ 2016-08-12T00:15:07+08:00 ] ::1 /thinkphp/admin.php/Index/showNav
INFO: [ app_begin ] --START--
INFO: Run Behavior\ReadHtmlCacheBehavior [ RunTime:0.000000s ]
INFO: [ app_begin ] --END-- [ RunTime:0.001000s ]
SQL: SHOW COLUMNS FROM `blog_admin_nav` [ RunTime:0.0040s ]
SQL: SELECT `id`,`text`,`state`,`url` FROM `blog_admin_nav` WHERE `nid` = 0  [ RunTime:0.0000s ]

[ 2016-08-12T00:15:08+08:00 ] ::1 /thinkphp/admin.php/Index/showNav
INFO: [ app_begin ] --START--
INFO: Run Behavior\ReadHtmlCacheBehavior [ RunTime:0.000000s ]
INFO: [ app_begin ] --END-- [ RunTime:0.001000s ]
SQL: SHOW COLUMNS FROM `blog_admin_nav` [ RunTime:0.0050s ]
SQL: SELECT `id`,`text`,`state`,`url` FROM `blog_admin_nav` WHERE `nid` = 1  [ RunTime:0.0000s ]

[ 2016-08-12T00:15:09+08:00 ] ::1 /thinkphp/admin.php/Index/showNav
INFO: [ app_begin ] --START--
INFO: Run Behavior\ReadHtmlCacheBehavior [ RunTime:0.001000s ]
INFO: [ app_begin ] --END-- [ RunTime:0.001000s ]
SQL: SHOW COLUMNS FROM `blog_admin_nav` [ RunTime:0.0040s ]
SQL: SELECT `id`,`text`,`state`,`url` FROM `blog_admin_nav` WHERE `nid` = 8  [ RunTime:0.0010s ]

[ 2016-08-12T00:15:10+08:00 ] ::1 /thinkphp/admin.php/Index/showNav
INFO: [ app_begin ] --START--
INFO: Run Behavior\ReadHtmlCacheBehavior [ RunTime:0.001000s ]
INFO: [ app_begin ] --END-- [ RunTime:0.002000s ]
SQL: SHOW COLUMNS FROM `blog_admin_nav` [ RunTime:0.0040s ]
SQL: SELECT `id`,`text`,`state`,`url` FROM `blog_admin_nav` WHERE `nid` = 5  [ RunTime:0.0010s ]

[ 2016-08-12T00:15:19+08:00 ] ::1 /thinkphp/admin.php/Members/index?_=1470932106661
INFO: [ app_begin ] --START--
INFO: Run Behavior\ReadHtmlCacheBehavior [ RunTime:0.001000s ]
INFO: [ app_begin ] --END-- [ RunTime:0.001000s ]
INFO: [ view_parse ] --START--
INFO: [ template_filter ] --START--
INFO: Run Behavior\ContentReplaceBehavior [ RunTime:0.000000s ]
INFO: [ template_filter ] --END-- [ RunTime:0.000000s ]
INFO: Run Behavior\ParseTemplateBehavior [ RunTime:0.006000s ]
INFO: [ view_parse ] --END-- [ RunTime:0.006000s ]
INFO: [ view_filter ] --START--
INFO: Run Behavior\WriteHtmlCacheBehavior [ RunTime:0.001001s ]
INFO: [ view_filter ] --END-- [ RunTime:0.001001s ]
INFO: [ app_end ] --START--
INFO: Run Behavior\ShowPageTraceBehavior [ RunTime:0.000000s ]
INFO: [ app_end ] --END-- [ RunTime:0.000000s ]

[ 2016-08-12T00:15:21+08:00 ] ::1 /thinkphp/admin.php/Members/getmembers
INFO: [ app_begin ] --START--
INFO: Run Behavior\ReadHtmlCacheBehavior [ RunTime:0.001000s ]
INFO: [ app_begin ] --END-- [ RunTime:0.001000s ]
SQL: SHOW COLUMNS FROM `blog_members` [ RunTime:0.0040s ]
SQL: SELECT `id`,`name`,`email`,`qq`,`reg_time`,`login_time`,`login_ip` FROM `blog_members` ORDER BY `reg_time` DESC LIMIT 0,20   [ RunTime:0.0010s ]
NOTIC: [8] Undefined index: login_time E:\phpstudy\WWW\thinkphp\blog\Admin\Model\MembersModel.class.php 第 26 行.
NOTIC: [8] Undefined index: reg_time E:\phpstudy\WWW\thinkphp\blog\Admin\Model\MembersModel.class.php 第 27 行.
NOTIC: [8] Undefined index: login_time E:\phpstudy\WWW\thinkphp\blog\Admin\Model\MembersModel.class.php 第 26 行.
NOTIC: [8] Undefined index: reg_time E:\phpstudy\WWW\thinkphp\blog\Admin\Model\MembersModel.class.php 第 27 行.
NOTIC: [8] Undefined index: login_time E:\phpstudy\WWW\thinkphp\blog\Admin\Model\MembersModel.class.php 第 26 行.
NOTIC: [8] Undefined index: reg_time E:\phpstudy\WWW\thinkphp\blog\Admin\Model\MembersModel.class.php 第 27 行.
NOTIC: [8] Undefined index: login_time E:\phpstudy\WWW\thinkphp\blog\Admin\Model\MembersModel.class.php 第 26 行.
NOTIC: [8] Undefined index: reg_time E:\phpstudy\WWW\thinkphp\blog\Admin\Model\MembersModel.class.php 第 27 行.
NOTIC: [8] Undefined index: login_time E:\phpstudy\WWW\thinkphp\blog\Admin\Model\MembersModel.class.php 第 26 行.
NOTIC: [8] Undefined index: reg_time E:\phpstudy\WWW\thinkphp\blog\Admin\Model\MembersModel.class.php 第 27 行.
NOTIC: [8] Undefined index: login_time E:\phpstudy\WWW\thinkphp\blog\Admin\Model\MembersModel.class.php 第 26 行.
NOTIC: [8] Undefined index: reg_time E:\phpstudy\WWW\thinkphp\blog\Admin\Model\MembersModel.class.php 第 27 行.
NOTIC: [8] Undefined index: login_time E:\phpstudy\WWW\thinkphp\blog\Admin\Model\MembersModel.class.php 第 26 行.
NOTIC: [8] Undefined index: reg_time E:\phpstudy\WWW\thinkphp\blog\Admin\Model\MembersModel.class.php 第 27 行.
NOTIC: [8] Undefined index: login_time E:\phpstudy\WWW\thinkphp\blog\Admin\Model\MembersModel.class.php 第 26 行.
NOTIC: [8] Undefined index: reg_time E:\phpstudy\WWW\thinkphp\blog\Admin\Model\MembersModel.class.php 第 27 行.
NOTIC: [8] Undefined index: login_time E:\phpstudy\WWW\thinkphp\blog\Admin\Model\MembersModel.class.php 第 26 行.
NOTIC: [8] Undefined index: reg_time E:\phpstudy\WWW\thinkphp\blog\Admin\Model\MembersModel.class.php 第 27 行.
NOTIC: [8] Undefined index: login_time E:\phpstudy\WWW\thinkphp\blog\Admin\Model\MembersModel.class.php 第 26 行.
NOTIC: [8] Undefined index: reg_time E:\phpstudy\WWW\thinkphp\blog\Admin\Model\MembersModel.class.php 第 27 行.
NOTIC: [8] Undefined index: login_time E:\phpstudy\WWW\thinkphp\blog\Admin\Model\MembersModel.class.php 第 26 行.
NOTIC: [8] Undefined index: reg_time E:\phpstudy\WWW\thinkphp\blog\Admin\Model\MembersModel.class.php 第 27 行.
NOTIC: [8] Undefined index: login_time E:\phpstudy\WWW\thinkphp\blog\Admin\Model\MembersModel.class.php 第 26 行.
NOTIC: [8] Undefined index: reg_time E:\phpstudy\WWW\thinkphp\blog\Admin\Model\MembersModel.class.php 第 27 行.
NOTIC: [8] Undefined index: login_time E:\phpstudy\WWW\thinkphp\blog\Admin\Model\MembersModel.class.php 第 26 行.
NOTIC: [8] Undefined index: reg_time E:\phpstudy\WWW\thinkphp\blog\Admin\Model\MembersModel.class.php 第 27 行.
NOTIC: [8] Undefined index: login_time E:\phpstudy\WWW\thinkphp\blog\Admin\Model\MembersModel.class.php 第 26 行.
NOTIC: [8] Undefined index: reg_time E:\phpstudy\WWW\thinkphp\blog\Admin\Model\MembersModel.class.php 第 27 行.
NOTIC: [8] Undefined index: login_time E:\phpstudy\WWW\thinkphp\blog\Admin\Model\MembersModel.class.php 第 26 行.
NOTIC: [8] Undefined index: reg_time E:\phpstudy\WWW\thinkphp\blog\Admin\Model\MembersModel.class.php 第 27 行.
NOTIC: [8] Undefined index: login_time E:\phpstudy\WWW\thinkphp\blog\Admin\Model\MembersModel.class.php 第 26 行.
NOTIC: [8] Undefined index: reg_time E:\phpstudy\WWW\thinkphp\blog\Admin\Model\MembersModel.class.php 第 27 行.
NOTIC: [8] Undefined index: login_time E:\phpstudy\WWW\thinkphp\blog\Admin\Model\MembersModel.class.php 第 26 行.
NOTIC: [8] Undefined index: reg_time E:\phpstudy\WWW\thinkphp\blog\Admin\Model\MembersModel.class.php 第 27 行.
NOTIC: [8] Undefined index: login_time E:\phpstudy\WWW\thinkphp\blog\Admin\Model\MembersModel.class.php 第 26 行.
NOTIC: [8] Undefined index: reg_time E:\phpstudy\WWW\thinkphp\blog\Admin\Model\MembersModel.class.php 第 27 行.
NOTIC: [8] Undefined index: login_time E:\phpstudy\WWW\thinkphp\blog\Admin\Model\MembersModel.class.php 第 26 行.
NOTIC: [8] Undefined index: reg_time E:\phpstudy\WWW\thinkphp\blog\Admin\Model\MembersModel.class.php 第 27 行.
NOTIC: [8] Undefined index: login_time E:\phpstudy\WWW\thinkphp\blog\Admin\Model\MembersModel.class.php 第 26 行.
NOTIC: [8] Undefined index: reg_time E:\phpstudy\WWW\thinkphp\blog\Admin\Model\MembersModel.class.php 第 27 行.
SQL: SELECT COUNT(*) AS tp_count FROM `blog_members` LIMIT 1   [ RunTime:0.0000s ]

[ 2016-08-12T00:15:31+08:00 ] ::1 /thinkphp/admin.php/Members/getmembers
INFO: [ app_begin ] --START--
INFO: Run Behavior\ReadHtmlCacheBehavior [ RunTime:0.001000s ]
INFO: [ app_begin ] --END-- [ RunTime:0.001000s ]
SQL: SHOW COLUMNS FROM `blog_members` [ RunTime:0.0050s ]
SQL: SELECT `id`,`name`,`email`,`qq`,`reg_time`,`login_time`,`login_ip` FROM `blog_members` ORDER BY `reg_time` DESC LIMIT 0,20   [ RunTime:0.0010s ]
NOTIC: [8] Undefined index: login_time E:\phpstudy\WWW\thinkphp\blog\Admin\Model\MembersModel.class.php 第 26 行.
NOTIC: [8] Undefined index: reg_time E:\phpstudy\WWW\thinkphp\blog\Admin\Model\MembersModel.class.php 第 27 行.
NOTIC: [8] Undefined index: login_time E:\phpstudy\WWW\thinkphp\blog\Admin\Model\MembersModel.class.php 第 26 行.
NOTIC: [8] Undefined index: reg_time E:\phpstudy\WWW\thinkphp\blog\Admin\Model\MembersModel.class.php 第 27 行.
NOTIC: [8] Undefined index: login_time E:\phpstudy\WWW\thinkphp\blog\Admin\Model\MembersModel.class.php 第 26 行.
NOTIC: [8] Undefined index: reg_time E:\phpstudy\WWW\thinkphp\blog\Admin\Model\MembersModel.class.php 第 27 行.
NOTIC: [8] Undefined index: login_time E:\phpstudy\WWW\thinkphp\blog\Admin\Model\MembersModel.class.php 第 26 行.
NOTIC: [8] Undefined index: reg_time E:\phpstudy\WWW\thinkphp\blog\Admin\Model\MembersModel.class.php 第 27 行.
NOTIC: [8] Undefined index: login_time E:\phpstudy\WWW\thinkphp\blog\Admin\Model\MembersModel.class.php 第 26 行.
NOTIC: [8] Undefined index: reg_time E:\phpstudy\WWW\thinkphp\blog\Admin\Model\MembersModel.class.php 第 27 行.
NOTIC: [8] Undefined index: login_time E:\phpstudy\WWW\thinkphp\blog\Admin\Model\MembersModel.class.php 第 26 行.
NOTIC: [8] Undefined index: reg_time E:\phpstudy\WWW\thinkphp\blog\Admin\Model\MembersModel.class.php 第 27 行.
NOTIC: [8] Undefined index: login_time E:\phpstudy\WWW\thinkphp\blog\Admin\Model\MembersModel.class.php 第 26 行.
NOTIC: [8] Undefined index: reg_time E:\phpstudy\WWW\thinkphp\blog\Admin\Model\MembersModel.class.php 第 27 行.
NOTIC: [8] Undefined index: login_time E:\phpstudy\WWW\thinkphp\blog\Admin\Model\MembersModel.class.php 第 26 行.
NOTIC: [8] Undefined index: reg_time E:\phpstudy\WWW\thinkphp\blog\Admin\Model\MembersModel.class.php 第 27 行.
NOTIC: [8] Undefined index: login_time E:\phpstudy\WWW\thinkphp\blog\Admin\Model\MembersModel.class.php 第 26 行.
NOTIC: [8] Undefined index: reg_time E:\phpstudy\WWW\thinkphp\blog\Admin\Model\MembersModel.class.php 第 27 行.
NOTIC: [8] Undefined index: login_time E:\phpstudy\WWW\thinkphp\blog\Admin\Model\MembersModel.class.php 第 26 行.
NOTIC: [8] Undefined index: reg_time E:\phpstudy\WWW\thinkphp\blog\Admin\Model\MembersModel.class.php 第 27 行.
NOTIC: [8] Undefined index: login_time E:\phpstudy\WWW\thinkphp\blog\Admin\Model\MembersModel.class.php 第 26 行.
NOTIC: [8] Undefined index: reg_time E:\phpstudy\WWW\thinkphp\blog\Admin\Model\MembersModel.class.php 第 27 行.
NOTIC: [8] Undefined index: login_time E:\phpstudy\WWW\thinkphp\blog\Admin\Model\MembersModel.class.php 第 26 行.
NOTIC: [8] Undefined index: reg_time E:\phpstudy\WWW\thinkphp\blog\Admin\Model\MembersModel.class.php 第 27 行.
NOTIC: [8] Undefined index: login_time E:\phpstudy\WWW\thinkphp\blog\Admin\Model\MembersModel.class.php 第 26 行.
NOTIC: [8] Undefined index: reg_time E:\phpstudy\WWW\thinkphp\blog\Admin\Model\MembersModel.class.php 第 27 行.
NOTIC: [8] Undefined index: login_time E:\phpstudy\WWW\thinkphp\blog\Admin\Model\MembersModel.class.php 第 26 行.
NOTIC: [8] Undefined index: reg_time E:\phpstudy\WWW\thinkphp\blog\Admin\Model\MembersModel.class.php 第 27 行.
NOTIC: [8] Undefined index: login_time E:\phpstudy\WWW\thinkphp\blog\Admin\Model\MembersModel.class.php 第 26 行.
NOTIC: [8] Undefined index: reg_time E:\phpstudy\WWW\thinkphp\blog\Admin\Model\MembersModel.class.php 第 27 行.
NOTIC: [8] Undefined index: login_time E:\phpstudy\WWW\thinkphp\blog\Admin\Model\MembersModel.class.php 第 26 行.
NOTIC: [8] Undefined index: reg_time E:\phpstudy\WWW\thinkphp\blog\Admin\Model\MembersModel.class.php 第 27 行.
NOTIC: [8] Undefined index: login_time E:\phpstudy\WWW\thinkphp\blog\Admin\Model\MembersModel.class.php 第 26 行.
NOTIC: [8] Undefined index: reg_time E:\phpstudy\WWW\thinkphp\blog\Admin\Model\MembersModel.class.php 第 27 行.
NOTIC: [8] Undefined index: login_time E:\phpstudy\WWW\thinkphp\blog\Admin\Model\MembersModel.class.php 第 26 行.
NOTIC: [8] Undefined index: reg_time E:\phpstudy\WWW\thinkphp\blog\Admin\Model\MembersModel.class.php 第 27 行.
NOTIC: [8] Undefined index: login_time E:\phpstudy\WWW\thinkphp\blog\Admin\Model\MembersModel.class.php 第 26 行.
NOTIC: [8] Undefined index: reg_time E:\phpstudy\WWW\thinkphp\blog\Admin\Model\MembersModel.class.php 第 27 行.
NOTIC: [8] Undefined index: login_time E:\phpstudy\WWW\thinkphp\blog\Admin\Model\MembersModel.class.php 第 26 行.
NOTIC: [8] Undefined index: reg_time E:\phpstudy\WWW\thinkphp\blog\Admin\Model\MembersModel.class.php 第 27 行.
SQL: SELECT COUNT(*) AS tp_count FROM `blog_members` LIMIT 1   [ RunTime:0.0000s ]

[ 2016-08-12T00:16:55+08:00 ] ::1 /thinkphp/admin.php/Index/showNav
INFO: [ app_begin ] --START--
INFO: Run Behavior\ReadHtmlCacheBehavior [ RunTime:0.001000s ]
INFO: [ app_begin ] --END-- [ RunTime:0.001000s ]
SQL: SHOW COLUMNS FROM `blog_admin_nav` [ RunTime:0.0050s ]
SQL: SELECT `id`,`text`,`state`,`url` FROM `blog_admin_nav` WHERE `nid` = 0  [ RunTime:0.0010s ]

[ 2016-08-12T00:16:56+08:00 ] ::1 /thinkphp/admin.php/Index/showNav
INFO: [ app_begin ] --START--
INFO: Run Behavior\ReadHtmlCacheBehavior [ RunTime:0.000000s ]
INFO: [ app_begin ] --END-- [ RunTime:0.000000s ]
SQL: SHOW COLUMNS FROM `blog_admin_nav` [ RunTime:0.0070s ]
SQL: SELECT `id`,`text`,`state`,`url` FROM `blog_admin_nav` WHERE `nid` = 1  [ RunTime:0.0000s ]

[ 2016-08-12T00:16:57+08:00 ] ::1 /thinkphp/admin.php/Index/showNav
INFO: [ app_begin ] --START--
INFO: Run Behavior\ReadHtmlCacheBehavior [ RunTime:0.001000s ]
INFO: [ app_begin ] --END-- [ RunTime:0.001000s ]
SQL: SHOW COLUMNS FROM `blog_admin_nav` [ RunTime:0.0040s ]
SQL: SELECT `id`,`text`,`state`,`url` FROM `blog_admin_nav` WHERE `nid` = 5  [ RunTime:0.0010s ]

[ 2016-08-12T00:16:58+08:00 ] ::1 /thinkphp/admin.php/Index/showNav
INFO: [ app_begin ] --START--
INFO: Run Behavior\ReadHtmlCacheBehavior [ RunTime:0.000000s ]
INFO: [ app_begin ] --END-- [ RunTime:0.001000s ]
SQL: SHOW COLUMNS FROM `blog_admin_nav` [ RunTime:0.0040s ]
SQL: SELECT `id`,`text`,`state`,`url` FROM `blog_admin_nav` WHERE `nid` = 8  [ RunTime:0.0000s ]

[ 2016-08-12T00:16:58+08:00 ] ::1 /thinkphp/admin.php/null?_=1470932214599
INFO: [ app_begin ] --START--
INFO: Run Behavior\ReadHtmlCacheBehavior [ RunTime:0.001000s ]
INFO: [ app_begin ] --END-- [ RunTime:0.001000s ]
ERR: 无法加载控制器:Null

[ 2016-08-12T00:16:58+08:00 ] ::1 /thinkphp/admin.php/Members/index?_=1470932214600
INFO: [ app_begin ] --START--
INFO: Run Behavior\ReadHtmlCacheBehavior [ RunTime:0.001000s ]
INFO: [ app_begin ] --END-- [ RunTime:0.001000s ]
INFO: [ view_parse ] --START--
INFO: [ template_filter ] --START--
INFO: Run Behavior\ContentReplaceBehavior [ RunTime:0.000000s ]
INFO: [ template_filter ] --END-- [ RunTime:0.000000s ]
INFO: Run Behavior\ParseTemplateBehavior [ RunTime:0.018001s ]
INFO: [ view_parse ] --END-- [ RunTime:0.018001s ]
INFO: [ view_filter ] --START--
INFO: Run Behavior\WriteHtmlCacheBehavior [ RunTime:0.000000s ]
INFO: [ view_filter ] --END-- [ RunTime:0.000000s ]
INFO: [ app_end ] --START--
INFO: Run Behavior\ShowPageTraceBehavior [ RunTime:0.001001s ]
INFO: [ app_end ] --END-- [ RunTime:0.001001s ]

[ 2016-08-12T00:17:00+08:00 ] ::1 /thinkphp/admin.php/Members/getmembers
INFO: [ app_begin ] --START--
INFO: Run Behavior\ReadHtmlCacheBehavior [ RunTime:0.001000s ]
INFO: [ app_begin ] --END-- [ RunTime:0.001000s ]
SQL: SHOW COLUMNS FROM `blog_members` [ RunTime:0.0040s ]
SQL: SELECT `id`,`name`,`email`,`qq`,`reg_time`,`login_time`,`login_ip` FROM `blog_members` ORDER BY `reg_time` DESC LIMIT 0,20   [ RunTime:0.0000s ]
NOTIC: [8] Undefined index: login_time E:\phpstudy\WWW\thinkphp\blog\Admin\Model\MembersModel.class.php 第 26 行.
NOTIC: [8] Undefined index: reg_time E:\phpstudy\WWW\thinkphp\blog\Admin\Model\MembersModel.class.php 第 27 行.
NOTIC: [8] Undefined index: login_time E:\phpstudy\WWW\thinkphp\blog\Admin\Model\MembersModel.class.php 第 26 行.
NOTIC: [8] Undefined index: reg_time E:\phpstudy\WWW\thinkphp\blog\Admin\Model\MembersModel.class.php 第 27 行.
NOTIC: [8] Undefined index: login_time E:\phpstudy\WWW\thinkphp\blog\Admin\Model\MembersModel.class.php 第 26 行.
NOTIC: [8] Undefined index: reg_time E:\phpstudy\WWW\thinkphp\blog\Admin\Model\MembersModel.class.php 第 27 行.
NOTIC: [8] Undefined index: login_time E:\phpstudy\WWW\thinkphp\blog\Admin\Model\MembersModel.class.php 第 26 行.
NOTIC: [8] Undefined index: reg_time E:\phpstudy\WWW\thinkphp\blog\Admin\Model\MembersModel.class.php 第 27 行.
NOTIC: [8] Undefined index: login_time E:\phpstudy\WWW\thinkphp\blog\Admin\Model\MembersModel.class.php 第 26 行.
NOTIC: [8] Undefined index: reg_time E:\phpstudy\WWW\thinkphp\blog\Admin\Model\MembersModel.class.php 第 27 行.
NOTIC: [8] Undefined index: login_time E:\phpstudy\WWW\thinkphp\blog\Admin\Model\MembersModel.class.php 第 26 行.
NOTIC: [8] Undefined index: reg_time E:\phpstudy\WWW\thinkphp\blog\Admin\Model\MembersModel.class.php 第 27 行.
NOTIC: [8] Undefined index: login_time E:\phpstudy\WWW\thinkphp\blog\Admin\Model\MembersModel.class.php 第 26 行.
NOTIC: [8] Undefined index: reg_time E:\phpstudy\WWW\thinkphp\blog\Admin\Model\MembersModel.class.php 第 27 行.
NOTIC: [8] Undefined index: login_time E:\phpstudy\WWW\thinkphp\blog\Admin\Model\MembersModel.class.php 第 26 行.
NOTIC: [8] Undefined index: reg_time E:\phpstudy\WWW\thinkphp\blog\Admin\Model\MembersModel.class.php 第 27 行.
NOTIC: [8] Undefined index: login_time E:\phpstudy\WWW\thinkphp\blog\Admin\Model\MembersModel.class.php 第 26 行.
NOTIC: [8] Undefined index: reg_time E:\phpstudy\WWW\thinkphp\blog\Admin\Model\MembersModel.class.php 第 27 行.
NOTIC: [8] Undefined index: login_time E:\phpstudy\WWW\thinkphp\blog\Admin\Model\MembersModel.class.php 第 26 行.
NOTIC: [8] Undefined index: reg_time E:\phpstudy\WWW\thinkphp\blog\Admin\Model\MembersModel.class.php 第 27 行.
NOTIC: [8] Undefined index: login_time E:\phpstudy\WWW\thinkphp\blog\Admin\Model\MembersModel.class.php 第 26 行.
NOTIC: [8] Undefined index: reg_time E:\phpstudy\WWW\thinkphp\blog\Admin\Model\MembersModel.class.php 第 27 行.
NOTIC: [8] Undefined index: login_time E:\phpstudy\WWW\thinkphp\blog\Admin\Model\MembersModel.class.php 第 26 行.
NOTIC: [8] Undefined index: reg_time E:\phpstudy\WWW\thinkphp\blog\Admin\Model\MembersModel.class.php 第 27 行.
NOTIC: [8] Undefined index: login_time E:\phpstudy\WWW\thinkphp\blog\Admin\Model\MembersModel.class.php 第 26 行.
NOTIC: [8] Undefined index: reg_time E:\phpstudy\WWW\thinkphp\blog\Admin\Model\MembersModel.class.php 第 27 行.
NOTIC: [8] Undefined index: login_time E:\phpstudy\WWW\thinkphp\blog\Admin\Model\MembersModel.class.php 第 26 行.
NOTIC: [8] Undefined index: reg_time E:\phpstudy\WWW\thinkphp\blog\Admin\Model\MembersModel.class.php 第 27 行.
NOTIC: [8] Undefined index: login_time E:\phpstudy\WWW\thinkphp\blog\Admin\Model\MembersModel.class.php 第 26 行.
NOTIC: [8] Undefined index: reg_time E:\phpstudy\WWW\thinkphp\blog\Admin\Model\MembersModel.class.php 第 27 行.
NOTIC: [8] Undefined index: login_time E:\phpstudy\WWW\thinkphp\blog\Admin\Model\MembersModel.class.php 第 26 行.
NOTIC: [8] Undefined index: reg_time E:\phpstudy\WWW\thinkphp\blog\Admin\Model\MembersModel.class.php 第 27 行.
NOTIC: [8] Undefined index: login_time E:\phpstudy\WWW\thinkphp\blog\Admin\Model\MembersModel.class.php 第 26 行.
NOTIC: [8] Undefined index: reg_time E:\phpstudy\WWW\thinkphp\blog\Admin\Model\MembersModel.class.php 第 27 行.
NOTIC: [8] Undefined index: login_time E:\phpstudy\WWW\thinkphp\blog\Admin\Model\MembersModel.class.php 第 26 行.
NOTIC: [8] Undefined index: reg_time E:\phpstudy\WWW\thinkphp\blog\Admin\Model\MembersModel.class.php 第 27 行.
NOTIC: [8] Undefined index: login_time E:\phpstudy\WWW\thinkphp\blog\Admin\Model\MembersModel.class.php 第 26 行.
NOTIC: [8] Undefined index: reg_time E:\phpstudy\WWW\thinkphp\blog\Admin\Model\MembersModel.class.php 第 27 行.
NOTIC: [8] Undefined index: login_time E:\phpstudy\WWW\thinkphp\blog\Admin\Model\MembersModel.class.php 第 26 行.
NOTIC: [8] Undefined index: reg_time E:\phpstudy\WWW\thinkphp\blog\Admin\Model\MembersModel.class.php 第 27 行.
SQL: SELECT COUNT(*) AS tp_count FROM `blog_members` LIMIT 1   [ RunTime:0.0000s ]

[ 2016-08-12T00:17:08+08:00 ] ::1 /thinkphp/admin.php/Members/getmembers
INFO: [ app_begin ] --START--
INFO: Run Behavior\ReadHtmlCacheBehavior [ RunTime:0.000000s ]
INFO: [ app_begin ] --END-- [ RunTime:0.001000s ]
SQL: SHOW COLUMNS FROM `blog_members` [ RunTime:0.0040s ]
SQL: SELECT `id`,`name`,`email`,`qq`,`reg_time`,`login_time`,`login_ip` FROM `blog_members` ORDER BY `reg_time` DESC LIMIT 0,20   [ RunTime:0.0000s ]
NOTIC: [8] Undefined index: login_time E:\phpstudy\WWW\thinkphp\blog\Admin\Model\MembersModel.class.php 第 26 行.
NOTIC: [8] Undefined index: reg_time E:\phpstudy\WWW\thinkphp\blog\Admin\Model\MembersModel.class.php 第 27 行.
NOTIC: [8] Undefined index: login_time E:\phpstudy\WWW\thinkphp\blog\Admin\Model\MembersModel.class.php 第 26 行.
NOTIC: [8] Undefined index: reg_time E:\phpstudy\WWW\thinkphp\blog\Admin\Model\MembersModel.class.php 第 27 行.
NOTIC: [8] Undefined index: login_time E:\phpstudy\WWW\thinkphp\blog\Admin\Model\MembersModel.class.php 第 26 行.
NOTIC: [8] Undefined index: reg_time E:\phpstudy\WWW\thinkphp\blog\Admin\Model\MembersModel.class.php 第 27 行.
NOTIC: [8] Undefined index: login_time E:\phpstudy\WWW\thinkphp\blog\Admin\Model\MembersModel.class.php 第 26 行.
NOTIC: [8] Undefined index: reg_time E:\phpstudy\WWW\thinkphp\blog\Admin\Model\MembersModel.class.php 第 27 行.
NOTIC: [8] Undefined index: login_time E:\phpstudy\WWW\thinkphp\blog\Admin\Model\MembersModel.class.php 第 26 行.
NOTIC: [8] Undefined index: reg_time E:\phpstudy\WWW\thinkphp\blog\Admin\Model\MembersModel.class.php 第 27 行.
NOTIC: [8] Undefined index: login_time E:\phpstudy\WWW\thinkphp\blog\Admin\Model\MembersModel.class.php 第 26 行.
NOTIC: [8] Undefined index: reg_time E:\phpstudy\WWW\thinkphp\blog\Admin\Model\MembersModel.class.php 第 27 行.
NOTIC: [8] Undefined index: login_time E:\phpstudy\WWW\thinkphp\blog\Admin\Model\MembersModel.class.php 第 26 行.
NOTIC: [8] Undefined index: reg_time E:\phpstudy\WWW\thinkphp\blog\Admin\Model\MembersModel.class.php 第 27 行.
NOTIC: [8] Undefined index: login_time E:\phpstudy\WWW\thinkphp\blog\Admin\Model\MembersModel.class.php 第 26 行.
NOTIC: [8] Undefined index: reg_time E:\phpstudy\WWW\thinkphp\blog\Admin\Model\MembersModel.class.php 第 27 行.
NOTIC: [8] Undefined index: login_time E:\phpstudy\WWW\thinkphp\blog\Admin\Model\MembersModel.class.php 第 26 行.
NOTIC: [8] Undefined index: reg_time E:\phpstudy\WWW\thinkphp\blog\Admin\Model\MembersModel.class.php 第 27 行.
NOTIC: [8] Undefined index: login_time E:\phpstudy\WWW\thinkphp\blog\Admin\Model\MembersModel.class.php 第 26 行.
NOTIC: [8] Undefined index: reg_time E:\phpstudy\WWW\thinkphp\blog\Admin\Model\MembersModel.class.php 第 27 行.
NOTIC: [8] Undefined index: login_time E:\phpstudy\WWW\thinkphp\blog\Admin\Model\MembersModel.class.php 第 26 行.
NOTIC: [8] Undefined index: reg_time E:\phpstudy\WWW\thinkphp\blog\Admin\Model\MembersModel.class.php 第 27 行.
NOTIC: [8] Undefined index: login_time E:\phpstudy\WWW\thinkphp\blog\Admin\Model\MembersModel.class.php 第 26 行.
NOTIC: [8] Undefined index: reg_time E:\phpstudy\WWW\thinkphp\blog\Admin\Model\MembersModel.class.php 第 27 行.
NOTIC: [8] Undefined index: login_time E:\phpstudy\WWW\thinkphp\blog\Admin\Model\MembersModel.class.php 第 26 行.
NOTIC: [8] Undefined index: reg_time E:\phpstudy\WWW\thinkphp\blog\Admin\Model\MembersModel.class.php 第 27 行.
NOTIC: [8] Undefined index: login_time E:\phpstudy\WWW\thinkphp\blog\Admin\Model\MembersModel.class.php 第 26 行.
NOTIC: [8] Undefined index: reg_time E:\phpstudy\WWW\thinkphp\blog\Admin\Model\MembersModel.class.php 第 27 行.
NOTIC: [8] Undefined index: login_time E:\phpstudy\WWW\thinkphp\blog\Admin\Model\MembersModel.class.php 第 26 行.
NOTIC: [8] Undefined index: reg_time E:\phpstudy\WWW\thinkphp\blog\Admin\Model\MembersModel.class.php 第 27 行.
NOTIC: [8] Undefined index: login_time E:\phpstudy\WWW\thinkphp\blog\Admin\Model\MembersModel.class.php 第 26 行.
NOTIC: [8] Undefined index: reg_time E:\phpstudy\WWW\thinkphp\blog\Admin\Model\MembersModel.class.php 第 27 行.
NOTIC: [8] Undefined index: login_time E:\phpstudy\WWW\thinkphp\blog\Admin\Model\MembersModel.class.php 第 26 行.
NOTIC: [8] Undefined index: reg_time E:\phpstudy\WWW\thinkphp\blog\Admin\Model\MembersModel.class.php 第 27 行.
NOTIC: [8] Undefined index: login_time E:\phpstudy\WWW\thinkphp\blog\Admin\Model\MembersModel.class.php 第 26 行.
NOTIC: [8] Undefined index: reg_time E:\phpstudy\WWW\thinkphp\blog\Admin\Model\MembersModel.class.php 第 27 行.
NOTIC: [8] Undefined index: login_time E:\phpstudy\WWW\thinkphp\blog\Admin\Model\MembersModel.class.php 第 26 行.
NOTIC: [8] Undefined index: reg_time E:\phpstudy\WWW\thinkphp\blog\Admin\Model\MembersModel.class.php 第 27 行.
NOTIC: [8] Undefined index: login_time E:\phpstudy\WWW\thinkphp\blog\Admin\Model\MembersModel.class.php 第 26 行.
NOTIC: [8] Undefined index: reg_time E:\phpstudy\WWW\thinkphp\blog\Admin\Model\MembersModel.class.php 第 27 行.
SQL: SELECT COUNT(*) AS tp_count FROM `blog_members` LIMIT 1   [ RunTime:0.0000s ]

[ 2016-08-12T00:17:19+08:00 ] ::1 /thinkphp/admin.php/Index/showNav
INFO: [ app_begin ] --START--
INFO: Run Behavior\ReadHtmlCacheBehavior [ RunTime:0.000000s ]
INFO: [ app_begin ] --END-- [ RunTime:0.001000s ]
SQL: SHOW COLUMNS FROM `blog_admin_nav` [ RunTime:0.0040s ]
SQL: SELECT `id`,`text`,`state`,`url` FROM `blog_admin_nav` WHERE `nid` = 0  [ RunTime:0.0000s ]

[ 2016-08-12T00:17:20+08:00 ] ::1 /thinkphp/admin.php/Index/showNav
INFO: [ app_begin ] --START--
INFO: Run Behavior\ReadHtmlCacheBehavior [ RunTime:0.000000s ]
INFO: [ app_begin ] --END-- [ RunTime:0.000000s ]
SQL: SHOW COLUMNS FROM `blog_admin_nav` [ RunTime:0.0040s ]
SQL: SELECT `id`,`text`,`state`,`url` FROM `blog_admin_nav` WHERE `nid` = 1  [ RunTime:0.0010s ]

[ 2016-08-12T00:17:21+08:00 ] ::1 /thinkphp/admin.php/Index/showNav
INFO: [ app_begin ] --START--
INFO: Run Behavior\ReadHtmlCacheBehavior [ RunTime:0.001000s ]
INFO: [ app_begin ] --END-- [ RunTime:0.001000s ]
SQL: SHOW COLUMNS FROM `blog_admin_nav` [ RunTime:0.0050s ]
SQL: SELECT `id`,`text`,`state`,`url` FROM `blog_admin_nav` WHERE `nid` = 5  [ RunTime:0.0000s ]

[ 2016-08-12T00:17:22+08:00 ] ::1 /thinkphp/admin.php/Index/showNav
INFO: [ app_begin ] --START--
INFO: Run Behavior\ReadHtmlCacheBehavior [ RunTime:0.001000s ]
INFO: [ app_begin ] --END-- [ RunTime:0.002000s ]
SQL: SHOW COLUMNS FROM `blog_admin_nav` [ RunTime:0.0030s ]
SQL: SELECT `id`,`text`,`state`,`url` FROM `blog_admin_nav` WHERE `nid` = 8  [ RunTime:0.0000s ]

[ 2016-08-12T00:39:01+08:00 ] ::1 /thinkphp/admin.php/null?_=1470932106663
INFO: [ app_begin ] --START--
INFO: Run Behavior\ReadHtmlCacheBehavior [ RunTime:0.000000s ]
INFO: [ app_begin ] --END-- [ RunTime:0.001000s ]
ERR: 无法加载控制器:Null

