[ 2016-09-15T17:58:59+08:00 ] 121.201.3.223 /admin.php/Login/Login/login
INFO: [ app_begin ] --START--
INFO: Run Behavior\ReadHtmlCacheBehavior [ RunTime:0.000481s ]
INFO: [ app_begin ] --END-- [ RunTime:0.000830s ]
SQL: SHOW COLUMNS FROM `blog_admin` [ RunTime:0.0010s ]
SQL: SELECT * FROM `blog_admin` WHERE `name` = 'joychi' AND `password` = '066eca7e6ec134fb5b064223345e830d' LIMIT 1   [ RunTime:0.0003s ]
NOTIC: [8] A session had already been started - ignoring session_start() /home/jijialexjii1jbiia9lce/wwwroot/ThinkPHP/Common/functions.php 第 1263 行.
INFO: [ app_end ] --START--
INFO: Run Behavior\ShowPageTraceBehavior [ RunTime:0.000837s ]
INFO: [ app_end ] --END-- [ RunTime:0.000903s ]

[ 2016-09-15T17:59:01+08:00 ] 121.201.3.223 /admin.php/Index/showNav
INFO: [ app_begin ] --START--
INFO: Run Behavior\ReadHtmlCacheBehavior [ RunTime:0.000413s ]
INFO: [ app_begin ] --END-- [ RunTime:0.000733s ]
SQL: SHOW COLUMNS FROM `blog_admin_nav` [ RunTime:0.0027s ]
SQL: SELECT `id`,`text`,`state`,`iconCls`,`url` FROM `blog_admin_nav` WHERE `nid` = 0  [ RunTime:0.0007s ]

[ 2016-09-15T17:59:01+08:00 ] 121.201.3.223 /admin.php/Index/showNav
INFO: [ app_begin ] --START--
INFO: Run Behavior\ReadHtmlCacheBehavior [ RunTime:0.000438s ]
INFO: [ app_begin ] --END-- [ RunTime:0.000763s ]
SQL: SHOW COLUMNS FROM `blog_admin_nav` [ RunTime:0.0010s ]
SQL: SELECT `id`,`text`,`state`,`iconCls`,`url` FROM `blog_admin_nav` WHERE `nid` = 1  [ RunTime:0.0004s ]

[ 2016-09-15T17:59:01+08:00 ] 121.201.3.223 /admin.php/Index/showNav
INFO: [ app_begin ] --START--
INFO: Run Behavior\ReadHtmlCacheBehavior [ RunTime:0.000409s ]
INFO: [ app_begin ] --END-- [ RunTime:0.000730s ]
SQL: SHOW COLUMNS FROM `blog_admin_nav` [ RunTime:0.0009s ]
SQL: SELECT `id`,`text`,`state`,`iconCls`,`url` FROM `blog_admin_nav` WHERE `nid` = 5  [ RunTime:0.0004s ]

[ 2016-09-15T17:59:01+08:00 ] 121.201.3.223 /admin.php/Index/showNav
INFO: [ app_begin ] --START--
INFO: Run Behavior\ReadHtmlCacheBehavior [ RunTime:0.000665s ]
INFO: [ app_begin ] --END-- [ RunTime:0.001430s ]
SQL: SHOW COLUMNS FROM `blog_admin_nav` [ RunTime:0.0008s ]
SQL: SELECT `id`,`text`,`state`,`iconCls`,`url` FROM `blog_admin_nav` WHERE `nid` = 8  [ RunTime:0.0004s ]

[ 2016-09-15T17:59:04+08:00 ] 121.201.3.223 /admin.php/Article/index?_=1473933540804
INFO: [ app_begin ] --START--
INFO: Run Behavior\ReadHtmlCacheBehavior [ RunTime:0.000600s ]
INFO: [ app_begin ] --END-- [ RunTime:0.000979s ]
INFO: [ view_parse ] --START--
INFO: [ template_filter ] --START--
INFO: Run Behavior\ContentReplaceBehavior [ RunTime:0.000085s ]
INFO: [ template_filter ] --END-- [ RunTime:0.000168s ]
INFO: Run Behavior\ParseTemplateBehavior [ RunTime:0.008031s ]
INFO: [ view_parse ] --END-- [ RunTime:0.008098s ]
INFO: [ view_filter ] --START--
INFO: Run Behavior\WriteHtmlCacheBehavior [ RunTime:0.000218s ]
INFO: [ view_filter ] --END-- [ RunTime:0.000259s ]
INFO: [ app_end ] --START--
INFO: Run Behavior\ShowPageTraceBehavior [ RunTime:0.000676s ]
INFO: [ app_end ] --END-- [ RunTime:0.000725s ]

[ 2016-09-15T17:59:04+08:00 ] 121.201.3.223 /admin.php/Article/getarticles
INFO: [ app_begin ] --START--
INFO: Run Behavior\ReadHtmlCacheBehavior [ RunTime:0.000697s ]
INFO: [ app_begin ] --END-- [ RunTime:0.001187s ]
SQL: SHOW COLUMNS FROM `blog_article` [ RunTime:0.0012s ]
SQL: SHOW COLUMNS FROM `blog_article` [ RunTime:0.0006s ]
SQL: SELECT ba.a_id,ba.a_title,ba.a_content,ba.a_views,ba.a_type,blog_admin.name,bac.cate_name,ba.create_time FROM blog_article ba left JOIN blog_article_cate bac on ba.cate_id = bac.cate_id INNER JOIN blog_admin on ba.a_author = blog_admin.id  ORDER BY `create_time` DESC LIMIT 0,20   [ RunTime:0.0019s ]
SQL: SELECT COUNT(*) AS tp_count FROM `blog_article` LIMIT 1   [ RunTime:0.0002s ]

[ 2016-09-15T17:59:14+08:00 ] 121.201.3.223 /admin.php/Article/getcate
INFO: [ app_begin ] --START--
INFO: Run Behavior\ReadHtmlCacheBehavior [ RunTime:0.000625s ]
INFO: [ app_begin ] --END-- [ RunTime:0.001057s ]
SQL: SHOW COLUMNS FROM `blog_article_cate` [ RunTime:0.0009s ]
SQL: SELECT `cate_id`,`cate_name` FROM `blog_article_cate`  [ RunTime:0.0004s ]

[ 2016-09-15T17:59:14+08:00 ] 121.201.3.223 /admin.php/Admin/getAdmins
INFO: [ app_begin ] --START--
INFO: Run Behavior\ReadHtmlCacheBehavior [ RunTime:0.000459s ]
INFO: [ app_begin ] --END-- [ RunTime:0.000788s ]
SQL: SHOW COLUMNS FROM `blog_admin` [ RunTime:0.0009s ]
SQL: SELECT `id`,`name`,`login_time`,`login_ip` FROM `blog_admin`  [ RunTime:0.0003s ]

[ 2016-09-15T17:59:19+08:00 ] 121.201.3.223 /admin.php/Members/index?_=1473933540806
INFO: [ app_begin ] --START--
INFO: Run Behavior\ReadHtmlCacheBehavior [ RunTime:0.000543s ]
INFO: [ app_begin ] --END-- [ RunTime:0.000906s ]
INFO: [ view_parse ] --START--
INFO: [ template_filter ] --START--
INFO: Run Behavior\ContentReplaceBehavior [ RunTime:0.000091s ]
INFO: [ template_filter ] --END-- [ RunTime:0.000184s ]
INFO: Run Behavior\ParseTemplateBehavior [ RunTime:0.014778s ]
INFO: [ view_parse ] --END-- [ RunTime:0.014859s ]
INFO: [ view_filter ] --START--
INFO: Run Behavior\WriteHtmlCacheBehavior [ RunTime:0.000200s ]
INFO: [ view_filter ] --END-- [ RunTime:0.000250s ]
INFO: [ app_end ] --START--
INFO: Run Behavior\ShowPageTraceBehavior [ RunTime:0.000496s ]
INFO: [ app_end ] --END-- [ RunTime:0.000557s ]

[ 2016-09-15T17:59:20+08:00 ] 121.201.3.223 /admin.php/Members/getmembers
INFO: [ app_begin ] --START--
INFO: Run Behavior\ReadHtmlCacheBehavior [ RunTime:0.000439s ]
INFO: [ app_begin ] --END-- [ RunTime:0.000745s ]
SQL: SHOW COLUMNS FROM `blog_members` [ RunTime:0.0011s ]
SQL: SELECT `id`,`m_name`,`email`,`qq`,`reg_time`,`login_time`,`login_ip` FROM `blog_members` ORDER BY `reg_time` DESC LIMIT 0,20   [ RunTime:0.0004s ]
SQL: SELECT COUNT(*) AS tp_count FROM `blog_members` LIMIT 1   [ RunTime:0.0002s ]

[ 2016-09-15T18:01:38+08:00 ] 121.201.3.223 /admin.php/null?_=1473933540808
INFO: [ app_begin ] --START--
INFO: Run Behavior\ReadHtmlCacheBehavior [ RunTime:0.000416s ]
INFO: [ app_begin ] --END-- [ RunTime:0.000720s ]
ERR: 无法加载控制器:Null

[ 2016-09-15T18:01:39+08:00 ] 121.201.3.223 /admin.php/null?_=1473933540809
INFO: [ app_begin ] --START--
INFO: Run Behavior\ReadHtmlCacheBehavior [ RunTime:0.000444s ]
INFO: [ app_begin ] --END-- [ RunTime:0.000772s ]
ERR: 无法加载控制器:Null

[ 2016-09-15T18:01:39+08:00 ] 121.201.3.223 /admin.php/Admin/index?_=1473933540810
INFO: [ app_begin ] --START--
INFO: Run Behavior\ReadHtmlCacheBehavior [ RunTime:0.000424s ]
INFO: [ app_begin ] --END-- [ RunTime:0.000740s ]
INFO: [ app_end ] --START--
INFO: Run Behavior\ShowPageTraceBehavior [ RunTime:0.000417s ]
INFO: [ app_end ] --END-- [ RunTime:0.000481s ]

[ 2016-09-15T18:01:43+08:00 ] 121.201.3.223 /admin.php/Article/index?_=1473933540811
INFO: [ app_begin ] --START--
INFO: Run Behavior\ReadHtmlCacheBehavior [ RunTime:0.000528s ]
INFO: [ app_begin ] --END-- [ RunTime:0.000895s ]
INFO: [ view_parse ] --START--
INFO: [ template_filter ] --START--
INFO: Run Behavior\ContentReplaceBehavior [ RunTime:0.000075s ]
INFO: [ template_filter ] --END-- [ RunTime:0.000179s ]
INFO: Run Behavior\ParseTemplateBehavior [ RunTime:0.006821s ]
INFO: [ view_parse ] --END-- [ RunTime:0.006869s ]
INFO: [ view_filter ] --START--
INFO: Run Behavior\WriteHtmlCacheBehavior [ RunTime:0.000157s ]
INFO: [ view_filter ] --END-- [ RunTime:0.000197s ]
INFO: [ app_end ] --START--
INFO: Run Behavior\ShowPageTraceBehavior [ RunTime:0.000519s ]
INFO: [ app_end ] --END-- [ RunTime:0.000564s ]

[ 2016-09-15T18:01:44+08:00 ] 121.201.3.223 /admin.php/Article/getarticles
INFO: [ app_begin ] --START--
INFO: Run Behavior\ReadHtmlCacheBehavior [ RunTime:0.000807s ]
INFO: [ app_begin ] --END-- [ RunTime:0.001278s ]
SQL: SHOW COLUMNS FROM `blog_article` [ RunTime:0.0011s ]
SQL: SHOW COLUMNS FROM `blog_article` [ RunTime:0.0005s ]
SQL: SELECT ba.a_id,ba.a_title,ba.a_content,ba.a_views,ba.a_type,blog_admin.name,bac.cate_name,ba.create_time FROM blog_article ba left JOIN blog_article_cate bac on ba.cate_id = bac.cate_id INNER JOIN blog_admin on ba.a_author = blog_admin.id  ORDER BY `create_time` DESC LIMIT 0,20   [ RunTime:0.0015s ]
SQL: SELECT COUNT(*) AS tp_count FROM `blog_article` LIMIT 1   [ RunTime:0.0002s ]

[ 2016-09-15T18:01:44+08:00 ] 121.201.3.223 /admin.php/Members/index?_=1473933540813
INFO: [ app_begin ] --START--
INFO: Run Behavior\ReadHtmlCacheBehavior [ RunTime:0.000417s ]
INFO: [ app_begin ] --END-- [ RunTime:0.000748s ]
INFO: [ view_parse ] --START--
INFO: [ template_filter ] --START--
INFO: Run Behavior\ContentReplaceBehavior [ RunTime:0.000071s ]
INFO: [ template_filter ] --END-- [ RunTime:0.000122s ]
INFO: Run Behavior\ParseTemplateBehavior [ RunTime:0.005596s ]
INFO: [ view_parse ] --END-- [ RunTime:0.005644s ]
INFO: [ view_filter ] --START--
INFO: Run Behavior\WriteHtmlCacheBehavior [ RunTime:0.000143s ]
INFO: [ view_filter ] --END-- [ RunTime:0.000177s ]
INFO: [ app_end ] --START--
INFO: Run Behavior\ShowPageTraceBehavior [ RunTime:0.000452s ]
INFO: [ app_end ] --END-- [ RunTime:0.000494s ]

[ 2016-09-15T18:01:44+08:00 ] 121.201.3.223 /admin.php/Members/getmembers
INFO: [ app_begin ] --START--
INFO: Run Behavior\ReadHtmlCacheBehavior [ RunTime:0.000439s ]
INFO: [ app_begin ] --END-- [ RunTime:0.000733s ]
SQL: SHOW COLUMNS FROM `blog_members` [ RunTime:0.0012s ]
SQL: SELECT `id`,`m_name`,`email`,`qq`,`reg_time`,`login_time`,`login_ip` FROM `blog_members` ORDER BY `reg_time` DESC LIMIT 0,20   [ RunTime:0.0003s ]
SQL: SELECT COUNT(*) AS tp_count FROM `blog_members` LIMIT 1   [ RunTime:0.0002s ]

[ 2016-09-15T18:02:03+08:00 ] 121.201.3.223 /admin.php/Article/index?_=1473933540815
INFO: [ app_begin ] --START--
INFO: Run Behavior\ReadHtmlCacheBehavior [ RunTime:0.000594s ]
INFO: [ app_begin ] --END-- [ RunTime:0.000940s ]
INFO: [ view_parse ] --START--
INFO: [ template_filter ] --START--
INFO: Run Behavior\ContentReplaceBehavior [ RunTime:0.000074s ]
INFO: [ template_filter ] --END-- [ RunTime:0.000133s ]
INFO: Run Behavior\ParseTemplateBehavior [ RunTime:0.006132s ]
INFO: [ view_parse ] --END-- [ RunTime:0.006195s ]
INFO: [ view_filter ] --START--
INFO: Run Behavior\WriteHtmlCacheBehavior [ RunTime:0.000161s ]
INFO: [ view_filter ] --END-- [ RunTime:0.000200s ]
INFO: [ app_end ] --START--
INFO: Run Behavior\ShowPageTraceBehavior [ RunTime:0.000423s ]
INFO: [ app_end ] --END-- [ RunTime:0.000480s ]

[ 2016-09-15T18:02:04+08:00 ] 121.201.3.223 /admin.php/Article/getarticles
INFO: [ app_begin ] --START--
INFO: Run Behavior\ReadHtmlCacheBehavior [ RunTime:0.000423s ]
INFO: [ app_begin ] --END-- [ RunTime:0.000750s ]
SQL: SHOW COLUMNS FROM `blog_article` [ RunTime:0.0009s ]
SQL: SHOW COLUMNS FROM `blog_article` [ RunTime:0.0004s ]
SQL: SELECT ba.a_id,ba.a_title,ba.a_content,ba.a_views,ba.a_type,blog_admin.name,bac.cate_name,ba.create_time FROM blog_article ba left JOIN blog_article_cate bac on ba.cate_id = bac.cate_id INNER JOIN blog_admin on ba.a_author = blog_admin.id  ORDER BY `create_time` DESC LIMIT 0,20   [ RunTime:0.0003s ]
SQL: SELECT COUNT(*) AS tp_count FROM `blog_article` LIMIT 1   [ RunTime:0.0001s ]

[ 2016-09-15T18:02:05+08:00 ] 121.201.3.223 /admin.php/Article/getcate
INFO: [ app_begin ] --START--
INFO: Run Behavior\ReadHtmlCacheBehavior [ RunTime:0.000421s ]
INFO: [ app_begin ] --END-- [ RunTime:0.000724s ]
SQL: SHOW COLUMNS FROM `blog_article_cate` [ RunTime:0.0010s ]
SQL: SELECT `cate_id`,`cate_name` FROM `blog_article_cate`  [ RunTime:0.0002s ]

[ 2016-09-15T18:02:09+08:00 ] 121.201.3.223 /admin.php/Article/getarticles
INFO: [ app_begin ] --START--
INFO: Run Behavior\ReadHtmlCacheBehavior [ RunTime:0.000425s ]
INFO: [ app_begin ] --END-- [ RunTime:0.000757s ]
SQL: SHOW COLUMNS FROM `blog_article` [ RunTime:0.0012s ]
SQL: SHOW COLUMNS FROM `blog_article` [ RunTime:0.0005s ]
SQL: SELECT ba.a_id,ba.a_title,ba.a_content,ba.a_views,ba.a_type,blog_admin.name,bac.cate_name,ba.create_time FROM blog_article ba left JOIN blog_article_cate bac on ba.cate_id = bac.cate_id INNER JOIN blog_admin on ba.a_author = blog_admin.id  ORDER BY `create_time` DESC LIMIT 0,20   [ RunTime:0.0003s ]
SQL: SELECT COUNT(*) AS tp_count FROM `blog_article` LIMIT 1   [ RunTime:0.0001s ]

[ 2016-09-15T18:02:12+08:00 ] 121.201.3.223 /admin.php/Index/showNav
INFO: [ app_begin ] --START--
INFO: Run Behavior\ReadHtmlCacheBehavior [ RunTime:0.000470s ]
INFO: [ app_begin ] --END-- [ RunTime:0.000779s ]
SQL: SHOW COLUMNS FROM `blog_admin_nav` [ RunTime:0.0010s ]
SQL: SELECT `id`,`text`,`state`,`iconCls`,`url` FROM `blog_admin_nav` WHERE `nid` = 0  [ RunTime:0.0004s ]

[ 2016-09-15T18:02:12+08:00 ] 121.201.3.223 /admin.php/Index/showNav
INFO: [ app_begin ] --START--
INFO: Run Behavior\ReadHtmlCacheBehavior [ RunTime:0.000426s ]
INFO: [ app_begin ] --END-- [ RunTime:0.000737s ]
SQL: SHOW COLUMNS FROM `blog_admin_nav` [ RunTime:0.0009s ]
SQL: SELECT `id`,`text`,`state`,`iconCls`,`url` FROM `blog_admin_nav` WHERE `nid` = 1  [ RunTime:0.0003s ]

[ 2016-09-15T18:02:12+08:00 ] 121.201.3.223 /admin.php/Index/showNav
INFO: [ app_begin ] --START--
INFO: Run Behavior\ReadHtmlCacheBehavior [ RunTime:0.000432s ]
INFO: [ app_begin ] --END-- [ RunTime:0.000738s ]
SQL: SHOW COLUMNS FROM `blog_admin_nav` [ RunTime:0.0008s ]
SQL: SELECT `id`,`text`,`state`,`iconCls`,`url` FROM `blog_admin_nav` WHERE `nid` = 5  [ RunTime:0.0004s ]

[ 2016-09-15T18:02:12+08:00 ] 121.201.3.223 /admin.php/Index/showNav
INFO: [ app_begin ] --START--
INFO: Run Behavior\ReadHtmlCacheBehavior [ RunTime:0.000598s ]
INFO: [ app_begin ] --END-- [ RunTime:0.001066s ]
SQL: SHOW COLUMNS FROM `blog_admin_nav` [ RunTime:0.0009s ]
SQL: SELECT `id`,`text`,`state`,`iconCls`,`url` FROM `blog_admin_nav` WHERE `nid` = 8  [ RunTime:0.0003s ]

[ 2016-09-15T21:03:36+08:00 ] 121.201.3.223 /admin.php/Article/index?_=1473933731895
INFO: [ app_begin ] --START--
INFO: Run Behavior\ReadHtmlCacheBehavior [ RunTime:0.000426s ]
INFO: [ app_begin ] --END-- [ RunTime:0.000815s ]
INFO: [ view_parse ] --START--
INFO: [ template_filter ] --START--
INFO: Run Behavior\ContentReplaceBehavior [ RunTime:0.000076s ]
INFO: [ template_filter ] --END-- [ RunTime:0.000160s ]
INFO: Run Behavior\ParseTemplateBehavior [ RunTime:0.005947s ]
INFO: [ view_parse ] --END-- [ RunTime:0.005993s ]
INFO: [ view_filter ] --START--
INFO: Run Behavior\WriteHtmlCacheBehavior [ RunTime:0.000160s ]
INFO: [ view_filter ] --END-- [ RunTime:0.000200s ]
INFO: [ app_end ] --START--
INFO: Run Behavior\ShowPageTraceBehavior [ RunTime:0.000485s ]
INFO: [ app_end ] --END-- [ RunTime:0.000529s ]

[ 2016-09-15T21:03:37+08:00 ] 121.201.3.223 /admin.php/Article/getarticles
INFO: [ app_begin ] --START--
INFO: Run Behavior\ReadHtmlCacheBehavior [ RunTime:0.000440s ]
INFO: [ app_begin ] --END-- [ RunTime:0.000827s ]
SQL: SHOW COLUMNS FROM `blog_article` [ RunTime:0.0009s ]
SQL: SHOW COLUMNS FROM `blog_article` [ RunTime:0.0005s ]
SQL: SELECT ba.a_id,ba.a_title,ba.a_content,ba.a_views,ba.a_type,blog_admin.name,bac.cate_name,ba.create_time FROM blog_article ba left JOIN blog_article_cate bac on ba.cate_id = bac.cate_id INNER JOIN blog_admin on ba.a_author = blog_admin.id  ORDER BY `create_time` DESC LIMIT 0,20   [ RunTime:0.0017s ]
SQL: SELECT COUNT(*) AS tp_count FROM `blog_article` LIMIT 1   [ RunTime:0.0002s ]

[ 2016-09-15T21:07:56+08:00 ] 121.201.3.223 /admin.php/null?_=1473933731897
INFO: [ app_begin ] --START--
INFO: Run Behavior\ReadHtmlCacheBehavior [ RunTime:0.000430s ]
INFO: [ app_begin ] --END-- [ RunTime:0.000789s ]
ERR: 无法加载控制器:Null

[ 2016-09-15T21:07:57+08:00 ] 121.201.3.223 /admin.php/Members/index?_=1473933731898
INFO: [ app_begin ] --START--
INFO: Run Behavior\ReadHtmlCacheBehavior [ RunTime:0.000413s ]
INFO: [ app_begin ] --END-- [ RunTime:0.000686s ]
INFO: [ view_parse ] --START--
INFO: [ template_filter ] --START--
INFO: Run Behavior\ContentReplaceBehavior [ RunTime:0.000070s ]
INFO: [ template_filter ] --END-- [ RunTime:0.000128s ]
INFO: Run Behavior\ParseTemplateBehavior [ RunTime:0.005453s ]
INFO: [ view_parse ] --END-- [ RunTime:0.005500s ]
INFO: [ view_filter ] --START--
INFO: Run Behavior\WriteHtmlCacheBehavior [ RunTime:0.000150s ]
INFO: [ view_filter ] --END-- [ RunTime:0.000184s ]
INFO: [ app_end ] --START--
INFO: Run Behavior\ShowPageTraceBehavior [ RunTime:0.000407s ]
INFO: [ app_end ] --END-- [ RunTime:0.000448s ]

[ 2016-09-15T21:07:57+08:00 ] 121.201.3.223 /admin.php/Members/getmembers
INFO: [ app_begin ] --START--
INFO: Run Behavior\ReadHtmlCacheBehavior [ RunTime:0.000525s ]
INFO: [ app_begin ] --END-- [ RunTime:0.000920s ]
SQL: SHOW COLUMNS FROM `blog_members` [ RunTime:0.0013s ]
SQL: SELECT `id`,`m_name`,`email`,`qq`,`reg_time`,`login_time`,`login_ip` FROM `blog_members` ORDER BY `reg_time` DESC LIMIT 0,20   [ RunTime:0.0006s ]
SQL: SELECT COUNT(*) AS tp_count FROM `blog_members` LIMIT 1   [ RunTime:0.0002s ]

[ 2016-09-15T21:07:58+08:00 ] 121.201.3.223 /admin.php/null?_=1473933731900
INFO: [ app_begin ] --START--
INFO: Run Behavior\ReadHtmlCacheBehavior [ RunTime:0.000682s ]
INFO: [ app_begin ] --END-- [ RunTime:0.001166s ]
ERR: 无法加载控制器:Null

[ 2016-09-15T21:08:01+08:00 ] 121.201.3.223 /admin.php/Members/index?_=1473933731901
INFO: [ app_begin ] --START--
INFO: Run Behavior\ReadHtmlCacheBehavior [ RunTime:0.000439s ]
INFO: [ app_begin ] --END-- [ RunTime:0.000757s ]
INFO: [ view_parse ] --START--
INFO: [ template_filter ] --START--
INFO: Run Behavior\ContentReplaceBehavior [ RunTime:0.000069s ]
INFO: [ template_filter ] --END-- [ RunTime:0.000133s ]
INFO: Run Behavior\ParseTemplateBehavior [ RunTime:0.005601s ]
INFO: [ view_parse ] --END-- [ RunTime:0.005655s ]
INFO: [ view_filter ] --START--
INFO: Run Behavior\WriteHtmlCacheBehavior [ RunTime:0.000159s ]
INFO: [ view_filter ] --END-- [ RunTime:0.000194s ]
INFO: [ app_end ] --START--
INFO: Run Behavior\ShowPageTraceBehavior [ RunTime:0.000408s ]
INFO: [ app_end ] --END-- [ RunTime:0.000468s ]

[ 2016-09-15T21:08:01+08:00 ] 121.201.3.223 /admin.php/Members/getmembers
INFO: [ app_begin ] --START--
INFO: Run Behavior\ReadHtmlCacheBehavior [ RunTime:0.000715s ]
INFO: [ app_begin ] --END-- [ RunTime:0.001205s ]
SQL: SHOW COLUMNS FROM `blog_members` [ RunTime:0.0008s ]
SQL: SELECT `id`,`m_name`,`email`,`qq`,`reg_time`,`login_time`,`login_ip` FROM `blog_members` ORDER BY `reg_time` DESC LIMIT 0,20   [ RunTime:0.0002s ]
SQL: SELECT COUNT(*) AS tp_count FROM `blog_members` LIMIT 1   [ RunTime:0.0001s ]

[ 2016-09-15T21:08:04+08:00 ] 121.201.3.223 /admin.php/Members/getmembers
INFO: [ app_begin ] --START--
INFO: Run Behavior\ReadHtmlCacheBehavior [ RunTime:0.000633s ]
INFO: [ app_begin ] --END-- [ RunTime:0.001122s ]
SQL: SHOW COLUMNS FROM `blog_members` [ RunTime:0.0010s ]
SQL: SELECT `id`,`m_name`,`email`,`qq`,`reg_time`,`login_time`,`login_ip` FROM `blog_members` ORDER BY `reg_time` DESC LIMIT 20,20   [ RunTime:0.0005s ]
SQL: SELECT COUNT(*) AS tp_count FROM `blog_members` LIMIT 1   [ RunTime:0.0001s ]

[ 2016-09-15T21:08:07+08:00 ] 121.201.3.223 /admin.php/Members/getmembers
INFO: [ app_begin ] --START--
INFO: Run Behavior\ReadHtmlCacheBehavior [ RunTime:0.000447s ]
INFO: [ app_begin ] --END-- [ RunTime:0.000745s ]
SQL: SHOW COLUMNS FROM `blog_members` [ RunTime:0.0008s ]
SQL: SELECT `id`,`m_name`,`email`,`qq`,`reg_time`,`login_time`,`login_ip` FROM `blog_members` ORDER BY `reg_time` DESC LIMIT 0,20   [ RunTime:0.0001s ]
SQL: SELECT COUNT(*) AS tp_count FROM `blog_members` LIMIT 1   [ RunTime:0.0001s ]

