[ 2016-08-24T00:10:07+08:00 ] ::1 /thinkphp2/admin.php/Article/getcate
INFO: [ app_begin ] --START--
INFO: Run Behavior\ReadHtmlCacheBehavior [ RunTime:0.001001s ]
INFO: [ app_begin ] --END-- [ RunTime:0.002001s ]

[ 2016-08-24T00:10:22+08:00 ] ::1 /thinkphp2/admin.php/Index/showNav
INFO: [ app_begin ] --START--
INFO: Run Behavior\ReadHtmlCacheBehavior [ RunTime:0.001000s ]
INFO: [ app_begin ] --END-- [ RunTime:0.002000s ]
SQL: SHOW COLUMNS FROM `blog_admin_nav` [ RunTime:0.0050s ]
SQL: SELECT `id`,`text`,`state`,`iconCls`,`url` FROM `blog_admin_nav` WHERE `nid` = 0  [ RunTime:0.0010s ]

[ 2016-08-24T00:10:23+08:00 ] ::1 /thinkphp2/admin.php/Index/showNav
INFO: [ app_begin ] --START--
INFO: Run Behavior\ReadHtmlCacheBehavior [ RunTime:0.001000s ]
INFO: [ app_begin ] --END-- [ RunTime:0.001000s ]
SQL: SHOW COLUMNS FROM `blog_admin_nav` [ RunTime:0.0040s ]
SQL: SELECT `id`,`text`,`state`,`iconCls`,`url` FROM `blog_admin_nav` WHERE `nid` = 1  [ RunTime:0.0010s ]

[ 2016-08-24T00:10:24+08:00 ] ::1 /thinkphp2/admin.php/Index/showNav
INFO: [ app_begin ] --START--
INFO: Run Behavior\ReadHtmlCacheBehavior [ RunTime:0.001001s ]
INFO: [ app_begin ] --END-- [ RunTime:0.001001s ]
SQL: SHOW COLUMNS FROM `blog_admin_nav` [ RunTime:0.0050s ]
SQL: SELECT `id`,`text`,`state`,`iconCls`,`url` FROM `blog_admin_nav` WHERE `nid` = 5  [ RunTime:0.0010s ]

[ 2016-08-24T00:10:25+08:00 ] ::1 /thinkphp2/admin.php/Index/showNav
INFO: [ app_begin ] --START--
INFO: Run Behavior\ReadHtmlCacheBehavior [ RunTime:0.000000s ]
INFO: [ app_begin ] --END-- [ RunTime:0.002000s ]
SQL: SHOW COLUMNS FROM `blog_admin_nav` [ RunTime:0.0040s ]
SQL: SELECT `id`,`text`,`state`,`iconCls`,`url` FROM `blog_admin_nav` WHERE `nid` = 8  [ RunTime:0.0000s ]

[ 2016-08-24T00:10:27+08:00 ] ::1 /thinkphp2/admin.php/Article/index?_=1471968621014
INFO: [ app_begin ] --START--
INFO: Run Behavior\ReadHtmlCacheBehavior [ RunTime:0.001000s ]
INFO: [ app_begin ] --END-- [ RunTime:0.001000s ]

[ 2016-08-24T00:10:47+08:00 ] ::1 /thinkphp2/admin.php/Index/showNav
INFO: [ app_begin ] --START--
INFO: Run Behavior\ReadHtmlCacheBehavior [ RunTime:0.001000s ]
INFO: [ app_begin ] --END-- [ RunTime:0.001000s ]
SQL: SHOW COLUMNS FROM `blog_admin_nav` [ RunTime:0.0050s ]
SQL: SELECT `id`,`text`,`state`,`iconCls`,`url` FROM `blog_admin_nav` WHERE `nid` = 0  [ RunTime:0.0000s ]

[ 2016-08-24T00:10:48+08:00 ] ::1 /thinkphp2/admin.php/Index/showNav
INFO: [ app_begin ] --START--
INFO: Run Behavior\ReadHtmlCacheBehavior [ RunTime:0.001000s ]
INFO: [ app_begin ] --END-- [ RunTime:0.001000s ]
SQL: SHOW COLUMNS FROM `blog_admin_nav` [ RunTime:0.0040s ]
SQL: SELECT `id`,`text`,`state`,`iconCls`,`url` FROM `blog_admin_nav` WHERE `nid` = 1  [ RunTime:0.0010s ]

[ 2016-08-24T00:10:49+08:00 ] ::1 /thinkphp2/admin.php/Index/showNav
INFO: [ app_begin ] --START--
INFO: Run Behavior\ReadHtmlCacheBehavior [ RunTime:0.001001s ]
INFO: [ app_begin ] --END-- [ RunTime:0.002001s ]
SQL: SHOW COLUMNS FROM `blog_admin_nav` [ RunTime:0.0040s ]
SQL: SELECT `id`,`text`,`state`,`iconCls`,`url` FROM `blog_admin_nav` WHERE `nid` = 5  [ RunTime:0.0000s ]

[ 2016-08-24T00:10:50+08:00 ] ::1 /thinkphp2/admin.php/Index/showNav
INFO: [ app_begin ] --START--
INFO: Run Behavior\ReadHtmlCacheBehavior [ RunTime:0.000000s ]
INFO: [ app_begin ] --END-- [ RunTime:0.001000s ]
SQL: SHOW COLUMNS FROM `blog_admin_nav` [ RunTime:0.0040s ]
SQL: SELECT `id`,`text`,`state`,`iconCls`,`url` FROM `blog_admin_nav` WHERE `nid` = 8  [ RunTime:0.0000s ]

[ 2016-08-24T00:10:50+08:00 ] ::1 /thinkphp2/admin.php/null?_=1471968645726
INFO: [ app_begin ] --START--
INFO: Run Behavior\ReadHtmlCacheBehavior [ RunTime:0.000000s ]
INFO: [ app_begin ] --END-- [ RunTime:0.001000s ]
ERR: 无法加载控制器:Null

[ 2016-08-24T00:10:51+08:00 ] ::1 /thinkphp2/admin.php/Article/index?_=1471968645727
INFO: [ app_begin ] --START--
INFO: Run Behavior\ReadHtmlCacheBehavior [ RunTime:0.000000s ]
INFO: [ app_begin ] --END-- [ RunTime:0.001000s ]
INFO: [ view_parse ] --START--
INFO: [ template_filter ] --START--
INFO: Run Behavior\ContentReplaceBehavior [ RunTime:0.000000s ]
INFO: [ template_filter ] --END-- [ RunTime:0.000000s ]
INFO: Run Behavior\ParseTemplateBehavior [ RunTime:0.006000s ]
INFO: [ view_parse ] --END-- [ RunTime:0.006000s ]
INFO: [ view_filter ] --START--
INFO: Run Behavior\WriteHtmlCacheBehavior [ RunTime:0.001000s ]
INFO: [ view_filter ] --END-- [ RunTime:0.001000s ]
INFO: [ app_end ] --START--
INFO: Run Behavior\ShowPageTraceBehavior [ RunTime:0.000000s ]
INFO: [ app_end ] --END-- [ RunTime:0.000000s ]

[ 2016-08-24T00:11:21+08:00 ] ::1 /thinkphp2/admin.php/Index/showNav
INFO: [ app_begin ] --START--
INFO: Run Behavior\ReadHtmlCacheBehavior [ RunTime:0.000000s ]
INFO: [ app_begin ] --END-- [ RunTime:0.001001s ]
SQL: SHOW COLUMNS FROM `blog_admin_nav` [ RunTime:0.0040s ]
SQL: SELECT `id`,`text`,`state`,`iconCls`,`url` FROM `blog_admin_nav` WHERE `nid` = 0  [ RunTime:0.0010s ]

[ 2016-08-24T00:11:22+08:00 ] ::1 /thinkphp2/admin.php/Index/showNav
INFO: [ app_begin ] --START--
INFO: Run Behavior\ReadHtmlCacheBehavior [ RunTime:0.000000s ]
INFO: [ app_begin ] --END-- [ RunTime:0.001000s ]
SQL: SHOW COLUMNS FROM `blog_admin_nav` [ RunTime:0.0050s ]
SQL: SELECT `id`,`text`,`state`,`iconCls`,`url` FROM `blog_admin_nav` WHERE `nid` = 5  [ RunTime:0.0010s ]

[ 2016-08-24T00:11:23+08:00 ] ::1 /thinkphp2/admin.php/Index/showNav
INFO: [ app_begin ] --START--
INFO: Run Behavior\ReadHtmlCacheBehavior [ RunTime:0.000000s ]
INFO: [ app_begin ] --END-- [ RunTime:0.002000s ]
SQL: SHOW COLUMNS FROM `blog_admin_nav` [ RunTime:0.0050s ]
SQL: SELECT `id`,`text`,`state`,`iconCls`,`url` FROM `blog_admin_nav` WHERE `nid` = 1  [ RunTime:0.0010s ]

[ 2016-08-24T00:11:24+08:00 ] ::1 /thinkphp2/admin.php/Index/showNav
INFO: [ app_begin ] --START--
INFO: Run Behavior\ReadHtmlCacheBehavior [ RunTime:0.000000s ]
INFO: [ app_begin ] --END-- [ RunTime:0.001000s ]
SQL: SHOW COLUMNS FROM `blog_admin_nav` [ RunTime:0.0050s ]
SQL: SELECT `id`,`text`,`state`,`iconCls`,`url` FROM `blog_admin_nav` WHERE `nid` = 8  [ RunTime:0.0010s ]

[ 2016-08-24T00:11:28+08:00 ] ::1 /thinkphp2/admin.php/Article/index?_=1471968679797
INFO: [ app_begin ] --START--
INFO: Run Behavior\ReadHtmlCacheBehavior [ RunTime:0.001000s ]
INFO: [ app_begin ] --END-- [ RunTime:0.001000s ]
INFO: [ view_parse ] --START--
INFO: [ template_filter ] --START--
INFO: Run Behavior\ContentReplaceBehavior [ RunTime:0.000000s ]
INFO: [ template_filter ] --END-- [ RunTime:0.000000s ]
INFO: Run Behavior\ParseTemplateBehavior [ RunTime:0.007000s ]
INFO: [ view_parse ] --END-- [ RunTime:0.007000s ]
INFO: [ view_filter ] --START--
INFO: Run Behavior\WriteHtmlCacheBehavior [ RunTime:0.000000s ]
INFO: [ view_filter ] --END-- [ RunTime:0.000000s ]
INFO: [ app_end ] --START--
INFO: Run Behavior\ShowPageTraceBehavior [ RunTime:0.001001s ]
INFO: [ app_end ] --END-- [ RunTime:0.001001s ]

[ 2016-08-24T00:11:28+08:00 ] ::1 /thinkphp2/admin.php/Article/getarticles
INFO: [ app_begin ] --START--
INFO: Run Behavior\ReadHtmlCacheBehavior [ RunTime:0.001000s ]
INFO: [ app_begin ] --END-- [ RunTime:0.001000s ]

[ 2016-08-24T00:11:36+08:00 ] ::1 /thinkphp2/admin.php/Index/showNav
INFO: [ app_begin ] --START--
INFO: Run Behavior\ReadHtmlCacheBehavior [ RunTime:0.001000s ]
INFO: [ app_begin ] --END-- [ RunTime:0.001000s ]
SQL: SHOW COLUMNS FROM `blog_admin_nav` [ RunTime:0.0040s ]
SQL: SELECT `id`,`text`,`state`,`iconCls`,`url` FROM `blog_admin_nav` WHERE `nid` = 0  [ RunTime:0.0010s ]

[ 2016-08-24T00:11:38+08:00 ] ::1 /thinkphp2/admin.php/Index/showNav
INFO: [ app_begin ] --START--
INFO: Run Behavior\ReadHtmlCacheBehavior [ RunTime:0.000000s ]
INFO: [ app_begin ] --END-- [ RunTime:0.001000s ]
SQL: SHOW COLUMNS FROM `blog_admin_nav` [ RunTime:0.0050s ]
SQL: SELECT `id`,`text`,`state`,`iconCls`,`url` FROM `blog_admin_nav` WHERE `nid` = 1  [ RunTime:0.0000s ]

[ 2016-08-24T00:11:39+08:00 ] ::1 /thinkphp2/admin.php/Index/showNav
INFO: [ app_begin ] --START--
INFO: Run Behavior\ReadHtmlCacheBehavior [ RunTime:0.001000s ]
INFO: [ app_begin ] --END-- [ RunTime:0.001000s ]
SQL: SHOW COLUMNS FROM `blog_admin_nav` [ RunTime:0.0040s ]
SQL: SELECT `id`,`text`,`state`,`iconCls`,`url` FROM `blog_admin_nav` WHERE `nid` = 8  [ RunTime:0.0010s ]

[ 2016-08-24T00:11:40+08:00 ] ::1 /thinkphp2/admin.php/Index/showNav
INFO: [ app_begin ] --START--
INFO: Run Behavior\ReadHtmlCacheBehavior [ RunTime:0.001000s ]
INFO: [ app_begin ] --END-- [ RunTime:0.001000s ]
SQL: SHOW COLUMNS FROM `blog_admin_nav` [ RunTime:0.0040s ]
SQL: SELECT `id`,`text`,`state`,`iconCls`,`url` FROM `blog_admin_nav` WHERE `nid` = 5  [ RunTime:0.0010s ]

[ 2016-08-24T00:11:46+08:00 ] ::1 /thinkphp2/admin.php/Article/index?_=1471968695631
INFO: [ app_begin ] --START--
INFO: Run Behavior\ReadHtmlCacheBehavior [ RunTime:0.001000s ]
INFO: [ app_begin ] --END-- [ RunTime:0.001000s ]
INFO: [ view_parse ] --START--
INFO: [ template_filter ] --START--
INFO: Run Behavior\ContentReplaceBehavior [ RunTime:0.000000s ]
INFO: [ template_filter ] --END-- [ RunTime:0.000000s ]
INFO: Run Behavior\ParseTemplateBehavior [ RunTime:0.006001s ]
INFO: [ view_parse ] --END-- [ RunTime:0.006001s ]
INFO: [ view_filter ] --START--
INFO: Run Behavior\WriteHtmlCacheBehavior [ RunTime:0.001000s ]
INFO: [ view_filter ] --END-- [ RunTime:0.001000s ]
INFO: [ app_end ] --START--
INFO: Run Behavior\ShowPageTraceBehavior [ RunTime:0.000000s ]
INFO: [ app_end ] --END-- [ RunTime:0.000000s ]

[ 2016-08-24T00:11:46+08:00 ] ::1 /thinkphp2/admin.php/Article/getarticles
INFO: [ app_begin ] --START--
INFO: Run Behavior\ReadHtmlCacheBehavior [ RunTime:0.000000s ]
INFO: [ app_begin ] --END-- [ RunTime:0.001000s ]

[ 2016-08-24T00:12:10+08:00 ] ::1 /thinkphp2/admin.php/Index/showNav
INFO: [ app_begin ] --START--
INFO: Run Behavior\ReadHtmlCacheBehavior [ RunTime:0.001001s ]
INFO: [ app_begin ] --END-- [ RunTime:0.001001s ]
SQL: SHOW COLUMNS FROM `blog_admin_nav` [ RunTime:0.0040s ]
SQL: SELECT `id`,`text`,`state`,`iconCls`,`url` FROM `blog_admin_nav` WHERE `nid` = 0  [ RunTime:0.0080s ]

[ 2016-08-24T00:12:12+08:00 ] ::1 /thinkphp2/admin.php/Index/showNav
INFO: [ app_begin ] --START--
INFO: Run Behavior\ReadHtmlCacheBehavior [ RunTime:0.001000s ]
INFO: [ app_begin ] --END-- [ RunTime:0.002000s ]
SQL: SHOW COLUMNS FROM `blog_admin_nav` [ RunTime:0.0060s ]
SQL: SELECT `id`,`text`,`state`,`iconCls`,`url` FROM `blog_admin_nav` WHERE `nid` = 1  [ RunTime:0.0010s ]

[ 2016-08-24T00:12:13+08:00 ] ::1 /thinkphp2/admin.php/Index/showNav
INFO: [ app_begin ] --START--
INFO: Run Behavior\ReadHtmlCacheBehavior [ RunTime:0.000000s ]
INFO: [ app_begin ] --END-- [ RunTime:0.001000s ]
SQL: SHOW COLUMNS FROM `blog_admin_nav` [ RunTime:0.0040s ]
SQL: SELECT `id`,`text`,`state`,`iconCls`,`url` FROM `blog_admin_nav` WHERE `nid` = 5  [ RunTime:0.0010s ]

[ 2016-08-24T00:12:14+08:00 ] ::1 /thinkphp2/admin.php/Index/showNav
INFO: [ app_begin ] --START--
INFO: Run Behavior\ReadHtmlCacheBehavior [ RunTime:0.001000s ]
INFO: [ app_begin ] --END-- [ RunTime:0.002001s ]
SQL: SHOW COLUMNS FROM `blog_admin_nav` [ RunTime:0.0070s ]
SQL: SELECT `id`,`text`,`state`,`iconCls`,`url` FROM `blog_admin_nav` WHERE `nid` = 8  [ RunTime:0.0010s ]

[ 2016-08-24T00:12:14+08:00 ] ::1 /thinkphp2/admin.php/Article/index?_=1471968729530
INFO: [ app_begin ] --START--
INFO: Run Behavior\ReadHtmlCacheBehavior [ RunTime:0.001000s ]
INFO: [ app_begin ] --END-- [ RunTime:0.001000s ]
INFO: [ view_parse ] --START--
INFO: [ template_filter ] --START--
INFO: Run Behavior\ContentReplaceBehavior [ RunTime:0.000000s ]
INFO: [ template_filter ] --END-- [ RunTime:0.000000s ]
INFO: Run Behavior\ParseTemplateBehavior [ RunTime:0.008000s ]
INFO: [ view_parse ] --END-- [ RunTime:0.008000s ]
INFO: [ view_filter ] --START--
INFO: Run Behavior\WriteHtmlCacheBehavior [ RunTime:0.000000s ]
INFO: [ view_filter ] --END-- [ RunTime:0.000000s ]
INFO: [ app_end ] --START--
INFO: Run Behavior\ShowPageTraceBehavior [ RunTime:0.001000s ]
INFO: [ app_end ] --END-- [ RunTime:0.001000s ]

[ 2016-08-24T00:12:15+08:00 ] ::1 /thinkphp2/admin.php/Article/getarticles
INFO: [ app_begin ] --START--
INFO: Run Behavior\ReadHtmlCacheBehavior [ RunTime:0.001000s ]
INFO: [ app_begin ] --END-- [ RunTime:0.002000s ]
SQL: SHOW COLUMNS FROM `blog_article` [ RunTime:0.0050s ]
SQL: SELECT `a_id`,`a_title`,`a_views`,`a_type`,`a_author`,`create_time` FROM `blog_article` ORDER BY `create_time` DESC LIMIT 0,20   [ RunTime:0.0010s ]
SQL: SELECT COUNT(*) AS tp_count FROM `blog_article` LIMIT 1   [ RunTime:0.0000s ]

[ 2016-08-24T00:12:18+08:00 ] ::1 /thinkphp2/admin.php/Article/getcate
INFO: [ app_begin ] --START--
INFO: Run Behavior\ReadHtmlCacheBehavior [ RunTime:0.000000s ]
INFO: [ app_begin ] --END-- [ RunTime:0.001000s ]
SQL: SHOW COLUMNS FROM `blog_article_cate` [ RunTime:0.0040s ]
SQL: SELECT `cate_id`,`cate_name` FROM `blog_article_cate`  [ RunTime:0.0000s ]

[ 2016-08-24T00:13:15+08:00 ] ::1 /thinkphp2/admin.php/Article/add
INFO: [ app_begin ] --START--
INFO: Run Behavior\ReadHtmlCacheBehavior [ RunTime:0.001001s ]
INFO: [ app_begin ] --END-- [ RunTime:0.001001s ]
ERR: 非法操作:add

[ 2016-08-24T00:14:31+08:00 ] ::1 /thinkphp2/admin.php/Article/add
INFO: [ app_begin ] --START--
INFO: Run Behavior\ReadHtmlCacheBehavior [ RunTime:0.000000s ]
INFO: [ app_begin ] --END-- [ RunTime:0.001000s ]
ERR: 非法操作:add

[ 2016-08-24T00:14:39+08:00 ] ::1 /thinkphp2/admin.php/Index/showNav
INFO: [ app_begin ] --START--
INFO: Run Behavior\ReadHtmlCacheBehavior [ RunTime:0.001000s ]
INFO: [ app_begin ] --END-- [ RunTime:0.001000s ]
SQL: SHOW COLUMNS FROM `blog_admin_nav` [ RunTime:0.0050s ]
SQL: SELECT `id`,`text`,`state`,`iconCls`,`url` FROM `blog_admin_nav` WHERE `nid` = 0  [ RunTime:0.0000s ]

[ 2016-08-24T00:14:40+08:00 ] ::1 /thinkphp2/admin.php/Index/showNav
INFO: [ app_begin ] --START--
INFO: Run Behavior\ReadHtmlCacheBehavior [ RunTime:0.001000s ]
INFO: [ app_begin ] --END-- [ RunTime:0.001000s ]
SQL: SHOW COLUMNS FROM `blog_admin_nav` [ RunTime:0.0040s ]
SQL: SELECT `id`,`text`,`state`,`iconCls`,`url` FROM `blog_admin_nav` WHERE `nid` = 1  [ RunTime:0.0010s ]

[ 2016-08-24T00:14:41+08:00 ] ::1 /thinkphp2/admin.php/Index/showNav
INFO: [ app_begin ] --START--
INFO: Run Behavior\ReadHtmlCacheBehavior [ RunTime:0.001000s ]
INFO: [ app_begin ] --END-- [ RunTime:0.001000s ]
SQL: SHOW COLUMNS FROM `blog_admin_nav` [ RunTime:0.0040s ]
SQL: SELECT `id`,`text`,`state`,`iconCls`,`url` FROM `blog_admin_nav` WHERE `nid` = 5  [ RunTime:0.0010s ]

[ 2016-08-24T00:14:42+08:00 ] ::1 /thinkphp2/admin.php/Index/showNav
INFO: [ app_begin ] --START--
INFO: Run Behavior\ReadHtmlCacheBehavior [ RunTime:0.000000s ]
INFO: [ app_begin ] --END-- [ RunTime:0.001000s ]
SQL: SHOW COLUMNS FROM `blog_admin_nav` [ RunTime:0.0040s ]
SQL: SELECT `id`,`text`,`state`,`iconCls`,`url` FROM `blog_admin_nav` WHERE `nid` = 8  [ RunTime:0.0010s ]

[ 2016-08-24T00:14:43+08:00 ] ::1 /thinkphp2/admin.php/Article/index?_=1471968878602
INFO: [ app_begin ] --START--
INFO: Run Behavior\ReadHtmlCacheBehavior [ RunTime:0.001000s ]
INFO: [ app_begin ] --END-- [ RunTime:0.002000s ]
INFO: [ view_parse ] --START--
INFO: [ template_filter ] --START--
INFO: Run Behavior\ContentReplaceBehavior [ RunTime:0.000000s ]
INFO: [ template_filter ] --END-- [ RunTime:0.000000s ]
INFO: Run Behavior\ParseTemplateBehavior [ RunTime:0.008000s ]
INFO: [ view_parse ] --END-- [ RunTime:0.008000s ]
INFO: [ view_filter ] --START--
INFO: Run Behavior\WriteHtmlCacheBehavior [ RunTime:0.001001s ]
INFO: [ view_filter ] --END-- [ RunTime:0.001001s ]
INFO: [ app_end ] --START--
INFO: Run Behavior\ShowPageTraceBehavior [ RunTime:0.000000s ]
INFO: [ app_end ] --END-- [ RunTime:0.000000s ]

[ 2016-08-24T00:14:44+08:00 ] ::1 /thinkphp2/admin.php/Article/getarticles
INFO: [ app_begin ] --START--
INFO: Run Behavior\ReadHtmlCacheBehavior [ RunTime:0.001000s ]
INFO: [ app_begin ] --END-- [ RunTime:0.002000s ]
SQL: SHOW COLUMNS FROM `blog_article` [ RunTime:0.0050s ]
SQL: SELECT `a_id`,`a_title`,`a_views`,`a_type`,`a_author`,`create_time` FROM `blog_article` ORDER BY `create_time` DESC LIMIT 0,20   [ RunTime:0.0010s ]
SQL: SELECT COUNT(*) AS tp_count FROM `blog_article` LIMIT 1   [ RunTime:0.0000s ]

[ 2016-08-24T00:14:46+08:00 ] ::1 /thinkphp2/admin.php/Article/getcate
INFO: [ app_begin ] --START--
INFO: Run Behavior\ReadHtmlCacheBehavior [ RunTime:0.001000s ]
INFO: [ app_begin ] --END-- [ RunTime:0.002000s ]
SQL: SHOW COLUMNS FROM `blog_article_cate` [ RunTime:0.0040s ]
SQL: SELECT `cate_id`,`cate_name` FROM `blog_article_cate`  [ RunTime:0.0000s ]

[ 2016-08-24T00:15:20+08:00 ] ::1 /thinkphp2/admin.php/Article/add
INFO: [ app_begin ] --START--
INFO: Run Behavior\ReadHtmlCacheBehavior [ RunTime:0.001000s ]
INFO: [ app_begin ] --END-- [ RunTime:0.001000s ]
ERR: 非法操作:add

[ 2016-08-24T00:16:07+08:00 ] ::1 /thinkphp2/admin.php/Index/showNav
INFO: [ app_begin ] --START--
INFO: Run Behavior\ReadHtmlCacheBehavior [ RunTime:0.001000s ]
INFO: [ app_begin ] --END-- [ RunTime:0.003000s ]
SQL: SHOW COLUMNS FROM `blog_admin_nav` [ RunTime:0.0690s ]
SQL: SELECT `id`,`text`,`state`,`iconCls`,`url` FROM `blog_admin_nav` WHERE `nid` = 0  [ RunTime:0.0010s ]

[ 2016-08-24T00:16:08+08:00 ] ::1 /thinkphp2/admin.php/Index/showNav
INFO: [ app_begin ] --START--
INFO: Run Behavior\ReadHtmlCacheBehavior [ RunTime:0.000000s ]
INFO: [ app_begin ] --END-- [ RunTime:0.001000s ]
SQL: SHOW COLUMNS FROM `blog_admin_nav` [ RunTime:0.0040s ]
SQL: SELECT `id`,`text`,`state`,`iconCls`,`url` FROM `blog_admin_nav` WHERE `nid` = 1  [ RunTime:0.0010s ]

[ 2016-08-24T00:16:09+08:00 ] ::1 /thinkphp2/admin.php/Index/showNav
INFO: [ app_begin ] --START--
INFO: Run Behavior\ReadHtmlCacheBehavior [ RunTime:0.001000s ]
INFO: [ app_begin ] --END-- [ RunTime:0.001000s ]
SQL: SHOW COLUMNS FROM `blog_admin_nav` [ RunTime:0.0040s ]
SQL: SELECT `id`,`text`,`state`,`iconCls`,`url` FROM `blog_admin_nav` WHERE `nid` = 8  [ RunTime:0.0000s ]

[ 2016-08-24T00:16:10+08:00 ] ::1 /thinkphp2/admin.php/Index/showNav
INFO: [ app_begin ] --START--
INFO: Run Behavior\ReadHtmlCacheBehavior [ RunTime:0.001000s ]
INFO: [ app_begin ] --END-- [ RunTime:0.002000s ]
SQL: SHOW COLUMNS FROM `blog_admin_nav` [ RunTime:0.0040s ]
SQL: SELECT `id`,`text`,`state`,`iconCls`,`url` FROM `blog_admin_nav` WHERE `nid` = 5  [ RunTime:0.0010s ]

[ 2016-08-24T00:16:27+08:00 ] ::1 /thinkphp2/admin.php/Article/index?_=1471968965720
INFO: [ app_begin ] --START--
INFO: Run Behavior\ReadHtmlCacheBehavior [ RunTime:0.001000s ]
INFO: [ app_begin ] --END-- [ RunTime:0.001000s ]
INFO: [ view_parse ] --START--
INFO: [ template_filter ] --START--
INFO: Run Behavior\ContentReplaceBehavior [ RunTime:0.000000s ]
INFO: [ template_filter ] --END-- [ RunTime:0.001000s ]
INFO: Run Behavior\ParseTemplateBehavior [ RunTime:0.007001s ]
INFO: [ view_parse ] --END-- [ RunTime:0.007001s ]
INFO: [ view_filter ] --START--
INFO: Run Behavior\WriteHtmlCacheBehavior [ RunTime:0.001000s ]
INFO: [ view_filter ] --END-- [ RunTime:0.001000s ]
INFO: [ app_end ] --START--
INFO: Run Behavior\ShowPageTraceBehavior [ RunTime:0.000000s ]
INFO: [ app_end ] --END-- [ RunTime:0.000000s ]

[ 2016-08-24T00:16:28+08:00 ] ::1 /thinkphp2/admin.php/Article/getarticles
INFO: [ app_begin ] --START--
INFO: Run Behavior\ReadHtmlCacheBehavior [ RunTime:0.001000s ]
INFO: [ app_begin ] --END-- [ RunTime:0.001000s ]
SQL: SHOW COLUMNS FROM `blog_article` [ RunTime:0.0040s ]
SQL: SELECT `a_id`,`a_title`,`a_views`,`a_type`,`a_author`,`create_time` FROM `blog_article` ORDER BY `create_time` DESC LIMIT 0,20   [ RunTime:0.0000s ]
SQL: SELECT COUNT(*) AS tp_count FROM `blog_article` LIMIT 1   [ RunTime:0.0010s ]

[ 2016-08-24T00:16:30+08:00 ] ::1 /thinkphp2/admin.php/Article/getcate
INFO: [ app_begin ] --START--
INFO: Run Behavior\ReadHtmlCacheBehavior [ RunTime:0.001000s ]
INFO: [ app_begin ] --END-- [ RunTime:0.001000s ]
SQL: SHOW COLUMNS FROM `blog_article_cate` [ RunTime:0.0040s ]
SQL: SELECT `cate_id`,`cate_name` FROM `blog_article_cate`  [ RunTime:0.0000s ]

[ 2016-08-24T00:16:57+08:00 ] ::1 /thinkphp2/admin.php/Article/addarticle
INFO: [ app_begin ] --START--
INFO: Run Behavior\ReadHtmlCacheBehavior [ RunTime:0.000000s ]
INFO: [ app_begin ] --END-- [ RunTime:0.001000s ]
SQL: SHOW COLUMNS FROM `blog_article` [ RunTime:0.0050s ]
INFO: [ app_end ] --START--
INFO: Run Behavior\ShowPageTraceBehavior [ RunTime:0.001000s ]
INFO: [ app_end ] --END-- [ RunTime:0.001000s ]

[ 2016-08-24T00:17:34+08:00 ] ::1 /thinkphp2/admin.php/Article/addarticle
INFO: [ app_begin ] --START--
INFO: Run Behavior\ReadHtmlCacheBehavior [ RunTime:0.001000s ]
INFO: [ app_begin ] --END-- [ RunTime:0.001000s ]
SQL: SHOW COLUMNS FROM `blog_article` [ RunTime:0.0040s ]
NOTIC: [8] Undefined index: validate E:\phpstudy\WWW\thinkphp2\ThinkPHP\Library\Think\Model.class.php 第 1185 行.
NOTIC: [8] Undefined index: auto E:\phpstudy\WWW\thinkphp2\ThinkPHP\Library\Think\Model.class.php 第 1128 行.
SQL: INSERT INTO `blog_article` (`a_title`,`cate_id`,`a_author`,`a_content`) VALUES ('php常见函数漏洞','3','icebreaker','&lt;p&gt;&lt;img alt=&quot;&quot; src=&quot;http://localhost/thinkphp2/Uploads/images/2016-08-23/57bc5ba21664c.jpg&quot; style=&quot;height:720px; width:960px&quot; /&gt;&lt;/p&gt;
') [ RunTime:0.0110s ]
INFO: [ app_end ] --START--
INFO: Run Behavior\ShowPageTraceBehavior [ RunTime:0.000000s ]
INFO: [ app_end ] --END-- [ RunTime:0.001000s ]

[ 2016-08-24T00:17:58+08:00 ] ::1 /thinkphp2/admin.php/Index/showNav
INFO: [ app_begin ] --START--
INFO: Run Behavior\ReadHtmlCacheBehavior [ RunTime:0.001000s ]
INFO: [ app_begin ] --END-- [ RunTime:0.001000s ]
SQL: SHOW COLUMNS FROM `blog_admin_nav` [ RunTime:0.0040s ]
SQL: SELECT `id`,`text`,`state`,`iconCls`,`url` FROM `blog_admin_nav` WHERE `nid` = 0  [ RunTime:0.0010s ]

[ 2016-08-24T00:18:00+08:00 ] ::1 /thinkphp2/admin.php/Index/showNav
INFO: [ app_begin ] --START--
INFO: Run Behavior\ReadHtmlCacheBehavior [ RunTime:0.001000s ]
INFO: [ app_begin ] --END-- [ RunTime:0.001000s ]
SQL: SHOW COLUMNS FROM `blog_admin_nav` [ RunTime:0.0050s ]
SQL: SELECT `id`,`text`,`state`,`iconCls`,`url` FROM `blog_admin_nav` WHERE `nid` = 1  [ RunTime:0.0010s ]

[ 2016-08-24T00:18:01+08:00 ] ::1 /thinkphp2/admin.php/Index/showNav
INFO: [ app_begin ] --START--
INFO: Run Behavior\ReadHtmlCacheBehavior [ RunTime:0.001000s ]
INFO: [ app_begin ] --END-- [ RunTime:0.001000s ]
SQL: SHOW COLUMNS FROM `blog_admin_nav` [ RunTime:0.0050s ]
SQL: SELECT `id`,`text`,`state`,`iconCls`,`url` FROM `blog_admin_nav` WHERE `nid` = 8  [ RunTime:0.0010s ]

[ 2016-08-24T00:18:02+08:00 ] ::1 /thinkphp2/admin.php/Index/showNav
INFO: [ app_begin ] --START--
INFO: Run Behavior\ReadHtmlCacheBehavior [ RunTime:0.001000s ]
INFO: [ app_begin ] --END-- [ RunTime:0.002000s ]
SQL: SHOW COLUMNS FROM `blog_admin_nav` [ RunTime:0.0040s ]
SQL: SELECT `id`,`text`,`state`,`iconCls`,`url` FROM `blog_admin_nav` WHERE `nid` = 5  [ RunTime:0.0010s ]

[ 2016-08-24T00:18:02+08:00 ] ::1 /thinkphp2/admin.php/Article/index?_=1471969077742
INFO: [ app_begin ] --START--
INFO: Run Behavior\ReadHtmlCacheBehavior [ RunTime:0.000000s ]
INFO: [ app_begin ] --END-- [ RunTime:0.001001s ]
INFO: [ view_parse ] --START--
INFO: [ template_filter ] --START--
INFO: Run Behavior\ContentReplaceBehavior [ RunTime:0.000000s ]
INFO: [ template_filter ] --END-- [ RunTime:0.000000s ]
INFO: Run Behavior\ParseTemplateBehavior [ RunTime:0.019001s ]
INFO: [ view_parse ] --END-- [ RunTime:0.019001s ]
INFO: [ view_filter ] --START--
INFO: Run Behavior\WriteHtmlCacheBehavior [ RunTime:0.000000s ]
INFO: [ view_filter ] --END-- [ RunTime:0.000000s ]
INFO: [ app_end ] --START--
INFO: Run Behavior\ShowPageTraceBehavior [ RunTime:0.001001s ]
INFO: [ app_end ] --END-- [ RunTime:0.001001s ]

[ 2016-08-24T00:18:03+08:00 ] ::1 /thinkphp2/admin.php/Article/getarticles
INFO: [ app_begin ] --START--
INFO: Run Behavior\ReadHtmlCacheBehavior [ RunTime:0.001000s ]
INFO: [ app_begin ] --END-- [ RunTime:0.001000s ]
SQL: SHOW COLUMNS FROM `blog_article` [ RunTime:0.0040s ]
SQL: SELECT `a_id`,`a_title`,`a_views`,`a_type`,`a_author`,`create_time` FROM `blog_article` ORDER BY `create_time` DESC LIMIT 0,20   [ RunTime:0.0000s ]
SQL: SELECT COUNT(*) AS tp_count FROM `blog_article` LIMIT 1   [ RunTime:0.0000s ]

[ 2016-08-24T00:18:21+08:00 ] ::1 /thinkphp2/admin.php/Article/getcate
INFO: [ app_begin ] --START--
INFO: Run Behavior\ReadHtmlCacheBehavior [ RunTime:0.001001s ]
INFO: [ app_begin ] --END-- [ RunTime:0.001001s ]
SQL: SHOW COLUMNS FROM `blog_article_cate` [ RunTime:0.0040s ]
SQL: SELECT `cate_id`,`cate_name` FROM `blog_article_cate`  [ RunTime:0.0010s ]

[ 2016-08-24T19:17:39+08:00 ] ::1 /thinkphp2/admin.php/Login/Login/login
INFO: [ app_begin ] --START--
INFO: Run Behavior\ReadHtmlCacheBehavior [ RunTime:0.001000s ]
INFO: [ app_begin ] --END-- [ RunTime:0.002000s ]
SQL: SHOW COLUMNS FROM `blog_admin` [ RunTime:0.0480s ]
SQL: SELECT * FROM `blog_admin` WHERE `name` = 'joychi' AND `password` = '066eca7e6ec134fb5b064223345e830d' LIMIT 1   [ RunTime:0.0010s ]
NOTIC: [8] A session had already been started - ignoring session_start() E:\phpstudy\WWW\thinkphp2\ThinkPHP\Common\functions.php 第 1263 行.
INFO: [ app_end ] --START--
INFO: Run Behavior\ShowPageTraceBehavior [ RunTime:0.001000s ]
INFO: [ app_end ] --END-- [ RunTime:0.001000s ]

[ 2016-08-24T19:17:41+08:00 ] ::1 /thinkphp2/admin.php/Index/showNav
INFO: [ app_begin ] --START--
INFO: Run Behavior\ReadHtmlCacheBehavior [ RunTime:0.001001s ]
INFO: [ app_begin ] --END-- [ RunTime:0.002001s ]
SQL: SHOW COLUMNS FROM `blog_admin_nav` [ RunTime:0.0680s ]
SQL: SELECT `id`,`text`,`state`,`iconCls`,`url` FROM `blog_admin_nav` WHERE `nid` = 0  [ RunTime:0.0010s ]

[ 2016-08-24T19:17:42+08:00 ] ::1 /thinkphp2/admin.php/Index/showNav
INFO: [ app_begin ] --START--
INFO: Run Behavior\ReadHtmlCacheBehavior [ RunTime:0.001000s ]
INFO: [ app_begin ] --END-- [ RunTime:0.002000s ]
SQL: SHOW COLUMNS FROM `blog_admin_nav` [ RunTime:0.0070s ]
SQL: SELECT `id`,`text`,`state`,`iconCls`,`url` FROM `blog_admin_nav` WHERE `nid` = 1  [ RunTime:0.0000s ]

[ 2016-08-24T19:17:43+08:00 ] ::1 /thinkphp2/admin.php/Index/showNav
INFO: [ app_begin ] --START--
INFO: Run Behavior\ReadHtmlCacheBehavior [ RunTime:0.000000s ]
INFO: [ app_begin ] --END-- [ RunTime:0.001001s ]
SQL: SHOW COLUMNS FROM `blog_admin_nav` [ RunTime:0.0050s ]
SQL: SELECT `id`,`text`,`state`,`iconCls`,`url` FROM `blog_admin_nav` WHERE `nid` = 5  [ RunTime:0.0010s ]

[ 2016-08-24T19:17:44+08:00 ] ::1 /thinkphp2/admin.php/Index/showNav
INFO: [ app_begin ] --START--
INFO: Run Behavior\ReadHtmlCacheBehavior [ RunTime:0.001000s ]
INFO: [ app_begin ] --END-- [ RunTime:0.001000s ]
SQL: SHOW COLUMNS FROM `blog_admin_nav` [ RunTime:0.0060s ]
SQL: SELECT `id`,`text`,`state`,`iconCls`,`url` FROM `blog_admin_nav` WHERE `nid` = 8  [ RunTime:0.0010s ]

[ 2016-08-24T19:17:45+08:00 ] ::1 /thinkphp2/admin.php/Article/index?_=1472037459734
INFO: [ app_begin ] --START--
INFO: Run Behavior\ReadHtmlCacheBehavior [ RunTime:0.001000s ]
INFO: [ app_begin ] --END-- [ RunTime:0.001000s ]
INFO: [ view_parse ] --START--
INFO: [ template_filter ] --START--
INFO: Run Behavior\ContentReplaceBehavior [ RunTime:0.000000s ]
INFO: [ template_filter ] --END-- [ RunTime:0.000000s ]
INFO: Run Behavior\ParseTemplateBehavior [ RunTime:0.020001s ]
INFO: [ view_parse ] --END-- [ RunTime:0.020001s ]
INFO: [ view_filter ] --START--
INFO: Run Behavior\WriteHtmlCacheBehavior [ RunTime:0.001000s ]
INFO: [ view_filter ] --END-- [ RunTime:0.001000s ]
INFO: [ app_end ] --START--
INFO: Run Behavior\ShowPageTraceBehavior [ RunTime:0.001000s ]
INFO: [ app_end ] --END-- [ RunTime:0.001000s ]

[ 2016-08-24T19:17:47+08:00 ] ::1 /thinkphp2/admin.php/Article/getarticles
INFO: [ app_begin ] --START--
INFO: Run Behavior\ReadHtmlCacheBehavior [ RunTime:0.001000s ]
INFO: [ app_begin ] --END-- [ RunTime:0.002000s ]
SQL: SHOW COLUMNS FROM `blog_article` [ RunTime:0.0450s ]
SQL: SELECT `a_id`,`a_title`,`a_views`,`a_type`,`a_author`,`create_time` FROM `blog_article` ORDER BY `create_time` DESC LIMIT 0,20   [ RunTime:0.0000s ]
SQL: SELECT COUNT(*) AS tp_count FROM `blog_article` LIMIT 1   [ RunTime:0.0000s ]

[ 2016-08-24T19:17:48+08:00 ] ::1 /thinkphp2/admin.php/Article/getcate
INFO: [ app_begin ] --START--
INFO: Run Behavior\ReadHtmlCacheBehavior [ RunTime:0.001000s ]
INFO: [ app_begin ] --END-- [ RunTime:0.001000s ]
SQL: SHOW COLUMNS FROM `blog_article_cate` [ RunTime:0.0630s ]
SQL: SELECT `cate_id`,`cate_name` FROM `blog_article_cate`  [ RunTime:0.0010s ]

[ 2016-08-24T19:24:09+08:00 ] ::1 /thinkphp2/admin.php/Admin/index?_=1472037459736
INFO: [ app_begin ] --START--
INFO: Run Behavior\ReadHtmlCacheBehavior [ RunTime:0.001000s ]
INFO: [ app_begin ] --END-- [ RunTime:0.001000s ]
INFO: [ app_end ] --START--
INFO: Run Behavior\ShowPageTraceBehavior [ RunTime:0.001000s ]
INFO: [ app_end ] --END-- [ RunTime:0.001000s ]

[ 2016-08-24T19:29:12+08:00 ] ::1 /thinkphp2/admin.php/Index/showNav
INFO: [ app_begin ] --START--
INFO: Run Behavior\ReadHtmlCacheBehavior [ RunTime:0.000000s ]
INFO: [ app_begin ] --END-- [ RunTime:0.001000s ]
SQL: SHOW COLUMNS FROM `blog_admin_nav` [ RunTime:0.0050s ]
SQL: SELECT `id`,`text`,`state`,`iconCls`,`url` FROM `blog_admin_nav` WHERE `nid` = 0  [ RunTime:0.0000s ]

[ 2016-08-24T19:29:13+08:00 ] ::1 /thinkphp2/admin.php/Index/showNav
INFO: [ app_begin ] --START--
INFO: Run Behavior\ReadHtmlCacheBehavior [ RunTime:0.001000s ]
INFO: [ app_begin ] --END-- [ RunTime:0.002000s ]
SQL: SHOW COLUMNS FROM `blog_admin_nav` [ RunTime:0.0060s ]
SQL: SELECT `id`,`text`,`state`,`iconCls`,`url` FROM `blog_admin_nav` WHERE `nid` = 5  [ RunTime:0.0010s ]

[ 2016-08-24T19:29:14+08:00 ] ::1 /thinkphp2/admin.php/Index/showNav
INFO: [ app_begin ] --START--
INFO: Run Behavior\ReadHtmlCacheBehavior [ RunTime:0.000000s ]
INFO: [ app_begin ] --END-- [ RunTime:0.001000s ]
SQL: SHOW COLUMNS FROM `blog_admin_nav` [ RunTime:0.0050s ]
SQL: SELECT `id`,`text`,`state`,`iconCls`,`url` FROM `blog_admin_nav` WHERE `nid` = 8  [ RunTime:0.0000s ]

[ 2016-08-24T19:29:15+08:00 ] ::1 /thinkphp2/admin.php/Index/showNav
INFO: [ app_begin ] --START--
INFO: Run Behavior\ReadHtmlCacheBehavior [ RunTime:0.001000s ]
INFO: [ app_begin ] --END-- [ RunTime:0.002000s ]
SQL: SHOW COLUMNS FROM `blog_admin_nav` [ RunTime:0.0070s ]
SQL: SELECT `id`,`text`,`state`,`iconCls`,`url` FROM `blog_admin_nav` WHERE `nid` = 1  [ RunTime:0.0000s ]

[ 2016-08-24T19:29:15+08:00 ] ::1 /thinkphp2/admin.php/Article/index?_=1472038150902
INFO: [ app_begin ] --START--
INFO: Run Behavior\ReadHtmlCacheBehavior [ RunTime:0.001000s ]
INFO: [ app_begin ] --END-- [ RunTime:0.001000s ]
INFO: [ view_parse ] --START--
INFO: [ template_filter ] --START--
INFO: Run Behavior\ContentReplaceBehavior [ RunTime:0.000000s ]
INFO: [ template_filter ] --END-- [ RunTime:0.000000s ]
INFO: Run Behavior\ParseTemplateBehavior [ RunTime:0.019002s ]
INFO: [ view_parse ] --END-- [ RunTime:0.019002s ]
INFO: [ view_filter ] --START--
INFO: Run Behavior\WriteHtmlCacheBehavior [ RunTime:0.001000s ]
INFO: [ view_filter ] --END-- [ RunTime:0.001000s ]
INFO: [ app_end ] --START--
INFO: Run Behavior\ShowPageTraceBehavior [ RunTime:0.000000s ]
INFO: [ app_end ] --END-- [ RunTime:0.000000s ]

[ 2016-08-24T19:29:16+08:00 ] ::1 /thinkphp2/admin.php/Article/getarticles
INFO: [ app_begin ] --START--
INFO: Run Behavior\ReadHtmlCacheBehavior [ RunTime:0.001000s ]
INFO: [ app_begin ] --END-- [ RunTime:0.001000s ]
SQL: SHOW COLUMNS FROM `blog_article` [ RunTime:0.0050s ]
SQL: SELECT `a_id`,`a_title`,`a_views`,`a_type`,`a_author`,`create_time` FROM `blog_article` ORDER BY `create_time` DESC LIMIT 0,20   [ RunTime:0.0010s ]
SQL: SELECT COUNT(*) AS tp_count FROM `blog_article` LIMIT 1   [ RunTime:0.0000s ]

[ 2016-08-24T19:29:18+08:00 ] ::1 /thinkphp2/admin.php/Article/getcate
INFO: [ app_begin ] --START--
INFO: Run Behavior\ReadHtmlCacheBehavior [ RunTime:0.001000s ]
INFO: [ app_begin ] --END-- [ RunTime:0.001000s ]
SQL: SHOW COLUMNS FROM `blog_article_cate` [ RunTime:0.0060s ]
SQL: SELECT `cate_id`,`cate_name` FROM `blog_article_cate`  [ RunTime:0.0000s ]

[ 2016-08-24T19:29:19+08:00 ] ::1 /thinkphp2/admin.php/Admin/getAdmins
INFO: [ app_begin ] --START--
INFO: Run Behavior\ReadHtmlCacheBehavior [ RunTime:0.001000s ]
INFO: [ app_begin ] --END-- [ RunTime:0.001000s ]
SQL: SHOW COLUMNS FROM `blog_admin` [ RunTime:0.0050s ]
SQL: SELECT `id`,`name`,`login_time`,`login_ip` FROM `blog_admin`  [ RunTime:0.0010s ]

[ 2016-08-24T19:30:01+08:00 ] ::1 /thinkphp2/admin.php/Article/index?_=1472038150904
INFO: [ app_begin ] --START--
INFO: Run Behavior\ReadHtmlCacheBehavior [ RunTime:0.001000s ]
INFO: [ app_begin ] --END-- [ RunTime:0.002000s ]
INFO: [ view_parse ] --START--
INFO: [ template_filter ] --START--
INFO: Run Behavior\ContentReplaceBehavior [ RunTime:0.000000s ]
INFO: [ template_filter ] --END-- [ RunTime:0.000000s ]
INFO: Run Behavior\ParseTemplateBehavior [ RunTime:0.018001s ]
INFO: [ view_parse ] --END-- [ RunTime:0.018001s ]
INFO: [ view_filter ] --START--
INFO: Run Behavior\WriteHtmlCacheBehavior [ RunTime:0.000000s ]
INFO: [ view_filter ] --END-- [ RunTime:0.000000s ]
INFO: [ app_end ] --START--
INFO: Run Behavior\ShowPageTraceBehavior [ RunTime:0.001000s ]
INFO: [ app_end ] --END-- [ RunTime:0.001000s ]

[ 2016-08-24T19:30:02+08:00 ] ::1 /thinkphp2/admin.php/Article/getarticles
INFO: [ app_begin ] --START--
INFO: Run Behavior\ReadHtmlCacheBehavior [ RunTime:0.001000s ]
INFO: [ app_begin ] --END-- [ RunTime:0.002000s ]
SQL: SHOW COLUMNS FROM `blog_article` [ RunTime:0.0050s ]
SQL: SELECT `a_id`,`a_title`,`a_views`,`a_type`,`a_author`,`create_time` FROM `blog_article` ORDER BY `create_time` DESC LIMIT 0,20   [ RunTime:0.0000s ]
SQL: SELECT COUNT(*) AS tp_count FROM `blog_article` LIMIT 1   [ RunTime:0.0010s ]

[ 2016-08-24T19:30:03+08:00 ] ::1 /thinkphp2/admin.php/Article/getcate
INFO: [ app_begin ] --START--
INFO: Run Behavior\ReadHtmlCacheBehavior [ RunTime:0.001000s ]
INFO: [ app_begin ] --END-- [ RunTime:0.001000s ]
SQL: SHOW COLUMNS FROM `blog_article_cate` [ RunTime:0.0050s ]
SQL: SELECT `cate_id`,`cate_name` FROM `blog_article_cate`  [ RunTime:0.0000s ]

[ 2016-08-24T19:30:04+08:00 ] ::1 /thinkphp2/admin.php/Admin/getAdmins
INFO: [ app_begin ] --START--
INFO: Run Behavior\ReadHtmlCacheBehavior [ RunTime:0.001000s ]
INFO: [ app_begin ] --END-- [ RunTime:0.002000s ]
SQL: SHOW COLUMNS FROM `blog_admin` [ RunTime:0.0050s ]
SQL: SELECT `id`,`name`,`login_time`,`login_ip` FROM `blog_admin`  [ RunTime:0.0010s ]

[ 2016-08-24T19:30:09+08:00 ] ::1 /thinkphp2/admin.php/Article/getcate
INFO: [ app_begin ] --START--
INFO: Run Behavior\ReadHtmlCacheBehavior [ RunTime:0.001000s ]
INFO: [ app_begin ] --END-- [ RunTime:0.001000s ]
SQL: SHOW COLUMNS FROM `blog_article_cate` [ RunTime:0.0060s ]
SQL: SELECT `cate_id`,`cate_name` FROM `blog_article_cate`  [ RunTime:0.0010s ]

[ 2016-08-24T19:30:10+08:00 ] ::1 /thinkphp2/admin.php/Admin/getAdmins
INFO: [ app_begin ] --START--
INFO: Run Behavior\ReadHtmlCacheBehavior [ RunTime:0.001000s ]
INFO: [ app_begin ] --END-- [ RunTime:0.001000s ]
SQL: SHOW COLUMNS FROM `blog_admin` [ RunTime:0.0060s ]
SQL: SELECT `id`,`name`,`login_time`,`login_ip` FROM `blog_admin`  [ RunTime:0.0010s ]

[ 2016-08-24T19:30:40+08:00 ] ::1 /thinkphp2/admin.php/Index/showNav
INFO: [ app_begin ] --START--
INFO: Run Behavior\ReadHtmlCacheBehavior [ RunTime:0.001000s ]
INFO: [ app_begin ] --END-- [ RunTime:0.002000s ]
SQL: SHOW COLUMNS FROM `blog_admin_nav` [ RunTime:0.0050s ]
SQL: SELECT `id`,`text`,`state`,`iconCls`,`url` FROM `blog_admin_nav` WHERE `nid` = 0  [ RunTime:0.0010s ]

[ 2016-08-24T19:30:41+08:00 ] ::1 /thinkphp2/admin.php/Index/showNav
INFO: [ app_begin ] --START--
INFO: Run Behavior\ReadHtmlCacheBehavior [ RunTime:0.001000s ]
INFO: [ app_begin ] --END-- [ RunTime:0.001000s ]
SQL: SHOW COLUMNS FROM `blog_admin_nav` [ RunTime:0.0040s ]
SQL: SELECT `id`,`text`,`state`,`iconCls`,`url` FROM `blog_admin_nav` WHERE `nid` = 5  [ RunTime:0.0010s ]

[ 2016-08-24T19:30:42+08:00 ] ::1 /thinkphp2/admin.php/Index/showNav
INFO: [ app_begin ] --START--
INFO: Run Behavior\ReadHtmlCacheBehavior [ RunTime:0.001000s ]
INFO: [ app_begin ] --END-- [ RunTime:0.002000s ]
SQL: SHOW COLUMNS FROM `blog_admin_nav` [ RunTime:0.0060s ]
SQL: SELECT `id`,`text`,`state`,`iconCls`,`url` FROM `blog_admin_nav` WHERE `nid` = 8  [ RunTime:0.0010s ]

[ 2016-08-24T19:30:43+08:00 ] ::1 /thinkphp2/admin.php/Index/showNav
INFO: [ app_begin ] --START--
INFO: Run Behavior\ReadHtmlCacheBehavior [ RunTime:0.001000s ]
INFO: [ app_begin ] --END-- [ RunTime:0.001000s ]
SQL: SHOW COLUMNS FROM `blog_admin_nav` [ RunTime:0.0050s ]
SQL: SELECT `id`,`text`,`state`,`iconCls`,`url` FROM `blog_admin_nav` WHERE `nid` = 1  [ RunTime:0.0010s ]

[ 2016-08-24T19:31:03+08:00 ] ::1 /thinkphp2/admin.php/Article/index?_=1472038239657
INFO: [ app_begin ] --START--
INFO: Run Behavior\ReadHtmlCacheBehavior [ RunTime:0.001000s ]
INFO: [ app_begin ] --END-- [ RunTime:0.001000s ]
INFO: [ view_parse ] --START--
INFO: [ template_filter ] --START--
INFO: Run Behavior\ContentReplaceBehavior [ RunTime:0.001000s ]
INFO: [ template_filter ] --END-- [ RunTime:0.001000s ]
INFO: Run Behavior\ParseTemplateBehavior [ RunTime:0.007000s ]
INFO: [ view_parse ] --END-- [ RunTime:0.008000s ]
INFO: [ view_filter ] --START--
INFO: Run Behavior\WriteHtmlCacheBehavior [ RunTime:0.000000s ]
INFO: [ view_filter ] --END-- [ RunTime:0.000000s ]
INFO: [ app_end ] --START--
INFO: Run Behavior\ShowPageTraceBehavior [ RunTime:0.001000s ]
INFO: [ app_end ] --END-- [ RunTime:0.001000s ]

[ 2016-08-24T19:31:04+08:00 ] ::1 /thinkphp2/admin.php/Article/getarticles
INFO: [ app_begin ] --START--
INFO: Run Behavior\ReadHtmlCacheBehavior [ RunTime:0.001000s ]
INFO: [ app_begin ] --END-- [ RunTime:0.001000s ]
SQL: SHOW COLUMNS FROM `blog_article` [ RunTime:0.0050s ]
SQL: SELECT `a_id`,`a_title`,`a_views`,`a_type`,`a_author`,`create_time` FROM `blog_article` ORDER BY `create_time` DESC LIMIT 0,20   [ RunTime:0.0010s ]
SQL: SELECT COUNT(*) AS tp_count FROM `blog_article` LIMIT 1   [ RunTime:0.0000s ]

[ 2016-08-24T19:31:05+08:00 ] ::1 /thinkphp2/admin.php/Article/getcate
INFO: [ app_begin ] --START--
INFO: Run Behavior\ReadHtmlCacheBehavior [ RunTime:0.001000s ]
INFO: [ app_begin ] --END-- [ RunTime:0.001000s ]
SQL: SHOW COLUMNS FROM `blog_article_cate` [ RunTime:0.0050s ]
SQL: SELECT `cate_id`,`cate_name` FROM `blog_article_cate`  [ RunTime:0.0010s ]

[ 2016-08-24T19:31:06+08:00 ] ::1 /thinkphp2/admin.php/Admin/getAdmins
INFO: [ app_begin ] --START--
INFO: Run Behavior\ReadHtmlCacheBehavior [ RunTime:0.001000s ]
INFO: [ app_begin ] --END-- [ RunTime:0.001000s ]
SQL: SHOW COLUMNS FROM `blog_admin` [ RunTime:0.0040s ]
SQL: SELECT `id`,`name`,`login_time`,`login_ip` FROM `blog_admin`  [ RunTime:0.0000s ]

[ 2016-08-24T19:35:46+08:00 ] ::1 /thinkphp2/admin.php/Index/showNav
INFO: [ app_begin ] --START--
INFO: Run Behavior\ReadHtmlCacheBehavior [ RunTime:0.001000s ]
INFO: [ app_begin ] --END-- [ RunTime:0.002000s ]
SQL: SHOW COLUMNS FROM `blog_admin_nav` [ RunTime:0.0060s ]
SQL: SELECT `id`,`text`,`state`,`iconCls`,`url` FROM `blog_admin_nav` WHERE `nid` = 0  [ RunTime:0.0010s ]

[ 2016-08-24T19:35:47+08:00 ] ::1 /thinkphp2/admin.php/Index/showNav
INFO: [ app_begin ] --START--
INFO: Run Behavior\ReadHtmlCacheBehavior [ RunTime:0.001000s ]
INFO: [ app_begin ] --END-- [ RunTime:0.002000s ]
SQL: SHOW COLUMNS FROM `blog_admin_nav` [ RunTime:0.0090s ]
SQL: SELECT `id`,`text`,`state`,`iconCls`,`url` FROM `blog_admin_nav` WHERE `nid` = 1  [ RunTime:0.0010s ]

[ 2016-08-24T19:35:48+08:00 ] ::1 /thinkphp2/admin.php/Index/showNav
INFO: [ app_begin ] --START--
INFO: Run Behavior\ReadHtmlCacheBehavior [ RunTime:0.001000s ]
INFO: [ app_begin ] --END-- [ RunTime:0.001000s ]
SQL: SHOW COLUMNS FROM `blog_admin_nav` [ RunTime:0.0050s ]
SQL: SELECT `id`,`text`,`state`,`iconCls`,`url` FROM `blog_admin_nav` WHERE `nid` = 5  [ RunTime:0.0010s ]

[ 2016-08-24T19:35:49+08:00 ] ::1 /thinkphp2/admin.php/Index/showNav
INFO: [ app_begin ] --START--
INFO: Run Behavior\ReadHtmlCacheBehavior [ RunTime:0.001000s ]
INFO: [ app_begin ] --END-- [ RunTime:0.002000s ]
SQL: SHOW COLUMNS FROM `blog_admin_nav` [ RunTime:0.0060s ]
SQL: SELECT `id`,`text`,`state`,`iconCls`,`url` FROM `blog_admin_nav` WHERE `nid` = 8  [ RunTime:0.0030s ]

[ 2016-08-24T19:36:22+08:00 ] ::1 /thinkphp2/admin.php/Article/index?_=1472038545124
INFO: [ app_begin ] --START--
INFO: Run Behavior\ReadHtmlCacheBehavior [ RunTime:0.000000s ]
INFO: [ app_begin ] --END-- [ RunTime:0.002000s ]
INFO: [ view_parse ] --START--
INFO: [ template_filter ] --START--
INFO: Run Behavior\ContentReplaceBehavior [ RunTime:0.000000s ]
INFO: [ template_filter ] --END-- [ RunTime:0.000000s ]
INFO: Run Behavior\ParseTemplateBehavior [ RunTime:0.021001s ]
INFO: [ view_parse ] --END-- [ RunTime:0.021001s ]
INFO: [ view_filter ] --START--
INFO: Run Behavior\WriteHtmlCacheBehavior [ RunTime:0.000000s ]
INFO: [ view_filter ] --END-- [ RunTime:0.000000s ]
INFO: [ app_end ] --START--
INFO: Run Behavior\ShowPageTraceBehavior [ RunTime:0.001000s ]
INFO: [ app_end ] --END-- [ RunTime:0.001000s ]

[ 2016-08-24T19:36:23+08:00 ] ::1 /thinkphp2/admin.php/Article/getarticles
INFO: [ app_begin ] --START--
INFO: Run Behavior\ReadHtmlCacheBehavior [ RunTime:0.000000s ]
INFO: [ app_begin ] --END-- [ RunTime:0.002000s ]
SQL: SHOW COLUMNS FROM `blog_article` [ RunTime:0.0060s ]
SQL: SELECT `a_id`,`a_title`,`a_views`,`a_type`,`a_author`,`create_time` FROM `blog_article` ORDER BY `create_time` DESC LIMIT 0,20   [ RunTime:0.0010s ]
SQL: SELECT COUNT(*) AS tp_count FROM `blog_article` LIMIT 1   [ RunTime:0.0000s ]

[ 2016-08-24T19:36:24+08:00 ] ::1 /thinkphp2/admin.php/Article/getcate
INFO: [ app_begin ] --START--
INFO: Run Behavior\ReadHtmlCacheBehavior [ RunTime:0.001000s ]
INFO: [ app_begin ] --END-- [ RunTime:0.001000s ]
SQL: SHOW COLUMNS FROM `blog_article_cate` [ RunTime:0.0050s ]
SQL: SELECT `cate_id`,`cate_name` FROM `blog_article_cate`  [ RunTime:0.0010s ]

[ 2016-08-24T19:36:26+08:00 ] ::1 /thinkphp2/admin.php/Admin/getAdmins
INFO: [ app_begin ] --START--
INFO: Run Behavior\ReadHtmlCacheBehavior [ RunTime:0.001000s ]
INFO: [ app_begin ] --END-- [ RunTime:0.001000s ]
SQL: SHOW COLUMNS FROM `blog_admin` [ RunTime:0.0050s ]
SQL: SELECT `id`,`name`,`login_time`,`login_ip` FROM `blog_admin`  [ RunTime:0.0000s ]

[ 2016-08-24T19:37:26+08:00 ] ::1 /thinkphp2/admin.php/Index/showNav
INFO: [ app_begin ] --START--
INFO: Run Behavior\ReadHtmlCacheBehavior [ RunTime:0.001000s ]
INFO: [ app_begin ] --END-- [ RunTime:0.001000s ]
SQL: SHOW COLUMNS FROM `blog_admin_nav` [ RunTime:0.0050s ]
SQL: SELECT `id`,`text`,`state`,`iconCls`,`url` FROM `blog_admin_nav` WHERE `nid` = 0  [ RunTime:0.0010s ]

[ 2016-08-24T19:37:27+08:00 ] ::1 /thinkphp2/admin.php/Index/showNav
INFO: [ app_begin ] --START--
INFO: Run Behavior\ReadHtmlCacheBehavior [ RunTime:0.000000s ]
INFO: [ app_begin ] --END-- [ RunTime:0.001000s ]
SQL: SHOW COLUMNS FROM `blog_admin_nav` [ RunTime:0.0050s ]
SQL: SELECT `id`,`text`,`state`,`iconCls`,`url` FROM `blog_admin_nav` WHERE `nid` = 1  [ RunTime:0.0000s ]

[ 2016-08-24T19:37:28+08:00 ] ::1 /thinkphp2/admin.php/Index/showNav
INFO: [ app_begin ] --START--
INFO: Run Behavior\ReadHtmlCacheBehavior [ RunTime:0.000000s ]
INFO: [ app_begin ] --END-- [ RunTime:0.001000s ]
SQL: SHOW COLUMNS FROM `blog_admin_nav` [ RunTime:0.0050s ]
SQL: SELECT `id`,`text`,`state`,`iconCls`,`url` FROM `blog_admin_nav` WHERE `nid` = 5  [ RunTime:0.0010s ]

[ 2016-08-24T19:37:29+08:00 ] ::1 /thinkphp2/admin.php/Index/showNav
INFO: [ app_begin ] --START--
INFO: Run Behavior\ReadHtmlCacheBehavior [ RunTime:0.000000s ]
INFO: [ app_begin ] --END-- [ RunTime:0.001000s ]
SQL: SHOW COLUMNS FROM `blog_admin_nav` [ RunTime:0.0070s ]
SQL: SELECT `id`,`text`,`state`,`iconCls`,`url` FROM `blog_admin_nav` WHERE `nid` = 8  [ RunTime:0.0010s ]

[ 2016-08-24T19:37:30+08:00 ] ::1 /thinkphp2/admin.php/Article/index?_=1472038645426
INFO: [ app_begin ] --START--
INFO: Run Behavior\ReadHtmlCacheBehavior [ RunTime:0.001000s ]
INFO: [ app_begin ] --END-- [ RunTime:0.001000s ]
INFO: [ view_parse ] --START--
INFO: [ template_filter ] --START--
INFO: Run Behavior\ContentReplaceBehavior [ RunTime:0.000000s ]
INFO: [ template_filter ] --END-- [ RunTime:0.000000s ]
INFO: Run Behavior\ParseTemplateBehavior [ RunTime:0.021001s ]
INFO: [ view_parse ] --END-- [ RunTime:0.021001s ]
INFO: [ view_filter ] --START--
INFO: Run Behavior\WriteHtmlCacheBehavior [ RunTime:0.001000s ]
INFO: [ view_filter ] --END-- [ RunTime:0.001000s ]
INFO: [ app_end ] --START--
INFO: Run Behavior\ShowPageTraceBehavior [ RunTime:0.001000s ]
INFO: [ app_end ] --END-- [ RunTime:0.001000s ]

[ 2016-08-24T19:37:31+08:00 ] ::1 /thinkphp2/admin.php/Article/getarticles
INFO: [ app_begin ] --START--
INFO: Run Behavior\ReadHtmlCacheBehavior [ RunTime:0.002000s ]
INFO: [ app_begin ] --END-- [ RunTime:0.002000s ]
SQL: SHOW COLUMNS FROM `blog_article` [ RunTime:0.0070s ]
SQL: SELECT `a_id`,`a_title`,`a_views`,`a_type`,`a_author`,`create_time` FROM `blog_article` ORDER BY `create_time` DESC LIMIT 0,20   [ RunTime:0.0010s ]
SQL: SELECT COUNT(*) AS tp_count FROM `blog_article` LIMIT 1   [ RunTime:0.0000s ]

[ 2016-08-24T19:37:32+08:00 ] ::1 /thinkphp2/admin.php/Article/getcate
INFO: [ app_begin ] --START--
INFO: Run Behavior\ReadHtmlCacheBehavior [ RunTime:0.000000s ]
INFO: [ app_begin ] --END-- [ RunTime:0.002000s ]
SQL: SHOW COLUMNS FROM `blog_article_cate` [ RunTime:0.0050s ]
SQL: SELECT `cate_id`,`cate_name` FROM `blog_article_cate`  [ RunTime:0.0010s ]

[ 2016-08-24T19:37:33+08:00 ] ::1 /thinkphp2/admin.php/Admin/getAdmins
INFO: [ app_begin ] --START--
INFO: Run Behavior\ReadHtmlCacheBehavior [ RunTime:0.001000s ]
INFO: [ app_begin ] --END-- [ RunTime:0.001000s ]
SQL: SHOW COLUMNS FROM `blog_admin` [ RunTime:0.0050s ]
SQL: SELECT `id`,`name`,`login_time`,`login_ip` FROM `blog_admin`  [ RunTime:0.0010s ]

[ 2016-08-24T19:39:07+08:00 ] ::1 /thinkphp2/admin.php/Article/index?_=1472038645428
INFO: [ app_begin ] --START--
INFO: Run Behavior\ReadHtmlCacheBehavior [ RunTime:0.001000s ]
INFO: [ app_begin ] --END-- [ RunTime:0.001000s ]
INFO: [ view_parse ] --START--
INFO: [ template_filter ] --START--
INFO: Run Behavior\ContentReplaceBehavior [ RunTime:0.000000s ]
INFO: [ template_filter ] --END-- [ RunTime:0.000000s ]
INFO: Run Behavior\ParseTemplateBehavior [ RunTime:0.008001s ]
INFO: [ view_parse ] --END-- [ RunTime:0.008001s ]
INFO: [ view_filter ] --START--
INFO: Run Behavior\WriteHtmlCacheBehavior [ RunTime:0.001000s ]
INFO: [ view_filter ] --END-- [ RunTime:0.001000s ]
INFO: [ app_end ] --START--
INFO: Run Behavior\ShowPageTraceBehavior [ RunTime:0.001000s ]
INFO: [ app_end ] --END-- [ RunTime:0.001000s ]

[ 2016-08-24T19:39:08+08:00 ] ::1 /thinkphp2/admin.php/Article/getarticles
INFO: [ app_begin ] --START--
INFO: Run Behavior\ReadHtmlCacheBehavior [ RunTime:0.000000s ]
INFO: [ app_begin ] --END-- [ RunTime:0.002000s ]
SQL: SHOW COLUMNS FROM `blog_article` [ RunTime:0.0060s ]
SQL: SELECT `a_id`,`a_title`,`a_views`,`a_type`,`a_author`,`create_time` FROM `blog_article` ORDER BY `create_time` DESC LIMIT 0,20   [ RunTime:0.0010s ]
SQL: SELECT COUNT(*) AS tp_count FROM `blog_article` LIMIT 1   [ RunTime:0.0000s ]

[ 2016-08-24T19:39:22+08:00 ] ::1 /thinkphp2/admin.php/Article/getcate
INFO: [ app_begin ] --START--
INFO: Run Behavior\ReadHtmlCacheBehavior [ RunTime:0.000000s ]
INFO: [ app_begin ] --END-- [ RunTime:0.001000s ]
SQL: SHOW COLUMNS FROM `blog_article_cate` [ RunTime:0.0060s ]
SQL: SELECT `cate_id`,`cate_name` FROM `blog_article_cate`  [ RunTime:0.0010s ]

[ 2016-08-24T19:39:23+08:00 ] ::1 /thinkphp2/admin.php/Admin/getAdmins
INFO: [ app_begin ] --START--
INFO: Run Behavior\ReadHtmlCacheBehavior [ RunTime:0.001000s ]
INFO: [ app_begin ] --END-- [ RunTime:0.001000s ]
SQL: SHOW COLUMNS FROM `blog_admin` [ RunTime:0.0050s ]
SQL: SELECT `id`,`name`,`login_time`,`login_ip` FROM `blog_admin`  [ RunTime:0.0000s ]

[ 2016-08-24T19:39:43+08:00 ] ::1 /thinkphp2/admin.php/Index/showNav
INFO: [ app_begin ] --START--
INFO: Run Behavior\ReadHtmlCacheBehavior [ RunTime:0.000000s ]
INFO: [ app_begin ] --END-- [ RunTime:0.001000s ]
SQL: SHOW COLUMNS FROM `blog_admin_nav` [ RunTime:0.0310s ]
SQL: SELECT `id`,`text`,`state`,`iconCls`,`url` FROM `blog_admin_nav` WHERE `nid` = 0  [ RunTime:0.0010s ]

[ 2016-08-24T19:39:44+08:00 ] ::1 /thinkphp2/admin.php/Index/showNav
INFO: [ app_begin ] --START--
INFO: Run Behavior\ReadHtmlCacheBehavior [ RunTime:0.000000s ]
INFO: [ app_begin ] --END-- [ RunTime:0.002000s ]
SQL: SHOW COLUMNS FROM `blog_admin_nav` [ RunTime:0.0050s ]
SQL: SELECT `id`,`text`,`state`,`iconCls`,`url` FROM `blog_admin_nav` WHERE `nid` = 5  [ RunTime:0.0010s ]

[ 2016-08-24T19:39:45+08:00 ] ::1 /thinkphp2/admin.php/Index/showNav
INFO: [ app_begin ] --START--
INFO: Run Behavior\ReadHtmlCacheBehavior [ RunTime:0.001000s ]
INFO: [ app_begin ] --END-- [ RunTime:0.002000s ]
SQL: SHOW COLUMNS FROM `blog_admin_nav` [ RunTime:0.0070s ]
SQL: SELECT `id`,`text`,`state`,`iconCls`,`url` FROM `blog_admin_nav` WHERE `nid` = 8  [ RunTime:0.0010s ]

[ 2016-08-24T19:39:46+08:00 ] ::1 /thinkphp2/admin.php/Index/showNav
INFO: [ app_begin ] --START--
INFO: Run Behavior\ReadHtmlCacheBehavior [ RunTime:0.001000s ]
INFO: [ app_begin ] --END-- [ RunTime:0.002000s ]
SQL: SHOW COLUMNS FROM `blog_admin_nav` [ RunTime:0.0040s ]
SQL: SELECT `id`,`text`,`state`,`iconCls`,`url` FROM `blog_admin_nav` WHERE `nid` = 1  [ RunTime:0.0000s ]

[ 2016-08-24T19:40:08+08:00 ] ::1 /thinkphp2/admin.php/Article/index?_=1472038781902
INFO: [ app_begin ] --START--
INFO: Run Behavior\ReadHtmlCacheBehavior [ RunTime:0.001000s ]
INFO: [ app_begin ] --END-- [ RunTime:0.002000s ]
INFO: [ view_parse ] --START--
INFO: [ template_filter ] --START--
INFO: Run Behavior\ContentReplaceBehavior [ RunTime:0.000000s ]
INFO: [ template_filter ] --END-- [ RunTime:0.000000s ]
INFO: Run Behavior\ParseTemplateBehavior [ RunTime:0.008000s ]
INFO: [ view_parse ] --END-- [ RunTime:0.008000s ]
INFO: [ view_filter ] --START--
INFO: Run Behavior\WriteHtmlCacheBehavior [ RunTime:0.000000s ]
INFO: [ view_filter ] --END-- [ RunTime:0.000000s ]
INFO: [ app_end ] --START--
INFO: Run Behavior\ShowPageTraceBehavior [ RunTime:0.001000s ]
INFO: [ app_end ] --END-- [ RunTime:0.001000s ]

[ 2016-08-24T19:40:09+08:00 ] ::1 /thinkphp2/admin.php/Article/getarticles
INFO: [ app_begin ] --START--
INFO: Run Behavior\ReadHtmlCacheBehavior [ RunTime:0.001000s ]
INFO: [ app_begin ] --END-- [ RunTime:0.002000s ]
SQL: SHOW COLUMNS FROM `blog_article` [ RunTime:0.0180s ]
SQL: SELECT `a_id`,`a_title`,`a_views`,`a_type`,`a_author`,`create_time` FROM `blog_article` ORDER BY `create_time` DESC LIMIT 0,20   [ RunTime:0.0010s ]
SQL: SELECT COUNT(*) AS tp_count FROM `blog_article` LIMIT 1   [ RunTime:0.0010s ]

[ 2016-08-24T19:40:11+08:00 ] ::1 /thinkphp2/admin.php/Article/getcate
INFO: [ app_begin ] --START--
INFO: Run Behavior\ReadHtmlCacheBehavior [ RunTime:0.001000s ]
INFO: [ app_begin ] --END-- [ RunTime:0.001000s ]
SQL: SHOW COLUMNS FROM `blog_article_cate` [ RunTime:0.0050s ]
SQL: SELECT `cate_id`,`cate_name` FROM `blog_article_cate`  [ RunTime:0.0010s ]

[ 2016-08-24T19:40:12+08:00 ] ::1 /thinkphp2/admin.php/Admin/getAdmins
INFO: [ app_begin ] --START--
INFO: Run Behavior\ReadHtmlCacheBehavior [ RunTime:0.001000s ]
INFO: [ app_begin ] --END-- [ RunTime:0.002000s ]
SQL: SHOW COLUMNS FROM `blog_admin` [ RunTime:0.0050s ]
SQL: SELECT `id`,`name`,`login_time`,`login_ip` FROM `blog_admin`  [ RunTime:0.0010s ]

[ 2016-08-24T19:41:26+08:00 ] ::1 /thinkphp2/admin.php/Article/getcate
INFO: [ app_begin ] --START--
INFO: Run Behavior\ReadHtmlCacheBehavior [ RunTime:0.001000s ]
INFO: [ app_begin ] --END-- [ RunTime:0.001000s ]
SQL: SHOW COLUMNS FROM `blog_article_cate` [ RunTime:0.0040s ]
SQL: SELECT `cate_id`,`cate_name` FROM `blog_article_cate`  [ RunTime:0.0010s ]

[ 2016-08-24T19:41:27+08:00 ] ::1 /thinkphp2/admin.php/Admin/getAdmins
INFO: [ app_begin ] --START--
INFO: Run Behavior\ReadHtmlCacheBehavior [ RunTime:0.001000s ]
INFO: [ app_begin ] --END-- [ RunTime:0.002000s ]
SQL: SHOW COLUMNS FROM `blog_admin` [ RunTime:0.0050s ]
SQL: SELECT `id`,`name`,`login_time`,`login_ip` FROM `blog_admin`  [ RunTime:0.0010s ]

[ 2016-08-24T19:45:03+08:00 ] ::1 /thinkphp2/admin.php/Article/index?_=1472038781904
INFO: [ app_begin ] --START--
INFO: Run Behavior\ReadHtmlCacheBehavior [ RunTime:0.002000s ]
INFO: [ app_begin ] --END-- [ RunTime:0.002000s ]
INFO: [ view_parse ] --START--
INFO: [ template_filter ] --START--
INFO: Run Behavior\ContentReplaceBehavior [ RunTime:0.000000s ]
INFO: [ template_filter ] --END-- [ RunTime:0.000000s ]
INFO: Run Behavior\ParseTemplateBehavior [ RunTime:0.018001s ]
INFO: [ view_parse ] --END-- [ RunTime:0.018001s ]
INFO: [ view_filter ] --START--
INFO: Run Behavior\WriteHtmlCacheBehavior [ RunTime:0.001000s ]
INFO: [ view_filter ] --END-- [ RunTime:0.001000s ]
INFO: [ app_end ] --START--
INFO: Run Behavior\ShowPageTraceBehavior [ RunTime:0.001000s ]
INFO: [ app_end ] --END-- [ RunTime:0.001000s ]

[ 2016-08-24T19:45:04+08:00 ] ::1 /thinkphp2/admin.php/Article/getarticles
INFO: [ app_begin ] --START--
INFO: Run Behavior\ReadHtmlCacheBehavior [ RunTime:0.001000s ]
INFO: [ app_begin ] --END-- [ RunTime:0.001000s ]
SQL: SHOW COLUMNS FROM `blog_article` [ RunTime:0.0360s ]
SQL: SELECT `a_id`,`a_title`,`a_views`,`a_type`,`a_author`,`create_time` FROM `blog_article` ORDER BY `create_time` DESC LIMIT 0,20   [ RunTime:0.0010s ]
SQL: SELECT COUNT(*) AS tp_count FROM `blog_article` LIMIT 1   [ RunTime:0.0000s ]

[ 2016-08-24T19:45:06+08:00 ] ::1 /thinkphp2/admin.php/Article/getcate
INFO: [ app_begin ] --START--
INFO: Run Behavior\ReadHtmlCacheBehavior [ RunTime:0.000000s ]
INFO: [ app_begin ] --END-- [ RunTime:0.001000s ]
SQL: SHOW COLUMNS FROM `blog_article_cate` [ RunTime:0.0050s ]
SQL: SELECT `cate_id`,`cate_name` FROM `blog_article_cate`  [ RunTime:0.0010s ]

[ 2016-08-24T19:45:07+08:00 ] ::1 /thinkphp2/admin.php/Admin/getAdmins
INFO: [ app_begin ] --START--
INFO: Run Behavior\ReadHtmlCacheBehavior [ RunTime:0.001000s ]
INFO: [ app_begin ] --END-- [ RunTime:0.001000s ]
SQL: SHOW COLUMNS FROM `blog_admin` [ RunTime:0.0050s ]
SQL: SELECT `id`,`name`,`login_time`,`login_ip` FROM `blog_admin`  [ RunTime:0.0010s ]

[ 2016-08-24T19:45:11+08:00 ] ::1 /thinkphp2/admin.php/Article/addarticle
INFO: [ app_begin ] --START--
INFO: Run Behavior\ReadHtmlCacheBehavior [ RunTime:0.001000s ]
INFO: [ app_begin ] --END-- [ RunTime:0.002000s ]
SQL: SHOW COLUMNS FROM `blog_article` [ RunTime:0.0080s ]
NOTIC: [8] Undefined index: validate E:\phpstudy\WWW\thinkphp2\ThinkPHP\Library\Think\Model.class.php 第 1185 行.
NOTIC: [8] Undefined index: auto E:\phpstudy\WWW\thinkphp2\ThinkPHP\Library\Think\Model.class.php 第 1128 行.
SQL: INSERT INTO `blog_article` (`a_title`,`cate_id`,`a_author`,`a_content`) VALUES ('','2','2','') [ RunTime:0.0350s ]
INFO: [ app_end ] --START--
INFO: Run Behavior\ShowPageTraceBehavior [ RunTime:0.001000s ]
INFO: [ app_end ] --END-- [ RunTime:0.001000s ]

[ 2016-08-24T19:46:21+08:00 ] ::1 /thinkphp2/admin.php/Index/showNav
INFO: [ app_begin ] --START--
INFO: Run Behavior\ReadHtmlCacheBehavior [ RunTime:0.001000s ]
INFO: [ app_begin ] --END-- [ RunTime:0.001000s ]
SQL: SHOW COLUMNS FROM `blog_admin_nav` [ RunTime:0.0050s ]
SQL: SELECT `id`,`text`,`state`,`iconCls`,`url` FROM `blog_admin_nav` WHERE `nid` = 0  [ RunTime:0.0010s ]

[ 2016-08-24T19:46:22+08:00 ] ::1 /thinkphp2/admin.php/Index/showNav
INFO: [ app_begin ] --START--
INFO: Run Behavior\ReadHtmlCacheBehavior [ RunTime:0.002000s ]
INFO: [ app_begin ] --END-- [ RunTime:0.002000s ]
SQL: SHOW COLUMNS FROM `blog_admin_nav` [ RunTime:0.0040s ]
SQL: SELECT `id`,`text`,`state`,`iconCls`,`url` FROM `blog_admin_nav` WHERE `nid` = 1  [ RunTime:0.0000s ]

[ 2016-08-24T19:46:23+08:00 ] ::1 /thinkphp2/admin.php/Index/showNav
INFO: [ app_begin ] --START--
INFO: Run Behavior\ReadHtmlCacheBehavior [ RunTime:0.001000s ]
INFO: [ app_begin ] --END-- [ RunTime:0.002000s ]
SQL: SHOW COLUMNS FROM `blog_admin_nav` [ RunTime:0.0050s ]
SQL: SELECT `id`,`text`,`state`,`iconCls`,`url` FROM `blog_admin_nav` WHERE `nid` = 5  [ RunTime:0.0000s ]

[ 2016-08-24T19:46:24+08:00 ] ::1 /thinkphp2/admin.php/Index/showNav
INFO: [ app_begin ] --START--
INFO: Run Behavior\ReadHtmlCacheBehavior [ RunTime:0.000000s ]
INFO: [ app_begin ] --END-- [ RunTime:0.001000s ]
SQL: SHOW COLUMNS FROM `blog_admin_nav` [ RunTime:0.0070s ]
SQL: SELECT `id`,`text`,`state`,`iconCls`,`url` FROM `blog_admin_nav` WHERE `nid` = 8  [ RunTime:0.0010s ]

[ 2016-08-24T19:47:30+08:00 ] ::1 /thinkphp2/admin.php/Article/index?_=1472039179817
INFO: [ app_begin ] --START--
INFO: Run Behavior\ReadHtmlCacheBehavior [ RunTime:0.001000s ]
INFO: [ app_begin ] --END-- [ RunTime:0.002000s ]
INFO: [ view_parse ] --START--
INFO: [ template_filter ] --START--
INFO: Run Behavior\ContentReplaceBehavior [ RunTime:0.000000s ]
INFO: [ template_filter ] --END-- [ RunTime:0.000000s ]
INFO: Run Behavior\ParseTemplateBehavior [ RunTime:0.007000s ]
INFO: [ view_parse ] --END-- [ RunTime:0.007000s ]
INFO: [ view_filter ] --START--
INFO: Run Behavior\WriteHtmlCacheBehavior [ RunTime:0.001000s ]
INFO: [ view_filter ] --END-- [ RunTime:0.001000s ]
INFO: [ app_end ] --START--
INFO: Run Behavior\ShowPageTraceBehavior [ RunTime:0.001000s ]
INFO: [ app_end ] --END-- [ RunTime:0.001000s ]

[ 2016-08-24T19:47:31+08:00 ] ::1 /thinkphp2/admin.php/Article/getarticles
INFO: [ app_begin ] --START--
INFO: Run Behavior\ReadHtmlCacheBehavior [ RunTime:0.000000s ]
INFO: [ app_begin ] --END-- [ RunTime:0.001000s ]
SQL: SHOW COLUMNS FROM `blog_article` [ RunTime:0.0040s ]
SQL: SELECT `a_id`,`a_title`,`a_views`,`a_type`,`a_author`,`create_time` FROM `blog_article` ORDER BY `create_time` DESC LIMIT 0,20   [ RunTime:0.0010s ]
SQL: SELECT COUNT(*) AS tp_count FROM `blog_article` LIMIT 1   [ RunTime:0.0000s ]

[ 2016-08-24T19:47:32+08:00 ] ::1 /thinkphp2/admin.php/Article/getcate
INFO: [ app_begin ] --START--
INFO: Run Behavior\ReadHtmlCacheBehavior [ RunTime:0.000000s ]
INFO: [ app_begin ] --END-- [ RunTime:0.001000s ]
SQL: SHOW COLUMNS FROM `blog_article_cate` [ RunTime:0.0050s ]
SQL: SELECT `cate_id`,`cate_name` FROM `blog_article_cate`  [ RunTime:0.0010s ]

[ 2016-08-24T19:47:33+08:00 ] ::1 /thinkphp2/admin.php/Admin/getAdmins
INFO: [ app_begin ] --START--
INFO: Run Behavior\ReadHtmlCacheBehavior [ RunTime:0.000000s ]
INFO: [ app_begin ] --END-- [ RunTime:0.002000s ]
SQL: SHOW COLUMNS FROM `blog_admin` [ RunTime:0.0050s ]
SQL: SELECT `id`,`name`,`login_time`,`login_ip` FROM `blog_admin`  [ RunTime:0.0000s ]

[ 2016-08-24T19:49:16+08:00 ] ::1 /thinkphp2/admin.php/Article/index?_=1472039179819
INFO: [ app_begin ] --START--
INFO: Run Behavior\ReadHtmlCacheBehavior [ RunTime:0.001000s ]
INFO: [ app_begin ] --END-- [ RunTime:0.002000s ]
INFO: [ view_parse ] --START--
INFO: [ template_filter ] --START--
INFO: Run Behavior\ContentReplaceBehavior [ RunTime:0.000000s ]
INFO: [ template_filter ] --END-- [ RunTime:0.000000s ]
INFO: Run Behavior\ParseTemplateBehavior [ RunTime:0.021002s ]
INFO: [ view_parse ] --END-- [ RunTime:0.021002s ]
INFO: [ view_filter ] --START--
INFO: Run Behavior\WriteHtmlCacheBehavior [ RunTime:0.001000s ]
INFO: [ view_filter ] --END-- [ RunTime:0.001000s ]
INFO: [ app_end ] --START--
INFO: Run Behavior\ShowPageTraceBehavior [ RunTime:0.001000s ]
INFO: [ app_end ] --END-- [ RunTime:0.002000s ]

[ 2016-08-24T19:49:17+08:00 ] ::1 /thinkphp2/admin.php/Article/getarticles
INFO: [ app_begin ] --START--
INFO: Run Behavior\ReadHtmlCacheBehavior [ RunTime:0.001000s ]
INFO: [ app_begin ] --END-- [ RunTime:0.002000s ]
SQL: SHOW COLUMNS FROM `blog_article` [ RunTime:0.0050s ]
SQL: SELECT `a_id`,`a_title`,`a_views`,`a_type`,`a_author`,`create_time` FROM `blog_article` ORDER BY `create_time` DESC LIMIT 0,20   [ RunTime:0.0000s ]
SQL: SELECT COUNT(*) AS tp_count FROM `blog_article` LIMIT 1   [ RunTime:0.0000s ]

[ 2016-08-24T19:49:19+08:00 ] ::1 /thinkphp2/admin.php/Article/getcate
INFO: [ app_begin ] --START--
INFO: Run Behavior\ReadHtmlCacheBehavior [ RunTime:0.001000s ]
INFO: [ app_begin ] --END-- [ RunTime:0.002000s ]
SQL: SHOW COLUMNS FROM `blog_article_cate` [ RunTime:0.0050s ]
SQL: SELECT `cate_id`,`cate_name` FROM `blog_article_cate`  [ RunTime:0.0000s ]

[ 2016-08-24T19:49:20+08:00 ] ::1 /thinkphp2/admin.php/Admin/getAdmins
INFO: [ app_begin ] --START--
INFO: Run Behavior\ReadHtmlCacheBehavior [ RunTime:0.001000s ]
INFO: [ app_begin ] --END-- [ RunTime:0.002000s ]
SQL: SHOW COLUMNS FROM `blog_admin` [ RunTime:0.0050s ]
SQL: SELECT `id`,`name`,`login_time`,`login_ip` FROM `blog_admin`  [ RunTime:0.0010s ]

[ 2016-08-24T19:49:21+08:00 ] ::1 /thinkphp2/admin.php/Index/showNav
INFO: [ app_begin ] --START--
INFO: Run Behavior\ReadHtmlCacheBehavior [ RunTime:0.000000s ]
INFO: [ app_begin ] --END-- [ RunTime:0.001000s ]
SQL: SHOW COLUMNS FROM `blog_admin_nav` [ RunTime:0.0040s ]
SQL: SELECT `id`,`text`,`state`,`iconCls`,`url` FROM `blog_admin_nav` WHERE `nid` = 0  [ RunTime:0.0000s ]

[ 2016-08-24T19:49:23+08:00 ] ::1 /thinkphp2/admin.php/Index/showNav
INFO: [ app_begin ] --START--
INFO: Run Behavior\ReadHtmlCacheBehavior [ RunTime:0.000000s ]
INFO: [ app_begin ] --END-- [ RunTime:0.001000s ]
SQL: SHOW COLUMNS FROM `blog_admin_nav` [ RunTime:0.0050s ]
SQL: SELECT `id`,`text`,`state`,`iconCls`,`url` FROM `blog_admin_nav` WHERE `nid` = 5  [ RunTime:0.0010s ]

[ 2016-08-24T19:49:24+08:00 ] ::1 /thinkphp2/admin.php/Index/showNav
INFO: [ app_begin ] --START--
INFO: Run Behavior\ReadHtmlCacheBehavior [ RunTime:0.001001s ]
INFO: [ app_begin ] --END-- [ RunTime:0.002001s ]
SQL: SHOW COLUMNS FROM `blog_admin_nav` [ RunTime:0.0040s ]
SQL: SELECT `id`,`text`,`state`,`iconCls`,`url` FROM `blog_admin_nav` WHERE `nid` = 1  [ RunTime:0.0000s ]

[ 2016-08-24T19:49:25+08:00 ] ::1 /thinkphp2/admin.php/Index/showNav
INFO: [ app_begin ] --START--
INFO: Run Behavior\ReadHtmlCacheBehavior [ RunTime:0.001001s ]
INFO: [ app_begin ] --END-- [ RunTime:0.002001s ]
SQL: SHOW COLUMNS FROM `blog_admin_nav` [ RunTime:0.0050s ]
SQL: SELECT `id`,`text`,`state`,`iconCls`,`url` FROM `blog_admin_nav` WHERE `nid` = 8  [ RunTime:0.0010s ]

[ 2016-08-24T19:49:35+08:00 ] ::1 /thinkphp2/admin.php/null?_=1472039360544
INFO: [ app_begin ] --START--
INFO: Run Behavior\ReadHtmlCacheBehavior [ RunTime:0.000000s ]
INFO: [ app_begin ] --END-- [ RunTime:0.002000s ]
ERR: 无法加载控制器:Null

[ 2016-08-24T19:49:35+08:00 ] ::1 /thinkphp2/admin.php/Article/index?_=1472039360545
INFO: [ app_begin ] --START--
INFO: Run Behavior\ReadHtmlCacheBehavior [ RunTime:0.001000s ]
INFO: [ app_begin ] --END-- [ RunTime:0.001000s ]
INFO: [ view_parse ] --START--
INFO: [ template_filter ] --START--
INFO: Run Behavior\ContentReplaceBehavior [ RunTime:0.000000s ]
INFO: [ template_filter ] --END-- [ RunTime:0.000000s ]
INFO: Run Behavior\ParseTemplateBehavior [ RunTime:0.017001s ]
INFO: [ view_parse ] --END-- [ RunTime:0.017001s ]
INFO: [ view_filter ] --START--
INFO: Run Behavior\WriteHtmlCacheBehavior [ RunTime:0.001000s ]
INFO: [ view_filter ] --END-- [ RunTime:0.001000s ]
INFO: [ app_end ] --START--
INFO: Run Behavior\ShowPageTraceBehavior [ RunTime:0.000000s ]
INFO: [ app_end ] --END-- [ RunTime:0.000000s ]

[ 2016-08-24T19:49:37+08:00 ] ::1 /thinkphp2/admin.php/Article/getarticles
INFO: [ app_begin ] --START--
INFO: Run Behavior\ReadHtmlCacheBehavior [ RunTime:0.000000s ]
INFO: [ app_begin ] --END-- [ RunTime:0.001000s ]
SQL: SHOW COLUMNS FROM `blog_article` [ RunTime:0.0040s ]
SQL: SELECT `a_id`,`a_title`,`a_views`,`a_type`,`a_author`,`create_time` FROM `blog_article` ORDER BY `create_time` DESC LIMIT 0,20   [ RunTime:0.0000s ]
SQL: SELECT COUNT(*) AS tp_count FROM `blog_article` LIMIT 1   [ RunTime:0.0010s ]

[ 2016-08-24T19:49:38+08:00 ] ::1 /thinkphp2/admin.php/Article/getcate
INFO: [ app_begin ] --START--
INFO: Run Behavior\ReadHtmlCacheBehavior [ RunTime:0.001000s ]
INFO: [ app_begin ] --END-- [ RunTime:0.002000s ]
SQL: SHOW COLUMNS FROM `blog_article_cate` [ RunTime:0.0050s ]
SQL: SELECT `cate_id`,`cate_name` FROM `blog_article_cate`  [ RunTime:0.0010s ]

[ 2016-08-24T19:49:39+08:00 ] ::1 /thinkphp2/admin.php/Admin/getAdmins
INFO: [ app_begin ] --START--
INFO: Run Behavior\ReadHtmlCacheBehavior [ RunTime:0.001000s ]
INFO: [ app_begin ] --END-- [ RunTime:0.001000s ]
SQL: SHOW COLUMNS FROM `blog_admin` [ RunTime:0.0040s ]
SQL: SELECT `id`,`name`,`login_time`,`login_ip` FROM `blog_admin`  [ RunTime:0.0000s ]

[ 2016-08-24T19:49:51+08:00 ] ::1 /thinkphp2/admin.php/Index/showNav
INFO: [ app_begin ] --START--
INFO: Run Behavior\ReadHtmlCacheBehavior [ RunTime:0.001000s ]
INFO: [ app_begin ] --END-- [ RunTime:0.001000s ]
SQL: SHOW COLUMNS FROM `blog_admin_nav` [ RunTime:0.0070s ]
SQL: SELECT `id`,`text`,`state`,`iconCls`,`url` FROM `blog_admin_nav` WHERE `nid` = 0  [ RunTime:0.0010s ]

[ 2016-08-24T19:49:53+08:00 ] ::1 /thinkphp2/admin.php/Index/showNav
INFO: [ app_begin ] --START--
INFO: Run Behavior\ReadHtmlCacheBehavior [ RunTime:0.001000s ]
INFO: [ app_begin ] --END-- [ RunTime:0.001000s ]
SQL: SHOW COLUMNS FROM `blog_admin_nav` [ RunTime:0.0040s ]
SQL: SELECT `id`,`text`,`state`,`iconCls`,`url` FROM `blog_admin_nav` WHERE `nid` = 1  [ RunTime:0.0000s ]

[ 2016-08-24T19:49:54+08:00 ] ::1 /thinkphp2/admin.php/Index/showNav
INFO: [ app_begin ] --START--
INFO: Run Behavior\ReadHtmlCacheBehavior [ RunTime:0.001001s ]
INFO: [ app_begin ] --END-- [ RunTime:0.003001s ]
SQL: SHOW COLUMNS FROM `blog_admin_nav` [ RunTime:0.0050s ]
SQL: SELECT `id`,`text`,`state`,`iconCls`,`url` FROM `blog_admin_nav` WHERE `nid` = 8  [ RunTime:0.0000s ]

[ 2016-08-24T19:49:55+08:00 ] ::1 /thinkphp2/admin.php/Index/showNav
INFO: [ app_begin ] --START--
INFO: Run Behavior\ReadHtmlCacheBehavior [ RunTime:0.001000s ]
INFO: [ app_begin ] --END-- [ RunTime:0.002000s ]
SQL: SHOW COLUMNS FROM `blog_admin_nav` [ RunTime:0.0050s ]
SQL: SELECT `id`,`text`,`state`,`iconCls`,`url` FROM `blog_admin_nav` WHERE `nid` = 5  [ RunTime:0.0000s ]

[ 2016-08-24T19:49:58+08:00 ] ::1 /thinkphp2/admin.php/Article/index?_=1472039390529
INFO: [ app_begin ] --START--
INFO: Run Behavior\ReadHtmlCacheBehavior [ RunTime:0.001000s ]
INFO: [ app_begin ] --END-- [ RunTime:0.001000s ]
INFO: [ view_parse ] --START--
INFO: [ template_filter ] --START--
INFO: Run Behavior\ContentReplaceBehavior [ RunTime:0.000000s ]
INFO: [ template_filter ] --END-- [ RunTime:0.000000s ]
INFO: Run Behavior\ParseTemplateBehavior [ RunTime:0.007000s ]
INFO: [ view_parse ] --END-- [ RunTime:0.007000s ]
INFO: [ view_filter ] --START--
INFO: Run Behavior\WriteHtmlCacheBehavior [ RunTime:0.000000s ]
INFO: [ view_filter ] --END-- [ RunTime:0.000000s ]
INFO: [ app_end ] --START--
INFO: Run Behavior\ShowPageTraceBehavior [ RunTime:0.001000s ]
INFO: [ app_end ] --END-- [ RunTime:0.001000s ]

[ 2016-08-24T19:49:59+08:00 ] ::1 /thinkphp2/admin.php/Article/getarticles
INFO: [ app_begin ] --START--
INFO: Run Behavior\ReadHtmlCacheBehavior [ RunTime:0.000000s ]
INFO: [ app_begin ] --END-- [ RunTime:0.002000s ]
SQL: SHOW COLUMNS FROM `blog_article` [ RunTime:0.0050s ]
SQL: SELECT `a_id`,`a_title`,`a_views`,`a_type`,`a_author`,`create_time` FROM `blog_article` ORDER BY `create_time` DESC LIMIT 0,20   [ RunTime:0.0010s ]
SQL: SELECT COUNT(*) AS tp_count FROM `blog_article` LIMIT 1   [ RunTime:0.0010s ]

[ 2016-08-24T19:50:00+08:00 ] ::1 /thinkphp2/admin.php/Article/getcate
INFO: [ app_begin ] --START--
INFO: Run Behavior\ReadHtmlCacheBehavior [ RunTime:0.001000s ]
INFO: [ app_begin ] --END-- [ RunTime:0.002000s ]
SQL: SHOW COLUMNS FROM `blog_article_cate` [ RunTime:0.0050s ]
SQL: SELECT `cate_id`,`cate_name` FROM `blog_article_cate`  [ RunTime:0.0000s ]

[ 2016-08-24T19:50:01+08:00 ] ::1 /thinkphp2/admin.php/Admin/getAdmins
INFO: [ app_begin ] --START--
INFO: Run Behavior\ReadHtmlCacheBehavior [ RunTime:0.001000s ]
INFO: [ app_begin ] --END-- [ RunTime:0.001000s ]
SQL: SHOW COLUMNS FROM `blog_admin` [ RunTime:0.0040s ]
SQL: SELECT `id`,`name`,`login_time`,`login_ip` FROM `blog_admin`  [ RunTime:0.0010s ]

[ 2016-08-24T19:50:17+08:00 ] ::1 /thinkphp2/admin.php/Index/showNav
INFO: [ app_begin ] --START--
INFO: Run Behavior\ReadHtmlCacheBehavior [ RunTime:0.001000s ]
INFO: [ app_begin ] --END-- [ RunTime:0.002000s ]
SQL: SHOW COLUMNS FROM `blog_admin_nav` [ RunTime:0.0080s ]
SQL: SELECT `id`,`text`,`state`,`iconCls`,`url` FROM `blog_admin_nav` WHERE `nid` = 0  [ RunTime:0.0010s ]

[ 2016-08-24T19:50:18+08:00 ] ::1 /thinkphp2/admin.php/Index/showNav
INFO: [ app_begin ] --START--
INFO: Run Behavior\ReadHtmlCacheBehavior [ RunTime:0.001000s ]
INFO: [ app_begin ] --END-- [ RunTime:0.002000s ]
SQL: SHOW COLUMNS FROM `blog_admin_nav` [ RunTime:0.0060s ]
SQL: SELECT `id`,`text`,`state`,`iconCls`,`url` FROM `blog_admin_nav` WHERE `nid` = 8  [ RunTime:0.0010s ]

[ 2016-08-24T19:50:19+08:00 ] ::1 /thinkphp2/admin.php/Index/showNav
INFO: [ app_begin ] --START--
INFO: Run Behavior\ReadHtmlCacheBehavior [ RunTime:0.001000s ]
INFO: [ app_begin ] --END-- [ RunTime:0.002000s ]
SQL: SHOW COLUMNS FROM `blog_admin_nav` [ RunTime:0.0050s ]
SQL: SELECT `id`,`text`,`state`,`iconCls`,`url` FROM `blog_admin_nav` WHERE `nid` = 5  [ RunTime:0.0000s ]

[ 2016-08-24T19:50:20+08:00 ] ::1 /thinkphp2/admin.php/Index/showNav
INFO: [ app_begin ] --START--
INFO: Run Behavior\ReadHtmlCacheBehavior [ RunTime:0.001000s ]
INFO: [ app_begin ] --END-- [ RunTime:0.002000s ]
SQL: SHOW COLUMNS FROM `blog_admin_nav` [ RunTime:0.0060s ]
SQL: SELECT `id`,`text`,`state`,`iconCls`,`url` FROM `blog_admin_nav` WHERE `nid` = 1  [ RunTime:0.0010s ]

[ 2016-08-24T19:50:20+08:00 ] ::1 /thinkphp2/admin.php/Article/index?_=1472039416027
INFO: [ app_begin ] --START--
INFO: Run Behavior\ReadHtmlCacheBehavior [ RunTime:0.001000s ]
INFO: [ app_begin ] --END-- [ RunTime:0.001000s ]
INFO: [ view_parse ] --START--
INFO: [ template_filter ] --START--
INFO: Run Behavior\ContentReplaceBehavior [ RunTime:0.000000s ]
INFO: [ template_filter ] --END-- [ RunTime:0.000000s ]
INFO: Run Behavior\ParseTemplateBehavior [ RunTime:0.009000s ]
INFO: [ view_parse ] --END-- [ RunTime:0.009000s ]
INFO: [ view_filter ] --START--
INFO: Run Behavior\WriteHtmlCacheBehavior [ RunTime:0.001001s ]
INFO: [ view_filter ] --END-- [ RunTime:0.001001s ]
INFO: [ app_end ] --START--
INFO: Run Behavior\ShowPageTraceBehavior [ RunTime:0.001000s ]
INFO: [ app_end ] --END-- [ RunTime:0.001000s ]

[ 2016-08-24T19:50:21+08:00 ] ::1 /thinkphp2/admin.php/Article/getarticles
INFO: [ app_begin ] --START--
INFO: Run Behavior\ReadHtmlCacheBehavior [ RunTime:0.001000s ]
INFO: [ app_begin ] --END-- [ RunTime:0.002000s ]
SQL: SHOW COLUMNS FROM `blog_article` [ RunTime:0.0070s ]
SQL: SELECT `a_id`,`a_title`,`a_views`,`a_type`,`a_author`,`create_time` FROM `blog_article` ORDER BY `create_time` DESC LIMIT 0,20   [ RunTime:0.0010s ]
SQL: SELECT COUNT(*) AS tp_count FROM `blog_article` LIMIT 1   [ RunTime:0.0010s ]

[ 2016-08-24T19:50:23+08:00 ] ::1 /thinkphp2/admin.php/Article/getcate
INFO: [ app_begin ] --START--
INFO: Run Behavior\ReadHtmlCacheBehavior [ RunTime:0.000000s ]
INFO: [ app_begin ] --END-- [ RunTime:0.001000s ]
SQL: SHOW COLUMNS FROM `blog_article_cate` [ RunTime:0.0040s ]
SQL: SELECT `cate_id`,`cate_name` FROM `blog_article_cate`  [ RunTime:0.0010s ]

[ 2016-08-24T19:50:24+08:00 ] ::1 /thinkphp2/admin.php/Admin/getAdmins
INFO: [ app_begin ] --START--
INFO: Run Behavior\ReadHtmlCacheBehavior [ RunTime:0.001000s ]
INFO: [ app_begin ] --END-- [ RunTime:0.002000s ]
SQL: SHOW COLUMNS FROM `blog_admin` [ RunTime:0.0040s ]
SQL: SELECT `id`,`name`,`login_time`,`login_ip` FROM `blog_admin`  [ RunTime:0.0010s ]

[ 2016-08-24T19:51:42+08:00 ] ::1 /thinkphp2/admin.php/Index/showNav
INFO: [ app_begin ] --START--
INFO: Run Behavior\ReadHtmlCacheBehavior [ RunTime:0.001000s ]
INFO: [ app_begin ] --END-- [ RunTime:0.001000s ]
SQL: SHOW COLUMNS FROM `blog_admin_nav` [ RunTime:0.0070s ]
SQL: SELECT `id`,`text`,`state`,`iconCls`,`url` FROM `blog_admin_nav` WHERE `nid` = 0  [ RunTime:0.0010s ]

[ 2016-08-24T19:51:43+08:00 ] ::1 /thinkphp2/admin.php/Index/showNav
INFO: [ app_begin ] --START--
INFO: Run Behavior\ReadHtmlCacheBehavior [ RunTime:0.000000s ]
INFO: [ app_begin ] --END-- [ RunTime:0.001000s ]
SQL: SHOW COLUMNS FROM `blog_admin_nav` [ RunTime:0.0060s ]
SQL: SELECT `id`,`text`,`state`,`iconCls`,`url` FROM `blog_admin_nav` WHERE `nid` = 1  [ RunTime:0.0010s ]

[ 2016-08-24T19:51:44+08:00 ] ::1 /thinkphp2/admin.php/Index/showNav
INFO: [ app_begin ] --START--
INFO: Run Behavior\ReadHtmlCacheBehavior [ RunTime:0.002000s ]
INFO: [ app_begin ] --END-- [ RunTime:0.002000s ]
SQL: SHOW COLUMNS FROM `blog_admin_nav` [ RunTime:0.0050s ]
SQL: SELECT `id`,`text`,`state`,`iconCls`,`url` FROM `blog_admin_nav` WHERE `nid` = 5  [ RunTime:0.0000s ]

[ 2016-08-24T19:51:45+08:00 ] ::1 /thinkphp2/admin.php/Index/showNav
INFO: [ app_begin ] --START--
INFO: Run Behavior\ReadHtmlCacheBehavior [ RunTime:0.002000s ]
INFO: [ app_begin ] --END-- [ RunTime:0.003000s ]
SQL: SHOW COLUMNS FROM `blog_admin_nav` [ RunTime:0.0040s ]
SQL: SELECT `id`,`text`,`state`,`iconCls`,`url` FROM `blog_admin_nav` WHERE `nid` = 8  [ RunTime:0.0000s ]

[ 2016-08-24T19:51:57+08:00 ] ::1 /thinkphp2/admin.php/Article/index?_=1472039500891
INFO: [ app_begin ] --START--
INFO: Run Behavior\ReadHtmlCacheBehavior [ RunTime:0.001000s ]
INFO: [ app_begin ] --END-- [ RunTime:0.001000s ]
INFO: [ view_parse ] --START--
INFO: [ template_filter ] --START--
INFO: Run Behavior\ContentReplaceBehavior [ RunTime:0.000000s ]
INFO: [ template_filter ] --END-- [ RunTime:0.000000s ]
INFO: Run Behavior\ParseTemplateBehavior [ RunTime:0.008000s ]
INFO: [ view_parse ] --END-- [ RunTime:0.008000s ]
INFO: [ view_filter ] --START--
INFO: Run Behavior\WriteHtmlCacheBehavior [ RunTime:0.000000s ]
INFO: [ view_filter ] --END-- [ RunTime:0.000000s ]
INFO: [ app_end ] --START--
INFO: Run Behavior\ShowPageTraceBehavior [ RunTime:0.001000s ]
INFO: [ app_end ] --END-- [ RunTime:0.001000s ]

[ 2016-08-24T19:51:59+08:00 ] ::1 /thinkphp2/admin.php/Article/getarticles
INFO: [ app_begin ] --START--
INFO: Run Behavior\ReadHtmlCacheBehavior [ RunTime:0.001000s ]
INFO: [ app_begin ] --END-- [ RunTime:0.002000s ]
SQL: SHOW COLUMNS FROM `blog_article` [ RunTime:0.0050s ]
SQL: SELECT `a_id`,`a_title`,`a_views`,`a_type`,`a_author`,`create_time` FROM `blog_article` ORDER BY `create_time` DESC LIMIT 0,20   [ RunTime:0.0010s ]
SQL: SELECT COUNT(*) AS tp_count FROM `blog_article` LIMIT 1   [ RunTime:0.0010s ]

[ 2016-08-24T19:52:00+08:00 ] ::1 /thinkphp2/admin.php/Article/getcate
INFO: [ app_begin ] --START--
INFO: Run Behavior\ReadHtmlCacheBehavior [ RunTime:0.001000s ]
INFO: [ app_begin ] --END-- [ RunTime:0.001000s ]
SQL: SHOW COLUMNS FROM `blog_article_cate` [ RunTime:0.0050s ]
SQL: SELECT `cate_id`,`cate_name` FROM `blog_article_cate`  [ RunTime:0.0000s ]

[ 2016-08-24T19:52:01+08:00 ] ::1 /thinkphp2/admin.php/Admin/getAdmins
INFO: [ app_begin ] --START--
INFO: Run Behavior\ReadHtmlCacheBehavior [ RunTime:0.002001s ]
INFO: [ app_begin ] --END-- [ RunTime:0.003001s ]
SQL: SHOW COLUMNS FROM `blog_admin` [ RunTime:0.0050s ]
SQL: SELECT `id`,`name`,`login_time`,`login_ip` FROM `blog_admin`  [ RunTime:0.0010s ]

[ 2016-08-24T19:52:22+08:00 ] ::1 /thinkphp2/admin.php/Index/showNav
INFO: [ app_begin ] --START--
INFO: Run Behavior\ReadHtmlCacheBehavior [ RunTime:0.001000s ]
INFO: [ app_begin ] --END-- [ RunTime:0.002000s ]
SQL: SHOW COLUMNS FROM `blog_admin_nav` [ RunTime:0.0050s ]
SQL: SELECT `id`,`text`,`state`,`iconCls`,`url` FROM `blog_admin_nav` WHERE `nid` = 0  [ RunTime:0.0010s ]

[ 2016-08-24T19:52:23+08:00 ] ::1 /thinkphp2/admin.php/Index/showNav
INFO: [ app_begin ] --START--
INFO: Run Behavior\ReadHtmlCacheBehavior [ RunTime:0.001000s ]
INFO: [ app_begin ] --END-- [ RunTime:0.002000s ]
SQL: SHOW COLUMNS FROM `blog_admin_nav` [ RunTime:0.0050s ]
SQL: SELECT `id`,`text`,`state`,`iconCls`,`url` FROM `blog_admin_nav` WHERE `nid` = 5  [ RunTime:0.0010s ]

[ 2016-08-24T19:52:24+08:00 ] ::1 /thinkphp2/admin.php/Index/showNav
INFO: [ app_begin ] --START--
INFO: Run Behavior\ReadHtmlCacheBehavior [ RunTime:0.001000s ]
INFO: [ app_begin ] --END-- [ RunTime:0.002000s ]
SQL: SHOW COLUMNS FROM `blog_admin_nav` [ RunTime:0.0050s ]
SQL: SELECT `id`,`text`,`state`,`iconCls`,`url` FROM `blog_admin_nav` WHERE `nid` = 8  [ RunTime:0.0010s ]

[ 2016-08-24T19:52:25+08:00 ] ::1 /thinkphp2/admin.php/Index/showNav
INFO: [ app_begin ] --START--
INFO: Run Behavior\ReadHtmlCacheBehavior [ RunTime:0.001000s ]
INFO: [ app_begin ] --END-- [ RunTime:0.001000s ]
SQL: SHOW COLUMNS FROM `blog_admin_nav` [ RunTime:0.0040s ]
SQL: SELECT `id`,`text`,`state`,`iconCls`,`url` FROM `blog_admin_nav` WHERE `nid` = 1  [ RunTime:0.0000s ]

[ 2016-08-24T19:52:26+08:00 ] ::1 /thinkphp2/admin.php/Article/index?_=1472039541155
INFO: [ app_begin ] --START--
INFO: Run Behavior\ReadHtmlCacheBehavior [ RunTime:0.001000s ]
INFO: [ app_begin ] --END-- [ RunTime:0.002000s ]
INFO: [ view_parse ] --START--
INFO: [ template_filter ] --START--
INFO: Run Behavior\ContentReplaceBehavior [ RunTime:0.000000s ]
INFO: [ template_filter ] --END-- [ RunTime:0.000000s ]
INFO: Run Behavior\ParseTemplateBehavior [ RunTime:0.010001s ]
INFO: [ view_parse ] --END-- [ RunTime:0.010001s ]
INFO: [ view_filter ] --START--
INFO: Run Behavior\WriteHtmlCacheBehavior [ RunTime:0.000000s ]
INFO: [ view_filter ] --END-- [ RunTime:0.001000s ]
INFO: [ app_end ] --START--
INFO: Run Behavior\ShowPageTraceBehavior [ RunTime:0.001000s ]
INFO: [ app_end ] --END-- [ RunTime:0.001000s ]

[ 2016-08-24T19:52:28+08:00 ] ::1 /thinkphp2/admin.php/Article/getarticles
INFO: [ app_begin ] --START--
INFO: Run Behavior\ReadHtmlCacheBehavior [ RunTime:0.000000s ]
INFO: [ app_begin ] --END-- [ RunTime:0.001000s ]
SQL: SHOW COLUMNS FROM `blog_article` [ RunTime:0.0050s ]
SQL: SELECT `a_id`,`a_title`,`a_views`,`a_type`,`a_author`,`create_time` FROM `blog_article` ORDER BY `create_time` DESC LIMIT 0,20   [ RunTime:0.0000s ]
SQL: SELECT COUNT(*) AS tp_count FROM `blog_article` LIMIT 1   [ RunTime:0.0000s ]

[ 2016-08-24T19:52:29+08:00 ] ::1 /thinkphp2/admin.php/Article/getcate
INFO: [ app_begin ] --START--
INFO: Run Behavior\ReadHtmlCacheBehavior [ RunTime:0.001000s ]
INFO: [ app_begin ] --END-- [ RunTime:0.001000s ]
SQL: SHOW COLUMNS FROM `blog_article_cate` [ RunTime:0.0050s ]
SQL: SELECT `cate_id`,`cate_name` FROM `blog_article_cate`  [ RunTime:0.0010s ]

[ 2016-08-24T19:52:30+08:00 ] ::1 /thinkphp2/admin.php/Admin/getAdmins
INFO: [ app_begin ] --START--
INFO: Run Behavior\ReadHtmlCacheBehavior [ RunTime:0.000000s ]
INFO: [ app_begin ] --END-- [ RunTime:0.001000s ]
SQL: SHOW COLUMNS FROM `blog_admin` [ RunTime:0.0040s ]
SQL: SELECT `id`,`name`,`login_time`,`login_ip` FROM `blog_admin`  [ RunTime:0.0010s ]

[ 2016-08-24T19:52:40+08:00 ] ::1 /thinkphp2/admin.php/Article/index?_=1472039541157
INFO: [ app_begin ] --START--
INFO: Run Behavior\ReadHtmlCacheBehavior [ RunTime:0.001000s ]
INFO: [ app_begin ] --END-- [ RunTime:0.001000s ]
INFO: [ view_parse ] --START--
INFO: [ template_filter ] --START--
INFO: Run Behavior\ContentReplaceBehavior [ RunTime:0.000000s ]
INFO: [ template_filter ] --END-- [ RunTime:0.000000s ]
INFO: Run Behavior\ParseTemplateBehavior [ RunTime:0.007000s ]
INFO: [ view_parse ] --END-- [ RunTime:0.007000s ]
INFO: [ view_filter ] --START--
INFO: Run Behavior\WriteHtmlCacheBehavior [ RunTime:0.000000s ]
INFO: [ view_filter ] --END-- [ RunTime:0.000000s ]
INFO: [ app_end ] --START--
INFO: Run Behavior\ShowPageTraceBehavior [ RunTime:0.001000s ]
INFO: [ app_end ] --END-- [ RunTime:0.001000s ]

[ 2016-08-24T19:52:41+08:00 ] ::1 /thinkphp2/admin.php/Article/getarticles
INFO: [ app_begin ] --START--
INFO: Run Behavior\ReadHtmlCacheBehavior [ RunTime:0.001000s ]
INFO: [ app_begin ] --END-- [ RunTime:0.001000s ]
SQL: SHOW COLUMNS FROM `blog_article` [ RunTime:0.0050s ]
SQL: SELECT `a_id`,`a_title`,`a_views`,`a_type`,`a_author`,`create_time` FROM `blog_article` ORDER BY `create_time` DESC LIMIT 0,20   [ RunTime:0.0000s ]
SQL: SELECT COUNT(*) AS tp_count FROM `blog_article` LIMIT 1   [ RunTime:0.0010s ]

[ 2016-08-24T19:52:43+08:00 ] ::1 /thinkphp2/admin.php/Article/getcate
INFO: [ app_begin ] --START--
INFO: Run Behavior\ReadHtmlCacheBehavior [ RunTime:0.000000s ]
INFO: [ app_begin ] --END-- [ RunTime:0.002001s ]
SQL: SHOW COLUMNS FROM `blog_article_cate` [ RunTime:0.0050s ]
SQL: SELECT `cate_id`,`cate_name` FROM `blog_article_cate`  [ RunTime:0.0010s ]

[ 2016-08-24T19:52:45+08:00 ] ::1 /thinkphp2/admin.php/Admin/getAdmins
INFO: [ app_begin ] --START--
INFO: Run Behavior\ReadHtmlCacheBehavior [ RunTime:0.001000s ]
INFO: [ app_begin ] --END-- [ RunTime:0.002000s ]
SQL: SHOW COLUMNS FROM `blog_admin` [ RunTime:0.0050s ]
SQL: SELECT `id`,`name`,`login_time`,`login_ip` FROM `blog_admin`  [ RunTime:0.0000s ]

[ 2016-08-24T19:53:44+08:00 ] ::1 /thinkphp2/admin.php/Article/index?_=1472039541159
INFO: [ app_begin ] --START--
INFO: Run Behavior\ReadHtmlCacheBehavior [ RunTime:0.001000s ]
INFO: [ app_begin ] --END-- [ RunTime:0.002000s ]
INFO: [ view_parse ] --START--
INFO: [ template_filter ] --START--
INFO: Run Behavior\ContentReplaceBehavior [ RunTime:0.001001s ]
INFO: [ template_filter ] --END-- [ RunTime:0.001001s ]
INFO: Run Behavior\ParseTemplateBehavior [ RunTime:0.019001s ]
INFO: [ view_parse ] --END-- [ RunTime:0.019001s ]
INFO: [ view_filter ] --START--
INFO: Run Behavior\WriteHtmlCacheBehavior [ RunTime:0.000000s ]
INFO: [ view_filter ] --END-- [ RunTime:0.000000s ]
INFO: [ app_end ] --START--
INFO: Run Behavior\ShowPageTraceBehavior [ RunTime:0.001000s ]
INFO: [ app_end ] --END-- [ RunTime:0.001000s ]

[ 2016-08-24T19:53:46+08:00 ] ::1 /thinkphp2/admin.php/Article/getarticles
INFO: [ app_begin ] --START--
INFO: Run Behavior\ReadHtmlCacheBehavior [ RunTime:0.001000s ]
INFO: [ app_begin ] --END-- [ RunTime:0.001000s ]
SQL: SHOW COLUMNS FROM `blog_article` [ RunTime:0.0070s ]
SQL: SELECT `a_id`,`a_title`,`a_views`,`a_type`,`a_author`,`create_time` FROM `blog_article` ORDER BY `create_time` DESC LIMIT 0,20   [ RunTime:0.0010s ]
SQL: SELECT COUNT(*) AS tp_count FROM `blog_article` LIMIT 1   [ RunTime:0.0010s ]

[ 2016-08-24T19:53:48+08:00 ] ::1 /thinkphp2/admin.php/Article/getcate
INFO: [ app_begin ] --START--
INFO: Run Behavior\ReadHtmlCacheBehavior [ RunTime:0.000000s ]
INFO: [ app_begin ] --END-- [ RunTime:0.001000s ]
SQL: SHOW COLUMNS FROM `blog_article_cate` [ RunTime:0.0070s ]
SQL: SELECT `cate_id`,`cate_name` FROM `blog_article_cate`  [ RunTime:0.0000s ]

[ 2016-08-24T19:53:49+08:00 ] ::1 /thinkphp2/admin.php/Admin/getAdmins
INFO: [ app_begin ] --START--
INFO: Run Behavior\ReadHtmlCacheBehavior [ RunTime:0.001000s ]
INFO: [ app_begin ] --END-- [ RunTime:0.001000s ]
SQL: SHOW COLUMNS FROM `blog_admin` [ RunTime:0.0040s ]
SQL: SELECT `id`,`name`,`login_time`,`login_ip` FROM `blog_admin`  [ RunTime:0.0000s ]

[ 2016-08-24T19:54:06+08:00 ] ::1 /thinkphp2/admin.php/Article/index?_=1472039541161
INFO: [ app_begin ] --START--
INFO: Run Behavior\ReadHtmlCacheBehavior [ RunTime:0.001001s ]
INFO: [ app_begin ] --END-- [ RunTime:0.001001s ]
INFO: [ view_parse ] --START--
INFO: [ template_filter ] --START--
INFO: Run Behavior\ContentReplaceBehavior [ RunTime:0.000000s ]
INFO: [ template_filter ] --END-- [ RunTime:0.000000s ]
INFO: Run Behavior\ParseTemplateBehavior [ RunTime:0.006000s ]
INFO: [ view_parse ] --END-- [ RunTime:0.006000s ]
INFO: [ view_filter ] --START--
INFO: Run Behavior\WriteHtmlCacheBehavior [ RunTime:0.000000s ]
INFO: [ view_filter ] --END-- [ RunTime:0.000000s ]
INFO: [ app_end ] --START--
INFO: Run Behavior\ShowPageTraceBehavior [ RunTime:0.001000s ]
INFO: [ app_end ] --END-- [ RunTime:0.001000s ]

[ 2016-08-24T19:54:07+08:00 ] ::1 /thinkphp2/admin.php/Article/getarticles
INFO: [ app_begin ] --START--
INFO: Run Behavior\ReadHtmlCacheBehavior [ RunTime:0.001000s ]
INFO: [ app_begin ] --END-- [ RunTime:0.001000s ]
SQL: SHOW COLUMNS FROM `blog_article` [ RunTime:0.0050s ]
SQL: SELECT `a_id`,`a_title`,`a_views`,`a_type`,`a_author`,`create_time` FROM `blog_article` ORDER BY `create_time` DESC LIMIT 0,20   [ RunTime:0.0000s ]
SQL: SELECT COUNT(*) AS tp_count FROM `blog_article` LIMIT 1   [ RunTime:0.0010s ]

[ 2016-08-24T19:54:09+08:00 ] ::1 /thinkphp2/admin.php/Article/getcate
INFO: [ app_begin ] --START--
INFO: Run Behavior\ReadHtmlCacheBehavior [ RunTime:0.001000s ]
INFO: [ app_begin ] --END-- [ RunTime:0.001000s ]
SQL: SHOW COLUMNS FROM `blog_article_cate` [ RunTime:0.0050s ]
SQL: SELECT `cate_id`,`cate_name` FROM `blog_article_cate`  [ RunTime:0.0010s ]

[ 2016-08-24T19:54:10+08:00 ] ::1 /thinkphp2/admin.php/Admin/getAdmins
INFO: [ app_begin ] --START--
INFO: Run Behavior\ReadHtmlCacheBehavior [ RunTime:0.001000s ]
INFO: [ app_begin ] --END-- [ RunTime:0.001000s ]
SQL: SHOW COLUMNS FROM `blog_admin` [ RunTime:0.0050s ]
SQL: SELECT `id`,`name`,`login_time`,`login_ip` FROM `blog_admin`  [ RunTime:0.0010s ]

[ 2016-08-24T19:55:06+08:00 ] ::1 /thinkphp2/admin.php/Index/showNav
INFO: [ app_begin ] --START--
INFO: Run Behavior\ReadHtmlCacheBehavior [ RunTime:0.001000s ]
INFO: [ app_begin ] --END-- [ RunTime:0.002000s ]
SQL: SHOW COLUMNS FROM `blog_admin_nav` [ RunTime:0.0190s ]
SQL: SELECT `id`,`text`,`state`,`iconCls`,`url` FROM `blog_admin_nav` WHERE `nid` = 0  [ RunTime:0.0030s ]

[ 2016-08-24T19:55:07+08:00 ] ::1 /thinkphp2/admin.php/Index/showNav
INFO: [ app_begin ] --START--
INFO: Run Behavior\ReadHtmlCacheBehavior [ RunTime:0.002000s ]
INFO: [ app_begin ] --END-- [ RunTime:0.003000s ]
SQL: SHOW COLUMNS FROM `blog_admin_nav` [ RunTime:0.0080s ]
SQL: SELECT `id`,`text`,`state`,`iconCls`,`url` FROM `blog_admin_nav` WHERE `nid` = 1  [ RunTime:0.0010s ]

[ 2016-08-24T19:55:08+08:00 ] ::1 /thinkphp2/admin.php/Index/showNav
INFO: [ app_begin ] --START--
INFO: Run Behavior\ReadHtmlCacheBehavior [ RunTime:0.001001s ]
INFO: [ app_begin ] --END-- [ RunTime:0.002001s ]
SQL: SHOW COLUMNS FROM `blog_admin_nav` [ RunTime:0.0050s ]
SQL: SELECT `id`,`text`,`state`,`iconCls`,`url` FROM `blog_admin_nav` WHERE `nid` = 5  [ RunTime:0.0010s ]

[ 2016-08-24T19:55:09+08:00 ] ::1 /thinkphp2/admin.php/Index/showNav
INFO: [ app_begin ] --START--
INFO: Run Behavior\ReadHtmlCacheBehavior [ RunTime:0.001001s ]
INFO: [ app_begin ] --END-- [ RunTime:0.002001s ]
SQL: SHOW COLUMNS FROM `blog_admin_nav` [ RunTime:0.0060s ]
SQL: SELECT `id`,`text`,`state`,`iconCls`,`url` FROM `blog_admin_nav` WHERE `nid` = 8  [ RunTime:0.0010s ]

[ 2016-08-24T19:55:10+08:00 ] ::1 /thinkphp2/admin.php/Article/index?_=1472039705317
INFO: [ app_begin ] --START--
INFO: Run Behavior\ReadHtmlCacheBehavior [ RunTime:0.000000s ]
INFO: [ app_begin ] --END-- [ RunTime:0.001000s ]
INFO: [ view_parse ] --START--
INFO: [ template_filter ] --START--
INFO: Run Behavior\ContentReplaceBehavior [ RunTime:0.000000s ]
INFO: [ template_filter ] --END-- [ RunTime:0.000000s ]
INFO: Run Behavior\ParseTemplateBehavior [ RunTime:0.018001s ]
INFO: [ view_parse ] --END-- [ RunTime:0.018001s ]
INFO: [ view_filter ] --START--
INFO: Run Behavior\WriteHtmlCacheBehavior [ RunTime:0.001000s ]
INFO: [ view_filter ] --END-- [ RunTime:0.001000s ]
INFO: [ app_end ] --START--
INFO: Run Behavior\ShowPageTraceBehavior [ RunTime:0.000000s ]
INFO: [ app_end ] --END-- [ RunTime:0.000000s ]

[ 2016-08-24T19:55:11+08:00 ] ::1 /thinkphp2/admin.php/Article/getarticles
INFO: [ app_begin ] --START--
INFO: Run Behavior\ReadHtmlCacheBehavior [ RunTime:0.001000s ]
INFO: [ app_begin ] --END-- [ RunTime:0.002000s ]
SQL: SHOW COLUMNS FROM `blog_article` [ RunTime:0.0050s ]
SQL: SELECT `a_id`,`a_title`,`a_views`,`a_type`,`a_author`,`create_time` FROM `blog_article` ORDER BY `create_time` DESC LIMIT 0,20   [ RunTime:0.0000s ]
SQL: SELECT COUNT(*) AS tp_count FROM `blog_article` LIMIT 1   [ RunTime:0.0000s ]

[ 2016-08-24T19:55:12+08:00 ] ::1 /thinkphp2/admin.php/Article/getcate
INFO: [ app_begin ] --START--
INFO: Run Behavior\ReadHtmlCacheBehavior [ RunTime:0.001000s ]
INFO: [ app_begin ] --END-- [ RunTime:0.001000s ]
SQL: SHOW COLUMNS FROM `blog_article_cate` [ RunTime:0.0050s ]
SQL: SELECT `cate_id`,`cate_name` FROM `blog_article_cate`  [ RunTime:0.0010s ]

[ 2016-08-24T19:55:13+08:00 ] ::1 /thinkphp2/admin.php/Admin/getAdmins
INFO: [ app_begin ] --START--
INFO: Run Behavior\ReadHtmlCacheBehavior [ RunTime:0.000000s ]
INFO: [ app_begin ] --END-- [ RunTime:0.001000s ]
SQL: SHOW COLUMNS FROM `blog_admin` [ RunTime:0.0040s ]
SQL: SELECT `id`,`name`,`login_time`,`login_ip` FROM `blog_admin`  [ RunTime:0.0010s ]

[ 2016-08-24T22:56:39+08:00 ] ::1 /thinkphp2/admin.php/Index/showNav
INFO: [ app_begin ] --START--
INFO: Run Behavior\ReadHtmlCacheBehavior [ RunTime:0.001000s ]
INFO: [ app_begin ] --END-- [ RunTime:0.001000s ]
SQL: SHOW COLUMNS FROM `blog_admin_nav` [ RunTime:0.1470s ]
SQL: SELECT `id`,`text`,`state`,`iconCls`,`url` FROM `blog_admin_nav` WHERE `nid` = 0  [ RunTime:0.0010s ]

[ 2016-08-24T22:56:40+08:00 ] ::1 /thinkphp2/admin.php/Index/showNav
INFO: [ app_begin ] --START--
INFO: Run Behavior\ReadHtmlCacheBehavior [ RunTime:0.001000s ]
INFO: [ app_begin ] --END-- [ RunTime:0.001000s ]
SQL: SHOW COLUMNS FROM `blog_admin_nav` [ RunTime:0.0070s ]
SQL: SELECT `id`,`text`,`state`,`iconCls`,`url` FROM `blog_admin_nav` WHERE `nid` = 1  [ RunTime:0.0010s ]

[ 2016-08-24T22:56:42+08:00 ] ::1 /thinkphp2/admin.php/Index/showNav
INFO: [ app_begin ] --START--
INFO: Run Behavior\ReadHtmlCacheBehavior [ RunTime:0.001000s ]
INFO: [ app_begin ] --END-- [ RunTime:0.001000s ]
SQL: SHOW COLUMNS FROM `blog_admin_nav` [ RunTime:0.0060s ]
SQL: SELECT `id`,`text`,`state`,`iconCls`,`url` FROM `blog_admin_nav` WHERE `nid` = 8  [ RunTime:0.0010s ]

[ 2016-08-24T22:56:43+08:00 ] ::1 /thinkphp2/admin.php/Index/showNav
INFO: [ app_begin ] --START--
INFO: Run Behavior\ReadHtmlCacheBehavior [ RunTime:0.001000s ]
INFO: [ app_begin ] --END-- [ RunTime:0.002001s ]
SQL: SHOW COLUMNS FROM `blog_admin_nav` [ RunTime:0.0120s ]
SQL: SELECT `id`,`text`,`state`,`iconCls`,`url` FROM `blog_admin_nav` WHERE `nid` = 5  [ RunTime:0.0000s ]

[ 2016-08-24T22:56:44+08:00 ] ::1 /thinkphp2/admin.php/Index/showNav
INFO: [ app_begin ] --START--
INFO: Run Behavior\ReadHtmlCacheBehavior [ RunTime:0.001000s ]
INFO: [ app_begin ] --END-- [ RunTime:0.002000s ]
SQL: SHOW COLUMNS FROM `blog_admin_nav` [ RunTime:0.0050s ]
SQL: SELECT `id`,`text`,`state`,`iconCls`,`url` FROM `blog_admin_nav` WHERE `nid` = 0  [ RunTime:0.0000s ]

[ 2016-08-24T22:56:45+08:00 ] ::1 /thinkphp2/admin.php/Index/showNav
INFO: [ app_begin ] --START--
INFO: Run Behavior\ReadHtmlCacheBehavior [ RunTime:0.001000s ]
INFO: [ app_begin ] --END-- [ RunTime:0.001000s ]
SQL: SHOW COLUMNS FROM `blog_admin_nav` [ RunTime:0.0070s ]
SQL: SELECT `id`,`text`,`state`,`iconCls`,`url` FROM `blog_admin_nav` WHERE `nid` = 8  [ RunTime:0.0010s ]

[ 2016-08-24T22:56:46+08:00 ] ::1 /thinkphp2/admin.php/Index/showNav
INFO: [ app_begin ] --START--
INFO: Run Behavior\ReadHtmlCacheBehavior [ RunTime:0.001000s ]
INFO: [ app_begin ] --END-- [ RunTime:0.001000s ]
SQL: SHOW COLUMNS FROM `blog_admin_nav` [ RunTime:0.0040s ]
SQL: SELECT `id`,`text`,`state`,`iconCls`,`url` FROM `blog_admin_nav` WHERE `nid` = 1  [ RunTime:0.0000s ]

[ 2016-08-24T22:56:47+08:00 ] ::1 /thinkphp2/admin.php/Index/showNav
INFO: [ app_begin ] --START--
INFO: Run Behavior\ReadHtmlCacheBehavior [ RunTime:0.000000s ]
INFO: [ app_begin ] --END-- [ RunTime:0.001000s ]
SQL: SHOW COLUMNS FROM `blog_admin_nav` [ RunTime:0.0040s ]
SQL: SELECT `id`,`text`,`state`,`iconCls`,`url` FROM `blog_admin_nav` WHERE `nid` = 5  [ RunTime:0.0010s ]

[ 2016-08-24T22:57:00+08:00 ] ::1 /thinkphp2/admin.php/Article/index?_=1472050601411
INFO: [ app_begin ] --START--
INFO: Run Behavior\ReadHtmlCacheBehavior [ RunTime:0.000000s ]
INFO: [ app_begin ] --END-- [ RunTime:0.000000s ]
INFO: [ view_parse ] --START--
INFO: [ template_filter ] --START--
INFO: Run Behavior\ContentReplaceBehavior [ RunTime:0.000000s ]
INFO: [ template_filter ] --END-- [ RunTime:0.000000s ]
INFO: Run Behavior\ParseTemplateBehavior [ RunTime:0.032001s ]
INFO: [ view_parse ] --END-- [ RunTime:0.032001s ]
INFO: [ view_filter ] --START--
INFO: Run Behavior\WriteHtmlCacheBehavior [ RunTime:0.001000s ]
INFO: [ view_filter ] --END-- [ RunTime:0.001000s ]
INFO: [ app_end ] --START--
INFO: Run Behavior\ShowPageTraceBehavior [ RunTime:0.000000s ]
INFO: [ app_end ] --END-- [ RunTime:0.000000s ]

[ 2016-08-24T22:57:01+08:00 ] ::1 /thinkphp2/admin.php/Article/getarticles
INFO: [ app_begin ] --START--
INFO: Run Behavior\ReadHtmlCacheBehavior [ RunTime:0.000000s ]
INFO: [ app_begin ] --END-- [ RunTime:0.001000s ]
SQL: SHOW COLUMNS FROM `blog_article` [ RunTime:0.2320s ]
SQL: SELECT `a_id`,`a_title`,`a_views`,`a_type`,`a_author`,`create_time` FROM `blog_article` ORDER BY `create_time` DESC LIMIT 0,20   [ RunTime:0.0010s ]
SQL: SELECT COUNT(*) AS tp_count FROM `blog_article` LIMIT 1   [ RunTime:0.0010s ]

[ 2016-08-24T22:57:04+08:00 ] ::1 /thinkphp2/admin.php/Article/getcate
INFO: [ app_begin ] --START--
INFO: Run Behavior\ReadHtmlCacheBehavior [ RunTime:0.004000s ]
INFO: [ app_begin ] --END-- [ RunTime:0.004000s ]
SQL: SHOW COLUMNS FROM `blog_article_cate` [ RunTime:0.0410s ]
SQL: SELECT `cate_id`,`cate_name` FROM `blog_article_cate`  [ RunTime:0.0010s ]

[ 2016-08-24T22:57:05+08:00 ] ::1 /thinkphp2/admin.php/Admin/getAdmins
INFO: [ app_begin ] --START--
INFO: Run Behavior\ReadHtmlCacheBehavior [ RunTime:0.000000s ]
INFO: [ app_begin ] --END-- [ RunTime:0.001000s ]
SQL: SHOW COLUMNS FROM `blog_admin` [ RunTime:0.0940s ]
SQL: SELECT `id`,`name`,`login_time`,`login_ip` FROM `blog_admin`  [ RunTime:0.0000s ]

