[ 2016-10-04T09:41:19+08:00 ] 121.201.3.223 /admin.php
INFO: [ app_init ] --START--
INFO: Run Behavior\BuildLiteBehavior [ RunTime:0.000025s ]
INFO: [ app_init ] --END-- [ RunTime:0.000444s ]
INFO: [ app_begin ] --START--
INFO: Run Behavior\ReadHtmlCacheBehavior [ RunTime:0.000580s ]
INFO: [ app_begin ] --END-- [ RunTime:0.000655s ]

[ 2016-10-04T09:41:19+08:00 ] 121.201.3.223 /admin.php/Login/index.html
INFO: [ app_init ] --START--
INFO: Run Behavior\BuildLiteBehavior [ RunTime:0.000025s ]
INFO: [ app_init ] --END-- [ RunTime:0.000613s ]
INFO: [ app_begin ] --START--
INFO: Run Behavior\ReadHtmlCacheBehavior [ RunTime:0.000459s ]
INFO: [ app_begin ] --END-- [ RunTime:0.000516s ]
INFO: [ view_parse ] --START--
INFO: [ template_filter ] --START--
INFO: Run Behavior\ContentReplaceBehavior [ RunTime:0.000100s ]
INFO: [ template_filter ] --END-- [ RunTime:0.000189s ]
INFO: Run Behavior\ParseTemplateBehavior [ RunTime:0.006656s ]
INFO: [ view_parse ] --END-- [ RunTime:0.006713s ]
INFO: [ view_filter ] --START--
INFO: Run Behavior\WriteHtmlCacheBehavior [ RunTime:0.000205s ]
INFO: [ view_filter ] --END-- [ RunTime:0.000245s ]
INFO: [ app_end ] --START--
INFO: Run Behavior\ShowPageTraceBehavior [ RunTime:0.000466s ]
INFO: [ app_end ] --END-- [ RunTime:0.000511s ]

[ 2016-10-04T09:41:28+08:00 ] 121.201.3.223 /admin.php/Login/Login/login
INFO: [ app_init ] --START--
INFO: Run Behavior\BuildLiteBehavior [ RunTime:0.000036s ]
INFO: [ app_init ] --END-- [ RunTime:0.000759s ]
INFO: [ app_begin ] --START--
INFO: Run Behavior\ReadHtmlCacheBehavior [ RunTime:0.000819s ]
INFO: [ app_begin ] --END-- [ RunTime:0.000920s ]
SQL: SHOW COLUMNS FROM `blog_admin` [ RunTime:0.0015s ]
SQL: SELECT * FROM `blog_admin` WHERE `name` = 'joychi' AND `password` = 'c1d952863be53323f15d7c87a994e627' LIMIT 1   [ RunTime:0.0003s ]
SQL: UPDATE `blog_admin` SET `login_time`='1475545288',`login_ip`='121.201.3.223' WHERE ( id=1 ) [ RunTime:0.0005s ]
NOTIC: [8] A session had already been started - ignoring session_start() /home/jijialexjii1jbiia9lce/wwwroot/ThinkPHP/Common/functions.php 第 1263 行.
INFO: [ app_end ] --START--
INFO: Run Behavior\ShowPageTraceBehavior [ RunTime:0.000939s ]
INFO: [ app_end ] --END-- [ RunTime:0.001017s ]

[ 2016-10-04T09:41:28+08:00 ] 121.201.3.223 /admin.php/Index/index.html
INFO: [ app_init ] --START--
INFO: Run Behavior\BuildLiteBehavior [ RunTime:0.000023s ]
INFO: [ app_init ] --END-- [ RunTime:0.000399s ]
INFO: [ app_begin ] --START--
INFO: Run Behavior\ReadHtmlCacheBehavior [ RunTime:0.000423s ]
INFO: [ app_begin ] --END-- [ RunTime:0.000488s ]
SQL: SHOW COLUMNS FROM `blog_admin` [ RunTime:0.0009s ]
SQL: SELECT `login_time` FROM `blog_admin` WHERE ( name=0 ) LIMIT 1   [ RunTime:0.0004s ]
INFO: [ view_parse ] --START--
INFO: [ template_filter ] --START--
INFO: Run Behavior\ContentReplaceBehavior [ RunTime:0.000091s ]
INFO: [ template_filter ] --END-- [ RunTime:0.000190s ]
INFO: Run Behavior\ParseTemplateBehavior [ RunTime:0.013570s ]
INFO: [ view_parse ] --END-- [ RunTime:0.013645s ]
INFO: [ view_filter ] --START--
INFO: Run Behavior\WriteHtmlCacheBehavior [ RunTime:0.000193s ]
INFO: [ view_filter ] --END-- [ RunTime:0.000233s ]
INFO: [ app_end ] --START--
INFO: Run Behavior\ShowPageTraceBehavior [ RunTime:0.000511s ]
INFO: [ app_end ] --END-- [ RunTime:0.000561s ]

[ 2016-10-04T09:41:28+08:00 ] 121.201.3.223 /admin.php/Index/showNav
INFO: [ app_init ] --START--
INFO: Run Behavior\BuildLiteBehavior [ RunTime:0.000024s ]
INFO: [ app_init ] --END-- [ RunTime:0.000415s ]
INFO: [ app_begin ] --START--
INFO: Run Behavior\ReadHtmlCacheBehavior [ RunTime:0.000441s ]
INFO: [ app_begin ] --END-- [ RunTime:0.000495s ]
SQL: SHOW COLUMNS FROM `blog_admin_nav` [ RunTime:0.0026s ]
SQL: SELECT `id`,`text`,`state`,`iconCls`,`url` FROM `blog_admin_nav` WHERE `nid` = 0  [ RunTime:0.0007s ]

[ 2016-10-04T09:41:29+08:00 ] 121.201.3.223 /admin.php/Index/showNav
INFO: [ app_init ] --START--
INFO: Run Behavior\BuildLiteBehavior [ RunTime:0.000033s ]
INFO: [ app_init ] --END-- [ RunTime:0.000393s ]
INFO: [ app_begin ] --START--
INFO: Run Behavior\ReadHtmlCacheBehavior [ RunTime:0.000397s ]
INFO: [ app_begin ] --END-- [ RunTime:0.000449s ]
SQL: SHOW COLUMNS FROM `blog_admin_nav` [ RunTime:0.0007s ]
SQL: SELECT `id`,`text`,`state`,`iconCls`,`url` FROM `blog_admin_nav` WHERE `nid` = 1  [ RunTime:0.0003s ]

[ 2016-10-04T09:41:29+08:00 ] 121.201.3.223 /admin.php/Index/showNav
INFO: [ app_init ] --START--
INFO: Run Behavior\BuildLiteBehavior [ RunTime:0.000018s ]
INFO: [ app_init ] --END-- [ RunTime:0.000414s ]
INFO: [ app_begin ] --START--
INFO: Run Behavior\ReadHtmlCacheBehavior [ RunTime:0.000449s ]
INFO: [ app_begin ] --END-- [ RunTime:0.000514s ]
SQL: SHOW COLUMNS FROM `blog_admin_nav` [ RunTime:0.0009s ]
SQL: SELECT `id`,`text`,`state`,`iconCls`,`url` FROM `blog_admin_nav` WHERE `nid` = 8  [ RunTime:0.0005s ]

[ 2016-10-04T09:41:29+08:00 ] 121.201.3.223 /admin.php/Index/showNav
INFO: [ app_init ] --START--
INFO: Run Behavior\BuildLiteBehavior [ RunTime:0.000030s ]
INFO: [ app_init ] --END-- [ RunTime:0.000674s ]
INFO: [ app_begin ] --START--
INFO: Run Behavior\ReadHtmlCacheBehavior [ RunTime:0.000748s ]
INFO: [ app_begin ] --END-- [ RunTime:0.000847s ]
SQL: SHOW COLUMNS FROM `blog_admin_nav` [ RunTime:0.0007s ]
SQL: SELECT `id`,`text`,`state`,`iconCls`,`url` FROM `blog_admin_nav` WHERE `nid` = 5  [ RunTime:0.0004s ]

[ 2016-10-04T09:41:30+08:00 ] 121.201.3.223 /admin.php/Members/index?_=1475545645983
INFO: [ app_init ] --START--
INFO: Run Behavior\BuildLiteBehavior [ RunTime:0.000023s ]
INFO: [ app_init ] --END-- [ RunTime:0.000415s ]
INFO: [ app_begin ] --START--
INFO: Run Behavior\ReadHtmlCacheBehavior [ RunTime:0.000443s ]
INFO: [ app_begin ] --END-- [ RunTime:0.000494s ]
INFO: [ view_parse ] --START--
INFO: [ template_filter ] --START--
INFO: Run Behavior\ContentReplaceBehavior [ RunTime:0.000087s ]
INFO: [ template_filter ] --END-- [ RunTime:0.000173s ]
INFO: Run Behavior\ParseTemplateBehavior [ RunTime:0.009202s ]
INFO: [ view_parse ] --END-- [ RunTime:0.009282s ]
INFO: [ view_filter ] --START--
INFO: Run Behavior\WriteHtmlCacheBehavior [ RunTime:0.000195s ]
INFO: [ view_filter ] --END-- [ RunTime:0.000229s ]
INFO: [ app_end ] --START--
INFO: Run Behavior\ShowPageTraceBehavior [ RunTime:0.000543s ]
INFO: [ app_end ] --END-- [ RunTime:0.000589s ]

[ 2016-10-04T09:41:31+08:00 ] 121.201.3.223 /admin.php/Members/getmembers
INFO: [ app_init ] --START--
INFO: Run Behavior\BuildLiteBehavior [ RunTime:0.000027s ]
INFO: [ app_init ] --END-- [ RunTime:0.000595s ]
INFO: [ app_begin ] --START--
INFO: Run Behavior\ReadHtmlCacheBehavior [ RunTime:0.000496s ]
INFO: [ app_begin ] --END-- [ RunTime:0.000553s ]
SQL: SHOW COLUMNS FROM `blog_members` [ RunTime:0.0009s ]
SQL: SELECT `id`,`m_name`,`email`,`qq`,`reg_time`,`login_time`,`login_ip` FROM `blog_members` ORDER BY `reg_time` DESC LIMIT 0,20   [ RunTime:0.0012s ]
SQL: SELECT COUNT(*) AS tp_count FROM `blog_members` LIMIT 1   [ RunTime:0.0002s ]

[ 2016-10-04T19:09:33+08:00 ] 121.201.3.223 /admin.php/Index/index.html
INFO: [ app_init ] --START--
INFO: Run Behavior\BuildLiteBehavior [ RunTime:0.000025s ]
INFO: [ app_init ] --END-- [ RunTime:0.000481s ]
INFO: [ app_begin ] --START--
INFO: Run Behavior\ReadHtmlCacheBehavior [ RunTime:0.000538s ]
INFO: [ app_begin ] --END-- [ RunTime:0.000609s ]

[ 2016-10-04T19:09:33+08:00 ] 121.201.3.223 /admin.php/Login/index.html
INFO: [ app_init ] --START--
INFO: Run Behavior\BuildLiteBehavior [ RunTime:0.000046s ]
INFO: [ app_init ] --END-- [ RunTime:0.000438s ]
INFO: [ app_begin ] --START--
INFO: Run Behavior\ReadHtmlCacheBehavior [ RunTime:0.000458s ]
INFO: [ app_begin ] --END-- [ RunTime:0.000513s ]
INFO: [ view_parse ] --START--
INFO: [ template_filter ] --START--
INFO: Run Behavior\ContentReplaceBehavior [ RunTime:0.000077s ]
INFO: [ template_filter ] --END-- [ RunTime:0.000169s ]
INFO: Run Behavior\ParseTemplateBehavior [ RunTime:0.010018s ]
INFO: [ view_parse ] --END-- [ RunTime:0.010138s ]
INFO: [ view_filter ] --START--
INFO: Run Behavior\WriteHtmlCacheBehavior [ RunTime:0.000325s ]
INFO: [ view_filter ] --END-- [ RunTime:0.000400s ]
INFO: [ app_end ] --START--
INFO: Run Behavior\ShowPageTraceBehavior [ RunTime:0.000759s ]
INFO: [ app_end ] --END-- [ RunTime:0.000829s ]

[ 2016-10-04T19:09:40+08:00 ] 121.201.3.223 /admin.php/Login/Login/login
INFO: [ app_init ] --START--
INFO: Run Behavior\BuildLiteBehavior [ RunTime:0.000022s ]
INFO: [ app_init ] --END-- [ RunTime:0.000411s ]
INFO: [ app_begin ] --START--
INFO: Run Behavior\ReadHtmlCacheBehavior [ RunTime:0.000831s ]
INFO: [ app_begin ] --END-- [ RunTime:0.000883s ]
SQL: SHOW COLUMNS FROM `blog_admin` [ RunTime:0.0008s ]
SQL: SELECT * FROM `blog_admin` WHERE `name` = 'joychi' AND `password` = 'c1d952863be53323f15d7c87a994e627' LIMIT 1   [ RunTime:0.0003s ]
SQL: UPDATE `blog_admin` SET `login_time`='1475579380',`login_ip`='121.201.3.223' WHERE ( id=1 ) [ RunTime:0.0003s ]
NOTIC: [8] A session had already been started - ignoring session_start() /home/jijialexjii1jbiia9lce/wwwroot/ThinkPHP/Common/functions.php 第 1263 行.
INFO: [ app_end ] --START--
INFO: Run Behavior\ShowPageTraceBehavior [ RunTime:0.000601s ]
INFO: [ app_end ] --END-- [ RunTime:0.000654s ]

[ 2016-10-04T19:09:40+08:00 ] 121.201.3.223 /admin.php/Index/index.html
INFO: [ app_init ] --START--
INFO: Run Behavior\BuildLiteBehavior [ RunTime:0.000019s ]
INFO: [ app_init ] --END-- [ RunTime:0.000371s ]
INFO: [ app_begin ] --START--
INFO: Run Behavior\ReadHtmlCacheBehavior [ RunTime:0.000400s ]
INFO: [ app_begin ] --END-- [ RunTime:0.000452s ]
SQL: SHOW COLUMNS FROM `blog_admin` [ RunTime:0.0007s ]
SQL: SELECT `login_time` FROM `blog_admin` WHERE ( name=0 ) LIMIT 1   [ RunTime:0.0003s ]
INFO: [ view_parse ] --START--
INFO: [ template_filter ] --START--
INFO: Run Behavior\ContentReplaceBehavior [ RunTime:0.000065s ]
INFO: [ template_filter ] --END-- [ RunTime:0.000116s ]
INFO: Run Behavior\ParseTemplateBehavior [ RunTime:0.006008s ]
INFO: [ view_parse ] --END-- [ RunTime:0.006063s ]
INFO: [ view_filter ] --START--
INFO: Run Behavior\WriteHtmlCacheBehavior [ RunTime:0.000155s ]
INFO: [ view_filter ] --END-- [ RunTime:0.000193s ]
INFO: [ app_end ] --START--
INFO: Run Behavior\ShowPageTraceBehavior [ RunTime:0.000417s ]
INFO: [ app_end ] --END-- [ RunTime:0.000460s ]

[ 2016-10-04T19:09:40+08:00 ] 121.201.3.223 /admin.php/Index/showNav
INFO: [ app_init ] --START--
INFO: Run Behavior\BuildLiteBehavior [ RunTime:0.000030s ]
INFO: [ app_init ] --END-- [ RunTime:0.000632s ]
INFO: [ app_begin ] --START--
INFO: Run Behavior\ReadHtmlCacheBehavior [ RunTime:0.000681s ]
INFO: [ app_begin ] --END-- [ RunTime:0.000759s ]
SQL: SHOW COLUMNS FROM `blog_admin_nav` [ RunTime:0.0009s ]
SQL: SELECT `id`,`text`,`state`,`iconCls`,`url` FROM `blog_admin_nav` WHERE `nid` = 0  [ RunTime:0.0003s ]

[ 2016-10-04T19:09:41+08:00 ] 121.201.3.223 /admin.php/Index/showNav
INFO: [ app_init ] --START--
INFO: Run Behavior\BuildLiteBehavior [ RunTime:0.000021s ]
INFO: [ app_init ] --END-- [ RunTime:0.000410s ]
INFO: [ app_begin ] --START--
INFO: Run Behavior\ReadHtmlCacheBehavior [ RunTime:0.000436s ]
INFO: [ app_begin ] --END-- [ RunTime:0.000500s ]
SQL: SHOW COLUMNS FROM `blog_admin_nav` [ RunTime:0.0007s ]
SQL: SELECT `id`,`text`,`state`,`iconCls`,`url` FROM `blog_admin_nav` WHERE `nid` = 5  [ RunTime:0.0003s ]

[ 2016-10-04T19:09:41+08:00 ] 121.201.3.223 /admin.php/Index/showNav
INFO: [ app_init ] --START--
INFO: Run Behavior\BuildLiteBehavior [ RunTime:0.000017s ]
INFO: [ app_init ] --END-- [ RunTime:0.000367s ]
INFO: [ app_begin ] --START--
INFO: Run Behavior\ReadHtmlCacheBehavior [ RunTime:0.000424s ]
INFO: [ app_begin ] --END-- [ RunTime:0.000476s ]
SQL: SHOW COLUMNS FROM `blog_admin_nav` [ RunTime:0.0008s ]
SQL: SELECT `id`,`text`,`state`,`iconCls`,`url` FROM `blog_admin_nav` WHERE `nid` = 8  [ RunTime:0.0003s ]

[ 2016-10-04T19:09:41+08:00 ] 121.201.3.223 /admin.php/Index/showNav
INFO: [ app_init ] --START--
INFO: Run Behavior\BuildLiteBehavior [ RunTime:0.000015s ]
INFO: [ app_init ] --END-- [ RunTime:0.000377s ]
INFO: [ app_begin ] --START--
INFO: Run Behavior\ReadHtmlCacheBehavior [ RunTime:0.000390s ]
INFO: [ app_begin ] --END-- [ RunTime:0.000443s ]
SQL: SHOW COLUMNS FROM `blog_admin_nav` [ RunTime:0.0009s ]
SQL: SELECT `id`,`text`,`state`,`iconCls`,`url` FROM `blog_admin_nav` WHERE `nid` = 1  [ RunTime:0.0004s ]

[ 2016-10-04T19:09:42+08:00 ] 121.201.3.223 /admin.php/Members/index?_=1475579737979
INFO: [ app_init ] --START--
INFO: Run Behavior\BuildLiteBehavior [ RunTime:0.000023s ]
INFO: [ app_init ] --END-- [ RunTime:0.000472s ]
INFO: [ app_begin ] --START--
INFO: Run Behavior\ReadHtmlCacheBehavior [ RunTime:0.000438s ]
INFO: [ app_begin ] --END-- [ RunTime:0.000509s ]
INFO: [ view_parse ] --START--
INFO: [ template_filter ] --START--
INFO: Run Behavior\ContentReplaceBehavior [ RunTime:0.000083s ]
INFO: [ template_filter ] --END-- [ RunTime:0.000221s ]
INFO: Run Behavior\ParseTemplateBehavior [ RunTime:0.007852s ]
INFO: [ view_parse ] --END-- [ RunTime:0.007901s ]
INFO: [ view_filter ] --START--
INFO: Run Behavior\WriteHtmlCacheBehavior [ RunTime:0.000193s ]
INFO: [ view_filter ] --END-- [ RunTime:0.000248s ]
INFO: [ app_end ] --START--
INFO: Run Behavior\ShowPageTraceBehavior [ RunTime:0.000662s ]
INFO: [ app_end ] --END-- [ RunTime:0.000719s ]

[ 2016-10-04T19:09:42+08:00 ] 121.201.3.223 /admin.php/Members/getmembers
INFO: [ app_init ] --START--
INFO: Run Behavior\BuildLiteBehavior [ RunTime:0.000034s ]
INFO: [ app_init ] --END-- [ RunTime:0.000566s ]
INFO: [ app_begin ] --START--
INFO: Run Behavior\ReadHtmlCacheBehavior [ RunTime:0.000631s ]
INFO: [ app_begin ] --END-- [ RunTime:0.000705s ]
SQL: SHOW COLUMNS FROM `blog_members` [ RunTime:0.0013s ]
SQL: SELECT `id`,`m_name`,`email`,`qq`,`reg_time`,`login_time`,`login_ip` FROM `blog_members` ORDER BY `reg_time` DESC LIMIT 0,20   [ RunTime:0.0006s ]
SQL: SELECT COUNT(*) AS tp_count FROM `blog_members` LIMIT 1   [ RunTime:0.0002s ]

[ 2016-10-04T19:09:44+08:00 ] 121.201.3.223 /admin.php/Members/getOneMember
INFO: [ app_init ] --START--
INFO: Run Behavior\BuildLiteBehavior [ RunTime:0.000026s ]
INFO: [ app_init ] --END-- [ RunTime:0.000431s ]
INFO: [ app_begin ] --START--
INFO: Run Behavior\ReadHtmlCacheBehavior [ RunTime:0.000433s ]
INFO: [ app_begin ] --END-- [ RunTime:0.000489s ]
SQL: SHOW COLUMNS FROM `blog_members` [ RunTime:0.0008s ]
SQL: SELECT `id`,`m_name`,`password`,`email`,`qq` FROM `blog_members` WHERE `id` = 94 LIMIT 1   [ RunTime:0.0006s ]

[ 2016-10-04T19:09:49+08:00 ] 121.201.3.223 /admin.php/Members/updateMember
INFO: [ app_init ] --START--
INFO: Run Behavior\BuildLiteBehavior [ RunTime:0.000025s ]
INFO: [ app_init ] --END-- [ RunTime:0.000461s ]
INFO: [ app_begin ] --START--
INFO: Run Behavior\ReadHtmlCacheBehavior [ RunTime:0.000461s ]
INFO: [ app_begin ] --END-- [ RunTime:0.000515s ]
SQL: SHOW COLUMNS FROM `blog_members` [ RunTime:0.0009s ]
NOTIC: [8] Undefined index: validate /home/jijialexjii1jbiia9lce/wwwroot/ThinkPHP/Library/Think/Model.class.php 第 1185 行.
NOTIC: [8] Undefined index: auto /home/jijialexjii1jbiia9lce/wwwroot/ThinkPHP/Library/Think/Model.class.php 第 1128 行.
SQL: UPDATE `blog_members` SET `password`='066eca7e6ec134fb5b064223345e830d',`email`='',`qq`='2221394750' WHERE `id` = 94 [ RunTime:0.0003s ]
INFO: [ app_end ] --START--
INFO: Run Behavior\ShowPageTraceBehavior [ RunTime:0.000751s ]
INFO: [ app_end ] --END-- [ RunTime:0.000819s ]

[ 2016-10-04T19:09:49+08:00 ] 121.201.3.223 /admin.php/Members/getmembers
INFO: [ app_init ] --START--
INFO: Run Behavior\BuildLiteBehavior [ RunTime:0.000027s ]
INFO: [ app_init ] --END-- [ RunTime:0.000512s ]
INFO: [ app_begin ] --START--
INFO: Run Behavior\ReadHtmlCacheBehavior [ RunTime:0.000564s ]
INFO: [ app_begin ] --END-- [ RunTime:0.000635s ]
SQL: SHOW COLUMNS FROM `blog_members` [ RunTime:0.0008s ]
SQL: SELECT `id`,`m_name`,`email`,`qq`,`reg_time`,`login_time`,`login_ip` FROM `blog_members` ORDER BY `reg_time` DESC LIMIT 0,20   [ RunTime:0.0002s ]
SQL: SELECT COUNT(*) AS tp_count FROM `blog_members` LIMIT 1   [ RunTime:0.0001s ]

[ 2016-10-04T19:09:51+08:00 ] 121.201.3.223 /admin.php/Members/getOneMember
INFO: [ app_init ] --START--
INFO: Run Behavior\BuildLiteBehavior [ RunTime:0.000024s ]
INFO: [ app_init ] --END-- [ RunTime:0.000405s ]
INFO: [ app_begin ] --START--
INFO: Run Behavior\ReadHtmlCacheBehavior [ RunTime:0.000414s ]
INFO: [ app_begin ] --END-- [ RunTime:0.000469s ]
SQL: SHOW COLUMNS FROM `blog_members` [ RunTime:0.0006s ]
SQL: SELECT `id`,`m_name`,`password`,`email`,`qq` FROM `blog_members` WHERE `id` = 93 LIMIT 1   [ RunTime:0.0003s ]

[ 2016-10-04T19:09:55+08:00 ] 121.201.3.223 /admin.php/Members/updateMember
INFO: [ app_init ] --START--
INFO: Run Behavior\BuildLiteBehavior [ RunTime:0.000024s ]
INFO: [ app_init ] --END-- [ RunTime:0.000447s ]
INFO: [ app_begin ] --START--
INFO: Run Behavior\ReadHtmlCacheBehavior [ RunTime:0.000469s ]
INFO: [ app_begin ] --END-- [ RunTime:0.000525s ]
SQL: SHOW COLUMNS FROM `blog_members` [ RunTime:0.0010s ]
NOTIC: [8] Undefined index: validate /home/jijialexjii1jbiia9lce/wwwroot/ThinkPHP/Library/Think/Model.class.php 第 1185 行.
NOTIC: [8] Undefined index: auto /home/jijialexjii1jbiia9lce/wwwroot/ThinkPHP/Library/Think/Model.class.php 第 1128 行.
SQL: UPDATE `blog_members` SET `password`='066eca7e6ec134fb5b064223345e830d',`email`='88899977@qq.com',`qq`='88899977' WHERE `id` = 93 [ RunTime:0.0003s ]
INFO: [ app_end ] --START--
INFO: Run Behavior\ShowPageTraceBehavior [ RunTime:0.000880s ]
INFO: [ app_end ] --END-- [ RunTime:0.000957s ]

[ 2016-10-04T19:09:55+08:00 ] 121.201.3.223 /admin.php/Members/getmembers
INFO: [ app_init ] --START--
INFO: Run Behavior\BuildLiteBehavior [ RunTime:0.000034s ]
INFO: [ app_init ] --END-- [ RunTime:0.000658s ]
INFO: [ app_begin ] --START--
INFO: Run Behavior\ReadHtmlCacheBehavior [ RunTime:0.000730s ]
INFO: [ app_begin ] --END-- [ RunTime:0.000813s ]
SQL: SHOW COLUMNS FROM `blog_members` [ RunTime:0.0007s ]
SQL: SELECT `id`,`m_name`,`email`,`qq`,`reg_time`,`login_time`,`login_ip` FROM `blog_members` ORDER BY `reg_time` DESC LIMIT 0,20   [ RunTime:0.0002s ]
SQL: SELECT COUNT(*) AS tp_count FROM `blog_members` LIMIT 1   [ RunTime:0.0001s ]

[ 2016-10-04T19:10:05+08:00 ] 121.201.3.223 /admin.php/Members/getOneMember
INFO: [ app_init ] --START--
INFO: Run Behavior\BuildLiteBehavior [ RunTime:0.000025s ]
INFO: [ app_init ] --END-- [ RunTime:0.000413s ]
INFO: [ app_begin ] --START--
INFO: Run Behavior\ReadHtmlCacheBehavior [ RunTime:0.000442s ]
INFO: [ app_begin ] --END-- [ RunTime:0.000496s ]
SQL: SHOW COLUMNS FROM `blog_members` [ RunTime:0.0012s ]
SQL: SELECT `id`,`m_name`,`password`,`email`,`qq` FROM `blog_members` WHERE `id` = 64 LIMIT 1   [ RunTime:0.0004s ]

[ 2016-10-04T19:10:10+08:00 ] 121.201.3.223 /admin.php/Members/updateMember
INFO: [ app_init ] --START--
INFO: Run Behavior\BuildLiteBehavior [ RunTime:0.000023s ]
INFO: [ app_init ] --END-- [ RunTime:0.000426s ]
INFO: [ app_begin ] --START--
INFO: Run Behavior\ReadHtmlCacheBehavior [ RunTime:0.000436s ]
INFO: [ app_begin ] --END-- [ RunTime:0.000490s ]
SQL: SHOW COLUMNS FROM `blog_members` [ RunTime:0.0010s ]
NOTIC: [8] Undefined index: validate /home/jijialexjii1jbiia9lce/wwwroot/ThinkPHP/Library/Think/Model.class.php 第 1185 行.
NOTIC: [8] Undefined index: auto /home/jijialexjii1jbiia9lce/wwwroot/ThinkPHP/Library/Think/Model.class.php 第 1128 行.
SQL: UPDATE `blog_members` SET `password`='066eca7e6ec134fb5b064223345e830d',`email`='',`qq`='757256172' WHERE `id` = 64 [ RunTime:0.0004s ]
INFO: [ app_end ] --START--
INFO: Run Behavior\ShowPageTraceBehavior [ RunTime:0.000537s ]
INFO: [ app_end ] --END-- [ RunTime:0.000588s ]

[ 2016-10-04T19:10:10+08:00 ] 121.201.3.223 /admin.php/Members/getmembers
INFO: [ app_init ] --START--
INFO: Run Behavior\BuildLiteBehavior [ RunTime:0.000021s ]
INFO: [ app_init ] --END-- [ RunTime:0.000365s ]
INFO: [ app_begin ] --START--
INFO: Run Behavior\ReadHtmlCacheBehavior [ RunTime:0.000382s ]
INFO: [ app_begin ] --END-- [ RunTime:0.000434s ]
SQL: SHOW COLUMNS FROM `blog_members` [ RunTime:0.0010s ]
SQL: SELECT `id`,`m_name`,`email`,`qq`,`reg_time`,`login_time`,`login_ip` FROM `blog_members` ORDER BY `reg_time` DESC LIMIT 0,20   [ RunTime:0.0006s ]
SQL: SELECT COUNT(*) AS tp_count FROM `blog_members` LIMIT 1   [ RunTime:0.0003s ]

[ 2016-10-04T19:10:12+08:00 ] 121.201.3.223 /admin.php/Members/getOneMember
INFO: [ app_init ] --START--
INFO: Run Behavior\BuildLiteBehavior [ RunTime:0.000025s ]
INFO: [ app_init ] --END-- [ RunTime:0.000439s ]
INFO: [ app_begin ] --START--
INFO: Run Behavior\ReadHtmlCacheBehavior [ RunTime:0.000702s ]
INFO: [ app_begin ] --END-- [ RunTime:0.000795s ]
SQL: SHOW COLUMNS FROM `blog_members` [ RunTime:0.0010s ]
SQL: SELECT `id`,`m_name`,`password`,`email`,`qq` FROM `blog_members` WHERE `id` = 93 LIMIT 1   [ RunTime:0.0003s ]

[ 2016-10-04T19:10:16+08:00 ] 121.201.3.223 /admin.php/Members/updateMember
INFO: [ app_init ] --START--
INFO: Run Behavior\BuildLiteBehavior [ RunTime:0.000023s ]
INFO: [ app_init ] --END-- [ RunTime:0.000435s ]
INFO: [ app_begin ] --START--
INFO: Run Behavior\ReadHtmlCacheBehavior [ RunTime:0.000636s ]
INFO: [ app_begin ] --END-- [ RunTime:0.000703s ]
SQL: SHOW COLUMNS FROM `blog_members` [ RunTime:0.0011s ]
NOTIC: [8] Undefined index: validate /home/jijialexjii1jbiia9lce/wwwroot/ThinkPHP/Library/Think/Model.class.php 第 1185 行.
NOTIC: [8] Undefined index: auto /home/jijialexjii1jbiia9lce/wwwroot/ThinkPHP/Library/Think/Model.class.php 第 1128 行.
SQL: UPDATE `blog_members` SET `password`='066eca7e6ec134fb5b064223345e830d',`email`='88899977@qq.com',`qq`='88899977' WHERE `id` = 93 [ RunTime:0.0003s ]
INFO: [ app_end ] --START--
INFO: Run Behavior\ShowPageTraceBehavior [ RunTime:0.000776s ]
INFO: [ app_end ] --END-- [ RunTime:0.000851s ]

[ 2016-10-04T19:10:16+08:00 ] 121.201.3.223 /admin.php/Members/getmembers
INFO: [ app_init ] --START--
INFO: Run Behavior\BuildLiteBehavior [ RunTime:0.000034s ]
INFO: [ app_init ] --END-- [ RunTime:0.000601s ]
INFO: [ app_begin ] --START--
INFO: Run Behavior\ReadHtmlCacheBehavior [ RunTime:0.000703s ]
INFO: [ app_begin ] --END-- [ RunTime:0.000785s ]
SQL: SHOW COLUMNS FROM `blog_members` [ RunTime:0.0010s ]
SQL: SELECT `id`,`m_name`,`email`,`qq`,`reg_time`,`login_time`,`login_ip` FROM `blog_members` ORDER BY `reg_time` DESC LIMIT 0,20   [ RunTime:0.0003s ]
SQL: SELECT COUNT(*) AS tp_count FROM `blog_members` LIMIT 1   [ RunTime:0.0001s ]

[ 2016-10-04T19:10:20+08:00 ] 121.201.3.223 /admin.php/Members/getOneMember
INFO: [ app_init ] --START--
INFO: Run Behavior\BuildLiteBehavior [ RunTime:0.000028s ]
INFO: [ app_init ] --END-- [ RunTime:0.000568s ]
INFO: [ app_begin ] --START--
INFO: Run Behavior\ReadHtmlCacheBehavior [ RunTime:0.000854s ]
INFO: [ app_begin ] --END-- [ RunTime:0.000936s ]
SQL: SHOW COLUMNS FROM `blog_members` [ RunTime:0.0009s ]
SQL: SELECT `id`,`m_name`,`password`,`email`,`qq` FROM `blog_members` WHERE `id` = 91 LIMIT 1   [ RunTime:0.0003s ]

[ 2016-10-04T19:10:25+08:00 ] 121.201.3.223 /admin.php/Members/updateMember
INFO: [ app_init ] --START--
INFO: Run Behavior\BuildLiteBehavior [ RunTime:0.000034s ]
INFO: [ app_init ] --END-- [ RunTime:0.000500s ]
INFO: [ app_begin ] --START--
INFO: Run Behavior\ReadHtmlCacheBehavior [ RunTime:0.000456s ]
INFO: [ app_begin ] --END-- [ RunTime:0.000510s ]
SQL: SHOW COLUMNS FROM `blog_members` [ RunTime:0.0009s ]
NOTIC: [8] Undefined index: validate /home/jijialexjii1jbiia9lce/wwwroot/ThinkPHP/Library/Think/Model.class.php 第 1185 行.
NOTIC: [8] Undefined index: auto /home/jijialexjii1jbiia9lce/wwwroot/ThinkPHP/Library/Think/Model.class.php 第 1128 行.
SQL: UPDATE `blog_members` SET `password`='066eca7e6ec134fb5b064223345e830d',`email`='',`qq`='657806496' WHERE `id` = 91 [ RunTime:0.0004s ]
INFO: [ app_end ] --START--
INFO: Run Behavior\ShowPageTraceBehavior [ RunTime:0.000894s ]
INFO: [ app_end ] --END-- [ RunTime:0.000972s ]

[ 2016-10-04T19:10:25+08:00 ] 121.201.3.223 /admin.php/Members/getmembers
INFO: [ app_init ] --START--
INFO: Run Behavior\BuildLiteBehavior [ RunTime:0.000022s ]
INFO: [ app_init ] --END-- [ RunTime:0.000408s ]
INFO: [ app_begin ] --START--
INFO: Run Behavior\ReadHtmlCacheBehavior [ RunTime:0.000453s ]
INFO: [ app_begin ] --END-- [ RunTime:0.000510s ]
SQL: SHOW COLUMNS FROM `blog_members` [ RunTime:0.0010s ]
SQL: SELECT `id`,`m_name`,`email`,`qq`,`reg_time`,`login_time`,`login_ip` FROM `blog_members` ORDER BY `reg_time` DESC LIMIT 0,20   [ RunTime:0.0007s ]
SQL: SELECT COUNT(*) AS tp_count FROM `blog_members` LIMIT 1   [ RunTime:0.0004s ]

[ 2016-10-04T19:11:53+08:00 ] 121.201.3.223 /admin.php/Members/getOneMember
INFO: [ app_init ] --START--
INFO: Run Behavior\BuildLiteBehavior [ RunTime:0.000027s ]
INFO: [ app_init ] --END-- [ RunTime:0.000458s ]
INFO: [ app_begin ] --START--
INFO: Run Behavior\ReadHtmlCacheBehavior [ RunTime:0.000472s ]
INFO: [ app_begin ] --END-- [ RunTime:0.000535s ]
SQL: SHOW COLUMNS FROM `blog_members` [ RunTime:0.0007s ]
SQL: SELECT `id`,`m_name`,`password`,`email`,`qq` FROM `blog_members` WHERE `id` = 92 LIMIT 1   [ RunTime:0.0003s ]

[ 2016-10-04T19:11:57+08:00 ] 121.201.3.223 /admin.php/Members/updateMember
INFO: [ app_init ] --START--
INFO: Run Behavior\BuildLiteBehavior [ RunTime:0.000032s ]
INFO: [ app_init ] --END-- [ RunTime:0.000438s ]
INFO: [ app_begin ] --START--
INFO: Run Behavior\ReadHtmlCacheBehavior [ RunTime:0.000444s ]
INFO: [ app_begin ] --END-- [ RunTime:0.000500s ]
SQL: SHOW COLUMNS FROM `blog_members` [ RunTime:0.0008s ]
NOTIC: [8] Undefined index: validate /home/jijialexjii1jbiia9lce/wwwroot/ThinkPHP/Library/Think/Model.class.php 第 1185 行.
NOTIC: [8] Undefined index: auto /home/jijialexjii1jbiia9lce/wwwroot/ThinkPHP/Library/Think/Model.class.php 第 1128 行.
SQL: UPDATE `blog_members` SET `password`='066eca7e6ec134fb5b064223345e830d',`email`='',`qq`='757256172' WHERE `id` = 92 [ RunTime:0.0005s ]
INFO: [ app_end ] --START--
INFO: Run Behavior\ShowPageTraceBehavior [ RunTime:0.000560s ]
INFO: [ app_end ] --END-- [ RunTime:0.000610s ]

[ 2016-10-04T19:11:57+08:00 ] 121.201.3.223 /admin.php/Members/getmembers
INFO: [ app_init ] --START--
INFO: Run Behavior\BuildLiteBehavior [ RunTime:0.000021s ]
INFO: [ app_init ] --END-- [ RunTime:0.000417s ]
INFO: [ app_begin ] --START--
INFO: Run Behavior\ReadHtmlCacheBehavior [ RunTime:0.000442s ]
INFO: [ app_begin ] --END-- [ RunTime:0.000497s ]
SQL: SHOW COLUMNS FROM `blog_members` [ RunTime:0.0009s ]
SQL: SELECT `id`,`m_name`,`email`,`qq`,`reg_time`,`login_time`,`login_ip` FROM `blog_members` ORDER BY `reg_time` DESC LIMIT 0,20   [ RunTime:0.0006s ]
SQL: SELECT COUNT(*) AS tp_count FROM `blog_members` LIMIT 1   [ RunTime:0.0002s ]

[ 2016-10-04T19:12:40+08:00 ] 121.201.3.223 /admin.php/Index/index.html
INFO: [ app_init ] --START--
INFO: Run Behavior\BuildLiteBehavior [ RunTime:0.000025s ]
INFO: [ app_init ] --END-- [ RunTime:0.000438s ]
INFO: [ app_begin ] --START--
INFO: Run Behavior\ReadHtmlCacheBehavior [ RunTime:0.000853s ]
INFO: [ app_begin ] --END-- [ RunTime:0.000940s ]
SQL: SHOW COLUMNS FROM `blog_admin` [ RunTime:0.0013s ]
SQL: SELECT `login_time` FROM `blog_admin` WHERE ( name=0 ) LIMIT 1   [ RunTime:0.0006s ]
INFO: [ view_parse ] --START--
INFO: [ template_filter ] --START--
INFO: Run Behavior\ContentReplaceBehavior [ RunTime:0.000086s ]
INFO: [ template_filter ] --END-- [ RunTime:0.000150s ]
INFO: Run Behavior\ParseTemplateBehavior [ RunTime:0.006697s ]
INFO: [ view_parse ] --END-- [ RunTime:0.006759s ]
INFO: [ view_filter ] --START--
INFO: Run Behavior\WriteHtmlCacheBehavior [ RunTime:0.000189s ]
INFO: [ view_filter ] --END-- [ RunTime:0.000233s ]
INFO: [ app_end ] --START--
INFO: Run Behavior\ShowPageTraceBehavior [ RunTime:0.000518s ]
INFO: [ app_end ] --END-- [ RunTime:0.000568s ]

[ 2016-10-04T19:12:41+08:00 ] 121.201.3.223 /admin.php/Index/showNav
INFO: [ app_init ] --START--
INFO: Run Behavior\BuildLiteBehavior [ RunTime:0.000037s ]
INFO: [ app_init ] --END-- [ RunTime:0.000659s ]
INFO: [ app_begin ] --START--
INFO: Run Behavior\ReadHtmlCacheBehavior [ RunTime:0.000716s ]
INFO: [ app_begin ] --END-- [ RunTime:0.000803s ]
SQL: SHOW COLUMNS FROM `blog_admin_nav` [ RunTime:0.0010s ]
SQL: SELECT `id`,`text`,`state`,`iconCls`,`url` FROM `blog_admin_nav` WHERE `nid` = 0  [ RunTime:0.0003s ]

[ 2016-10-04T19:12:41+08:00 ] 121.201.3.223 /admin.php/Index/showNav
INFO: [ app_init ] --START--
INFO: Run Behavior\BuildLiteBehavior [ RunTime:0.000024s ]
INFO: [ app_init ] --END-- [ RunTime:0.000438s ]
INFO: [ app_begin ] --START--
INFO: Run Behavior\ReadHtmlCacheBehavior [ RunTime:0.000447s ]
INFO: [ app_begin ] --END-- [ RunTime:0.000504s ]
SQL: SHOW COLUMNS FROM `blog_admin_nav` [ RunTime:0.0011s ]
SQL: SELECT `id`,`text`,`state`,`iconCls`,`url` FROM `blog_admin_nav` WHERE `nid` = 8  [ RunTime:0.0003s ]

[ 2016-10-04T19:12:41+08:00 ] 121.201.3.223 /admin.php/Index/showNav
INFO: [ app_init ] --START--
INFO: Run Behavior\BuildLiteBehavior [ RunTime:0.000023s ]
INFO: [ app_init ] --END-- [ RunTime:0.000453s ]
INFO: [ app_begin ] --START--
INFO: Run Behavior\ReadHtmlCacheBehavior [ RunTime:0.000516s ]
INFO: [ app_begin ] --END-- [ RunTime:0.000574s ]
SQL: SHOW COLUMNS FROM `blog_admin_nav` [ RunTime:0.0009s ]
SQL: SELECT `id`,`text`,`state`,`iconCls`,`url` FROM `blog_admin_nav` WHERE `nid` = 1  [ RunTime:0.0005s ]

[ 2016-10-04T19:12:41+08:00 ] 121.201.3.223 /admin.php/Index/showNav
INFO: [ app_init ] --START--
INFO: Run Behavior\BuildLiteBehavior [ RunTime:0.000035s ]
INFO: [ app_init ] --END-- [ RunTime:0.000780s ]
INFO: [ app_begin ] --START--
INFO: Run Behavior\ReadHtmlCacheBehavior [ RunTime:0.000639s ]
INFO: [ app_begin ] --END-- [ RunTime:0.000750s ]
SQL: SHOW COLUMNS FROM `blog_admin_nav` [ RunTime:0.0008s ]
SQL: SELECT `id`,`text`,`state`,`iconCls`,`url` FROM `blog_admin_nav` WHERE `nid` = 5  [ RunTime:0.0004s ]

[ 2016-10-04T19:12:44+08:00 ] 121.201.3.223 /admin.php/Members/index?_=1475579918131
INFO: [ app_init ] --START--
INFO: Run Behavior\BuildLiteBehavior [ RunTime:0.000035s ]
INFO: [ app_init ] --END-- [ RunTime:0.000608s ]
INFO: [ app_begin ] --START--
INFO: Run Behavior\ReadHtmlCacheBehavior [ RunTime:0.000622s ]
INFO: [ app_begin ] --END-- [ RunTime:0.000705s ]
INFO: [ view_parse ] --START--
INFO: [ template_filter ] --START--
INFO: Run Behavior\ContentReplaceBehavior [ RunTime:0.000128s ]
INFO: [ template_filter ] --END-- [ RunTime:0.000258s ]
INFO: Run Behavior\ParseTemplateBehavior [ RunTime:0.008643s ]
INFO: [ view_parse ] --END-- [ RunTime:0.008711s ]
INFO: [ view_filter ] --START--
INFO: Run Behavior\WriteHtmlCacheBehavior [ RunTime:0.000227s ]
INFO: [ view_filter ] --END-- [ RunTime:0.000283s ]
INFO: [ app_end ] --START--
INFO: Run Behavior\ShowPageTraceBehavior [ RunTime:0.000671s ]
INFO: [ app_end ] --END-- [ RunTime:0.000735s ]

[ 2016-10-04T19:12:45+08:00 ] 121.201.3.223 /admin.php/Members/getmembers
INFO: [ app_init ] --START--
INFO: Run Behavior\BuildLiteBehavior [ RunTime:0.000030s ]
INFO: [ app_init ] --END-- [ RunTime:0.000564s ]
INFO: [ app_begin ] --START--
INFO: Run Behavior\ReadHtmlCacheBehavior [ RunTime:0.000590s ]
INFO: [ app_begin ] --END-- [ RunTime:0.000669s ]
SQL: SHOW COLUMNS FROM `blog_members` [ RunTime:0.0015s ]
SQL: SELECT `id`,`m_name`,`email`,`qq`,`reg_time`,`login_time`,`login_ip` FROM `blog_members` ORDER BY `reg_time` DESC LIMIT 0,20   [ RunTime:0.0006s ]
SQL: SELECT COUNT(*) AS tp_count FROM `blog_members` LIMIT 1   [ RunTime:0.0002s ]

[ 2016-10-04T19:12:48+08:00 ] 121.201.3.223 /admin.php/Members/getOneMember
INFO: [ app_init ] --START--
INFO: Run Behavior\BuildLiteBehavior [ RunTime:0.000033s ]
INFO: [ app_init ] --END-- [ RunTime:0.000662s ]
INFO: [ app_begin ] --START--
INFO: Run Behavior\ReadHtmlCacheBehavior [ RunTime:0.000677s ]
INFO: [ app_begin ] --END-- [ RunTime:0.000779s ]
SQL: SHOW COLUMNS FROM `blog_members` [ RunTime:0.0012s ]
SQL: SELECT `id`,`m_name`,`password`,`email`,`qq` FROM `blog_members` WHERE `id` = 86 LIMIT 1   [ RunTime:0.0004s ]

[ 2016-10-04T19:12:53+08:00 ] 121.201.3.223 /admin.php/Members/updateMember
INFO: [ app_init ] --START--
INFO: Run Behavior\BuildLiteBehavior [ RunTime:0.000040s ]
INFO: [ app_init ] --END-- [ RunTime:0.000875s ]
INFO: [ app_begin ] --START--
INFO: Run Behavior\ReadHtmlCacheBehavior [ RunTime:0.000630s ]
INFO: [ app_begin ] --END-- [ RunTime:0.000718s ]
SQL: SHOW COLUMNS FROM `blog_members` [ RunTime:0.0010s ]
NOTIC: [8] Undefined index: validate /home/jijialexjii1jbiia9lce/wwwroot/ThinkPHP/Library/Think/Model.class.php 第 1185 行.
NOTIC: [8] Undefined index: auto /home/jijialexjii1jbiia9lce/wwwroot/ThinkPHP/Library/Think/Model.class.php 第 1128 行.
SQL: UPDATE `blog_members` SET `password`='066eca7e6ec134fb5b064223345e830d',`email`='',`qq`='757256172' WHERE `id` = 86 [ RunTime:0.0006s ]
INFO: [ app_end ] --START--
INFO: Run Behavior\ShowPageTraceBehavior [ RunTime:0.000742s ]
INFO: [ app_end ] --END-- [ RunTime:0.000811s ]

[ 2016-10-04T19:12:54+08:00 ] 121.201.3.223 /admin.php/Members/getmembers
INFO: [ app_init ] --START--
INFO: Run Behavior\BuildLiteBehavior [ RunTime:0.000034s ]
INFO: [ app_init ] --END-- [ RunTime:0.000731s ]
INFO: [ app_begin ] --START--
INFO: Run Behavior\ReadHtmlCacheBehavior [ RunTime:0.000742s ]
INFO: [ app_begin ] --END-- [ RunTime:0.000851s ]
SQL: SHOW COLUMNS FROM `blog_members` [ RunTime:0.0007s ]
SQL: SELECT `id`,`m_name`,`email`,`qq`,`reg_time`,`login_time`,`login_ip` FROM `blog_members` ORDER BY `reg_time` DESC LIMIT 0,20   [ RunTime:0.0004s ]
SQL: SELECT COUNT(*) AS tp_count FROM `blog_members` LIMIT 1   [ RunTime:0.0004s ]

[ 2016-10-04T19:14:25+08:00 ] 121.201.3.223 /admin.php/Members/getOneMember
INFO: [ app_init ] --START--
INFO: Run Behavior\BuildLiteBehavior [ RunTime:0.000020s ]
INFO: [ app_init ] --END-- [ RunTime:0.000403s ]
INFO: [ app_begin ] --START--
INFO: Run Behavior\ReadHtmlCacheBehavior [ RunTime:0.000405s ]
INFO: [ app_begin ] --END-- [ RunTime:0.000477s ]
SQL: SHOW COLUMNS FROM `blog_members` [ RunTime:0.0008s ]
SQL: SELECT `id`,`m_name`,`password`,`email`,`qq` FROM `blog_members` WHERE `id` = 62 LIMIT 1   [ RunTime:0.0003s ]

[ 2016-10-04T19:14:29+08:00 ] 121.201.3.223 /admin.php/Members/updateMember
INFO: [ app_init ] --START--
INFO: Run Behavior\BuildLiteBehavior [ RunTime:0.000025s ]
INFO: [ app_init ] --END-- [ RunTime:0.000445s ]
INFO: [ app_begin ] --START--
INFO: Run Behavior\ReadHtmlCacheBehavior [ RunTime:0.000452s ]
INFO: [ app_begin ] --END-- [ RunTime:0.000506s ]
SQL: SHOW COLUMNS FROM `blog_members` [ RunTime:0.0011s ]
NOTIC: [8] Undefined index: validate /home/jijialexjii1jbiia9lce/wwwroot/ThinkPHP/Library/Think/Model.class.php 第 1185 行.
NOTIC: [8] Undefined index: auto /home/jijialexjii1jbiia9lce/wwwroot/ThinkPHP/Library/Think/Model.class.php 第 1128 行.
SQL: UPDATE `blog_members` SET `password`='066eca7e6ec134fb5b064223345e830d',`email`='',`qq`='' WHERE `id` = 62 [ RunTime:0.0004s ]
INFO: [ app_end ] --START--
INFO: Run Behavior\ShowPageTraceBehavior [ RunTime:0.000861s ]
INFO: [ app_end ] --END-- [ RunTime:0.000973s ]

[ 2016-10-04T19:14:29+08:00 ] 121.201.3.223 /admin.php/Members/getmembers
INFO: [ app_init ] --START--
INFO: Run Behavior\BuildLiteBehavior [ RunTime:0.000036s ]
INFO: [ app_init ] --END-- [ RunTime:0.000569s ]
INFO: [ app_begin ] --START--
INFO: Run Behavior\ReadHtmlCacheBehavior [ RunTime:0.000548s ]
INFO: [ app_begin ] --END-- [ RunTime:0.000620s ]
SQL: SHOW COLUMNS FROM `blog_members` [ RunTime:0.0007s ]
SQL: SELECT `id`,`m_name`,`email`,`qq`,`reg_time`,`login_time`,`login_ip` FROM `blog_members` ORDER BY `reg_time` DESC LIMIT 0,20   [ RunTime:0.0004s ]
SQL: SELECT COUNT(*) AS tp_count FROM `blog_members` LIMIT 1   [ RunTime:0.0002s ]

[ 2016-10-04T19:28:48+08:00 ] 121.201.3.223 /admin.php/Index/index.html
INFO: [ app_init ] --START--
INFO: Run Behavior\BuildLiteBehavior [ RunTime:0.000024s ]
INFO: [ app_init ] --END-- [ RunTime:0.000486s ]
INFO: [ app_begin ] --START--
INFO: Run Behavior\ReadHtmlCacheBehavior [ RunTime:0.000578s ]
INFO: [ app_begin ] --END-- [ RunTime:0.000652s ]
SQL: SHOW COLUMNS FROM `blog_admin` [ RunTime:0.0011s ]
SQL: SELECT `login_time` FROM `blog_admin` WHERE ( name=0 ) LIMIT 1   [ RunTime:0.0003s ]
INFO: [ view_parse ] --START--
INFO: [ template_filter ] --START--
INFO: Run Behavior\ContentReplaceBehavior [ RunTime:0.000117s ]
INFO: [ template_filter ] --END-- [ RunTime:0.000245s ]
INFO: Run Behavior\ParseTemplateBehavior [ RunTime:0.009403s ]
INFO: [ view_parse ] --END-- [ RunTime:0.009489s ]
INFO: [ view_filter ] --START--
INFO: Run Behavior\WriteHtmlCacheBehavior [ RunTime:0.000246s ]
INFO: [ view_filter ] --END-- [ RunTime:0.000312s ]
INFO: [ app_end ] --START--
INFO: Run Behavior\ShowPageTraceBehavior [ RunTime:0.000769s ]
INFO: [ app_end ] --END-- [ RunTime:0.000847s ]

[ 2016-10-04T19:28:48+08:00 ] 121.201.3.223 /admin.php/Index/showNav
INFO: [ app_init ] --START--
INFO: Run Behavior\BuildLiteBehavior [ RunTime:0.000020s ]
INFO: [ app_init ] --END-- [ RunTime:0.000401s ]
INFO: [ app_begin ] --START--
INFO: Run Behavior\ReadHtmlCacheBehavior [ RunTime:0.000416s ]
INFO: [ app_begin ] --END-- [ RunTime:0.000469s ]
SQL: SHOW COLUMNS FROM `blog_admin_nav` [ RunTime:0.0009s ]
SQL: SELECT `id`,`text`,`state`,`iconCls`,`url` FROM `blog_admin_nav` WHERE `nid` = 0  [ RunTime:0.0003s ]

[ 2016-10-04T19:28:49+08:00 ] 121.201.3.223 /admin.php/Index/showNav
INFO: [ app_init ] --START--
INFO: Run Behavior\BuildLiteBehavior [ RunTime:0.000029s ]
INFO: [ app_init ] --END-- [ RunTime:0.000573s ]
INFO: [ app_begin ] --START--
INFO: Run Behavior\ReadHtmlCacheBehavior [ RunTime:0.000654s ]
INFO: [ app_begin ] --END-- [ RunTime:0.000736s ]
SQL: SHOW COLUMNS FROM `blog_admin_nav` [ RunTime:0.0007s ]
SQL: SELECT `id`,`text`,`state`,`iconCls`,`url` FROM `blog_admin_nav` WHERE `nid` = 8  [ RunTime:0.0003s ]

[ 2016-10-04T19:28:49+08:00 ] 121.201.3.223 /admin.php/Index/showNav
INFO: [ app_init ] --START--
INFO: Run Behavior\BuildLiteBehavior [ RunTime:0.000031s ]
INFO: [ app_init ] --END-- [ RunTime:0.000607s ]
INFO: [ app_begin ] --START--
INFO: Run Behavior\ReadHtmlCacheBehavior [ RunTime:0.000676s ]
INFO: [ app_begin ] --END-- [ RunTime:0.000757s ]
SQL: SHOW COLUMNS FROM `blog_admin_nav` [ RunTime:0.0008s ]
SQL: SELECT `id`,`text`,`state`,`iconCls`,`url` FROM `blog_admin_nav` WHERE `nid` = 1  [ RunTime:0.0004s ]

[ 2016-10-04T19:28:49+08:00 ] 121.201.3.223 /admin.php/Index/showNav
INFO: [ app_init ] --START--
INFO: Run Behavior\BuildLiteBehavior [ RunTime:0.000025s ]
INFO: [ app_init ] --END-- [ RunTime:0.000592s ]
INFO: [ app_begin ] --START--
INFO: Run Behavior\ReadHtmlCacheBehavior [ RunTime:0.000651s ]
INFO: [ app_begin ] --END-- [ RunTime:0.000728s ]
SQL: SHOW COLUMNS FROM `blog_admin_nav` [ RunTime:0.0009s ]
SQL: SELECT `id`,`text`,`state`,`iconCls`,`url` FROM `blog_admin_nav` WHERE `nid` = 5  [ RunTime:0.0003s ]

[ 2016-10-04T19:28:52+08:00 ] 121.201.3.223 /admin.php/Members/index?_=1475580885819
INFO: [ app_init ] --START--
INFO: Run Behavior\BuildLiteBehavior [ RunTime:0.000024s ]
INFO: [ app_init ] --END-- [ RunTime:0.000451s ]
INFO: [ app_begin ] --START--
INFO: Run Behavior\ReadHtmlCacheBehavior [ RunTime:0.000611s ]
INFO: [ app_begin ] --END-- [ RunTime:0.000678s ]
INFO: [ view_parse ] --START--
INFO: [ template_filter ] --START--
INFO: Run Behavior\ContentReplaceBehavior [ RunTime:0.000092s ]
INFO: [ template_filter ] --END-- [ RunTime:0.000187s ]
INFO: Run Behavior\ParseTemplateBehavior [ RunTime:0.008705s ]
INFO: [ view_parse ] --END-- [ RunTime:0.008768s ]
INFO: [ view_filter ] --START--
INFO: Run Behavior\WriteHtmlCacheBehavior [ RunTime:0.000205s ]
INFO: [ view_filter ] --END-- [ RunTime:0.000258s ]
INFO: [ app_end ] --START--
INFO: Run Behavior\ShowPageTraceBehavior [ RunTime:0.000524s ]
INFO: [ app_end ] --END-- [ RunTime:0.000581s ]

[ 2016-10-04T19:28:53+08:00 ] 121.201.3.223 /admin.php/Members/getmembers
INFO: [ app_init ] --START--
INFO: Run Behavior\BuildLiteBehavior [ RunTime:0.000021s ]
INFO: [ app_init ] --END-- [ RunTime:0.000391s ]
INFO: [ app_begin ] --START--
INFO: Run Behavior\ReadHtmlCacheBehavior [ RunTime:0.000409s ]
INFO: [ app_begin ] --END-- [ RunTime:0.000482s ]
SQL: SHOW COLUMNS FROM `blog_members` [ RunTime:0.0010s ]
SQL: SELECT `id`,`m_name`,`email`,`qq`,`reg_time`,`login_time`,`login_ip` FROM `blog_members` ORDER BY `reg_time` DESC LIMIT 0,20   [ RunTime:0.0005s ]
SQL: SELECT COUNT(*) AS tp_count FROM `blog_members` LIMIT 1   [ RunTime:0.0002s ]

[ 2016-10-04T20:41:46+08:00 ] 121.201.3.223 /admin.php/Index/index.html
INFO: [ app_init ] --START--
INFO: Run Behavior\BuildLiteBehavior [ RunTime:0.000023s ]
INFO: [ app_init ] --END-- [ RunTime:0.000400s ]
INFO: [ app_begin ] --START--
INFO: Run Behavior\ReadHtmlCacheBehavior [ RunTime:0.000438s ]
INFO: [ app_begin ] --END-- [ RunTime:0.000510s ]

[ 2016-10-04T20:41:46+08:00 ] 121.201.3.223 /admin.php/Login/index.html
INFO: [ app_init ] --START--
INFO: Run Behavior\BuildLiteBehavior [ RunTime:0.000032s ]
INFO: [ app_init ] --END-- [ RunTime:0.000692s ]
INFO: [ app_begin ] --START--
INFO: Run Behavior\ReadHtmlCacheBehavior [ RunTime:0.000755s ]
INFO: [ app_begin ] --END-- [ RunTime:0.000846s ]
INFO: [ view_parse ] --START--
INFO: [ template_filter ] --START--
INFO: Run Behavior\ContentReplaceBehavior [ RunTime:0.000074s ]
INFO: [ template_filter ] --END-- [ RunTime:0.000147s ]
INFO: Run Behavior\ParseTemplateBehavior [ RunTime:0.007777s ]
INFO: [ view_parse ] --END-- [ RunTime:0.007841s ]
INFO: [ view_filter ] --START--
INFO: Run Behavior\WriteHtmlCacheBehavior [ RunTime:0.000199s ]
INFO: [ view_filter ] --END-- [ RunTime:0.000254s ]
INFO: [ app_end ] --START--
INFO: Run Behavior\ShowPageTraceBehavior [ RunTime:0.000587s ]
INFO: [ app_end ] --END-- [ RunTime:0.000644s ]

