[ 2016-10-08T17:25:08+08:00 ] 121.232.53.29 /admin.php
INFO: [ app_init ] --START--
INFO: Run Behavior\BuildLiteBehavior [ RunTime:0.000037s ]
INFO: [ app_init ] --END-- [ RunTime:0.000766s ]
INFO: [ app_begin ] --START--
INFO: Run Behavior\ReadHtmlCacheBehavior [ RunTime:0.000812s ]
INFO: [ app_begin ] --END-- [ RunTime:0.000996s ]

[ 2016-10-08T17:25:08+08:00 ] 121.232.53.29 /admin.php/Login/index.html
INFO: [ app_init ] --START--
INFO: Run Behavior\BuildLiteBehavior [ RunTime:0.000029s ]
INFO: [ app_init ] --END-- [ RunTime:0.000579s ]
INFO: [ app_begin ] --START--
INFO: Run Behavior\ReadHtmlCacheBehavior [ RunTime:0.000734s ]
INFO: [ app_begin ] --END-- [ RunTime:0.000821s ]
INFO: [ view_parse ] --START--
INFO: [ template_filter ] --START--
INFO: Run Behavior\ContentReplaceBehavior [ RunTime:0.000139s ]
INFO: [ template_filter ] --END-- [ RunTime:0.000329s ]
INFO: Run Behavior\ParseTemplateBehavior [ RunTime:0.013760s ]
INFO: [ view_parse ] --END-- [ RunTime:0.013885s ]
INFO: [ view_filter ] --START--
INFO: Run Behavior\WriteHtmlCacheBehavior [ RunTime:0.000243s ]
INFO: [ view_filter ] --END-- [ RunTime:0.000306s ]
INFO: [ app_end ] --START--
INFO: Run Behavior\ShowPageTraceBehavior [ RunTime:0.000758s ]
INFO: [ app_end ] --END-- [ RunTime:0.000843s ]

[ 2016-10-08T17:25:17+08:00 ] 121.232.53.29 /admin.php/Login/Login/login
INFO: [ app_init ] --START--
INFO: Run Behavior\BuildLiteBehavior [ RunTime:0.000033s ]
INFO: [ app_init ] --END-- [ RunTime:0.000472s ]
INFO: [ app_begin ] --START--
INFO: Run Behavior\ReadHtmlCacheBehavior [ RunTime:0.000460s ]
INFO: [ app_begin ] --END-- [ RunTime:0.000514s ]
SQL: SHOW COLUMNS FROM `blog_admin` [ RunTime:0.0008s ]
SQL: SELECT * FROM `blog_admin` WHERE `name` = 'joychi' AND `password` = 'c1d952863be53323f15d7c87a994e627' LIMIT 1   [ RunTime:0.0003s ]
SQL: UPDATE `blog_admin` SET `login_time`='1475918717',`login_ip`='121.232.53.29' WHERE ( id=1 ) [ RunTime:0.0003s ]
NOTIC: [8] A session had already been started - ignoring session_start() /home/jijialexjii1jbiia9lce/wwwroot/ThinkPHP/Common/functions.php 第 1263 行.
INFO: [ app_end ] --START--
INFO: Run Behavior\ShowPageTraceBehavior [ RunTime:0.000726s ]
INFO: [ app_end ] --END-- [ RunTime:0.000785s ]

[ 2016-10-08T17:25:17+08:00 ] 121.232.53.29 /admin.php/Index/index.html
INFO: [ app_init ] --START--
INFO: Run Behavior\BuildLiteBehavior [ RunTime:0.000019s ]
INFO: [ app_init ] --END-- [ RunTime:0.000402s ]
INFO: [ app_begin ] --START--
INFO: Run Behavior\ReadHtmlCacheBehavior [ RunTime:0.000437s ]
INFO: [ app_begin ] --END-- [ RunTime:0.000493s ]
SQL: SHOW COLUMNS FROM `blog_admin` [ RunTime:0.0007s ]
SQL: SELECT `login_time` FROM `blog_admin` WHERE ( name=0 ) LIMIT 1   [ RunTime:0.0002s ]
INFO: [ view_parse ] --START--
INFO: [ template_filter ] --START--
INFO: Run Behavior\ContentReplaceBehavior [ RunTime:0.000111s ]
INFO: [ template_filter ] --END-- [ RunTime:0.000214s ]
INFO: Run Behavior\ParseTemplateBehavior [ RunTime:0.009133s ]
INFO: [ view_parse ] --END-- [ RunTime:0.009252s ]
INFO: [ view_filter ] --START--
INFO: Run Behavior\WriteHtmlCacheBehavior [ RunTime:0.000209s ]
INFO: [ view_filter ] --END-- [ RunTime:0.000266s ]
INFO: [ app_end ] --START--
INFO: Run Behavior\ShowPageTraceBehavior [ RunTime:0.000500s ]
INFO: [ app_end ] --END-- [ RunTime:0.000546s ]

[ 2016-10-08T17:25:18+08:00 ] 121.232.53.29 /admin.php/Index/showNav
INFO: [ app_init ] --START--
INFO: Run Behavior\BuildLiteBehavior [ RunTime:0.000025s ]
INFO: [ app_init ] --END-- [ RunTime:0.000437s ]
INFO: [ app_begin ] --START--
INFO: Run Behavior\ReadHtmlCacheBehavior [ RunTime:0.000456s ]
INFO: [ app_begin ] --END-- [ RunTime:0.000514s ]
SQL: SHOW COLUMNS FROM `blog_admin_nav` [ RunTime:0.0035s ]
SQL: SELECT `id`,`text`,`state`,`iconCls`,`url` FROM `blog_admin_nav` WHERE `nid` = 0  [ RunTime:0.0009s ]

[ 2016-10-08T17:25:18+08:00 ] 121.232.53.29 /admin.php/Index/showNav
INFO: [ app_init ] --START--
INFO: Run Behavior\BuildLiteBehavior [ RunTime:0.000023s ]
INFO: [ app_init ] --END-- [ RunTime:0.000392s ]
INFO: [ app_begin ] --START--
INFO: Run Behavior\ReadHtmlCacheBehavior [ RunTime:0.000408s ]
INFO: [ app_begin ] --END-- [ RunTime:0.000476s ]
SQL: SHOW COLUMNS FROM `blog_admin_nav` [ RunTime:0.0008s ]
SQL: SELECT `id`,`text`,`state`,`iconCls`,`url` FROM `blog_admin_nav` WHERE `nid` = 8  [ RunTime:0.0003s ]

[ 2016-10-08T17:25:18+08:00 ] 121.232.53.29 /admin.php/Index/showNav
INFO: [ app_init ] --START--
INFO: Run Behavior\BuildLiteBehavior [ RunTime:0.000023s ]
INFO: [ app_init ] --END-- [ RunTime:0.000501s ]
INFO: [ app_begin ] --START--
INFO: Run Behavior\ReadHtmlCacheBehavior [ RunTime:0.000588s ]
INFO: [ app_begin ] --END-- [ RunTime:0.000679s ]
SQL: SHOW COLUMNS FROM `blog_admin_nav` [ RunTime:0.0007s ]
SQL: SELECT `id`,`text`,`state`,`iconCls`,`url` FROM `blog_admin_nav` WHERE `nid` = 1  [ RunTime:0.0004s ]

[ 2016-10-08T17:25:18+08:00 ] 121.232.53.29 /admin.php/Index/showNav
INFO: [ app_init ] --START--
INFO: Run Behavior\BuildLiteBehavior [ RunTime:0.000026s ]
INFO: [ app_init ] --END-- [ RunTime:0.000396s ]
INFO: [ app_begin ] --START--
INFO: Run Behavior\ReadHtmlCacheBehavior [ RunTime:0.000405s ]
INFO: [ app_begin ] --END-- [ RunTime:0.000469s ]
SQL: SHOW COLUMNS FROM `blog_admin_nav` [ RunTime:0.0007s ]
SQL: SELECT `id`,`text`,`state`,`iconCls`,`url` FROM `blog_admin_nav` WHERE `nid` = 5  [ RunTime:0.0003s ]

[ 2016-10-08T17:25:20+08:00 ] 121.232.53.29 /admin.php/Article/index?_=1475918719519
INFO: [ app_init ] --START--
INFO: Run Behavior\BuildLiteBehavior [ RunTime:0.000022s ]
INFO: [ app_init ] --END-- [ RunTime:0.000410s ]
INFO: [ app_begin ] --START--
INFO: Run Behavior\ReadHtmlCacheBehavior [ RunTime:0.000459s ]
INFO: [ app_begin ] --END-- [ RunTime:0.000509s ]
INFO: [ view_parse ] --START--
INFO: [ template_filter ] --START--
INFO: Run Behavior\ContentReplaceBehavior [ RunTime:0.000080s ]
INFO: [ template_filter ] --END-- [ RunTime:0.000322s ]
INFO: Run Behavior\ParseTemplateBehavior [ RunTime:0.008152s ]
INFO: [ view_parse ] --END-- [ RunTime:0.008213s ]
INFO: [ view_filter ] --START--
INFO: Run Behavior\WriteHtmlCacheBehavior [ RunTime:0.000193s ]
INFO: [ view_filter ] --END-- [ RunTime:0.000244s ]
INFO: [ app_end ] --START--
INFO: Run Behavior\ShowPageTraceBehavior [ RunTime:0.000486s ]
INFO: [ app_end ] --END-- [ RunTime:0.000528s ]

[ 2016-10-08T17:25:21+08:00 ] 121.232.53.29 /admin.php/Article/getarticles
INFO: [ app_init ] --START--
INFO: Run Behavior\BuildLiteBehavior [ RunTime:0.000030s ]
INFO: [ app_init ] --END-- [ RunTime:0.000625s ]
INFO: [ app_begin ] --START--
INFO: Run Behavior\ReadHtmlCacheBehavior [ RunTime:0.000745s ]
INFO: [ app_begin ] --END-- [ RunTime:0.000840s ]
SQL: SHOW COLUMNS FROM `blog_article` [ RunTime:0.0011s ]
SQL: SHOW COLUMNS FROM `blog_article` [ RunTime:0.0007s ]
SQL: SELECT ba.a_id,ba.a_title,ba.a_content,ba.a_views,ba.a_type,blog_admin.name,bac.cate_name,ba.create_time FROM blog_article ba left JOIN blog_article_cate bac on ba.cate_id = bac.cate_id INNER JOIN blog_admin on ba.a_author = blog_admin.id  ORDER BY `create_time` DESC LIMIT 0,20   [ RunTime:0.0033s ]
SQL: SELECT COUNT(*) AS tp_count FROM `blog_article` LIMIT 1   [ RunTime:0.0002s ]

[ 2016-10-08T17:25:22+08:00 ] 121.232.53.29 /admin.php/Admin/getAdmins
INFO: [ app_init ] --START--
INFO: Run Behavior\BuildLiteBehavior [ RunTime:0.000033s ]
INFO: [ app_init ] --END-- [ RunTime:0.000750s ]
INFO: [ app_begin ] --START--
INFO: Run Behavior\ReadHtmlCacheBehavior [ RunTime:0.000691s ]
INFO: [ app_begin ] --END-- [ RunTime:0.000788s ]
SQL: SHOW COLUMNS FROM `blog_admin` [ RunTime:0.0008s ]
SQL: SELECT `id`,`name`,`login_time`,`login_ip` FROM `blog_admin`  [ RunTime:0.0003s ]

[ 2016-10-08T17:25:22+08:00 ] 121.232.53.29 /admin.php/Article/getcate
INFO: [ app_init ] --START--
INFO: Run Behavior\BuildLiteBehavior [ RunTime:0.000025s ]
INFO: [ app_init ] --END-- [ RunTime:0.000409s ]
INFO: [ app_begin ] --START--
INFO: Run Behavior\ReadHtmlCacheBehavior [ RunTime:0.000431s ]
INFO: [ app_begin ] --END-- [ RunTime:0.000486s ]
SQL: SHOW COLUMNS FROM `blog_article_cate` [ RunTime:0.0007s ]
SQL: SELECT `cate_id`,`cate_name` FROM `blog_article_cate`  [ RunTime:0.0003s ]

[ 2016-10-08T17:26:13+08:00 ] 121.232.53.29 /admin.php/Article/addarticle
INFO: [ app_init ] --START--
INFO: Run Behavior\BuildLiteBehavior [ RunTime:0.000036s ]
INFO: [ app_init ] --END-- [ RunTime:0.000813s ]
INFO: [ app_begin ] --START--
INFO: Run Behavior\ReadHtmlCacheBehavior [ RunTime:0.000756s ]
INFO: [ app_begin ] --END-- [ RunTime:0.000873s ]
SQL: SHOW COLUMNS FROM `blog_article` [ RunTime:0.0014s ]
NOTIC: [8] Undefined index: validate /home/jijialexjii1jbiia9lce/wwwroot/ThinkPHP/Library/Think/Model.class.php 第 1185 行.
NOTIC: [8] Undefined index: auto /home/jijialexjii1jbiia9lce/wwwroot/ThinkPHP/Library/Think/Model.class.php 第 1128 行.
SQL: INSERT INTO `blog_article` (`a_title`,`a_intro`,`cate_id`,`a_author`,`create_time`,`a_content`) VALUES ('你必须了解的基础的 Linux 网络命令','有抱负的 Linux 系统管理员和 Linux 狂热者必须知道的、最重要的、而且基础的 Linux 网络命令合集。','4','1','1475918741','&lt;p&gt;在 It&amp;rsquo;s FOSS 我们并非每天都谈论 Linux 的&amp;ldquo;命令行方面&amp;rdquo;。基本上，我更专注于 Linux 的桌面端。但你们读者中的一些人在内部调查（仅面向 It&amp;#39;s FOSS newsletter 订阅者）中指出，你们也想学些命令行技巧。速查表也受大部分读者所喜欢和支持。&lt;/p&gt;

&lt;p&gt;为此，我编辑了一个 Linux 中基础网络命令的列表。它并不是一个教你如何使用这些命令的教程，而是一个命令合集和他们的简短解释。所以，如果你已经使用过这些命令，你可以用它来快速记住命令。&lt;/p&gt;

&lt;p&gt;你可以把这个网页添加为书签以便快速查阅，或输出一个 PDF 版本以便离线使用。&lt;/p&gt;

&lt;p&gt;当我还是通信系统工程专业的学生的时候我就有这个 Linux 网络命令的列表了。它帮助我在计算机网络课程获得了高分。希望它也能以同样的方式帮助你。&lt;/p&gt;

&lt;h3&gt;Linux 基础网络命令列表&lt;/h3&gt;

&lt;p&gt;我在计算机网络课程上使用 FreeBSD，不过这些 UNIX 命令应该也能在 Linux 上同样工作。&lt;/p&gt;

&lt;h4&gt;连通性&lt;/h4&gt;

&lt;ul&gt;
	&lt;li&gt;&lt;code&gt;ping &amp;lt;host&amp;gt;&lt;/code&gt;：发送 ICMP echo 消息（一个包）到主机。这可能会不停地发送直到你按下&amp;nbsp;&lt;code&gt;Control-C&lt;/code&gt;。Ping 的通意味着一个包从你的机器通过 ICMP 发送出去，并在 IP 层回显。Ping 告诉你另一个主机是否在运行。&lt;/li&gt;
	&lt;li&gt;&lt;code&gt;telnet &amp;lt;host&amp;gt; [port]&lt;/code&gt;：与主机在指定的端口通信。默认的 telnet 端口是 23。按 Control-] 以退出 telnet。其它一些常用的端口是：
	&lt;ul&gt;
		&lt;li&gt;7 &amp;mdash;&amp;mdash; echo 端口&lt;/li&gt;
		&lt;li&gt;25 &amp;mdash;&amp;mdash; SMTP，用于发送邮件&lt;/li&gt;
		&lt;li&gt;79 &amp;mdash;&amp;mdash; Finger (LCTT 译注：&lt;a href=&quot;https://en.wikipedia.org/wiki/Finger_protocol&quot; rel=&quot;external nofollow&quot; target=&quot;_blank&quot;&gt;维基百科 - Finger protocal&lt;/a&gt;，不过举例 Finger 恐怕不合时宜，倒不如试试 80？），提供该网络下其它用户的信息。&lt;/li&gt;
	&lt;/ul&gt;
	&lt;/li&gt;
&lt;/ul&gt;

&lt;h4&gt;ARP&lt;/h4&gt;

&lt;p&gt;ARP 用于将 IP 地址转换为以太网地址。root 用户可以添加和删除 ARP 记录。当 ARP 记录被污染或者错误时，删除它们会有用。root 显式添加的 ARP 记录是永久的 &amp;mdash;&amp;mdash; 代理设置的也是。ARP 表保存在内核中，动态地被操作。ARP 记录会被缓存，通常在 20 分钟后失效并被删除。&lt;/p&gt;

&lt;ul&gt;
	&lt;li&gt;&lt;code&gt;arp -a&lt;/code&gt;：打印 ARP 表。&lt;/li&gt;
	&lt;li&gt;&lt;code&gt;arp -s &amp;lt;ip_address&amp;gt; &amp;lt;mac_address&amp;gt; [pub]&lt;/code&gt;：添加一条记录到表中。&lt;/li&gt;
	&lt;li&gt;&lt;code&gt;arp -a -d&lt;/code&gt;：删除 ARP 表中的所有记录。&lt;/li&gt;
&lt;/ul&gt;

&lt;h4&gt;路由&lt;/h4&gt;

&lt;ul&gt;
	&lt;li&gt;&lt;code&gt;netstat -r&lt;/code&gt;：打印路由表。路由表保存在内核中，用于 IP 层把包路由到非本地网络。&lt;/li&gt;
	&lt;li&gt;&lt;code&gt;route add&lt;/code&gt;：route 命令用于向路由表添加静态（手动指定而非动态）路由路径。所有从该 PC 到那个 IP/子网的流量都会经由指定的网关 IP。它也可以用来设置一个默认路由。例如，在 IP/子网处使用 0.0.0.0，就可以发送所有包到特定的网关。&lt;/li&gt;
	&lt;li&gt;&lt;code&gt;routed&lt;/code&gt;：控制动态路由的 BSD 守护程序。开机时启动。它运行 RIP 路由协议。只有 root 用户可用。没有 root 权限你不能运行它。&lt;/li&gt;
	&lt;li&gt;&lt;code&gt;gated&lt;/code&gt;：gated 是另一个使用 RIP 协议的路由守护进程。它同时支持 OSPF、EGP 和 RIP 协议。只有 root 用户可用。&lt;/li&gt;
	&lt;li&gt;&lt;code&gt;traceroute&lt;/code&gt;：用于跟踪 IP 包的路由。它每次发送包时都把跳数加 1，从而使得从源地址到目的地之间的所有网关都会返回消息。&lt;/li&gt;
	&lt;li&gt;&lt;code&gt;netstat -rnf inet&lt;/code&gt;：显示 IPv4 的路由表。&lt;/li&gt;
	&lt;li&gt;&lt;code&gt;sysctl net.inet.ip.forwarding=1&lt;/code&gt;：启用包转发（把主机变为路由器）。&lt;/li&gt;
	&lt;li&gt;&lt;code&gt;route add|delete [-net|-host] &amp;lt;destination&amp;gt; &amp;lt;gateway&amp;gt;&lt;/code&gt;：（如&amp;nbsp;&lt;code&gt;route add 192.168.20.0/24 192.168.30.4&lt;/code&gt;）添加一条路由。&lt;/li&gt;
	&lt;li&gt;&lt;code&gt;route flush&lt;/code&gt;：删除所有路由。&lt;/li&gt;
	&lt;li&gt;&lt;code&gt;route add -net 0.0.0.0 192.168.10.2&lt;/code&gt;：添加一条默认路由。&lt;/li&gt;
	&lt;li&gt;&lt;code&gt;routed -Pripv2 -Pno_rdisc -d [-s|-q]&lt;/code&gt;：运行 routed 守护进程，使用 RIPv2 协议，不启用 ICMP 自动发现，在前台运行，供给模式或安静模式。&lt;/li&gt;
	&lt;li&gt;&lt;code&gt;route add 224.0.0.0/4 127.0.0.1&lt;/code&gt;：为本地地址定义多播路由。（LCTT 译注：原文存疑）&lt;/li&gt;
	&lt;li&gt;&lt;code&gt;rtquery -n &amp;lt;host&amp;gt;&lt;/code&gt;（LCTT 译注：增加了 host 参数）：查询指定主机上的 RIP 守护进程（手动更新路由表）。&lt;/li&gt;
&lt;/ul&gt;

&lt;h4&gt;其它&lt;/h4&gt;

&lt;ul&gt;
	&lt;li&gt;&lt;code&gt;nslookup&lt;/code&gt;：向 DNS 服务器查询，将 IP 转为名称，或反之。例如，&lt;code&gt;nslookup facebook.com&lt;/code&gt;&amp;nbsp;会给出 facebook.com 的 IP。&lt;/li&gt;
	&lt;li&gt;&lt;code&gt;ftp &amp;lt;host&amp;gt; [port]&lt;/code&gt;（LCTT 译注：原文中 water 应是笔误）：传输文件到指定主机。通常可以使用 登录名 &amp;quot;anonymous&amp;quot; , 密码 &amp;quot;guest&amp;quot; 来登录。&lt;/li&gt;
	&lt;li&gt;&lt;code&gt;rlogin -l &amp;lt;host&amp;gt;&lt;/code&gt;（LCTT 译注：添加了 host 参数）：使用类似 telnet 的虚拟终端登录到主机。&lt;/li&gt;
&lt;/ul&gt;

&lt;h4&gt;重要文件&lt;/h4&gt;

&lt;ul&gt;
	&lt;li&gt;&lt;code&gt;/etc/hosts&lt;/code&gt;：域名到 IP 地址的映射。&lt;/li&gt;
	&lt;li&gt;&lt;code&gt;/etc/networks&lt;/code&gt;：网络名称到 IP 地址的映射。&lt;/li&gt;
	&lt;li&gt;&lt;code&gt;/etc/protocols&lt;/code&gt;：协议名称到协议编号的映射。&lt;/li&gt;
	&lt;li&gt;&lt;code&gt;/etc/services&lt;/code&gt;：TCP/UDP 服务名称到端口号的映射。&lt;/li&gt;
&lt;/ul&gt;

&lt;h4&gt;工具和网络性能分析&lt;/h4&gt;

&lt;ul&gt;
	&lt;li&gt;&lt;code&gt;ifconfig &amp;lt;interface&amp;gt; &amp;lt;address&amp;gt; [up]&lt;/code&gt;：启动接口。&lt;/li&gt;
	&lt;li&gt;&lt;code&gt;ifconfig &amp;lt;interface&amp;gt; [down|delete]&lt;/code&gt;：停止接口。&lt;/li&gt;
	&lt;li&gt;&lt;code&gt;ethereal &amp;amp;&lt;/code&gt;：在后台打开&amp;nbsp;&lt;code&gt;ethereal&lt;/code&gt;&amp;nbsp;而非前台。&lt;/li&gt;
	&lt;li&gt;&lt;code&gt;tcpdump -i -vvv&lt;/code&gt;：抓取和分析包的工具。&lt;/li&gt;
	&lt;li&gt;&lt;code&gt;netstat -w [seconds] -I [interface]&lt;/code&gt;：显示网络设置和统计信息。&lt;/li&gt;
	&lt;li&gt;&lt;code&gt;udpmt -p [port] -s [bytes] target_host&lt;/code&gt;：发送 UDP 流量。&lt;/li&gt;
	&lt;li&gt;&lt;code&gt;udptarget -p [port]&lt;/code&gt;：接收 UDP 流量。&lt;/li&gt;
	&lt;li&gt;&lt;code&gt;tcpmt -p [port] -s [bytes] target_host&lt;/code&gt;：发送 TCP 流量。&lt;/li&gt;
	&lt;li&gt;&lt;code&gt;tcptarget -p [port]&lt;/code&gt;：接收 TCP 流量。&lt;/li&gt;
&lt;/ul&gt;

&lt;h4&gt;交换机&lt;/h4&gt;

&lt;ul&gt;
	&lt;li&gt;&lt;code&gt;ifconfig sl0 srcIP dstIP&lt;/code&gt;：配置一个串行接口（在此前先执行&amp;nbsp;&lt;code&gt;slattach -l /dev/ttyd0&lt;/code&gt;，此后执行&amp;nbsp;&lt;code&gt;sysctl net.inet.ip.forwarding=1&lt;/code&gt;）&lt;/li&gt;
	&lt;li&gt;&lt;code&gt;telnet 192.168.0.254&lt;/code&gt;：从子网中的一台主机访问交换机。&lt;/li&gt;
	&lt;li&gt;&lt;code&gt;sh ru&lt;/code&gt;&amp;nbsp;或&amp;nbsp;&lt;code&gt;show running-configuration&lt;/code&gt;：查看当前配置。&lt;/li&gt;
	&lt;li&gt;&lt;code&gt;configure terminal&lt;/code&gt;：进入配置模式。&lt;/li&gt;
	&lt;li&gt;&lt;code&gt;exit&lt;/code&gt;：退出当前模式。（LCTT 译注：原文存疑）&lt;/li&gt;
&lt;/ul&gt;

&lt;h4&gt;VLAN&lt;/h4&gt;

&lt;ul&gt;
	&lt;li&gt;&lt;code&gt;vlan n&lt;/code&gt;：创建一个 ID 为 n 的 VLAN。&lt;/li&gt;
	&lt;li&gt;&lt;code&gt;no vlan N&lt;/code&gt;：删除 ID 为 n 的 VLAN。&lt;/li&gt;
	&lt;li&gt;&lt;code&gt;untagged Y&lt;/code&gt;：添加端口 Y 到 VLAN n。&lt;/li&gt;
	&lt;li&gt;&lt;code&gt;ifconfig vlan0 create&lt;/code&gt;：创建 vlan0 接口。&lt;/li&gt;
	&lt;li&gt;&lt;code&gt;ifconfig vlan0 vlan_ID vlandev em0&lt;/code&gt;：把 em0 加入到 vlan0 接口（LCTT 译注：原文存疑），并设置标记为 ID。&lt;/li&gt;
	&lt;li&gt;&lt;code&gt;ifconfig vlan0 [up]&lt;/code&gt;：启用虚拟接口。&lt;/li&gt;
	&lt;li&gt;&lt;code&gt;tagged Y&lt;/code&gt;：为当前 VLAN 的端口 Y 添加标记帧支持。&lt;/li&gt;
&lt;/ul&gt;

&lt;h4&gt;UDP/TCP&lt;/h4&gt;

&lt;ul&gt;
	&lt;li&gt;&lt;code&gt;socklab udp&lt;/code&gt;：使用 UDP 协议运行&amp;nbsp;&lt;code&gt;socklab&lt;/code&gt;。&lt;/li&gt;
	&lt;li&gt;&lt;code&gt;sock&lt;/code&gt;：创建一个 UDP 套接字，等效于输入&amp;nbsp;&lt;code&gt;sock udp&lt;/code&gt;&amp;nbsp;和&amp;nbsp;&lt;code&gt;bind&lt;/code&gt;。&lt;/li&gt;
	&lt;li&gt;&lt;code&gt;sendto &amp;lt;Socket ID&amp;gt; &amp;lt;hostname&amp;gt; &amp;lt;port #&amp;gt;&lt;/code&gt;：发送数据包。&lt;/li&gt;
	&lt;li&gt;&lt;code&gt;recvfrom &amp;lt;Socket ID&amp;gt; &amp;lt;byte #&amp;gt;&lt;/code&gt;：从套接字接收数据。&lt;/li&gt;
	&lt;li&gt;&lt;code&gt;socklab tcp&lt;/code&gt;：使用 TCP 协议运行&amp;nbsp;&lt;code&gt;socklab&lt;/code&gt;。&lt;/li&gt;
	&lt;li&gt;&lt;code&gt;passive&lt;/code&gt;：创建一个被动模式的套接字，等效于&amp;nbsp;&lt;code&gt;socklab&lt;/code&gt;，&lt;code&gt;sock tcp&lt;/code&gt;，&lt;code&gt;bind&lt;/code&gt;，&lt;code&gt;listen&lt;/code&gt;。&lt;/li&gt;
	&lt;li&gt;&lt;code&gt;accept&lt;/code&gt;：接受进来的连接（可以在发起进来的连接之前或之后执行）。&lt;/li&gt;
	&lt;li&gt;&lt;code&gt;connect &amp;lt;hostname&amp;gt; &amp;lt;port #&amp;gt;&lt;/code&gt;：等效于&amp;nbsp;&lt;code&gt;socklab&lt;/code&gt;，&lt;code&gt;sock tcp&lt;/code&gt;，&lt;code&gt;bind&lt;/code&gt;，&lt;code&gt;connect&lt;/code&gt;。&lt;/li&gt;
	&lt;li&gt;&lt;code&gt;close&lt;/code&gt;：关闭连接。&lt;/li&gt;
	&lt;li&gt;&lt;code&gt;read &amp;lt;byte #&amp;gt;&lt;/code&gt;：从套接字中读取 n 字节。&lt;/li&gt;
	&lt;li&gt;&lt;code&gt;write&lt;/code&gt;：（例如，&lt;code&gt;write ciao&lt;/code&gt;、&lt;code&gt;write #10&lt;/code&gt;）向套接字写入 &amp;quot;ciao&amp;quot; 或 10 个字节。&lt;/li&gt;
&lt;/ul&gt;

&lt;h4&gt;NAT/防火墙&lt;/h4&gt;

&lt;ul&gt;
	&lt;li&gt;&lt;code&gt;rm /etc/resolv.conf&lt;/code&gt;：禁止地址解析，保证你的过滤和防火墙规则正确工作。&lt;/li&gt;
	&lt;li&gt;&lt;code&gt;ipnat -f file_name&lt;/code&gt;：将过滤规则写入文件。&lt;/li&gt;
	&lt;li&gt;&lt;code&gt;ipnat -l&lt;/code&gt;：显示活动的规则列表。&lt;/li&gt;
	&lt;li&gt;&lt;code&gt;ipnat -C -F&lt;/code&gt;：重新初始化规则表。&lt;/li&gt;
	&lt;li&gt;&lt;code&gt;map em0 192.168.1.0/24 -&amp;gt; 195.221.227.57/32 em0&lt;/code&gt;：将 IP 地址映射到接口。&lt;/li&gt;
	&lt;li&gt;&lt;code&gt;map em0 192.168.1.0/24 -&amp;gt; 195.221.227.57/32 portmap tcp/udp 20000:50000&lt;/code&gt;：带端口号的映射。&lt;/li&gt;
	&lt;li&gt;&lt;code&gt;ipf -f file_name&lt;/code&gt;：将过滤规则写入文件。&lt;/li&gt;
	&lt;li&gt;&lt;code&gt;ipf -F -a&lt;/code&gt;：重置规则表。&lt;/li&gt;
	&lt;li&gt;&lt;code&gt;ipfstat -I&lt;/code&gt;：当与 -s 选项合用时列出活动的状态条目（LCTT 译注：原文存疑）。&lt;/li&gt;
&lt;/ul&gt;

&lt;p&gt;希望这份基础的 Linux 网络命令合集对你有用。欢迎各种问题和建议。&lt;/p&gt;
') [ RunTime:0.0008s ]
INFO: [ app_end ] --START--
INFO: Run Behavior\ShowPageTraceBehavior [ RunTime:0.000823s ]
INFO: [ app_end ] --END-- [ RunTime:0.000919s ]

[ 2016-10-08T17:26:13+08:00 ] 121.232.53.29 /admin.php/Article/getarticles
INFO: [ app_init ] --START--
INFO: Run Behavior\BuildLiteBehavior [ RunTime:0.000024s ]
INFO: [ app_init ] --END-- [ RunTime:0.000444s ]
INFO: [ app_begin ] --START--
INFO: Run Behavior\ReadHtmlCacheBehavior [ RunTime:0.000493s ]
INFO: [ app_begin ] --END-- [ RunTime:0.000547s ]
SQL: SHOW COLUMNS FROM `blog_article` [ RunTime:0.0008s ]
SQL: SHOW COLUMNS FROM `blog_article` [ RunTime:0.0005s ]
SQL: SELECT ba.a_id,ba.a_title,ba.a_content,ba.a_views,ba.a_type,blog_admin.name,bac.cate_name,ba.create_time FROM blog_article ba left JOIN blog_article_cate bac on ba.cate_id = bac.cate_id INNER JOIN blog_admin on ba.a_author = blog_admin.id  ORDER BY `create_time` DESC LIMIT 0,20   [ RunTime:0.0021s ]
SQL: SELECT COUNT(*) AS tp_count FROM `blog_article` LIMIT 1   [ RunTime:0.0003s ]

[ 2016-10-08T17:31:22+08:00 ] 121.232.53.29 /admin.php/Article/getarticles
INFO: [ app_init ] --START--
INFO: Run Behavior\BuildLiteBehavior [ RunTime:0.000024s ]
INFO: [ app_init ] --END-- [ RunTime:0.000453s ]
INFO: [ app_begin ] --START--
INFO: Run Behavior\ReadHtmlCacheBehavior [ RunTime:0.000468s ]
INFO: [ app_begin ] --END-- [ RunTime:0.000525s ]
SQL: SHOW COLUMNS FROM `blog_article` [ RunTime:0.0010s ]
SQL: SHOW COLUMNS FROM `blog_article` [ RunTime:0.0006s ]
SQL: SELECT ba.a_id,ba.a_title,ba.a_content,ba.a_views,ba.a_type,blog_admin.name,bac.cate_name,ba.create_time FROM blog_article ba left JOIN blog_article_cate bac on ba.cate_id = bac.cate_id INNER JOIN blog_admin on ba.a_author = blog_admin.id  ORDER BY `create_time` DESC LIMIT 0,20   [ RunTime:0.0032s ]
SQL: SELECT COUNT(*) AS tp_count FROM `blog_article` LIMIT 1   [ RunTime:0.0003s ]

[ 2016-10-08T17:31:23+08:00 ] 121.232.53.29 /admin.php/Article/getcate
INFO: [ app_init ] --START--
INFO: Run Behavior\BuildLiteBehavior [ RunTime:0.000025s ]
INFO: [ app_init ] --END-- [ RunTime:0.000473s ]
INFO: [ app_begin ] --START--
INFO: Run Behavior\ReadHtmlCacheBehavior [ RunTime:0.000463s ]
INFO: [ app_begin ] --END-- [ RunTime:0.000521s ]
SQL: SHOW COLUMNS FROM `blog_article_cate` [ RunTime:0.0007s ]
SQL: SELECT `cate_id`,`cate_name` FROM `blog_article_cate`  [ RunTime:0.0002s ]

[ 2016-10-08T17:31:23+08:00 ] 121.232.53.29 /admin.php/Admin/getAdmins
INFO: [ app_init ] --START--
INFO: Run Behavior\BuildLiteBehavior [ RunTime:0.000021s ]
INFO: [ app_init ] --END-- [ RunTime:0.000396s ]
INFO: [ app_begin ] --START--
INFO: Run Behavior\ReadHtmlCacheBehavior [ RunTime:0.000394s ]
INFO: [ app_begin ] --END-- [ RunTime:0.000477s ]
SQL: SHOW COLUMNS FROM `blog_admin` [ RunTime:0.0007s ]
SQL: SELECT `id`,`name`,`login_time`,`login_ip` FROM `blog_admin`  [ RunTime:0.0002s ]

[ 2016-10-08T17:31:23+08:00 ] 121.232.53.29 /admin.php/Article/getOnearticle
INFO: [ app_init ] --START--
INFO: Run Behavior\BuildLiteBehavior [ RunTime:0.000029s ]
INFO: [ app_init ] --END-- [ RunTime:0.000591s ]
INFO: [ app_begin ] --START--
INFO: Run Behavior\ReadHtmlCacheBehavior [ RunTime:0.000659s ]
INFO: [ app_begin ] --END-- [ RunTime:0.000736s ]
SQL: SHOW COLUMNS FROM `blog_article` [ RunTime:0.0007s ]
SQL: SHOW COLUMNS FROM `blog_article` [ RunTime:0.0005s ]
SQL: SELECT ba.a_id,ba.a_title,ba.a_intro,ba.a_content,ba.a_views,blog_admin.name,bac.cate_name,ba.create_time,bc.comment,bc.comment_time FROM blog_article ba left JOIN blog_article_cate bac on ba.cate_id = bac.cate_id left JOIN blog_admin on ba.a_author = blog_admin.id left JOIN blog_comment bc on ba.a_id = bc.aid  WHERE ( a_id=20 ) ORDER BY create_time desc  [ RunTime:0.0008s ]

[ 2016-10-08T17:31:24+08:00 ] 121.232.53.29 /admin.php/Article/getcate
INFO: [ app_init ] --START--
INFO: Run Behavior\BuildLiteBehavior [ RunTime:0.000029s ]
INFO: [ app_init ] --END-- [ RunTime:0.000590s ]
INFO: [ app_begin ] --START--
INFO: Run Behavior\ReadHtmlCacheBehavior [ RunTime:0.000726s ]
INFO: [ app_begin ] --END-- [ RunTime:0.000810s ]
SQL: SHOW COLUMNS FROM `blog_article_cate` [ RunTime:0.0006s ]
SQL: SELECT `cate_id`,`cate_name` FROM `blog_article_cate`  [ RunTime:0.0001s ]

[ 2016-10-08T17:31:24+08:00 ] 121.232.53.29 /admin.php/Admin/getAdmins
INFO: [ app_init ] --START--
INFO: Run Behavior\BuildLiteBehavior [ RunTime:0.000037s ]
INFO: [ app_init ] --END-- [ RunTime:0.000414s ]
INFO: [ app_begin ] --START--
INFO: Run Behavior\ReadHtmlCacheBehavior [ RunTime:0.000489s ]
INFO: [ app_begin ] --END-- [ RunTime:0.000556s ]
SQL: SHOW COLUMNS FROM `blog_admin` [ RunTime:0.0007s ]
SQL: SELECT `id`,`name`,`login_time`,`login_ip` FROM `blog_admin`  [ RunTime:0.0002s ]

[ 2016-10-08T17:31:44+08:00 ] 121.232.53.29 /admin.php/Article/getarticles
INFO: [ app_init ] --START--
INFO: Run Behavior\BuildLiteBehavior [ RunTime:0.000027s ]
INFO: [ app_init ] --END-- [ RunTime:0.000575s ]
INFO: [ app_begin ] --START--
INFO: Run Behavior\ReadHtmlCacheBehavior [ RunTime:0.000642s ]
INFO: [ app_begin ] --END-- [ RunTime:0.000739s ]
SQL: SHOW COLUMNS FROM `blog_article` [ RunTime:0.0010s ]
SQL: SHOW COLUMNS FROM `blog_article` [ RunTime:0.0005s ]
SQL: SELECT ba.a_id,ba.a_title,ba.a_content,ba.a_views,ba.a_type,blog_admin.name,bac.cate_name,ba.create_time FROM blog_article ba left JOIN blog_article_cate bac on ba.cate_id = bac.cate_id INNER JOIN blog_admin on ba.a_author = blog_admin.id  ORDER BY `create_time` DESC LIMIT 0,20   [ RunTime:0.0005s ]
SQL: SELECT COUNT(*) AS tp_count FROM `blog_article` LIMIT 1   [ RunTime:0.0001s ]

